This is pdfTeX, Version 3.141592653-2.6-1.40.22 (TeX Live 2022/dev/Debian) (preloaded format=pdflatex 2026.3.30)  4 MAY 2026 00:57
entering extended mode
 restricted \write18 enabled.
 %&-line parsing enabled.
**T6_S_EN_2.tex
(./T6_S_EN_2.tex
LaTeX2e <2021-11-15> patch level 1
L3 programming layer <2022-01-21>
(/usr/share/texlive/texmf-dist/tex/latex/base/article.cls
Document Class: article 2021/10/04 v1.4n Standard LaTeX document class
(/usr/share/texlive/texmf-dist/tex/latex/base/size11.clo
File: size11.clo 2021/10/04 v1.4n Standard LaTeX file (size option)
)
\c@part=\count185
\c@section=\count186
\c@subsection=\count187
\c@subsubsection=\count188
\c@paragraph=\count189
\c@subparagraph=\count190
\c@figure=\count191
\c@table=\count192
\abovecaptionskip=\skip47
\belowcaptionskip=\skip48
\bibindent=\dimen138
)
(/usr/share/texlive/texmf-dist/tex/latex/geometry/geometry.sty
Package: geometry 2020/01/02 v5.9 Page Geometry

(/usr/share/texlive/texmf-dist/tex/latex/graphics/keyval.sty
Package: keyval 2014/10/28 v1.15 key=value parser (DPC)
\KV@toks@=\toks16
)
(/usr/share/texlive/texmf-dist/tex/generic/iftex/ifvtex.sty
Package: ifvtex 2019/10/25 v1.7 ifvtex legacy package. Use iftex instead.

(/usr/share/texlive/texmf-dist/tex/generic/iftex/iftex.sty
Package: iftex 2020/03/06 v1.0d TeX engine tests
))
\Gm@cnth=\count193
\Gm@cntv=\count194
\c@Gm@tempcnt=\count195
\Gm@bindingoffset=\dimen139
\Gm@wd@mp=\dimen140
\Gm@odd@mp=\dimen141
\Gm@even@mp=\dimen142
\Gm@layoutwidth=\dimen143
\Gm@layoutheight=\dimen144
\Gm@layouthoffset=\dimen145
\Gm@layoutvoffset=\dimen146
\Gm@dimlist=\toks17
)
(/usr/share/texlive/texmf-dist/tex/latex/amsmath/amsmath.sty
Package: amsmath 2021/10/15 v2.17l AMS math features
\@mathmargin=\skip49

For additional information on amsmath, use the `?' option.
(/usr/share/texlive/texmf-dist/tex/latex/amsmath/amstext.sty
Package: amstext 2021/08/26 v2.01 AMS text

(/usr/share/texlive/texmf-dist/tex/latex/amsmath/amsgen.sty
File: amsgen.sty 1999/11/30 v2.0 generic functions
\@emptytoks=\toks18
\ex@=\dimen147
))
(/usr/share/texlive/texmf-dist/tex/latex/amsmath/amsbsy.sty
Package: amsbsy 1999/11/29 v1.2d Bold Symbols
\pmbraise@=\dimen148
)
(/usr/share/texlive/texmf-dist/tex/latex/amsmath/amsopn.sty
Package: amsopn 2021/08/26 v2.02 operator names
)
\inf@bad=\count196
LaTeX Info: Redefining \frac on input line 234.
\uproot@=\count197
\leftroot@=\count198
LaTeX Info: Redefining \overline on input line 399.
\classnum@=\count199
\DOTSCASE@=\count266
LaTeX Info: Redefining \ldots on input line 496.
LaTeX Info: Redefining \dots on input line 499.
LaTeX Info: Redefining \cdots on input line 620.
\Mathstrutbox@=\box50
\strutbox@=\box51
\big@size=\dimen149
LaTeX Font Info:    Redeclaring font encoding OML on input line 743.
LaTeX Font Info:    Redeclaring font encoding OMS on input line 744.
\macc@depth=\count267
\c@MaxMatrixCols=\count268
\dotsspace@=\muskip16
\c@parentequation=\count269
\dspbrk@lvl=\count270
\tag@help=\toks19
\row@=\count271
\column@=\count272
\maxfields@=\count273
\andhelp@=\toks20
\eqnshift@=\dimen150
\alignsep@=\dimen151
\tagshift@=\dimen152
\tagwidth@=\dimen153
\totwidth@=\dimen154
\lineht@=\dimen155
\@envbody=\toks21
\multlinegap=\skip50
\multlinetaggap=\skip51
\mathdisplay@stack=\toks22
LaTeX Info: Redefining \[ on input line 2938.
LaTeX Info: Redefining \] on input line 2939.
)
(/usr/share/texlive/texmf-dist/tex/latex/amsfonts/amssymb.sty
Package: amssymb 2013/01/14 v3.01 AMS font symbols

(/usr/share/texlive/texmf-dist/tex/latex/amsfonts/amsfonts.sty
Package: amsfonts 2013/01/14 v3.01 Basic AMSFonts support
\symAMSa=\mathgroup4
\symAMSb=\mathgroup5
LaTeX Font Info:    Redeclaring math symbol \hbar on input line 98.
LaTeX Font Info:    Overwriting math alphabet `\mathfrak' in version `bold'
(Font)                  U/euf/m/n --> U/euf/b/n on input line 106.
))
(/usr/share/texlive/texmf-dist/tex/latex/graphics/graphicx.sty
Package: graphicx 2021/09/16 v1.2d Enhanced LaTeX Graphics (DPC,SPQR)

(/usr/share/texlive/texmf-dist/tex/latex/graphics/graphics.sty
Package: graphics 2021/03/04 v1.4d Standard LaTeX Graphics (DPC,SPQR)

(/usr/share/texlive/texmf-dist/tex/latex/graphics/trig.sty
Package: trig 2021/08/11 v1.11 sin cos tan (DPC)
)
(/usr/share/texlive/texmf-dist/tex/latex/graphics-cfg/graphics.cfg
File: graphics.cfg 2016/06/04 v1.11 sample graphics configuration
)
Package graphics Info: Driver file: pdftex.def on input line 107.

(/usr/share/texlive/texmf-dist/tex/latex/graphics-def/pdftex.def
File: pdftex.def 2020/10/05 v1.2a Graphics/color driver for pdftex
))
\Gin@req@height=\dimen156
\Gin@req@width=\dimen157
)
(/usr/share/texlive/texmf-dist/tex/latex/float/float.sty
Package: float 2001/11/08 v1.3d Float enhancements (AL)
\c@float@type=\count274
\float@exts=\toks23
\float@box=\box52
\@float@everytoks=\toks24
\@floatcapt=\box53
)
(/usr/share/texlive/texmf-dist/tex/latex/enumitem/enumitem.sty
Package: enumitem 2019/06/20 v3.9 Customized lists
\labelindent=\skip52
\enit@outerparindent=\dimen158
\enit@toks=\toks25
\enit@inbox=\box54
\enit@count@id=\count275
\enitdp@description=\count276
)
(/usr/share/texlive/texmf-dist/tex/latex/microtype/microtype.sty
Package: microtype 2021/12/10 v3.0b Micro-typographical refinements (RS)

(/usr/share/texlive/texmf-dist/tex/latex/etoolbox/etoolbox.sty
Package: etoolbox 2020/10/05 v2.5k e-TeX tools for LaTeX (JAW)
\etb@tempcnta=\count277
)
\MT@toks=\toks26
\MT@count=\count278
\MT@tempbox=\box55
LaTeX Info: Redefining \leftprotrusion on input line 1010.
LaTeX Info: Redefining \rightprotrusion on input line 1018.
LaTeX Info: Redefining \textls on input line 1173.
\MT@outer@kern=\dimen159
LaTeX Info: Redefining \textmicrotypecontext on input line 1759.
\MT@listname@count=\count279

(/usr/share/texlive/texmf-dist/tex/latex/microtype/microtype-pdftex.def
File: microtype-pdftex.def 2021/12/10 v3.0b Definitions specific to pdftex (RS)

LaTeX Info: Redefining \lsstyle on input line 897.
LaTeX Info: Redefining \lslig on input line 897.
\MT@outer@space=\skip53
)
Package microtype Info: Loading configuration file microtype.cfg.

(/usr/share/texlive/texmf-dist/tex/latex/microtype/microtype.cfg
File: microtype.cfg 2021/12/10 v3.0b microtype main configuration file (RS)
))
(/usr/share/texlive/texmf-dist/tex/latex/caption/caption.sty
Package: caption 2020/10/26 v3.5g Customizing captions (AR)

(/usr/share/texlive/texmf-dist/tex/latex/caption/caption3.sty
Package: caption3 2020/10/21 v2.2e caption3 kernel (AR)
\captionmargin=\dimen160
\captionmargin@=\dimen161
\captionwidth=\dimen162
\caption@tempdima=\dimen163
\caption@indent=\dimen164
\caption@parindent=\dimen165
\caption@hangindent=\dimen166
Package caption Info: Standard document class detected.
)
\c@caption@flags=\count280
\c@continuedfloat=\count281
Package caption Info: float package is loaded.
)
(/usr/share/texlive/texmf-dist/tex/latex/tools/tabularx.sty
Package: tabularx 2020/01/15 v2.11c `tabularx' package (DPC)

(/usr/share/texlive/texmf-dist/tex/latex/tools/array.sty
Package: array 2021/10/04 v2.5f Tabular extension package (FMi)
\col@sep=\dimen167
\ar@mcellbox=\box56
\extrarowheight=\dimen168
\NC@list=\toks27
\extratabsurround=\skip54
\backup@length=\skip55
\ar@cellbox=\box57
)
\TX@col@width=\dimen169
\TX@old@table=\dimen170
\TX@old@col=\dimen171
\TX@target=\dimen172
\TX@delta=\dimen173
\TX@cols=\count282
\TX@ftn=\toks28
)
(/usr/share/texlive/texmf-dist/tex/latex/hyperref/hyperref.sty
Package: hyperref 2021-06-07 v7.00m Hypertext links for LaTeX

(/usr/share/texlive/texmf-dist/tex/generic/ltxcmds/ltxcmds.sty
Package: ltxcmds 2020-05-10 v1.25 LaTeX kernel commands for general use (HO)
)
(/usr/share/texlive/texmf-dist/tex/generic/pdftexcmds/pdftexcmds.sty
Package: pdftexcmds 2020-06-27 v0.33 Utility functions of pdfTeX for LuaTeX (HO
)

(/usr/share/texlive/texmf-dist/tex/generic/infwarerr/infwarerr.sty
Package: infwarerr 2019/12/03 v1.5 Providing info/warning/error messages (HO)
)
Package pdftexcmds Info: \pdf@primitive is available.
Package pdftexcmds Info: \pdf@ifprimitive is available.
Package pdftexcmds Info: \pdfdraftmode found.
)
(/usr/share/texlive/texmf-dist/tex/generic/kvsetkeys/kvsetkeys.sty
Package: kvsetkeys 2019/12/15 v1.18 Key value parser (HO)
)
(/usr/share/texlive/texmf-dist/tex/generic/kvdefinekeys/kvdefinekeys.sty
Package: kvdefinekeys 2019-12-19 v1.6 Define keys (HO)
)
(/usr/share/texlive/texmf-dist/tex/generic/pdfescape/pdfescape.sty
Package: pdfescape 2019/12/09 v1.15 Implements pdfTeX's escape features (HO)
)
(/usr/share/texlive/texmf-dist/tex/latex/hycolor/hycolor.sty
Package: hycolor 2020-01-27 v1.10 Color options for hyperref/bookmark (HO)
)
(/usr/share/texlive/texmf-dist/tex/latex/letltxmacro/letltxmacro.sty
Package: letltxmacro 2019/12/03 v1.6 Let assignment for LaTeX macros (HO)
)
(/usr/share/texlive/texmf-dist/tex/latex/auxhook/auxhook.sty
Package: auxhook 2019-12-17 v1.6 Hooks for auxiliary files (HO)
)
(/usr/share/texlive/texmf-dist/tex/latex/kvoptions/kvoptions.sty
Package: kvoptions 2020-10-07 v3.14 Key value format for package options (HO)
)
\@linkdim=\dimen174
\Hy@linkcounter=\count283
\Hy@pagecounter=\count284

(/usr/share/texlive/texmf-dist/tex/latex/hyperref/pd1enc.def
File: pd1enc.def 2021-06-07 v7.00m Hyperref: PDFDocEncoding definition (HO)
Now handling font encoding PD1 ...
... no UTF-8 mapping file for font encoding PD1
)
(/usr/share/texlive/texmf-dist/tex/latex/hyperref/hyperref-langpatches.def
File: hyperref-langpatches.def 2021-06-07 v7.00m Hyperref: patches for babel la
nguages
)
(/usr/share/texlive/texmf-dist/tex/generic/intcalc/intcalc.sty
Package: intcalc 2019/12/15 v1.3 Expandable calculations with integers (HO)
)
(/usr/share/texlive/texmf-dist/tex/generic/etexcmds/etexcmds.sty
Package: etexcmds 2019/12/15 v1.7 Avoid name clashes with e-TeX commands (HO)
)
\Hy@SavedSpaceFactor=\count285

(/usr/share/texlive/texmf-dist/tex/latex/hyperref/puenc.def
File: puenc.def 2021-06-07 v7.00m Hyperref: PDF Unicode definition (HO)
Now handling font encoding PU ...
... no UTF-8 mapping file for font encoding PU
)
Package hyperref Info: Hyper figures OFF on input line 4192.
Package hyperref Info: Link nesting OFF on input line 4197.
Package hyperref Info: Hyper index ON on input line 4200.
Package hyperref Info: Plain pages OFF on input line 4207.
Package hyperref Info: Backreferencing OFF on input line 4212.
Package hyperref Info: Implicit mode ON; LaTeX internals redefined.
Package hyperref Info: Bookmarks ON on input line 4445.
\c@Hy@tempcnt=\count286

(/usr/share/texlive/texmf-dist/tex/latex/url/url.sty
\Urlmuskip=\muskip17
Package: url 2013/09/16  ver 3.4  Verb mode for urls, etc.
)
LaTeX Info: Redefining \url on input line 4804.
\XeTeXLinkMargin=\dimen175

(/usr/share/texlive/texmf-dist/tex/generic/bitset/bitset.sty
Package: bitset 2019/12/09 v1.3 Handle bit-vector datatype (HO)

(/usr/share/texlive/texmf-dist/tex/generic/bigintcalc/bigintcalc.sty
Package: bigintcalc 2019/12/15 v1.5 Expandable calculations on big integers (HO
)
))
\Fld@menulength=\count287
\Field@Width=\dimen176
\Fld@charsize=\dimen177
Package hyperref Info: Hyper figures OFF on input line 6076.
Package hyperref Info: Link nesting OFF on input line 6081.
Package hyperref Info: Hyper index ON on input line 6084.
Package hyperref Info: backreferencing OFF on input line 6091.
Package hyperref Info: Link coloring OFF on input line 6096.
Package hyperref Info: Link coloring with OCG OFF on input line 6101.
Package hyperref Info: PDF/A mode OFF on input line 6106.
LaTeX Info: Redefining \ref on input line 6146.
LaTeX Info: Redefining \pageref on input line 6150.

(/usr/share/texlive/texmf-dist/tex/latex/base/atbegshi-ltx.sty
Package: atbegshi-ltx 2021/01/10 v1.0c Emulation of the original atbegshi
package with kernel methods
)
\Hy@abspage=\count288
\c@Item=\count289
\c@Hfootnote=\count290
)
Package hyperref Info: Driver (autodetected): hpdftex.

(/usr/share/texlive/texmf-dist/tex/latex/hyperref/hpdftex.def
File: hpdftex.def 2021-06-07 v7.00m Hyperref driver for pdfTeX

(/usr/share/texlive/texmf-dist/tex/latex/base/atveryend-ltx.sty
Package: atveryend-ltx 2020/08/19 v1.0a Emulation of the original atveryend pac
kage
with kernel methods
)
\Fld@listcount=\count291
\c@bookmark@seq@number=\count292

(/usr/share/texlive/texmf-dist/tex/latex/rerunfilecheck/rerunfilecheck.sty
Package: rerunfilecheck 2019/12/05 v1.9 Rerun checks for auxiliary files (HO)

(/usr/share/texlive/texmf-dist/tex/generic/uniquecounter/uniquecounter.sty
Package: uniquecounter 2019/12/15 v1.4 Provide unlimited unique counter (HO)
)
Package uniquecounter Info: New unique counter `rerunfilecheck' on input line 2
86.
)
\Hy@SectionHShift=\skip56
)
(/usr/share/texlive/texmf-dist/tex/latex/l3backend/l3backend-pdftex.def
File: l3backend-pdftex.def 2022-01-12 L3 backend support: PDF output (pdfTeX)
\l__color_backend_stack_int=\count293
\l__pdf_internal_box=\box58
)
(./T6_S_EN_2.aux)
\openout1 = `T6_S_EN_2.aux'.

LaTeX Font Info:    Checking defaults for OML/cmm/m/it on input line 37.
LaTeX Font Info:    ... okay on input line 37.
LaTeX Font Info:    Checking defaults for OMS/cmsy/m/n on input line 37.
LaTeX Font Info:    ... okay on input line 37.
LaTeX Font Info:    Checking defaults for OT1/cmr/m/n on input line 37.
LaTeX Font Info:    ... okay on input line 37.
LaTeX Font Info:    Checking defaults for T1/cmr/m/n on input line 37.
LaTeX Font Info:    ... okay on input line 37.
LaTeX Font Info:    Checking defaults for TS1/cmr/m/n on input line 37.
LaTeX Font Info:    ... okay on input line 37.
LaTeX Font Info:    Checking defaults for OMX/cmex/m/n on input line 37.
LaTeX Font Info:    ... okay on input line 37.
LaTeX Font Info:    Checking defaults for U/cmr/m/n on input line 37.
LaTeX Font Info:    ... okay on input line 37.
LaTeX Font Info:    Checking defaults for PD1/pdf/m/n on input line 37.
LaTeX Font Info:    ... okay on input line 37.
LaTeX Font Info:    Checking defaults for PU/pdf/m/n on input line 37.
LaTeX Font Info:    ... okay on input line 37.

*geometry* driver: auto-detecting
*geometry* detected driver: pdftex
*geometry* verbose mode - [ preamble ] result:
* driver: pdftex
* paper: a4paper
* layout: <same size as paper>
* layoutoffset:(h,v)=(0.0pt,0.0pt)
* modes: 
* h-part:(L,W,R)=(72.26999pt, 452.9679pt, 72.26999pt)
* v-part:(T,H,B)=(72.26999pt, 700.50687pt, 72.26999pt)
* \paperwidth=597.50787pt
* \paperheight=845.04684pt
* \textwidth=452.9679pt
* \textheight=700.50687pt
* \oddsidemargin=0.0pt
* \evensidemargin=0.0pt
* \topmargin=-37.0pt
* \headheight=12.0pt
* \headsep=25.0pt
* \topskip=11.0pt
* \footskip=30.0pt
* \marginparwidth=50.0pt
* \marginparsep=10.0pt
* \columnsep=10.0pt
* \skip\footins=10.0pt plus 4.0pt minus 2.0pt
* \hoffset=0.0pt
* \voffset=0.0pt
* \mag=1000
* \@twocolumnfalse
* \@twosidefalse
* \@mparswitchfalse
* \@reversemarginfalse
* (1in=72.27pt=25.4mm, 1cm=28.453pt)

(/usr/share/texlive/texmf-dist/tex/context/base/mkii/supp-pdf.mkii
[Loading MPS to PDF converter (version 2006.09.02).]
\scratchcounter=\count294
\scratchdimen=\dimen178
\scratchbox=\box59
\nofMPsegments=\count295
\nofMParguments=\count296
\everyMPshowfont=\toks29
\MPscratchCnt=\count297
\MPscratchDim=\dimen179
\MPnumerator=\count298
\makeMPintoPDFobject=\count299
\everyMPtoPDFconversion=\toks30
) (/usr/share/texlive/texmf-dist/tex/latex/epstopdf-pkg/epstopdf-base.sty
Package: epstopdf-base 2020-01-24 v2.11 Base part for package epstopdf
Package epstopdf-base Info: Redefining graphics rule for `.eps' on input line 4
85.

(/usr/share/texlive/texmf-dist/tex/latex/latexconfig/epstopdf-sys.cfg
File: epstopdf-sys.cfg 2010/07/13 v1.3 Configuration of (r)epstopdf for TeX Liv
e
))
LaTeX Info: Redefining \microtypecontext on input line 37.
Package microtype Info: Applying patch `item' on input line 37.
Package microtype Info: Applying patch `toc' on input line 37.
Package microtype Info: Applying patch `eqnum' on input line 37.
Package microtype Info: Applying patch `footnote' on input line 37.
Package microtype Info: Generating PDF output.
Package microtype Info: Character protrusion enabled (level 2).
Package microtype Info: Using default protrusion set `alltext'.
Package microtype Info: Automatic font expansion enabled (level 2),
(microtype)             stretch: 20, shrink: 20, step: 1, non-selected.
Package microtype Info: Using default expansion set `alltext-nott'.
LaTeX Info: Redefining \showhyphens on input line 37.
Package microtype Info: No adjustment of tracking.
Package microtype Info: No adjustment of interword spacing.
Package microtype Info: No adjustment of character kerning.

(/usr/share/texlive/texmf-dist/tex/latex/microtype/mt-cmr.cfg
File: mt-cmr.cfg 2013/05/19 v2.2 microtype config. file: Computer Modern Roman 
(RS)
)
Package caption Info: Begin \AtBeginDocument code.
Package caption Info: hyperref package is loaded.
Package caption Info: End \AtBeginDocument code.
Package hyperref Info: Link coloring OFF on input line 37.

(/usr/share/texlive/texmf-dist/tex/latex/hyperref/nameref.sty
Package: nameref 2021-04-02 v2.47 Cross-referencing by name of section

(/usr/share/texlive/texmf-dist/tex/latex/refcount/refcount.sty
Package: refcount 2019/12/15 v3.6 Data extraction from label references (HO)
)
(/usr/share/texlive/texmf-dist/tex/generic/gettitlestring/gettitlestring.sty
Package: gettitlestring 2019/12/15 v1.6 Cleanup title references (HO)
)
\c@section@level=\count300
)
LaTeX Info: Redefining \ref on input line 37.
LaTeX Info: Redefining \pageref on input line 37.
LaTeX Info: Redefining \nameref on input line 37.

(./T6_S_EN_2.out) (./T6_S_EN_2.out)
\@outlinefile=\write3
\openout3 = `T6_S_EN_2.out'.

LaTeX Font Info:    Trying to load font information for U+msa on input line 39.


(/usr/share/texlive/texmf-dist/tex/latex/amsfonts/umsa.fd
File: umsa.fd 2013/01/14 v3.01 AMS symbols A
)
(/usr/share/texlive/texmf-dist/tex/latex/microtype/mt-msa.cfg
File: mt-msa.cfg 2006/02/04 v1.1 microtype config. file: AMS symbols (a) (RS)
)
LaTeX Font Info:    Trying to load font information for U+msb on input line 39.


(/usr/share/texlive/texmf-dist/tex/latex/amsfonts/umsb.fd
File: umsb.fd 2013/01/14 v3.01 AMS symbols B
)
(/usr/share/texlive/texmf-dist/tex/latex/microtype/mt-msb.cfg
File: mt-msb.cfg 2005/06/01 v1.0 microtype config. file: AMS symbols (b) (RS)
)
Overfull \hbox (3.90997pt too wide) in paragraph at lines 39--39
\OT1/cmr/bx/n/10.95 (-20) ment 
 []


Overfull \hbox (4.03938pt too wide) in paragraph at lines 39--39
\OT1/cmr/bx/n/10.95 (-20) equa- 
 []


Overfull \hbox (7.69466pt too wide) in paragraph at lines 39--39
\OT1/cmr/bx/n/10.95 (-20) about 
 []


Overfull \hbox (5.97092pt too wide) in paragraph at lines 39--39
\OT1/cmr/bx/n/10.95 (-20) hinge 
 []


Overfull \hbox (19.29915pt too wide) detected at line 39
\OML/cmm/m/it/10.95 I \OT1/cmr/m/n/10.95 = \OML/cmm/m/it/10.95 M[];
 []


Overfull \hbox (8.71457pt too wide) in paragraph at lines 39--39
\OT1/cmr/bx/n/10.95 (-20) where 
 []


Overfull \hbox (1.28946pt too wide) in paragraph at lines 39--39
[]\OML/cmm/m/it/10.95 ml[]$ 
 []


Overfull \hbox (3.90997pt too wide) in paragraph at lines 39--39
\OT1/cmr/bx/n/10.95 (-20) ment 
 []


Overfull \hbox (7.69466pt too wide) in paragraph at lines 39--39
\OT1/cmr/bx/n/10.95 (-20) about 
 []


Overfull \hbox (32.99074pt too wide) in paragraph at lines 39--39
[] \OMS/cmsy/m/n/10.95 ' 
 []


Overfull \hbox (9.53069pt too wide) in paragraph at lines 39--39
[]\OML/cmm/m/it/10.95 mgl'$ 
 []


Overfull \hbox (3.90997pt too wide) in paragraph at lines 39--39
\OT1/cmr/bx/n/10.95 (-20) ment 
 []


Overfull \hbox (2.4302pt too wide) in paragraph at lines 39--39
\OT1/cmr/bx/n/10.95 (-20) grav- 
 []


Overfull \hbox (3.17792pt too wide) in paragraph at lines 39--39
[]|\OT1/cmr/bx/n/10.95 (-20) Let's 
 []


Overfull \hbox (5.97232pt too wide) in paragraph at lines 39--39
\OT1/cmr/bx/n/10.95 (-20) check 
 []


Overfull \hbox (9.0535pt too wide) in paragraph at lines 39--39
\OML/cmm/m/it/10.95 Ae[] \OT1/cmr/m/n/10.95 (-20) + 
 []


Overfull \hbox (10.08517pt too wide) in paragraph at lines 39--39
\OML/cmm/m/it/10.95 Be[]$ 
 []


Overfull \hbox (4.03938pt too wide) in paragraph at lines 39--39
\OT1/cmr/bx/n/10.95 (-20) equa- 
 []


Overfull \hbox (83.80797pt too wide) in paragraph at lines 39--39
[] [] \OT1/cmr/m/n/10.95 (-20) = 
 []


Overfull \hbox (19.0372pt too wide) in paragraph at lines 39--39
[]|\OT1/cmr/bx/n/10.95 (-20) Answer: 
 []

[1

{/var/lib/texmf/fonts/map/pdftex/updmap/pdftex.map}]
Overfull \vbox (274.15187pt too high) has occurred while \output is active []


[2]
Overfull \hbox (4.83969pt too wide) in paragraph at lines 40--40
\OT1/cmr/bx/n/10.95 (-20) boy's 
 []


Overfull \hbox (1.17183pt too wide) in paragraph at lines 40--40
\OT1/cmr/bx/n/10.95 (-20) time 
 []


Overfull \hbox (3.12155pt too wide) in paragraph at lines 40--40
\OT1/cmr/bx/n/10.95 (-20) must 
 []


Overfull \hbox (2.08742pt too wide) in paragraph at lines 40--40
\OT1/cmr/bx/n/10.95 (-20) char- 
 []


Overfull \hbox (1.17183pt too wide) in paragraph at lines 40--40
\OT1/cmr/bx/n/10.95 (-20) time 
 []


Overfull \hbox (10.77002pt too wide) in paragraph at lines 40--40
\OT1/cmr/bx/n/10.95 (-20) length 
 []


Overfull \hbox (3.42516pt too wide) in paragraph at lines 40--40
\OT1/cmr/bx/n/10.95 (-20) stick: 
 []


Overfull \hbox (2.19125pt too wide) in paragraph at lines 40--40
\OML/cmm/m/it/10.95 ^^\[][]$\OT1/cmr/bx/n/10.95 (-20) .|  
 []


Overfull \hbox (19.0372pt too wide) in paragraph at lines 40--40
[]|\OT1/cmr/bx/n/10.95 (-20) Answer:  
 []


Overfull \hbox (71.0695pt too wide) detected at line 40
\OML/cmm/m/it/10.95 l[] \OT1/cmr/m/n/10.95 = \OML/cmm/m/it/10.95 ^^\[][] \OT1/c
mr/m/n/10.95 = 0\OML/cmm/m/it/10.95 :\OT1/cmr/m/n/10.95 59 [][]
 []


Overfull \hbox (7.52246pt too wide) in paragraph at lines 41--41
\OT1/cmr/bx/n/10.95 (-20) bird's 
 []


Overfull \hbox (1.17183pt too wide) in paragraph at lines 41--41
\OT1/cmr/bx/n/10.95 (-20) time 
 []


Overfull \hbox (3.12155pt too wide) in paragraph at lines 41--41
\OT1/cmr/bx/n/10.95 (-20) must 
 []


Overfull \hbox (2.08742pt too wide) in paragraph at lines 41--41
\OT1/cmr/bx/n/10.95 (-20) char- 
 []


Overfull \hbox (1.17183pt too wide) in paragraph at lines 41--41
\OT1/cmr/bx/n/10.95 (-20) time 
 []


Overfull \hbox (7.52246pt too wide) in paragraph at lines 41--41
\OT1/cmr/bx/n/10.95 (-20) bird's 
 []


Overfull \hbox (2.84941pt too wide) in paragraph at lines 41--41
\OT1/cmr/bx/n/10.95 (-20) time: 
 []


Overfull \hbox (4.35608pt too wide) in paragraph at lines 41--41
[]$\OT1/cmr/bx/n/10.95 (-20) .|  
 []


Overfull \hbox (19.0372pt too wide) in paragraph at lines 41--41
[]|\OT1/cmr/bx/n/10.95 (-20) Answer:  
 []


Overfull \hbox (74.06319pt too wide) detected at line 41
\OML/cmm/m/it/10.95 ^^\[] \OT1/cmr/m/n/10.95 = [] = 0\OML/cmm/m/it/10.95 :\OT1/
cmr/m/n/10.95 065 [][]
 []

[3]
Overfull \hbox (1.17183pt too wide) in paragraph at lines 42--42
\OT1/cmr/bx/n/10.95 (-20) time 
 []


Overfull \hbox (7.73877pt too wide) in paragraph at lines 42--42
\OT1/cmr/bx/n/10.95 (-20) which 
 []


Overfull \hbox (7.30783pt too wide) in paragraph at lines 42--42
\OT1/cmr/bx/n/10.95 (-20) clist's 
 []


Overfull \hbox (4.71156pt too wide) in paragraph at lines 42--42
\OT1/cmr/bx/n/10.95 (-20) crum 
 []


Overfull \hbox (11.78442pt too wide) in paragraph at lines 42--42
\OT1/cmr/bx/n/10.95 (-20) moved 
 []


Overfull \hbox (8.44603pt too wide) in paragraph at lines 42--42
\OT1/cmr/bx/n/10.95 (-20) pends 
 []


Overfull \hbox (7.24626pt too wide) in paragraph at lines 42--42
\OT1/cmr/bx/n/10.95 (-20) speed 
 []


Overfull \hbox (1.1983pt too wide) in paragraph at lines 42--42
\OML/cmm/m/it/10.95 ^^\[] \OT1/cmr/m/n/10.95 (-20) = 
 []


Overfull \hbox (1.17183pt too wide) in paragraph at lines 42--42
\OT1/cmr/bx/n/10.95 (-20) time 
 []


Overfull \hbox (3.12155pt too wide) in paragraph at lines 42--42
\OT1/cmr/bx/n/10.95 (-20) must 
 []


Overfull \hbox (2.08742pt too wide) in paragraph at lines 42--42
\OT1/cmr/bx/n/10.95 (-20) char- 
 []


Overfull \hbox (1.17183pt too wide) in paragraph at lines 42--42
\OT1/cmr/bx/n/10.95 (-20) time 
 []


Overfull \hbox (1.90958pt too wide) in paragraph at lines 42--42
\OT1/cmr/bx/n/10.95 (-20) Find 
 []


Overfull \hbox (7.24626pt too wide) in paragraph at lines 42--42
\OT1/cmr/bx/n/10.95 (-20) speed 
 []


Overfull \hbox (1.7192pt too wide) in paragraph at lines 42--42
\OML/cmm/m/it/10.95 v[] \OT1/cmr/m/n/10.95 (-20) = 
 []


Overfull \hbox (9.51286pt too wide) in paragraph at lines 42--42
\OML/cmm/m/it/10.95 d[]$\OT1/cmr/bx/n/10.95 (-20) .|  
 []


Overfull \hbox (19.0372pt too wide) in paragraph at lines 42--42
[]|\OT1/cmr/bx/n/10.95 (-20) Answer:  
 []


Overfull \hbox (89.23318pt too wide) detected at line 42
\OML/cmm/m/it/10.95 v[] \OT1/cmr/m/n/10.95 = \OML/cmm/m/it/10.95 d[] \OT1/cmr/m
/n/10.95 = 2\OML/cmm/m/it/10.95 :\OT1/cmr/m/n/10.95 7 [][]\OML/cmm/m/it/10.95 =
[]
 []

[4]
Overfull \vbox (213.88614pt too high) has occurred while \output is active []


[5]
Overfull \hbox (10.03125pt too wide) in paragraph at lines 43--43
\OT1/cmr/bx/n/10.95 (-20) chang- 
 []


Overfull \hbox (26.82169pt too wide) in paragraph at lines 43--43
\OT1/cmr/bx/n/10.95 (-20) tightrope 
 []


Overfull \hbox (11.17848pt too wide) in paragraph at lines 43--43
\OT1/cmr/bx/n/10.95 (-20) walker 
 []


Overfull \hbox (9.22748pt too wide) in paragraph at lines 43--43
\OT1/cmr/bx/n/10.95 (-20) fected 
 []


Overfull \hbox (3.90997pt too wide) in paragraph at lines 43--43
\OT1/cmr/bx/n/10.95 (-20) ment 
 []


Overfull \hbox (2.4302pt too wide) in paragraph at lines 43--43
\OT1/cmr/bx/n/10.95 (-20) grav- 
 []


Overfull \hbox (0.60445pt too wide) in paragraph at lines 43--43
\OT1/cmr/bx/n/10.95 (-20) how- 
 []


Overfull \hbox (1.24025pt too wide) in paragraph at lines 43--43
\OT1/cmr/bx/n/10.95 (-20) ever, 
 []


Overfull \hbox (0.90457pt too wide) in paragraph at lines 43--43
\OT1/cmr/bx/n/10.95 (-20) does 
 []


Overfull \hbox (13.67677pt too wide) in paragraph at lines 43--43
\OT1/cmr/bx/n/10.95 (-20) change 
 []


Overfull \hbox (1.81123pt too wide) in paragraph at lines 43--43
\OT1/cmr/bx/n/10.95 (-20) men- 
 []


Overfull \hbox (21.87024pt too wide) in paragraph at lines 43--43
\OT1/cmr/bx/n/10.95 (-20) (changes 
 []


Overfull \hbox (7.24626pt too wide) in paragraph at lines 43--43
\OT1/cmr/bx/n/10.95 (-20) speed 
 []


Overfull \hbox (4.44011pt too wide) in paragraph at lines 43--43
\OT1/cmr/bx/n/10.95 (-20) short 
 []


Overfull \hbox (6.95593pt too wide) in paragraph at lines 43--43
\OT1/cmr/bx/n/10.95 (-20) time). 
 []


Overfull \hbox (4.42964pt too wide) in paragraph at lines 43--43
\OT1/cmr/bx/n/10.95 (-20) write 
 []


Overfull \hbox (5.44974pt too wide) in paragraph at lines 43--43
\OT1/cmr/bx/n/10.95 (-20) down 
 []


Overfull \hbox (1.81123pt too wide) in paragraph at lines 43--43
\OT1/cmr/bx/n/10.95 (-20) men- 
 []


Overfull \hbox (4.77391pt too wide) in paragraph at lines 43--43
\OT1/cmr/bx/n/10.95 (-20) point  
 []


Overfull \hbox (100.32677pt too wide) detected at line 43
\OML/cmm/m/it/10.95 m\OT1/cmr/m/n/10.95 (1\OML/cmm/m/it/10.95 :\OT1/cmr/m/n/10.
95 4\OML/cmm/m/it/10.95 H\OT1/cmr/m/n/10.95 )[][] + \OML/cmm/m/it/10.95 mH[][] 
\OT1/cmr/m/n/10.95 = 0
 []


Overfull \hbox (6.4809pt too wide) in paragraph at lines 43--43
\OT1/cmr/bx/n/10.95 (-20) count 
 []


Overfull \hbox (3.90997pt too wide) in paragraph at lines 43--43
\OT1/cmr/bx/n/10.95 (-20) ment 
 []


Overfull \hbox (26.82169pt too wide) in paragraph at lines 43--43
\OT1/cmr/bx/n/10.95 (-20) tightrope 
 []


Overfull \hbox (11.17848pt too wide) in paragraph at lines 43--43
\OT1/cmr/bx/n/10.95 (-20) walker 
 []


Overfull \hbox (4.71155pt too wide) in paragraph at lines 43--43
\OT1/cmr/bx/n/10.95 (-20) grate 
 []


Overfull \hbox (1.4774pt too wide) in paragraph at lines 43--43
\OT1/cmr/bx/n/10.95 (-20) pres- 
 []


Overfull \hbox (1.17183pt too wide) in paragraph at lines 43--43
\OT1/cmr/bx/n/10.95 (-20) time 
 []


Overfull \hbox (20.04025pt too wide) in paragraph at lines 43--43
\OT1/cmr/m/n/10.95 (-20) 1\OML/cmm/m/it/10.95 :\OT1/cmr/m/n/10.95 (-20) 96(\OML
/cmm/m/it/10.95 [] \OMS/cmsy/m/n/10.95 ^^@ 
 []


Overfull \hbox (4.32083pt too wide) in paragraph at lines 43--43
\OML/cmm/m/it/10.95 []\OT1/cmr/m/n/10.95 (-20) ) = 
 []


Overfull \hbox (4.03938pt too wide) in paragraph at lines 43--43
\OT1/cmr/bx/n/10.95 (-20) equa- 
 []


Overfull \hbox (3.29015pt too wide) in paragraph at lines 43--43
\OT1/cmr/bx/n/10.95 (-20) solve 
 []


Overfull \hbox (4.03938pt too wide) in paragraph at lines 43--43
\OT1/cmr/bx/n/10.95 (-20) equa- 
 []


Overfull \hbox (6.55367pt too wide) in paragraph at lines 43--43
\OT1/cmr/bx/n/10.95 (-20) tions.|  
 []


Overfull \hbox (19.0372pt too wide) in paragraph at lines 43--43
[]|\OT1/cmr/bx/n/10.95 (-20) Answer: 
 []


Overfull \hbox (39.47339pt too wide) in paragraph at lines 43--43
[]\OML/cmm/m/it/10.95 ;  [] \OT1/cmr/m/n/10.95 (-20) = 
 []


Overfull \hbox (9.81523pt too wide) in paragraph at lines 43--43
[]$|  
 []


Overfull \vbox (1521.73259pt too high) has occurred while \output is active []


[6]
Overfull \hbox (21.79486pt too wide) in paragraph at lines 44--44
[]|\OT1/cmr/bx/n/10.95 (-20) Moment 
 []


Overfull \hbox (2.4302pt too wide) in paragraph at lines 44--44
\OT1/cmr/bx/n/10.95 (-20) grav- 
 []


Overfull \hbox (42.32256pt too wide) in paragraph at lines 44--44
\OML/cmm/m/it/10.95 mg\OT1/cmr/m/n/10.95 (-20) (1\OML/cmm/m/it/10.95 :\OT1/cmr/
m/n/10.95 (-20) 4\OML/cmm/m/it/10.95 H\OT1/cmr/m/n/10.95 (-20) )\OML/cmm/m/it/1
0.95 [] \OT1/cmr/m/n/10.95 (-20) + 
 []


Overfull \hbox (5.26831pt too wide) in paragraph at lines 44--44
\OML/cmm/m/it/10.95 mgH \OMS/cmsy/m/n/10.95 ^^A 
 []


Overfull \hbox (3.17792pt too wide) in paragraph at lines 44--44
\OT1/cmr/bx/n/10.95 (-20) Let's 
 []


Overfull \hbox (2.31201pt too wide) in paragraph at lines 44--44
\OT1/cmr/bx/n/10.95 (-20) from 
 []


Overfull \hbox (2.9514pt too wide) in paragraph at lines 44--44
\OT1/cmr/bx/n/10.95 (-20) para- 
 []


Overfull \hbox (7.96808pt too wide) in paragraph at lines 44--44
\OT1/cmr/bx/n/10.95 (-20) graph 
 []


Overfull \hbox (98.75862pt too wide) detected at line 44
\OML/cmm/m/it/10.95 M \OT1/cmr/m/n/10.95 = \OML/cmm/m/it/10.95 mgH\OT1/cmr/m/n/
10.95 (2\OML/cmm/m/it/10.95 :\OT1/cmr/m/n/10.95 4\OML/cmm/m/it/10.95 [] \OMS/c
msy/m/n/10.95 ^^@ []\OML/cmm/m/it/10.95 ^^L[]\OT1/cmr/m/n/10.95 )\OML/cmm/m/it/
10.95 :
 []


Overfull \hbox (26.82169pt too wide) in paragraph at lines 44--44
\OT1/cmr/bx/n/10.95 (-20) tightrope 
 []


Overfull \hbox (11.17848pt too wide) in paragraph at lines 44--44
\OT1/cmr/bx/n/10.95 (-20) walker 
 []


Overfull \hbox (0.59802pt too wide) in paragraph at lines 44--44
\OT1/cmr/bx/n/10.95 (-20) turn 
 []


Overfull \hbox (6.89648pt too wide) in paragraph at lines 44--44
\OT1/cmr/bx/n/10.95 (-20) needs 
 []


Overfull \hbox (4.10294pt too wide) in paragraph at lines 44--44
\OT1/cmr/bx/n/10.95 (-20) verse 
 []


Overfull \hbox (7.24626pt too wide) in paragraph at lines 44--44
\OT1/cmr/bx/n/10.95 (-20) speed 
 []


Overfull \hbox (13.64738pt too wide) in paragraph at lines 44--44
\OT1/cmr/bx/n/10.95 (-20) gained, 
 []


Overfull \hbox (5.05435pt too wide) in paragraph at lines 44--44
\OT1/cmr/bx/n/10.95 (-20) there 
 []


Overfull \hbox (3.12155pt too wide) in paragraph at lines 44--44
\OT1/cmr/bx/n/10.95 (-20) must 
 []


Overfull \hbox (19.0372pt too wide) in paragraph at lines 44--44
[]|\OT1/cmr/bx/n/10.95 (-20) Answer:  
 []


Overfull \hbox (8.02347pt too wide) detected at line 44
\OML/cmm/m/it/10.95 ^^L[] > \OT1/cmr/m/n/10.95 0
 []


Overfull \vbox (299.71112pt too high) has occurred while \output is active []


[7]
Overfull \hbox (20.66681pt too wide) in paragraph at lines 45--45
\OT1/cmr/bx/n/10.95 (-20) straight- 
 []


Overfull \hbox (2.02881pt too wide) in paragraph at lines 45--45
\OT1/cmr/bx/n/10.95 (-20) ened 
 []


Overfull \hbox (26.82169pt too wide) in paragraph at lines 45--45
\OT1/cmr/bx/n/10.95 (-20) tightrope 
 []


Overfull \hbox (11.17848pt too wide) in paragraph at lines 45--45
\OT1/cmr/bx/n/10.95 (-20) walker 
 []


Overfull \hbox (15.5851pt too wide) in paragraph at lines 45--45
\OT1/cmr/bx/n/10.95 (-20) scribed 
 []


Overfull \hbox (4.03938pt too wide) in paragraph at lines 45--45
\OT1/cmr/bx/n/10.95 (-20) equa- 
 []


Overfull \hbox (43.36824pt too wide) in paragraph at lines 45--45
\OT1/cmr/m/n/10.95 (-20) 2\OML/cmm/m/it/10.95 :\OT1/cmr/m/n/10.95 (-20) 96\OML/
cmm/m/it/10.95 mH[][] \OT1/cmr/m/n/10.95 (-20) = 
 []


Overfull \hbox (28.46536pt too wide) in paragraph at lines 45--45
\OT1/cmr/m/n/10.95 (-20) 2\OML/cmm/m/it/10.95 :\OT1/cmr/m/n/10.95 (-20) 4\OML/c
mm/m/it/10.95 mgH[]$\OT1/cmr/bx/n/10.95 (-20) . 
 []


Overfull \hbox (2.31201pt too wide) in paragraph at lines 45--45
\OT1/cmr/bx/n/10.95 (-20) form 
 []


Overfull \hbox (9.0535pt too wide) in paragraph at lines 45--45
\OML/cmm/m/it/10.95 Ae[] \OT1/cmr/m/n/10.95 (-20) + 
 []


Overfull \hbox (11.07018pt too wide) in paragraph at lines 45--45
\OML/cmm/m/it/10.95 Be[]$\OT1/cmr/bx/n/10.95 (-20) . 
 []


Overfull \hbox (26.82169pt too wide) in paragraph at lines 45--45
\OT1/cmr/bx/n/10.95 (-20) tightrope 
 []


Overfull \hbox (11.17848pt too wide) in paragraph at lines 45--45
\OT1/cmr/bx/n/10.95 (-20) walker 
 []


Overfull \hbox (0.59802pt too wide) in paragraph at lines 45--45
\OT1/cmr/bx/n/10.95 (-20) turn 
 []


Overfull \hbox (4.56253pt too wide) in paragraph at lines 45--45
\OT1/cmr/bx/n/10.95 (-20) start- 
 []


Overfull \hbox (10.40982pt too wide) in paragraph at lines 45--45
\OT1/cmr/bx/n/10.95 (-20) There- 
 []


Overfull \hbox (19.0372pt too wide) in paragraph at lines 45--45
[]|\OT1/cmr/bx/n/10.95 (-20) Answer:  
 []


Overfull \hbox (80.11108pt too wide) detected at line 45
[] \OT1/cmr/m/n/10.95 = \OMS/cmsy/m/n/10.95 ^^@[] \OT1/cmr/m/n/10.95 = \OMS/cms
y/m/n/10.95 ^^@[]
 []


Overfull \vbox (156.1295pt too high) has occurred while \output is active []


[8]
Overfull \hbox (10.31741pt too wide) in paragraph at lines 46--46
\OT1/cmr/bx/n/10.95 (-20) shown 
 []


Overfull \hbox (9.52686pt too wide) in paragraph at lines 46--46
\OT1/cmr/bx/n/10.95 (-20) above, 
 []


Overfull \hbox (7.24626pt too wide) in paragraph at lines 46--46
\OT1/cmr/bx/n/10.95 (-20) speed 
 []


Overfull \hbox (26.82169pt too wide) in paragraph at lines 46--46
\OT1/cmr/bx/n/10.95 (-20) tightrope 
 []


Overfull \hbox (11.17848pt too wide) in paragraph at lines 46--46
\OT1/cmr/bx/n/10.95 (-20) walker 
 []


Overfull \hbox (2.93405pt too wide) in paragraph at lines 46--46
\OT1/cmr/bx/n/10.95 (-20) ately 
 []


Overfull \hbox (20.66681pt too wide) in paragraph at lines 46--46
\OT1/cmr/bx/n/10.95 (-20) straight- 
 []


Overfull \hbox (13.67677pt too wide) in paragraph at lines 46--46
\OT1/cmr/bx/n/10.95 (-20) change 
 []


Overfull \hbox (5.6378pt too wide) in paragraph at lines 46--46
\OT1/cmr/bx/n/10.95 (-20) form) 
 []


Overfull \hbox (7.24626pt too wide) in paragraph at lines 46--46
\OT1/cmr/bx/n/10.95 (-20) speed 
 []


Overfull \hbox (2.65057pt too wide) in paragraph at lines 46--46
\OT1/cmr/bx/n/10.95 (-20) right 
 []


Overfull \hbox (5.58893pt too wide) in paragraph at lines 46--46
\OT1/cmr/bx/n/10.95 (-20) bend- 
 []


Overfull \hbox (5.45674pt too wide) in paragraph at lines 46--46
\OT1/cmr/bx/n/10.95 (-20) equal 
 []


Overfull \hbox (3.29715pt too wide) in paragraph at lines 46--46
\OT1/cmr/bx/n/10.95 (-20) since 
 []


Overfull \hbox (7.9815pt too wide) in paragraph at lines 46--46
\OT1/cmr/bx/n/10.95 (-20) equiv- 
 []


Overfull \hbox (13.67677pt too wide) in paragraph at lines 46--46
\OT1/cmr/bx/n/10.95 (-20) change 
 []


Overfull \hbox (2.84941pt too wide) in paragraph at lines 46--46
\OT1/cmr/bx/n/10.95 (-20) time, 
 []


Overfull \hbox (15.5851pt too wide) in paragraph at lines 46--46
\OT1/cmr/bx/n/10.95 (-20) scribed 
 []


Overfull \hbox (2.9514pt too wide) in paragraph at lines 46--46
\OT1/cmr/bx/n/10.95 (-20) para- 
 []


Overfull \hbox (8.95308pt too wide) in paragraph at lines 46--46
\OT1/cmr/bx/n/10.95 (-20) graph. 
 []


Overfull \hbox (17.45451pt too wide) in paragraph at lines 46--46
\OT1/cmr/bx/n/10.95 (-20) Change 
 []


Overfull \hbox (1.81123pt too wide) in paragraph at lines 46--46
\OT1/cmr/bx/n/10.95 (-20) men- 
 []


Overfull \hbox (0.8318pt too wide) in paragraph at lines 46--46
\OT1/cmr/bx/n/10.95 (-20) bent 
 []


Overfull \hbox (173.77385pt too wide) detected at line 46
\OT1/cmr/m/n/10.95 ^^A\OML/cmm/m/it/10.95 L \OT1/cmr/m/n/10.95 = 2\OML/cmm/m/it
/10.95 :\OT1/cmr/m/n/10.95 96\OML/cmm/m/it/10.95 mH[] \OMS/cmsy/m/n/10.95 ^^A \
OT1/cmr/m/n/10.95 (\OML/cmm/m/it/10.95 [] \OMS/cmsy/m/n/10.95 ^^@ \OML/cmm/m/i
t/10.95 []\OT1/cmr/m/n/10.95 ) = \OMS/cmsy/m/n/10.95 ^^@[]
 []


Overfull \hbox (13.06554pt too wide) in paragraph at lines 46--46
\OT1/cmr/bx/n/10.95 (-20) Taking 
 []


Overfull \hbox (6.4809pt too wide) in paragraph at lines 46--46
\OT1/cmr/bx/n/10.95 (-20) count 
 []


Overfull \hbox (2.75131pt too wide) in paragraph at lines 46--46
\OML/cmm/m/it/10.95 [] \OMS/cmsy/m/n/10.95 ^^\ 
 []


Overfull \hbox (3.90997pt too wide) in paragraph at lines 46--46
\OT1/cmr/bx/n/10.95 (-20) ment 
 []


Overfull \hbox (3.16899pt too wide) in paragraph at lines 46--46
\OT1/cmr/bx/n/10.95 (-20) force 
 []


Overfull \hbox (33.57211pt too wide) in paragraph at lines 46--46
\OMS/cmsy/m/n/10.95 ^^@[]\OML/cmm/m/it/10.95 mgH^^L[]$\OT1/cmr/bx/n/10.95 (-20)
 . 
 []


Overfull \hbox (13.67677pt too wide) in paragraph at lines 46--46
\OT1/cmr/bx/n/10.95 (-20) change 
 []


Overfull \hbox (1.81123pt too wide) in paragraph at lines 46--46
\OT1/cmr/bx/n/10.95 (-20) men- 
 []


Overfull \hbox (3.90997pt too wide) in paragraph at lines 46--46
\OT1/cmr/bx/n/10.95 (-20) ment 
 []


Overfull \hbox (1.17183pt too wide) in paragraph at lines 46--46
\OT1/cmr/bx/n/10.95 (-20) time 
 []


Overfull \hbox (5.25693pt too wide) in paragraph at lines 46--46
\OT1/cmr/bx/n/10.95 (-20) From 
 []


Overfull \hbox (0.90938pt too wide) in paragraph at lines 46--46
\OT1/cmr/bx/n/10.95 (-20) swer 
 []


Overfull \hbox (37.63742pt too wide) in paragraph at lines 46--46
\OT1/cmr/m/n/10.95 (-20) 28\OML/cmm/m/it/10.95 :\OT1/cmr/m/n/10.95 (-20) 18[][]
$\OT1/cmr/bx/n/10.95 (-20) .|  
 []


Overfull \hbox (19.0372pt too wide) in paragraph at lines 46--46
[]|\OT1/cmr/bx/n/10.95 (-20) Answer:  
 []


Overfull \hbox (64.57823pt too wide) detected at line 46
\OML/cmm/m/it/10.95 T[] \OT1/cmr/m/n/10.95 = 28\OML/cmm/m/it/10.95 :\OT1/cmr/m/
n/10.95 18[][]
 []


Overfull \vbox (1210.51363pt too high) has occurred while \output is active []


[9]
Overfull \hbox (8.71457pt too wide) in paragraph at lines 47--47
\OT1/cmr/bx/n/10.95 (-20) where 
 []


Overfull \hbox (10.53905pt too wide) in paragraph at lines 47--47
\OT1/cmr/bx/n/10.95 (-20) rected 
 []


Overfull \hbox (3.05147pt too wide) in paragraph at lines 47--47
\OT1/cmr/bx/n/10.95 (-20) ward 
 []


Overfull \hbox (3.16899pt too wide) in paragraph at lines 47--47
\OT1/cmr/bx/n/10.95 (-20) force 
 []


Overfull \hbox (10.53905pt too wide) in paragraph at lines 47--47
\OT1/cmr/bx/n/10.95 (-20) rected 
 []


Overfull \hbox (7.46031pt too wide) in paragraph at lines 47--47
\OT1/cmr/bx/n/10.95 (-20) down- 
 []


Overfull \hbox (4.03647pt too wide) in paragraph at lines 47--47
\OT1/cmr/bx/n/10.95 (-20) ward. 
 []


Overfull \hbox (4.03938pt too wide) in paragraph at lines 47--47
\OT1/cmr/bx/n/10.95 (-20) equa- 
 []


Overfull \hbox (26.90549pt too wide) detected at line 47
[] \OT1/cmr/m/n/10.95 = []\OML/cmm/m/it/10.95 ':
 []


Overfull \hbox (5.28534pt too wide) in paragraph at lines 47--47
\OT1/cmr/bx/n/10.95 (-20) Since 
 []


Overfull \hbox (6.43893pt too wide) in paragraph at lines 47--47
\OT1/cmr/bx/n/10.95 (-20) place- 
 []


Overfull \hbox (9.11765pt too wide) in paragraph at lines 47--47
\OT1/cmr/bx/n/10.95 (-20) ments 
 []


Overfull \hbox (2.31201pt too wide) in paragraph at lines 47--47
\OT1/cmr/bx/n/10.95 (-20) from 
 []


Overfull \hbox (6.6887pt too wide) in paragraph at lines 47--47
\OT1/cmr/bx/n/10.95 (-20) small, 
 []


Overfull \hbox (4.66833pt too wide) in paragraph at lines 47--47
\OT1/cmr/bx/n/10.95 (-20) sume 
 []


Overfull \hbox (11.7871pt too wide) in paragraph at lines 47--47
\OT1/cmr/bx/n/10.95 (-20) formly 
 []


Overfull \hbox (1.99242pt too wide) in paragraph at lines 47--47
\OT1/cmr/bx/n/10.95 (-20) ated: 
 []


Overfull \hbox (4.85867pt too wide) in paragraph at lines 47--47
[]\OML/cmm/m/it/10.95 '[]$\OT1/cmr/bx/n/10.95 (-20) . 
 []


Overfull \hbox (6.4809pt too wide) in paragraph at lines 47--47
\OT1/cmr/bx/n/10.95 (-20) count 
 []


Overfull \hbox (3.12573pt too wide) in paragraph at lines 47--47
\OT1/cmr/bx/n/10.95 (-20) tions 
 []


Overfull \hbox (15.94772pt too wide) in paragraph at lines 47--47
[] [] \OT1/cmr/m/n/10.95 (-20) = 
 []


Overfull \hbox (15.94772pt too wide) in paragraph at lines 47--47
\OML/cmm/m/it/10.95 ' [] \OT1/cmr/m/n/10.95 (-20) = 
 []


Overfull \hbox (7.5135pt too wide) in paragraph at lines 47--47
\OT1/cmr/bx/n/10.95 (-20) dence 
 []


Overfull \hbox (7.85652pt too wide) in paragraph at lines 47--47
\OML/cmm/m/it/10.95 '\OT1/cmr/m/n/10.95 (-20) (\OML/cmm/m/it/10.95 t\OT1/cmr/m/
n/10.95 (-20) ) = 
 []


Overfull \hbox (31.63036pt too wide) in paragraph at lines 47--47
[] [][]$\OT1/cmr/bx/n/10.95 (-20) . 
 []


Overfull \hbox (3.90997pt too wide) in paragraph at lines 47--47
\OT1/cmr/bx/n/10.95 (-20) ment 
 []


Overfull \hbox (3.16899pt too wide) in paragraph at lines 47--47
\OT1/cmr/bx/n/10.95 (-20) force 
 []


Overfull \hbox (18.54445pt too wide) in paragraph at lines 47--47
\OT1/cmr/bx/n/10.95 (-20) changes 
 []


Overfull \hbox (6.93913pt too wide) in paragraph at lines 47--47
\OT1/cmr/bx/n/10.95 (-20) move- 
 []


Overfull \hbox (3.90997pt too wide) in paragraph at lines 47--47
\OT1/cmr/bx/n/10.95 (-20) ment 
 []


Overfull \hbox (15.5851pt too wide) in paragraph at lines 47--47
\OT1/cmr/bx/n/10.95 (-20) scribed 
 []


Overfull \hbox (1.17181pt too wide) in paragraph at lines 47--47
\OT1/cmr/bx/n/10.95 (-20) tude 
 []


Overfull \hbox (13.67677pt too wide) in paragraph at lines 47--47
\OT1/cmr/bx/n/10.95 (-20) change 
 []


Overfull \hbox (3.58963pt too wide) in paragraph at lines 47--47
\OT1/cmr/m/n/10.95 (-20) ^^A\OML/cmm/m/it/10.95 ' \OT1/cmr/m/n/10.95 (-20) = 
 []


Overfull \hbox (9.1808pt too wide) in paragraph at lines 47--47
[]\OML/cmm/m/it/10.95 '[]$\OT1/cmr/bx/n/10.95 (-20) .|  
 []

<T6_S_EN_assets/fig1.jpg, id=53, 173.7765pt x 53.217pt>
File: T6_S_EN_assets/fig1.jpg Graphic file (type jpg)
<use T6_S_EN_assets/fig1.jpg>
Package pdftex.def Info: T6_S_EN_assets/fig1.jpg  used on input line 50.
(pdftex.def)             Requested size: 326.13744pt x 99.89038pt.

Overfull \vbox (1174.56969pt too high) has occurred while \output is active []


[10]
Overfull \hbox (3.17792pt too wide) in paragraph at lines 52--52
[]|\OT1/cmr/bx/n/10.95 (-20) Let's 
 []


Overfull \hbox (3.90997pt too wide) in paragraph at lines 52--52
\OT1/cmr/bx/n/10.95 (-20) ment 
 []


Overfull \hbox (9.52835pt too wide) in paragraph at lines 52--52
\OT1/cmr/bx/n/10.95 (-20) "head- 
 []


Overfull \hbox (411.61502pt too wide) detected at line 52
\OMS/cmsy/m/n/10.95 h\OML/cmm/m/it/10.95 M\OMS/cmsy/m/n/10.95 i \OT1/cmr/m/n/10
.95 = \OMS/cmsy/m/n/10.95 h\OML/cmm/m/it/10.95 mla'\OMS/cmsy/m/n/10.95 i \OT1/c
mr/m/n/10.95 = \OML/cmm/m/it/10.95 ml\OMS/cmsy/m/n/10.95 h\OML/cmm/m/it/10.95 a
 \OMS/cmsy/m/n/10.95 ^^A []i \OT1/cmr/m/n/10.95 = \OML/cmm/m/it/10.95 ml\OMS/cm
sy/m/n/10.95 h\OML/cmm/m/it/10.95 a\OT1/cmr/m/n/10.95 (\OML/cmm/m/it/10.95 ' \O
MS/cmsy/m/n/10.95 ^^@ h\OML/cmm/m/it/10.95 '\OMS/cmsy/m/n/10.95 i\OT1/cmr/m/n/1
0.95 )\OMS/cmsy/m/n/10.95 i \OT1/cmr/m/n/10.95 + \OML/cmm/m/it/10.95 ml\OMS/cms
y/m/n/10.95 h\OML/cmm/m/it/10.95 '\OMS/cmsy/m/n/10.95 ih\OML/cmm/m/it/10.95 a\O
MS/cmsy/m/n/10.95 i \OT1/cmr/m/n/10.95 = \OMS/cmsy/m/n/10.95 ^^@\OML/cmm/m/it/1
0.95 mla[]\OMS/cmsy/m/n/10.95 hj\OML/cmm/m/it/10.95 ' \OMS/cmsy/m/n/10.95 ^^@ h
\OML/cmm/m/it/10.95 '\OMS/cmsy/m/n/10.95 iji \OT1/cmr/m/n/10.95 + 0
 []


Overfull \hbox (3.17792pt too wide) in paragraph at lines 52--52
\OT1/cmr/bx/n/10.95 (-20) Let's 
 []


Overfull \hbox (2.67519pt too wide) in paragraph at lines 52--52
\OT1/cmr/bx/n/10.95 (-20) mod- 
 []


Overfull \hbox (230.79721pt too wide) detected at line 52
\OMS/cmsy/m/n/10.95 hj\OML/cmm/m/it/10.95 '\OT1/cmr/m/n/10.95 (\OML/cmm/m/it/10
.95 t\OT1/cmr/m/n/10.95 ) \OMS/cmsy/m/n/10.95 ^^@ \OML/cmm/m/it/10.95 '\OMS/cms
y/m/n/10.95 ji \OT1/cmr/m/n/10.95 = [] [] ^^A\OML/cmm/m/it/10.95 ' [] dt \OT1/c
mr/m/n/10.95 = []^^A\OML/cmm/m/it/10.95 ' \OT1/cmr/m/n/10.95 = []\OML/cmm/m/it/
10.95 '[]
 []


Overfull \hbox (4.51671pt too wide) in paragraph at lines 52--52
\OT1/cmr/bx/n/10.95 (-20) Then 
 []


Overfull \hbox (1.4774pt too wide) in paragraph at lines 52--52
\OT1/cmr/bx/n/10.95 (-20) pres- 
 []


Overfull \hbox (3.90997pt too wide) in paragraph at lines 52--52
\OT1/cmr/bx/n/10.95 (-20) ment 
 []


Overfull \hbox (3.16899pt too wide) in paragraph at lines 52--52
\OT1/cmr/bx/n/10.95 (-20) force 
 []


Overfull \hbox (8.72641pt too wide) in paragraph at lines 52--52
\OMS/cmsy/m/n/10.95 h\OML/cmm/m/it/10.95 M\OMS/cmsy/m/n/10.95 i \OT1/cmr/m/n/10
.95 (-20) = 
 []


Overfull \hbox (15.94595pt too wide) in paragraph at lines 52--52
\OMS/cmsy/m/n/10.95 ^^@[]\OML/cmm/m/it/10.95 '[]$|  
 []


Overfull \hbox (19.0372pt too wide) in paragraph at lines 52--52
[]|\OT1/cmr/bx/n/10.95 (-20) Answer:  
 []


Overfull \hbox (54.83311pt too wide) detected at line 52
\OMS/cmsy/m/n/10.95 h\OML/cmm/m/it/10.95 M\OMS/cmsy/m/n/10.95 i \OT1/cmr/m/n/10
.95 = \OMS/cmsy/m/n/10.95 ^^@[]\OML/cmm/m/it/10.95 '[]
 []

[11 <./T6_S_EN_assets/fig1.jpg>]
Overfull \vbox (91.16856pt too high) has occurred while \output is active []


[12]
Overfull \hbox (17.87631pt too wide) in paragraph at lines 53--53
[]|\OT1/cmr/bx/n/10.95 (-20) Gravity 
 []


Overfull \hbox (0.90457pt too wide) in paragraph at lines 53--53
\OT1/cmr/bx/n/10.95 (-20) does 
 []


Overfull \hbox (4.42975pt too wide) in paragraph at lines 53--53
\OT1/cmr/bx/n/10.95 (-20) value 
 []


Overfull \hbox (3.90997pt too wide) in paragraph at lines 53--53
\OT1/cmr/bx/n/10.95 (-20) ment 
 []


Overfull \hbox (10.59863pt too wide) in paragraph at lines 53--53
\OT1/cmr/bx/n/10.95 (-20) tained 
 []


Overfull \hbox (3.90997pt too wide) in paragraph at lines 53--53
\OT1/cmr/bx/n/10.95 (-20) ment 
 []


Overfull \hbox (2.4302pt too wide) in paragraph at lines 53--53
\OT1/cmr/bx/n/10.95 (-20) grav- 
 []


Overfull \hbox (5.45674pt too wide) in paragraph at lines 53--53
\OT1/cmr/bx/n/10.95 (-20) equal 
 []


Overfull \hbox (7.41818pt too wide) in paragraph at lines 53--53
\OML/cmm/m/it/10.95 mgl'[]$ 
 []


Overfull \hbox (10.21246pt too wide) in paragraph at lines 53--53
\OT1/cmr/bx/n/10.95 (-20) added. 
 []


Overfull \hbox (4.51671pt too wide) in paragraph at lines 53--53
\OT1/cmr/bx/n/10.95 (-20) Then 
 []


Overfull \hbox (4.03938pt too wide) in paragraph at lines 53--53
\OT1/cmr/bx/n/10.95 (-20) equa- 
 []


Overfull \hbox (2.31201pt too wide) in paragraph at lines 53--53
\OT1/cmr/bx/n/10.95 (-20) form 
 []


Overfull \hbox (3.78876pt too wide) in paragraph at lines 53--53
\OML/cmm/m/it/10.95 l[][] \OT1/cmr/m/n/10.95 (-20) = 
 []


Overfull \hbox (38.28146pt too wide) in paragraph at lines 53--53
[] \OML/cmm/m/it/10.95 '[]$\OT1/cmr/bx/n/10.95 (-20) . 
 []


Overfull \hbox (4.83203pt too wide) in paragraph at lines 53--53
\OT1/cmr/bx/n/10.95 (-20) when 
 []


Overfull \hbox (2.65057pt too wide) in paragraph at lines 53--53
\OT1/cmr/bx/n/10.95 (-20) right 
 []


Overfull \hbox (10.67322pt too wide) in paragraph at lines 53--53
\OT1/cmr/bx/n/10.95 (-20) restor- 
 []


Overfull \hbox (3.90997pt too wide) in paragraph at lines 53--53
\OT1/cmr/bx/n/10.95 (-20) ment 
 []


Overfull \hbox (2.72336pt too wide) in paragraph at lines 53--53
\OT1/cmr/bx/n/10.95 (-20) curs.|  
 []


Overfull \hbox (19.0372pt too wide) in paragraph at lines 53--53
[]|\OT1/cmr/bx/n/10.95 (-20) Answer:  
 []


Overfull \hbox (16.62885pt too wide) detected at line 53
\OML/cmm/m/it/10.95 v[] > \OT1/cmr/m/n/10.95 3\OML/cmm/m/it/10.95 gl
 []


Overfull \vbox (425.13707pt too high) has occurred while \output is active []


[13]
Package microtype Info: Loading generic protrusion settings for font family
(microtype)             `cmtt' (encoding: OT1).
(microtype)             For optimal results, create family-specific settings.
(microtype)             See the microtype manual for details.
 [14] (_build_check_v3/T6_S_EN_2.aux)
Package rerunfilecheck Info: File `T6_S_EN_2.out' has not changed.
(rerunfilecheck)             Checksum: D41D8CD98F00B204E9800998ECF8427E;0.
 ) 
Here is how much of TeX's memory you used:
 13677 strings out of 480247
 219998 string characters out of 5896151
 551599 words of memory out of 5000000
 31382 multiletter control sequences out of 15000+600000
 479104 words of font info for 86 fonts, out of 8000000 for 9000
 14 hyphenation exceptions out of 8191
 60i,15n,63p,1362b,372s stack positions out of 5000i,500n,10000p,200000b,80000s
</usr/share/texlive/texmf-dist/fonts/type1/public/amsfonts/cm/cmbx10.pfb></us
r/share/texlive/texmf-dist/fonts/type1/public/amsfonts/cm/cmbx12.pfb></usr/shar
e/texlive/texmf-dist/fonts/type1/public/amsfonts/cm/cmex10.pfb></usr/share/texl
ive/texmf-dist/fonts/type1/public/amsfonts/cm/cmmi10.pfb></usr/share/texlive/te
xmf-dist/fonts/type1/public/amsfonts/cm/cmmi6.pfb></usr/share/texlive/texmf-dis
t/fonts/type1/public/amsfonts/cm/cmmi8.pfb></usr/share/texlive/texmf-dist/fonts
/type1/public/amsfonts/cm/cmr10.pfb></usr/share/texlive/texmf-dist/fonts/type1/
public/amsfonts/cm/cmr6.pfb></usr/share/texlive/texmf-dist/fonts/type1/public/a
msfonts/cm/cmr8.pfb></usr/share/texlive/texmf-dist/fonts/type1/public/amsfonts/
cm/cmsy10.pfb></usr/share/texlive/texmf-dist/fonts/type1/public/amsfonts/cm/cms
y8.pfb></usr/share/texlive/texmf-dist/fonts/type1/public/amsfonts/cm/cmti10.pfb
></usr/share/texlive/texmf-dist/fonts/type1/public/amsfonts/cm/cmtt10.pfb>
Output written on _build_check_v3/T6_S_EN_2.pdf (14 pages, 181225 bytes).
PDF statistics:
 140 PDF objects out of 1000 (max. 8388607)
 95 compressed objects within 1 object stream
 16 named destinations out of 1000 (max. 500000)
 20998 words of extra memory for PDF output out of 24883 (max. 10000000)

