This is pdfTeX, Version 3.141592653-2.6-1.40.22 (TeX Live 2022/dev/Debian) (preloaded format=pdflatex 2026.3.30)  4 MAY 2026 00:57
entering extended mode
 restricted \write18 enabled.
 %&-line parsing enabled.
**T6_S_EN_2.tex
(./T6_S_EN_2.tex
LaTeX2e <2021-11-15> patch level 1
L3 programming layer <2022-01-21>
(/usr/share/texlive/texmf-dist/tex/latex/base/article.cls
Document Class: article 2021/10/04 v1.4n Standard LaTeX document class
(/usr/share/texlive/texmf-dist/tex/latex/base/size11.clo
File: size11.clo 2021/10/04 v1.4n Standard LaTeX file (size option)
)
\c@part=\count185
\c@section=\count186
\c@subsection=\count187
\c@subsubsection=\count188
\c@paragraph=\count189
\c@subparagraph=\count190
\c@figure=\count191
\c@table=\count192
\abovecaptionskip=\skip47
\belowcaptionskip=\skip48
\bibindent=\dimen138
)
(/usr/share/texlive/texmf-dist/tex/latex/geometry/geometry.sty
Package: geometry 2020/01/02 v5.9 Page Geometry

(/usr/share/texlive/texmf-dist/tex/latex/graphics/keyval.sty
Package: keyval 2014/10/28 v1.15 key=value parser (DPC)
\KV@toks@=\toks16
)
(/usr/share/texlive/texmf-dist/tex/generic/iftex/ifvtex.sty
Package: ifvtex 2019/10/25 v1.7 ifvtex legacy package. Use iftex instead.

(/usr/share/texlive/texmf-dist/tex/generic/iftex/iftex.sty
Package: iftex 2020/03/06 v1.0d TeX engine tests
))
\Gm@cnth=\count193
\Gm@cntv=\count194
\c@Gm@tempcnt=\count195
\Gm@bindingoffset=\dimen139
\Gm@wd@mp=\dimen140
\Gm@odd@mp=\dimen141
\Gm@even@mp=\dimen142
\Gm@layoutwidth=\dimen143
\Gm@layoutheight=\dimen144
\Gm@layouthoffset=\dimen145
\Gm@layoutvoffset=\dimen146
\Gm@dimlist=\toks17
)
(/usr/share/texlive/texmf-dist/tex/latex/amsmath/amsmath.sty
Package: amsmath 2021/10/15 v2.17l AMS math features
\@mathmargin=\skip49

For additional information on amsmath, use the `?' option.
(/usr/share/texlive/texmf-dist/tex/latex/amsmath/amstext.sty
Package: amstext 2021/08/26 v2.01 AMS text

(/usr/share/texlive/texmf-dist/tex/latex/amsmath/amsgen.sty
File: amsgen.sty 1999/11/30 v2.0 generic functions
\@emptytoks=\toks18
\ex@=\dimen147
))
(/usr/share/texlive/texmf-dist/tex/latex/amsmath/amsbsy.sty
Package: amsbsy 1999/11/29 v1.2d Bold Symbols
\pmbraise@=\dimen148
)
(/usr/share/texlive/texmf-dist/tex/latex/amsmath/amsopn.sty
Package: amsopn 2021/08/26 v2.02 operator names
)
\inf@bad=\count196
LaTeX Info: Redefining \frac on input line 234.
\uproot@=\count197
\leftroot@=\count198
LaTeX Info: Redefining \overline on input line 399.
\classnum@=\count199
\DOTSCASE@=\count266
LaTeX Info: Redefining \ldots on input line 496.
LaTeX Info: Redefining \dots on input line 499.
LaTeX Info: Redefining \cdots on input line 620.
\Mathstrutbox@=\box50
\strutbox@=\box51
\big@size=\dimen149
LaTeX Font Info:    Redeclaring font encoding OML on input line 743.
LaTeX Font Info:    Redeclaring font encoding OMS on input line 744.
\macc@depth=\count267
\c@MaxMatrixCols=\count268
\dotsspace@=\muskip16
\c@parentequation=\count269
\dspbrk@lvl=\count270
\tag@help=\toks19
\row@=\count271
\column@=\count272
\maxfields@=\count273
\andhelp@=\toks20
\eqnshift@=\dimen150
\alignsep@=\dimen151
\tagshift@=\dimen152
\tagwidth@=\dimen153
\totwidth@=\dimen154
\lineht@=\dimen155
\@envbody=\toks21
\multlinegap=\skip50
\multlinetaggap=\skip51
\mathdisplay@stack=\toks22
LaTeX Info: Redefining \[ on input line 2938.
LaTeX Info: Redefining \] on input line 2939.
)
(/usr/share/texlive/texmf-dist/tex/latex/amsfonts/amssymb.sty
Package: amssymb 2013/01/14 v3.01 AMS font symbols

(/usr/share/texlive/texmf-dist/tex/latex/amsfonts/amsfonts.sty
Package: amsfonts 2013/01/14 v3.01 Basic AMSFonts support
\symAMSa=\mathgroup4
\symAMSb=\mathgroup5
LaTeX Font Info:    Redeclaring math symbol \hbar on input line 98.
LaTeX Font Info:    Overwriting math alphabet `\mathfrak' in version `bold'
(Font)                  U/euf/m/n --> U/euf/b/n on input line 106.
))
(/usr/share/texlive/texmf-dist/tex/latex/graphics/graphicx.sty
Package: graphicx 2021/09/16 v1.2d Enhanced LaTeX Graphics (DPC,SPQR)

(/usr/share/texlive/texmf-dist/tex/latex/graphics/graphics.sty
Package: graphics 2021/03/04 v1.4d Standard LaTeX Graphics (DPC,SPQR)

(/usr/share/texlive/texmf-dist/tex/latex/graphics/trig.sty
Package: trig 2021/08/11 v1.11 sin cos tan (DPC)
)
(/usr/share/texlive/texmf-dist/tex/latex/graphics-cfg/graphics.cfg
File: graphics.cfg 2016/06/04 v1.11 sample graphics configuration
)
Package graphics Info: Driver file: pdftex.def on input line 107.

(/usr/share/texlive/texmf-dist/tex/latex/graphics-def/pdftex.def
File: pdftex.def 2020/10/05 v1.2a Graphics/color driver for pdftex
))
\Gin@req@height=\dimen156
\Gin@req@width=\dimen157
)
(/usr/share/texlive/texmf-dist/tex/latex/float/float.sty
Package: float 2001/11/08 v1.3d Float enhancements (AL)
\c@float@type=\count274
\float@exts=\toks23
\float@box=\box52
\@float@everytoks=\toks24
\@floatcapt=\box53
)
(/usr/share/texlive/texmf-dist/tex/latex/enumitem/enumitem.sty
Package: enumitem 2019/06/20 v3.9 Customized lists
\labelindent=\skip52
\enit@outerparindent=\dimen158
\enit@toks=\toks25
\enit@inbox=\box54
\enit@count@id=\count275
\enitdp@description=\count276
)
(/usr/share/texlive/texmf-dist/tex/latex/microtype/microtype.sty
Package: microtype 2021/12/10 v3.0b Micro-typographical refinements (RS)

(/usr/share/texlive/texmf-dist/tex/latex/etoolbox/etoolbox.sty
Package: etoolbox 2020/10/05 v2.5k e-TeX tools for LaTeX (JAW)
\etb@tempcnta=\count277
)
\MT@toks=\toks26
\MT@count=\count278
\MT@tempbox=\box55
LaTeX Info: Redefining \leftprotrusion on input line 1010.
LaTeX Info: Redefining \rightprotrusion on input line 1018.
LaTeX Info: Redefining \textls on input line 1173.
\MT@outer@kern=\dimen159
LaTeX Info: Redefining \textmicrotypecontext on input line 1759.
\MT@listname@count=\count279

(/usr/share/texlive/texmf-dist/tex/latex/microtype/microtype-pdftex.def
File: microtype-pdftex.def 2021/12/10 v3.0b Definitions specific to pdftex (RS)

LaTeX Info: Redefining \lsstyle on input line 897.
LaTeX Info: Redefining \lslig on input line 897.
\MT@outer@space=\skip53
)
Package microtype Info: Loading configuration file microtype.cfg.

(/usr/share/texlive/texmf-dist/tex/latex/microtype/microtype.cfg
File: microtype.cfg 2021/12/10 v3.0b microtype main configuration file (RS)
))
(/usr/share/texlive/texmf-dist/tex/latex/caption/caption.sty
Package: caption 2020/10/26 v3.5g Customizing captions (AR)

(/usr/share/texlive/texmf-dist/tex/latex/caption/caption3.sty
Package: caption3 2020/10/21 v2.2e caption3 kernel (AR)
\captionmargin=\dimen160
\captionmargin@=\dimen161
\captionwidth=\dimen162
\caption@tempdima=\dimen163
\caption@indent=\dimen164
\caption@parindent=\dimen165
\caption@hangindent=\dimen166
Package caption Info: Standard document class detected.
)
\c@caption@flags=\count280
\c@continuedfloat=\count281
Package caption Info: float package is loaded.
)
(/usr/share/texlive/texmf-dist/tex/latex/tools/tabularx.sty
Package: tabularx 2020/01/15 v2.11c `tabularx' package (DPC)

(/usr/share/texlive/texmf-dist/tex/latex/tools/array.sty
Package: array 2021/10/04 v2.5f Tabular extension package (FMi)
\col@sep=\dimen167
\ar@mcellbox=\box56
\extrarowheight=\dimen168
\NC@list=\toks27
\extratabsurround=\skip54
\backup@length=\skip55
\ar@cellbox=\box57
)
\TX@col@width=\dimen169
\TX@old@table=\dimen170
\TX@old@col=\dimen171
\TX@target=\dimen172
\TX@delta=\dimen173
\TX@cols=\count282
\TX@ftn=\toks28
)
(/usr/share/texlive/texmf-dist/tex/latex/hyperref/hyperref.sty
Package: hyperref 2021-06-07 v7.00m Hypertext links for LaTeX

(/usr/share/texlive/texmf-dist/tex/generic/ltxcmds/ltxcmds.sty
Package: ltxcmds 2020-05-10 v1.25 LaTeX kernel commands for general use (HO)
)
(/usr/share/texlive/texmf-dist/tex/generic/pdftexcmds/pdftexcmds.sty
Package: pdftexcmds 2020-06-27 v0.33 Utility functions of pdfTeX for LuaTeX (HO
)

(/usr/share/texlive/texmf-dist/tex/generic/infwarerr/infwarerr.sty
Package: infwarerr 2019/12/03 v1.5 Providing info/warning/error messages (HO)
)
Package pdftexcmds Info: \pdf@primitive is available.
Package pdftexcmds Info: \pdf@ifprimitive is available.
Package pdftexcmds Info: \pdfdraftmode found.
)
(/usr/share/texlive/texmf-dist/tex/generic/kvsetkeys/kvsetkeys.sty
Package: kvsetkeys 2019/12/15 v1.18 Key value parser (HO)
)
(/usr/share/texlive/texmf-dist/tex/generic/kvdefinekeys/kvdefinekeys.sty
Package: kvdefinekeys 2019-12-19 v1.6 Define keys (HO)
)
(/usr/share/texlive/texmf-dist/tex/generic/pdfescape/pdfescape.sty
Package: pdfescape 2019/12/09 v1.15 Implements pdfTeX's escape features (HO)
)
(/usr/share/texlive/texmf-dist/tex/latex/hycolor/hycolor.sty
Package: hycolor 2020-01-27 v1.10 Color options for hyperref/bookmark (HO)
)
(/usr/share/texlive/texmf-dist/tex/latex/letltxmacro/letltxmacro.sty
Package: letltxmacro 2019/12/03 v1.6 Let assignment for LaTeX macros (HO)
)
(/usr/share/texlive/texmf-dist/tex/latex/auxhook/auxhook.sty
Package: auxhook 2019-12-17 v1.6 Hooks for auxiliary files (HO)
)
(/usr/share/texlive/texmf-dist/tex/latex/kvoptions/kvoptions.sty
Package: kvoptions 2020-10-07 v3.14 Key value format for package options (HO)
)
\@linkdim=\dimen174
\Hy@linkcounter=\count283
\Hy@pagecounter=\count284

(/usr/share/texlive/texmf-dist/tex/latex/hyperref/pd1enc.def
File: pd1enc.def 2021-06-07 v7.00m Hyperref: PDFDocEncoding definition (HO)
Now handling font encoding PD1 ...
... no UTF-8 mapping file for font encoding PD1
)
(/usr/share/texlive/texmf-dist/tex/latex/hyperref/hyperref-langpatches.def
File: hyperref-langpatches.def 2021-06-07 v7.00m Hyperref: patches for babel la
nguages
)
(/usr/share/texlive/texmf-dist/tex/generic/intcalc/intcalc.sty
Package: intcalc 2019/12/15 v1.3 Expandable calculations with integers (HO)
)
(/usr/share/texlive/texmf-dist/tex/generic/etexcmds/etexcmds.sty
Package: etexcmds 2019/12/15 v1.7 Avoid name clashes with e-TeX commands (HO)
)
\Hy@SavedSpaceFactor=\count285

(/usr/share/texlive/texmf-dist/tex/latex/hyperref/puenc.def
File: puenc.def 2021-06-07 v7.00m Hyperref: PDF Unicode definition (HO)
Now handling font encoding PU ...
... no UTF-8 mapping file for font encoding PU
)
Package hyperref Info: Hyper figures OFF on input line 4192.
Package hyperref Info: Link nesting OFF on input line 4197.
Package hyperref Info: Hyper index ON on input line 4200.
Package hyperref Info: Plain pages OFF on input line 4207.
Package hyperref Info: Backreferencing OFF on input line 4212.
Package hyperref Info: Implicit mode ON; LaTeX internals redefined.
Package hyperref Info: Bookmarks ON on input line 4445.
\c@Hy@tempcnt=\count286

(/usr/share/texlive/texmf-dist/tex/latex/url/url.sty
\Urlmuskip=\muskip17
Package: url 2013/09/16  ver 3.4  Verb mode for urls, etc.
)
LaTeX Info: Redefining \url on input line 4804.
\XeTeXLinkMargin=\dimen175

(/usr/share/texlive/texmf-dist/tex/generic/bitset/bitset.sty
Package: bitset 2019/12/09 v1.3 Handle bit-vector datatype (HO)

(/usr/share/texlive/texmf-dist/tex/generic/bigintcalc/bigintcalc.sty
Package: bigintcalc 2019/12/15 v1.5 Expandable calculations on big integers (HO
)
))
\Fld@menulength=\count287
\Field@Width=\dimen176
\Fld@charsize=\dimen177
Package hyperref Info: Hyper figures OFF on input line 6076.
Package hyperref Info: Link nesting OFF on input line 6081.
Package hyperref Info: Hyper index ON on input line 6084.
Package hyperref Info: backreferencing OFF on input line 6091.
Package hyperref Info: Link coloring OFF on input line 6096.
Package hyperref Info: Link coloring with OCG OFF on input line 6101.
Package hyperref Info: PDF/A mode OFF on input line 6106.
LaTeX Info: Redefining \ref on input line 6146.
LaTeX Info: Redefining \pageref on input line 6150.

(/usr/share/texlive/texmf-dist/tex/latex/base/atbegshi-ltx.sty
Package: atbegshi-ltx 2021/01/10 v1.0c Emulation of the original atbegshi
package with kernel methods
)
\Hy@abspage=\count288
\c@Item=\count289
\c@Hfootnote=\count290
)
Package hyperref Info: Driver (autodetected): hpdftex.

(/usr/share/texlive/texmf-dist/tex/latex/hyperref/hpdftex.def
File: hpdftex.def 2021-06-07 v7.00m Hyperref driver for pdfTeX

(/usr/share/texlive/texmf-dist/tex/latex/base/atveryend-ltx.sty
Package: atveryend-ltx 2020/08/19 v1.0a Emulation of the original atveryend pac
kage
with kernel methods
)
\Fld@listcount=\count291
\c@bookmark@seq@number=\count292

(/usr/share/texlive/texmf-dist/tex/latex/rerunfilecheck/rerunfilecheck.sty
Package: rerunfilecheck 2019/12/05 v1.9 Rerun checks for auxiliary files (HO)

(/usr/share/texlive/texmf-dist/tex/generic/uniquecounter/uniquecounter.sty
Package: uniquecounter 2019/12/15 v1.4 Provide unlimited unique counter (HO)
)
Package uniquecounter Info: New unique counter `rerunfilecheck' on input line 2
86.
)
\Hy@SectionHShift=\skip56
)
(/usr/share/texlive/texmf-dist/tex/latex/l3backend/l3backend-pdftex.def
File: l3backend-pdftex.def 2022-01-12 L3 backend support: PDF output (pdfTeX)
\l__color_backend_stack_int=\count293
\l__pdf_internal_box=\box58
)
(./T6_S_EN_2.aux)
\openout1 = `T6_S_EN_2.aux'.

LaTeX Font Info:    Checking defaults for OML/cmm/m/it on input line 37.
LaTeX Font Info:    ... okay on input line 37.
LaTeX Font Info:    Checking defaults for OMS/cmsy/m/n on input line 37.
LaTeX Font Info:    ... okay on input line 37.
LaTeX Font Info:    Checking defaults for OT1/cmr/m/n on input line 37.
LaTeX Font Info:    ... okay on input line 37.
LaTeX Font Info:    Checking defaults for T1/cmr/m/n on input line 37.
LaTeX Font Info:    ... okay on input line 37.
LaTeX Font Info:    Checking defaults for TS1/cmr/m/n on input line 37.
LaTeX Font Info:    ... okay on input line 37.
LaTeX Font Info:    Checking defaults for OMX/cmex/m/n on input line 37.
LaTeX Font Info:    ... okay on input line 37.
LaTeX Font Info:    Checking defaults for U/cmr/m/n on input line 37.
LaTeX Font Info:    ... okay on input line 37.
LaTeX Font Info:    Checking defaults for PD1/pdf/m/n on input line 37.
LaTeX Font Info:    ... okay on input line 37.
LaTeX Font Info:    Checking defaults for PU/pdf/m/n on input line 37.
LaTeX Font Info:    ... okay on input line 37.

*geometry* driver: auto-detecting
*geometry* detected driver: pdftex
*geometry* verbose mode - [ preamble ] result:
* driver: pdftex
* paper: a4paper
* layout: <same size as paper>
* layoutoffset:(h,v)=(0.0pt,0.0pt)
* modes: 
* h-part:(L,W,R)=(72.26999pt, 452.9679pt, 72.26999pt)
* v-part:(T,H,B)=(72.26999pt, 700.50687pt, 72.26999pt)
* \paperwidth=597.50787pt
* \paperheight=845.04684pt
* \textwidth=452.9679pt
* \textheight=700.50687pt
* \oddsidemargin=0.0pt
* \evensidemargin=0.0pt
* \topmargin=-37.0pt
* \headheight=12.0pt
* \headsep=25.0pt
* \topskip=11.0pt
* \footskip=30.0pt
* \marginparwidth=50.0pt
* \marginparsep=10.0pt
* \columnsep=10.0pt
* \skip\footins=10.0pt plus 4.0pt minus 2.0pt
* \hoffset=0.0pt
* \voffset=0.0pt
* \mag=1000
* \@twocolumnfalse
* \@twosidefalse
* \@mparswitchfalse
* \@reversemarginfalse
* (1in=72.27pt=25.4mm, 1cm=28.453pt)

(/usr/share/texlive/texmf-dist/tex/context/base/mkii/supp-pdf.mkii
[Loading MPS to PDF converter (version 2006.09.02).]
\scratchcounter=\count294
\scratchdimen=\dimen178
\scratchbox=\box59
\nofMPsegments=\count295
\nofMParguments=\count296
\everyMPshowfont=\toks29
\MPscratchCnt=\count297
\MPscratchDim=\dimen179
\MPnumerator=\count298
\makeMPintoPDFobject=\count299
\everyMPtoPDFconversion=\toks30
) (/usr/share/texlive/texmf-dist/tex/latex/epstopdf-pkg/epstopdf-base.sty
Package: epstopdf-base 2020-01-24 v2.11 Base part for package epstopdf
Package epstopdf-base Info: Redefining graphics rule for `.eps' on input line 4
85.

(/usr/share/texlive/texmf-dist/tex/latex/latexconfig/epstopdf-sys.cfg
File: epstopdf-sys.cfg 2010/07/13 v1.3 Configuration of (r)epstopdf for TeX Liv
e
))
LaTeX Info: Redefining \microtypecontext on input line 37.
Package microtype Info: Applying patch `item' on input line 37.
Package microtype Info: Applying patch `toc' on input line 37.
Package microtype Info: Applying patch `eqnum' on input line 37.
Package microtype Info: Applying patch `footnote' on input line 37.
Package microtype Info: Generating PDF output.
Package microtype Info: Character protrusion enabled (level 2).
Package microtype Info: Using default protrusion set `alltext'.
Package microtype Info: Automatic font expansion enabled (level 2),
(microtype)             stretch: 20, shrink: 20, step: 1, non-selected.
Package microtype Info: Using default expansion set `alltext-nott'.
LaTeX Info: Redefining \showhyphens on input line 37.
Package microtype Info: No adjustment of tracking.
Package microtype Info: No adjustment of interword spacing.
Package microtype Info: No adjustment of character kerning.

(/usr/share/texlive/texmf-dist/tex/latex/microtype/mt-cmr.cfg
File: mt-cmr.cfg 2013/05/19 v2.2 microtype config. file: Computer Modern Roman 
(RS)
)
Package caption Info: Begin \AtBeginDocument code.
Package caption Info: hyperref package is loaded.
Package caption Info: End \AtBeginDocument code.
Package hyperref Info: Link coloring OFF on input line 37.

(/usr/share/texlive/texmf-dist/tex/latex/hyperref/nameref.sty
Package: nameref 2021-04-02 v2.47 Cross-referencing by name of section

(/usr/share/texlive/texmf-dist/tex/latex/refcount/refcount.sty
Package: refcount 2019/12/15 v3.6 Data extraction from label references (HO)
)
(/usr/share/texlive/texmf-dist/tex/generic/gettitlestring/gettitlestring.sty
Package: gettitlestring 2019/12/15 v1.6 Cleanup title references (HO)
)
\c@section@level=\count300
)
LaTeX Info: Redefining \ref on input line 37.
LaTeX Info: Redefining \pageref on input line 37.
LaTeX Info: Redefining \nameref on input line 37.

(./T6_S_EN_2.out) (./T6_S_EN_2.out)
\@outlinefile=\write3
\openout3 = `T6_S_EN_2.out'.

LaTeX Font Info:    Trying to load font information for U+msa on input line 39.


(/usr/share/texlive/texmf-dist/tex/latex/amsfonts/umsa.fd
File: umsa.fd 2013/01/14 v3.01 AMS symbols A
)
(/usr/share/texlive/texmf-dist/tex/latex/microtype/mt-msa.cfg
File: mt-msa.cfg 2006/02/04 v1.1 microtype config. file: AMS symbols (a) (RS)
)
LaTeX Font Info:    Trying to load font information for U+msb on input line 39.


(/usr/share/texlive/texmf-dist/tex/latex/amsfonts/umsb.fd
File: umsb.fd 2013/01/14 v3.01 AMS symbols B
)
(/usr/share/texlive/texmf-dist/tex/latex/microtype/mt-msb.cfg
File: mt-msb.cfg 2005/06/01 v1.0 microtype config. file: AMS symbols (b) (RS)
)
Overfull \hbox (7.5135pt too wide) in paragraph at lines 39--39
\OT1/cmr/bx/n/10.95 (-20) dence 
 []


Overfull \hbox (1.46843pt too wide) in paragraph at lines 39--39
\OT1/cmr/bx/n/10.95 (-20) mag- 
 []


Overfull \hbox (3.22858pt too wide) in paragraph at lines 39--39
\OT1/cmr/bx/n/10.95 (-20) netic 
 []


Overfull \hbox (9.74863pt too wide) in paragraph at lines 39--39
\OT1/cmr/bx/n/10.95 (-20) dipole 
 []


Overfull \hbox (10.83862pt too wide) in paragraph at lines 39--39
[]\OT1/cmr/m/n/10.95 (-20) ([]) = 
 []


Overfull \hbox (32.79758pt too wide) in paragraph at lines 39--39
[]\OT1/cmr/m/n/10.95 (-20) ([] \OMS/cmsy/m/n/10.95 ^^@ 
 []


Overfull \hbox (9.33904pt too wide) in paragraph at lines 39--39
[]\OT1/cmr/m/n/10.95 (-20) )\OML/cmm/m/it/10.95 ; [] \OMS/cmsy/m/n/10.95 ^^A 
 []


Overfull \hbox (63.44421pt too wide) in paragraph at lines 39--39
\OML/cmm/m/it/10.95 mr [] ^^R \OMS/cmsy/m/n/10.95 )$$[]\OT1/cmr/m/n/10.95 (-20)
 ([]) = 
 []


Overfull \hbox (44.11658pt too wide) in paragraph at lines 39--39
[]\OT1/cmr/m/n/10.95 (-20) (3 [] \OML/cmm/m/it/10.95 ^^R[] \OMS/cmsy/m/n/10.95 
^^@ 
 []


Overfull \hbox (1.46843pt too wide) in paragraph at lines 39--39
\OT1/cmr/bx/n/10.95 (-20) mag- 
 []


Overfull \hbox (1.17181pt too wide) in paragraph at lines 39--39
\OT1/cmr/bx/n/10.95 (-20) tude 
 []


Overfull \hbox (7.51349pt too wide) in paragraph at lines 39--39
\OT1/cmr/bx/n/10.95 (-20) found 
 []


Overfull \hbox (3.82184pt too wide) in paragraph at lines 39--39
\OT1/cmr/bx/n/10.95 (-20) ways, 
 []


Overfull \hbox (3.90996pt too wide) in paragraph at lines 39--39
\OT1/cmr/bx/n/10.95 (-20) nient 
 []


Overfull \hbox (1.8574pt too wide) in paragraph at lines 39--39
\OT1/cmr/bx/n/10.95 (-20) duce 
 []


Overfull \hbox (7.68488pt too wide) in paragraph at lines 39--39
\OT1/cmr/bx/n/10.95 (-20) tional 
 []


Overfull \hbox (11.10194pt too wide) in paragraph at lines 39--39
\OMS/cmsy/m/n/10.95 ^^@ [] \OML/cmm/m/it/10.95 ^^R \OMS/cmsy/m/n/10.95 ^^A 
 []


Overfull \hbox (1.97694pt too wide) in paragraph at lines 39--39
[] \OML/cmm/m/it/10.95 ^^R \OMS/cmsy/m/n/10.95 ^^A 
 []


Overfull \hbox (4.76207pt too wide) in paragraph at lines 39--39
[]\OML/cmm/m/it/10.95 ; [] \OT1/cmr/m/n/10.95 (-20) = 
 []


Overfull \hbox (1.97694pt too wide) in paragraph at lines 39--39
[] \OML/cmm/m/it/10.95 ^^R \OMS/cmsy/m/n/10.95 ^^A 
 []


Overfull \hbox (0.76028pt too wide) in paragraph at lines 39--39
[] \OML/cmm/m/it/10.95 ^^R \OMS/cmsy/m/n/10.95 ^^A 
 []


Overfull \hbox (1.09349pt too wide) in paragraph at lines 39--39
\OT1/cmr/bx/n/10.95 (-20) wise: 
 []


Overfull \hbox (1.97694pt too wide) in paragraph at lines 39--39
[] \OML/cmm/m/it/10.95 ^^R \OMS/cmsy/m/n/10.95 ^^A 
 []


Overfull \hbox (0.76028pt too wide) in paragraph at lines 39--39
[] \OML/cmm/m/it/10.95 ^^R \OMS/cmsy/m/n/10.95 ^^A 
 []


Overfull \hbox (4.9623pt too wide) in paragraph at lines 39--39
[]\OML/cmm/m/it/10.95 ; [] \OT1/cmr/m/n/10.95 (-20) = 
 []


Overfull \hbox (0.76028pt too wide) in paragraph at lines 39--39
[] \OML/cmm/m/it/10.95 ^^R \OMS/cmsy/m/n/10.95 ^^A 
 []


Overfull \hbox (1.97694pt too wide) in paragraph at lines 39--39
[] \OML/cmm/m/it/10.95 ^^R \OMS/cmsy/m/n/10.95 ^^A 
 []


Overfull \hbox (22.6851pt too wide) in paragraph at lines 39--39
[]|$\OT1/cmr/m/n/10.95 (-20) 3 [] \OML/cmm/m/it/10.95 ^^R [][] \OMS/cmsy/m/n/10
.95 ^^@ 
 []


Overfull \hbox (22.41135pt too wide) in paragraph at lines 39--39
\OT1/cmr/m/n/10.95 (-20) 3 [] \OML/cmm/m/it/10.95 ^^R [][] \OMS/cmsy/m/n/10.95 
^^@ 
 []


Overfull \hbox (4.86897pt too wide) in paragraph at lines 39--39
\OT1/cmr/m/n/10.95 (-20) ([] \OML/cmm/m/it/10.95 ^^R \OMS/cmsy/m/n/10.95 ^^A 
 []


Overfull \hbox (0.76028pt too wide) in paragraph at lines 39--39
[] \OML/cmm/m/it/10.95 ^^R \OMS/cmsy/m/n/10.95 ^^A 
 []


Overfull \hbox (34.44803pt too wide) in paragraph at lines 39--39
[]\OT1/cmr/m/n/10.95 (-20) ) \OMS/cmsy/m/n/10.95 )$$[]\OT1/cmr/m/n/10.95 (-20) 
([]) = 
 []


Overfull \hbox (50.16832pt too wide) in paragraph at lines 39--39
[]\OT1/cmr/m/n/10.95 (-20) ((2 [] \OML/cmm/m/it/10.95 ^^R\OT1/cmr/m/n/10.95 (-2
0) )[] + 
 []


Overfull \hbox (28.39323pt too wide) in paragraph at lines 39--39
\OT1/cmr/m/n/10.95 (-20) ([] \OML/cmm/m/it/10.95 ^^R\OT1/cmr/m/n/10.95 (-20) )[
]) \OMS/cmsy/m/n/10.95 ) 
 []


Overfull \hbox (102.13072pt too wide) in paragraph at lines 39--39
[][]$|  
 []

[1

{/var/lib/texmf/fonts/map/pdftex/updmap/pdftex.map}]
Overfull \vbox (526.29407pt too high) has occurred while \output is active []


[2]
Overfull \hbox (0.90938pt too wide) in paragraph at lines 40--40
\OT1/cmr/bx/n/10.95 (-20) swer 
 []


Overfull \hbox (6.79149pt too wide) in paragraph at lines 40--40
\OT1/cmr/bx/n/10.95 (-20) point, 
 []


Overfull \hbox (1.46843pt too wide) in paragraph at lines 40--40
\OT1/cmr/bx/n/10.95 (-20) mag- 
 []


Overfull \hbox (14.07483pt too wide) in paragraph at lines 40--40
\OT1/cmr/bx/n/10.95 (-20) finitely 
 []


Overfull \hbox (3.40894pt too wide) in paragraph at lines 40--40
\OT1/cmr/bx/n/10.95 (-20) rings 
 []


Overfull \hbox (8.13948pt too wide) in paragraph at lines 40--40
\OT1/cmr/bx/n/10.95 (-20) grate:|  
 []


Overfull \hbox (1.4774pt too wide) in paragraph at lines 40--40
\OT1/cmr/bx/n/10.95 (-20) pres- 
 []


Overfull \hbox (11.35571pt too wide) in paragraph at lines 40--40
[]\OT1/cmr/m/n/10.95 (-20) (\OML/cmm/m/it/10.95 y\OT1/cmr/m/n/10.95 (-20) ) = 
 []


Overfull \hbox (14.38138pt too wide) in paragraph at lines 40--40
[][] \OT1/cmr/m/n/10.95 (-20) 2\OML/cmm/m/it/10.95 ^^Yx \OMS/cmsy/m/n/10.95 ^^A
 
 []


Overfull \hbox (19.84204pt too wide) in paragraph at lines 40--40
[] \OMS/cmsy/m/n/10.95 ^^A 
 []


Overfull \hbox (12.05945pt too wide) in paragraph at lines 40--40
\OT1/cmr/m/n/10.95 (-20) (2 [] \OML/cmm/m/it/10.95 ^^R \OMS/cmsy/m/n/10.95 ^^A 

 []


Overfull \hbox (1.97694pt too wide) in paragraph at lines 40--40
[] \OML/cmm/m/it/10.95 ^^R \OMS/cmsy/m/n/10.95 ^^A 
 []


Overfull \hbox (0.76028pt too wide) in paragraph at lines 40--40
[] \OML/cmm/m/it/10.95 ^^R \OMS/cmsy/m/n/10.95 ^^A 
 []


Overfull \hbox (0.76028pt too wide) in paragraph at lines 40--40
[] \OML/cmm/m/it/10.95 ^^R \OMS/cmsy/m/n/10.95 ^^A 
 []


Overfull \hbox (1.24026pt too wide) in paragraph at lines 40--40
\OT1/cmr/m/n/10.95 (-20) (\OMS/cmsy/m/n/10.95 ^^@[]\OT1/cmr/m/n/10.95 (-20) ))$
 
 []


Overfull \hbox (12.61902pt too wide) in paragraph at lines 40--40
\OT1/cmr/bx/n/10.95 (-20) nience, 
 []


Overfull \hbox (0.65764pt too wide) in paragraph at lines 40--40
\OT1/cmr/bx/n/10.95 (-20) ceed 
 []


Overfull \hbox (39.61806pt too wide) in paragraph at lines 40--40
[] \OML/cmm/m/it/10.95 ^^R[]; x \OT1/cmr/m/n/10.95 (-20) = 
 []


Overfull \hbox (28.30328pt too wide) in paragraph at lines 40--40
[] \OML/cmm/m/it/10.95 ^^R; dx \OT1/cmr/m/n/10.95 (-20) = 
 []


Overfull \hbox (36.22377pt too wide) in paragraph at lines 40--40
[]\OML/cmm/m/it/10.95 ; [] \OT1/cmr/m/n/10.95 (-20) = 
 []


Overfull \hbox (22.85797pt too wide) in paragraph at lines 40--40
[]$ 
 []


Overfull \hbox (4.51671pt too wide) in paragraph at lines 40--40
\OT1/cmr/bx/n/10.95 (-20) Then 
 []


Overfull \hbox (14.69754pt too wide) in paragraph at lines 40--40
[][] \OML/cmm/m/it/10.95 y \OMS/cmsy/m/n/10.95 ^^A 
 []


Overfull \hbox (3.1328pt too wide) in paragraph at lines 40--40
[] \OML/cmm/m/it/10.95 ^^R \OMS/cmsy/m/n/10.95 ^^A 
 []


Overfull \hbox (3.612pt too wide) in paragraph at lines 40--40
[] \OMS/cmsy/m/n/10.95 ^^A 
 []


Overfull \hbox (3.612pt too wide) in paragraph at lines 40--40
[] \OMS/cmsy/m/n/10.95 ^^A 
 []


Overfull \hbox (22.28453pt too wide) in paragraph at lines 40--40
\OT1/cmr/m/n/10.95 (-20) (2 [][] \OML/cmm/m/it/10.95 ^^R \OMS/cmsy/m/n/10.95 ^^
@ 
 []


Overfull \hbox (14.98822pt too wide) in paragraph at lines 40--40
[][] \OML/cmm/m/it/10.95 ^^R\OT1/cmr/m/n/10.95 (-20) )$$= 
 []


Overfull \hbox (3.72078pt too wide) in paragraph at lines 40--40
[] \OMS/cmsy/m/n/10.95 ^^A 
 []


Overfull \hbox (20.08pt too wide) in paragraph at lines 40--40
[][] \OML/cmm/m/it/10.95 d^^R \OMS/cmsy/m/n/10.95 ^^A 
 []


Overfull \hbox (44.82323pt too wide) in paragraph at lines 40--40
\OT1/cmr/m/n/10.95 (-20) (2 [][] \OML/cmm/m/it/10.95 ^^R [] ^^R \OMS/cmsy/m/n/1
0.95 ^^@ 
 []


Overfull \hbox (14.98822pt too wide) in paragraph at lines 40--40
[][] \OML/cmm/m/it/10.95 ^^R\OT1/cmr/m/n/10.95 (-20) )$$= 
 []


Overfull \hbox (3.72078pt too wide) in paragraph at lines 40--40
[] \OMS/cmsy/m/n/10.95 ^^A 
 []


Overfull \hbox (20.08pt too wide) in paragraph at lines 40--40
[][] \OML/cmm/m/it/10.95 d^^R \OMS/cmsy/m/n/10.95 ^^A 
 []


Overfull \hbox (44.82323pt too wide) in paragraph at lines 40--40
\OT1/cmr/m/n/10.95 (-20) (3 [][] \OML/cmm/m/it/10.95 ^^R [] ^^R \OMS/cmsy/m/n/1
0.95 ^^@ 
 []


Overfull \hbox (10.23816pt too wide) in paragraph at lines 40--40
[] \OML/cmm/m/it/10.95 ^^R\OT1/cmr/m/n/10.95 (-20) )$$= 
 []


Overfull \hbox (3.72078pt too wide) in paragraph at lines 40--40
[] \OMS/cmsy/m/n/10.95 ^^A 
 []


Overfull \hbox (23.22989pt too wide) in paragraph at lines 40--40
\OT1/cmr/m/n/10.95 (-20) [\OMS/cmsy/m/n/10.95 ^^@ [][] \OML/cmm/m/it/10.95 ^^R 
\OT1/cmr/m/n/10.95 (-20) + 
 []


Overfull \hbox (36.11032pt too wide) in paragraph at lines 40--40
[] \OML/cmm/m/it/10.95 ^^R\OT1/cmr/m/n/10.95 (-20) ]\OMS/cmsy/m/n/10.95 j[] \OT
1/cmr/m/n/10.95 (-20) = 
 []


Overfull \hbox (3.72078pt too wide) in paragraph at lines 40--40
[] \OMS/cmsy/m/n/10.95 ^^A 
 []


Overfull \hbox (27.4469pt too wide) in paragraph at lines 40--40
\OT1/cmr/m/n/10.95 (-20) [[] \OML/cmm/m/it/10.95 ^^R[] \OMS/cmsy/m/n/10.95 ^^@ 

 []


Overfull \hbox (74.01273pt too wide) in paragraph at lines 40--40
[][] \OML/cmm/m/it/10.95 ^^R[]\OT1/cmr/m/n/10.95 (-20) ]$$[] \OML/cmm/m/it/10.9
5 ^^R[] \OT1/cmr/m/n/10.95 (-20) = 
 []


Overfull \hbox (14.41426pt too wide) in paragraph at lines 40--40
[]$ 
 []


Overfull \hbox (11.35571pt too wide) in paragraph at lines 40--40
\OML/cmm/m/it/10.95 B\OT1/cmr/m/n/10.95 (-20) (\OML/cmm/m/it/10.95 y\OT1/cmr/m/
n/10.95 (-20) ) = 
 []


Overfull \hbox (18.46706pt too wide) in paragraph at lines 40--40
[]$|  
 []


Overfull \vbox (858.11745pt too high) has occurred while \output is active []


[3]
Overfull \hbox (5.28534pt too wide) in paragraph at lines 41--41
[]|\OT1/cmr/bx/n/10.95 (-20) Since 
 []


Overfull \hbox (1.46843pt too wide) in paragraph at lines 41--41
\OT1/cmr/bx/n/10.95 (-20) mag- 
 []


Overfull \hbox (5.74634pt too wide) in paragraph at lines 41--41
\OT1/cmr/bx/n/10.95 (-20) thick- 
 []


Overfull \hbox (15.05495pt too wide) in paragraph at lines 41--41
\OT1/cmr/bx/n/10.95 (-20) glected 
 []


Overfull \hbox (4.83203pt too wide) in paragraph at lines 41--41
\OT1/cmr/bx/n/10.95 (-20) when 
 []


Overfull \hbox (7.51349pt too wide) in paragraph at lines 41--41
\OT1/cmr/bx/n/10.95 (-20) found 
 []


Overfull \hbox (20.17653pt too wide) in paragraph at lines 41--41
\OML/cmm/m/it/10.95 t; B\OT1/cmr/m/n/10.95 (-20) (\OML/cmm/m/it/10.95 y\OT1/cmr
/m/n/10.95 (-20) ) = 
 []


Overfull \hbox (40.48311pt too wide) in paragraph at lines 41--41
[]\OML/cmm/m/it/10.95 ; y \OT1/cmr/m/n/10.95 (-20) = 
 []


Overfull \hbox (1.44858pt too wide) in paragraph at lines 41--41
\OML/cmm/m/it/10.95 B[] \OT1/cmr/m/n/10.95 (-20) = 
 []


Overfull \hbox (26.59766pt too wide) in paragraph at lines 41--41
[]$$[] \OT1/cmr/m/n/10.95 (-20) = 
 []


Overfull \hbox (4.90302pt too wide) in paragraph at lines 41--41
\OT1/cmr/m/n/10.95 (-20) 0\OML/cmm/m/it/10.95 :\OT1/cmr/m/n/10.95 (-20) 13[]$| 
 
 []


Overfull \hbox (2.6086pt too wide) in paragraph at lines 42--42
\OT1/cmr/bx/n/10.95 (-20) cord- 
 []


Overfull \hbox (1.46843pt too wide) in paragraph at lines 42--42
\OT1/cmr/bx/n/10.95 (-20) mag- 
 []


Overfull \hbox (3.22858pt too wide) in paragraph at lines 42--42
\OT1/cmr/bx/n/10.95 (-20) netic 
 []


Overfull \hbox (8.4758pt too wide) in paragraph at lines 42--42
\OT1/cmr/bx/n/10.95 (-20) When 
 []


Overfull \hbox (1.46843pt too wide) in paragraph at lines 42--42
\OT1/cmr/bx/n/10.95 (-20) mag- 
 []


Overfull \hbox (5.39714pt too wide) in paragraph at lines 42--42
\OT1/cmr/bx/n/10.95 (-20) rated 
 []


Overfull \hbox (2.31201pt too wide) in paragraph at lines 42--42
\OT1/cmr/bx/n/10.95 (-20) from 
 []


Overfull \hbox (1.36894pt too wide) in paragraph at lines 42--42
\OT1/cmr/bx/n/10.95 (-20) door 
 []


Overfull \hbox (4.44011pt too wide) in paragraph at lines 42--42
\OT1/cmr/bx/n/10.95 (-20) short 
 []


Overfull \hbox (5.79953pt too wide) in paragraph at lines 42--42
\OT1/cmr/bx/n/10.95 (-20) tance 
 []


Overfull \hbox (5.14088pt too wide) in paragraph at lines 42--42
\OT1/cmr/m/n/10.95 (-20) ^^A\OML/cmm/m/it/10.95 E \OT1/cmr/m/n/10.95 (-20) = 
 []


Overfull \hbox (19.98802pt too wide) in paragraph at lines 42--42
\OML/cmm/m/it/10.95 ^^Y\OT1/cmr/m/n/10.95 (-20) (\OML/cmm/m/it/10.95 D=\OT1/cmr
/m/n/10.95 (-20) 2)[] \OMS/cmsy/m/n/10.95 ^^A 
 []


Overfull \hbox (10.56026pt too wide) in paragraph at lines 42--42
\OML/cmm/m/it/10.95 B[]$$F \OT1/cmr/m/n/10.95 (-20) = 
 []


Overfull \hbox (4.55414pt too wide) in paragraph at lines 42--42
[] \OT1/cmr/m/n/10.95 (-20) = 
 []


Overfull \hbox (19.98802pt too wide) in paragraph at lines 42--42
\OML/cmm/m/it/10.95 ^^Y\OT1/cmr/m/n/10.95 (-20) (\OML/cmm/m/it/10.95 D=\OT1/cmr
/m/n/10.95 (-20) 2)[] \OMS/cmsy/m/n/10.95 ^^A 
 []


Overfull \hbox (1.99796pt too wide) in paragraph at lines 42--42
\OML/cmm/m/it/10.95 B[] \OT1/cmr/m/n/10.95 (-20) = 
 []


Overfull \hbox (10.27719pt too wide) in paragraph at lines 42--42
\OT1/cmr/bx/n/10.95 (-20) Know- 
 []


Overfull \hbox (3.16899pt too wide) in paragraph at lines 42--42
\OT1/cmr/bx/n/10.95 (-20) force 
 []


Overfull \hbox (4.3345pt too wide) in paragraph at lines 42--42
\OT1/cmr/bx/n/10.95 (-20) press 
 []


Overfull \hbox (1.4774pt too wide) in paragraph at lines 42--42
\OT1/cmr/bx/n/10.95 (-20) pres- 
 []


Overfull \hbox (1.14441pt too wide) in paragraph at lines 42--42
\OT1/cmr/bx/n/10.95 (-20) sure: 
 []


Overfull \hbox (4.323pt too wide) in paragraph at lines 42--42
[] \OT1/cmr/m/n/10.95 (-20) = 
 []


Overfull \hbox (9.11615pt too wide) in paragraph at lines 42--42
\OT1/cmr/m/n/10.95 (-20) 10[] [][]$|  
 []

[4]
Overfull \vbox (382.88046pt too high) has occurred while \output is active []


[5]
Overfull \hbox (31.86673pt too wide) in paragraph at lines 43--43
[]|\OT1/cmr/bx/n/10.95 (-20) According 
 []


Overfull \hbox (4.54016pt too wide) in paragraph at lines 43--43
\OT1/cmr/bx/n/10.95 (-20) gram 
 []


Overfull \hbox (20.17445pt too wide) in paragraph at lines 43--43
[]\OML/cmm/m/it/10.95 ; x \OT1/cmr/m/n/10.95 (-20) = 
 []


Overfull \hbox (35.22307pt too wide) in paragraph at lines 43--43
\OML/cmm/m/it/10.95 y [] ; [] \OT1/cmr/m/n/10.95 (-20) = 
 []


Overfull \hbox (3.51297pt too wide) in paragraph at lines 43--43
\OML/cmm/m/it/10.95 x[] \OMS/cmsy/m/n/10.95 ) 
 []


Overfull \hbox (6.75801pt too wide) in paragraph at lines 43--43
[] \OML/cmm/m/it/10.95  \OT1/cmr/m/n/10.95 (-20) + 
 []


Overfull \hbox (21.10956pt too wide) in paragraph at lines 43--43
[] \OML/cmm/m/it/10.95 $$[] \OT1/cmr/m/n/10.95 (-20) = 
 []


Overfull \hbox (20.76375pt too wide) in paragraph at lines 43--43
[] \OML/cmm/m/it/10.95 ^^R; z \OT1/cmr/m/n/10.95 (-20) = 
 []


Overfull \hbox (25.59798pt too wide) in paragraph at lines 43--43
\OML/cmm/m/it/10.95 r[] [] ^^R \OMS/cmsy/m/n/10.95 ) 
 []


Overfull \hbox (16.12578pt too wide) in paragraph at lines 43--43
[]$$[] \OT1/cmr/m/n/10.95 (-20) = 
 []


Overfull \hbox (52.64224pt too wide) in paragraph at lines 43--43
\OT1/cmr/m/n/10.95 (-20) (\OMS/cmsy/m/n/10.95 ^^@\OML/cmm/m/it/10.95 z\OT1/cmr/
m/n/10.95 (-20) )[]$$[]([]\OML/cmm/m/it/10.95 ; y\OT1/cmr/m/n/10.95 (-20) ) = 
 []


Overfull \hbox (13.92688pt too wide) in paragraph at lines 43--43
[][] \OML/cmm/m/it/10.95 dz \OMS/cmsy/m/n/10.95 ^^A 
 []


Overfull \hbox (28.26064pt too wide) in paragraph at lines 43--43
\OT1/cmr/m/n/10.95 (-20) [[]([]) \OMS/cmsy/m/n/10.95 ^^A 
 []


Overfull \hbox (0.8425pt too wide) in paragraph at lines 43--43
\OML/cmm/m/it/10.95 z[]\OT1/cmr/m/n/10.95 (-20) ) \OMS/cmsy/m/n/10.95 ^^@ 
 []


Overfull \hbox (29.02557pt too wide) in paragraph at lines 43--43
[]\OT1/cmr/m/n/10.95 (-20) ] =$$[] \OMS/cmsy/m/n/10.95 ^^A 
 []


Overfull \hbox (18.96571pt too wide) in paragraph at lines 43--43
[][] \OML/cmm/m/it/10.95 d^^R \OMS/cmsy/m/n/10.95 ^^A 
 []


Overfull \hbox (3.612pt too wide) in paragraph at lines 43--43
[] \OMS/cmsy/m/n/10.95 ^^A 
 []


Overfull \hbox (6.727pt too wide) in paragraph at lines 43--43
[][] \OML/cmm/m/it/10.95 ^^R \OMS/cmsy/m/n/10.95 ^^A 
 []


Overfull \hbox (45.06761pt too wide) in paragraph at lines 43--43
[][] \OML/cmm/m/it/10.95 ^^R\OT1/cmr/m/n/10.95 (-20) ] =$$[] \OMS/cmsy/m/n/10.9
5 ^^A 
 []


Overfull \hbox (18.96571pt too wide) in paragraph at lines 43--43
[][] \OML/cmm/m/it/10.95 d^^R \OMS/cmsy/m/n/10.95 ^^A 
 []


Overfull \hbox (4.52937pt too wide) in paragraph at lines 43--43
\OT1/cmr/m/n/10.95 (-20) [[] \OMS/cmsy/m/n/10.95 ^^A 
 []


Overfull \hbox (12.20203pt too wide) in paragraph at lines 43--43
[][] \OML/cmm/m/it/10.95 ^^R \OMS/cmsy/m/n/10.95 ^^@ 
 []


Overfull \hbox (40.31755pt too wide) in paragraph at lines 43--43
[] \OML/cmm/m/it/10.95 ^^R\OT1/cmr/m/n/10.95 (-20) ] =$$[] \OMS/cmsy/m/n/10.95 
^^A 
 []


Overfull \hbox (4.52937pt too wide) in paragraph at lines 43--43
\OT1/cmr/m/n/10.95 (-20) [[] \OMS/cmsy/m/n/10.95 ^^A 
 []


Overfull \hbox (9.12733pt too wide) in paragraph at lines 43--43
\OT1/cmr/m/n/10.95 (-20) ([] \OML/cmm/m/it/10.95 ^^R \OMS/cmsy/m/n/10.95 ^^@ 
 []


Overfull \hbox (23.63358pt too wide) in paragraph at lines 43--43
[] [][] \OML/cmm/m/it/10.95 ^^R\OT1/cmr/m/n/10.95 (-20) ) \OMS/cmsy/m/n/10.95 ^
^@ 
 []


Overfull \hbox (62.92201pt too wide) in paragraph at lines 43--43
[] \OML/cmm/m/it/10.95 ^^R\OT1/cmr/m/n/10.95 (-20) ]\OMS/cmsy/m/n/10.95 j[] \OT
1/cmr/m/n/10.95 (-20) =$$[] \OMS/cmsy/m/n/10.95 ^^A 
 []


Overfull \hbox (10.0044pt too wide) in paragraph at lines 43--43
\OT1/cmr/m/n/10.95 (-20) [[] \OMS/cmsy/m/n/10.95 ^^@ 
 []


Overfull \vbox (77.16447pt too high) has occurred while \output is active []


[6]
Overfull \hbox (31.86673pt too wide) in paragraph at lines 44--44
[]|\OT1/cmr/bx/n/10.95 (-20) According 
 []


Overfull \hbox (4.54016pt too wide) in paragraph at lines 44--44
\OT1/cmr/bx/n/10.95 (-20) gram 
 []


Overfull \hbox (9.04959pt too wide) in paragraph at lines 44--44
[] \OT1/cmr/m/n/10.95 (-20) = 
 []


Overfull \hbox (28.63959pt too wide) in paragraph at lines 44--44
[] \OMS/cmsy/m/n/10.95 ) 
 []


Overfull \hbox (31.79736pt too wide) in paragraph at lines 44--44
[]$$[] \OT1/cmr/m/n/10.95 (-20) = 
 []


Overfull \hbox (3.30388pt too wide) in paragraph at lines 44--44
[] \OML/cmm/m/it/10.95 ^^L \OMS/cmsy/m/n/10.95 ^^A 
 []


Overfull \hbox (2.08722pt too wide) in paragraph at lines 44--44
[] \OML/cmm/m/it/10.95 ^^L \OMS/cmsy/m/n/10.95 ^^A 
 []


Overfull \hbox (9.20796pt too wide) in paragraph at lines 44--44
[]\OML/cmm/m/it/10.95 ; [] \OT1/cmr/m/n/10.95 (-20) = 
 []


Overfull \hbox (3.57762pt too wide) in paragraph at lines 44--44
[] \OML/cmm/m/it/10.95  \OMS/cmsy/m/n/10.95 ^^A 
 []


Overfull \hbox (2.36096pt too wide) in paragraph at lines 44--44
[] \OML/cmm/m/it/10.95  \OMS/cmsy/m/n/10.95 ^^A 
 []


Overfull \hbox (3.50612pt too wide) in paragraph at lines 44--44
[]$$[] \OT1/cmr/m/n/10.95 (-20) = 
 []


Overfull \hbox (14.61124pt too wide) in paragraph at lines 44--44
[][] \OML/cmm/m/it/10.95 dx \OMS/cmsy/m/n/10.95 ^^A 
 []


Overfull \hbox (0.51982pt too wide) in paragraph at lines 44--44
[] \OMS/cmsy/m/n/10.95 ^^A 
 []


Overfull \hbox (8.32768pt too wide) in paragraph at lines 44--44
[][] \OML/cmm/m/it/10.95  \OMS/cmsy/m/n/10.95 ^^A 
 []


Overfull \hbox (19.0038pt too wide) in paragraph at lines 44--44
\OT1/cmr/m/n/10.95 (-20) [4 [](\OML/cmm/m/it/10.95 ^^L \OT1/cmr/m/n/10.95 (-20)
 + 
 []


Overfull \hbox (17.7769pt too wide) in paragraph at lines 44--44
\OML/cmm/m/it/10.95 \OT1/cmr/m/n/10.95 (-20) )[[] \OML/cmm/m/it/10.95  \OMS/c
msy/m/n/10.95 ^^A 
 []


Overfull \hbox (2.36096pt too wide) in paragraph at lines 44--44
[] \OML/cmm/m/it/10.95  \OMS/cmsy/m/n/10.95 ^^A 
 []


Overfull \hbox (11.37646pt too wide) in paragraph at lines 44--44
\OT1/cmr/m/n/10.95 (-20) 2[[] \OML/cmm/m/it/10.95 ^^L \OMS/cmsy/m/n/10.95 ^^A 
 []


Overfull \hbox (2.08722pt too wide) in paragraph at lines 44--44
[] \OML/cmm/m/it/10.95 ^^L \OMS/cmsy/m/n/10.95 ^^A 
 []


Overfull \hbox (23.13933pt too wide) in paragraph at lines 44--44
\OT1/cmr/bx/n/10.95 (-20) Through 
 []


Overfull \hbox (6.95313pt too wide) in paragraph at lines 44--44
\OT1/cmr/bx/n/10.95 (-20) math- 
 []


Overfull \hbox (6.6193pt too wide) in paragraph at lines 44--44
\OT1/cmr/bx/n/10.95 (-20) trans- 
 []


Overfull \hbox (3.12573pt too wide) in paragraph at lines 44--44
\OT1/cmr/bx/n/10.95 (-20) tions 
 []


Overfull \hbox (20.56639pt too wide) in paragraph at lines 44--44
[][] \OML/cmm/m/it/10.95 d \OMS/cmsy/m/n/10.95 ^^A 
 []


Overfull \hbox (8.83249pt too wide) in paragraph at lines 44--44
[]\OT1/cmr/m/n/10.95 (-20) (\OML/cmm/m/it/10.95 ^^L \OT1/cmr/m/n/10.95 (-20) + 

 []


Overfull \hbox (1.83177pt too wide) in paragraph at lines 44--44
\OT1/cmr/m/n/10.95 (-20) 2\OML/cmm/m/it/10.95 \OT1/cmr/m/n/10.95 (-20) ) \OMS/
cmsy/m/n/10.95 ^^@ 
 []


Overfull \hbox (7.61583pt too wide) in paragraph at lines 44--44
[]\OT1/cmr/m/n/10.95 (-20) (\OML/cmm/m/it/10.95 ^^L \OT1/cmr/m/n/10.95 (-20) + 

 []


Overfull \hbox (7.5135pt too wide) in paragraph at lines 44--44
\OT1/cmr/bx/n/10.95 (-20) dence 
 []


Overfull \hbox (1.6918pt too wide) in paragraph at lines 44--44
[] \OML/cmm/m/it/10.95 $ 
 []


Overfull \hbox (20.56639pt too wide) in paragraph at lines 44--44
[][] \OML/cmm/m/it/10.95 d \OMS/cmsy/m/n/10.95 ^^A 
 []


Overfull \hbox (13.00464pt too wide) in paragraph at lines 44--44
[]\OT1/cmr/m/n/10.95 (-20) (\OML/cmm/m/it/10.95 ^^L[] \OT1/cmr/m/n/10.95 (-20) 
+ 
 []


Overfull \hbox (7.91386pt too wide) in paragraph at lines 44--44
[] \OML/cmm/m/it/10.95  \OT1/cmr/m/n/10.95 (-20) + 
 []


Overfull \hbox (1.83177pt too wide) in paragraph at lines 44--44
\OT1/cmr/m/n/10.95 (-20) 2\OML/cmm/m/it/10.95 \OT1/cmr/m/n/10.95 (-20) ) \OMS/
cmsy/m/n/10.95 ^^@ 
 []


Overfull \hbox (11.78798pt too wide) in paragraph at lines 44--44
[]\OT1/cmr/m/n/10.95 (-20) (\OML/cmm/m/it/10.95 ^^L[] \OT1/cmr/m/n/10.95 (-20) 
+ 
 []


Overfull \hbox (7.91386pt too wide) in paragraph at lines 44--44
[] \OML/cmm/m/it/10.95  \OT1/cmr/m/n/10.95 (-20) + 
 []


Overfull \vbox (496.30762pt too high) has occurred while \output is active []


[7]
Overfull \hbox (3.17792pt too wide) in paragraph at lines 45--45
[]|\OT1/cmr/bx/n/10.95 (-20) Let's 
 []


Overfull \hbox (1.23744pt too wide) in paragraph at lines 45--45
\OT1/cmr/bx/n/10.95 (-20) care- 
 []


Overfull \hbox (0.5345pt too wide) in paragraph at lines 45--45
\OT1/cmr/bx/n/10.95 (-20) fully 
 []


Overfull \hbox (1.4774pt too wide) in paragraph at lines 45--45
\OT1/cmr/bx/n/10.95 (-20) pres- 
 []


Overfull \hbox (13.00464pt too wide) in paragraph at lines 45--45
[]\OT1/cmr/m/n/10.95 (-20) (\OML/cmm/m/it/10.95 ^^L[] \OT1/cmr/m/n/10.95 (-20) 
+ 
 []


Overfull \hbox (7.91386pt too wide) in paragraph at lines 45--45
[] \OML/cmm/m/it/10.95  \OT1/cmr/m/n/10.95 (-20) + 
 []


Overfull \hbox (1.66144pt too wide) in paragraph at lines 45--45
\OT1/cmr/m/n/10.95 (-20) 2\OML/cmm/m/it/10.95 \OT1/cmr/m/n/10.95 (-20) )$$= 
 []


Overfull \hbox (15.04454pt too wide) in paragraph at lines 45--45
[]\OT1/cmr/m/n/10.95 (-20) (\OML/cmm/m/it/10.95 ky[] \OMS/cmsy/m/n/10.95 ^^A 
 []


Overfull \hbox (7.91386pt too wide) in paragraph at lines 45--45
[] \OML/cmm/m/it/10.95  \OT1/cmr/m/n/10.95 (-20) + 
 []


Overfull \hbox (1.83177pt too wide) in paragraph at lines 45--45
\OT1/cmr/m/n/10.95 (-20) 2\OML/cmm/m/it/10.95 \OT1/cmr/m/n/10.95 (-20) ) \OMS/
cmsy/m/n/10.95 ^^@ 
 []


Overfull \hbox (11.78798pt too wide) in paragraph at lines 45--45
[]\OT1/cmr/m/n/10.95 (-20) (\OML/cmm/m/it/10.95 ^^L[] \OT1/cmr/m/n/10.95 (-20) 
+ 
 []


Overfull \hbox (36.87964pt too wide) in paragraph at lines 45--45
\OML/cmm/m/it/10.95 kx[]\OT1/cmr/m/n/10.95 (-20) ) [](\OML/cmm/m/it/10.95 ky[] 
\OMS/cmsy/m/n/10.95 ^^A 
 []


Overfull \hbox (7.91386pt too wide) in paragraph at lines 45--45
[] \OML/cmm/m/it/10.95  \OT1/cmr/m/n/10.95 (-20) + 
 []


Overfull \hbox (31.35474pt too wide) in paragraph at lines 45--45
\OT1/cmr/m/n/10.95 (-20) 2\OML/cmm/m/it/10.95 \OT1/cmr/m/n/10.95 (-20) )$$[](\
OML/cmm/m/it/10.95 ky[] \OMS/cmsy/m/n/10.95 ^^A 
 []


Overfull \hbox (7.91386pt too wide) in paragraph at lines 45--45
[] \OML/cmm/m/it/10.95  \OT1/cmr/m/n/10.95 (-20) + 
 []


Overfull \hbox (4.70305pt too wide) in paragraph at lines 45--45
\OT1/cmr/m/n/10.95 (-20) 2\OML/cmm/m/it/10.95 \OT1/cmr/m/n/10.95 (-20) ) = 
 []


Overfull \hbox (15.04454pt too wide) in paragraph at lines 45--45
[]\OT1/cmr/m/n/10.95 (-20) (\OML/cmm/m/it/10.95 ky[] \OMS/cmsy/m/n/10.95 ^^A 
 []


Overfull \hbox (51.62463pt too wide) in paragraph at lines 45--45
[] \OML/cmm/m/it/10.95 \OT1/cmr/m/n/10.95 (-20) ) [](2\OML/cmm/m/it/10.95 \OT
1/cmr/m/n/10.95 (-20) ) \OMS/cmsy/m/n/10.95 ^^@ 
 []


Overfull \hbox (13.82788pt too wide) in paragraph at lines 45--45
[]\OT1/cmr/m/n/10.95 (-20) (\OML/cmm/m/it/10.95 ky[] \OMS/cmsy/m/n/10.95 ^^A 
 []


Overfull \hbox (40.61012pt too wide) in paragraph at lines 45--45
[] \OML/cmm/m/it/10.95 \OT1/cmr/m/n/10.95 (-20) ) [](2\OML/cmm/m/it/10.95 \OT
1/cmr/m/n/10.95 (-20) )$ 
 []


Overfull \hbox (19.77936pt too wide) in paragraph at lines 45--45
[][] \OML/cmm/m/it/10.95 dx \OMS/cmsy/m/n/10.95 ^^A 
 []


Overfull \hbox (40.07518pt too wide) in paragraph at lines 45--45
[]\OT1/cmr/m/n/10.95 (-20) (2\OML/cmm/m/it/10.95 x\OT1/cmr/m/n/10.95 (-20) ) []
(\OML/cmm/m/it/10.95 c \OMS/cmsy/m/n/10.95 ^^A 
 []


Overfull \hbox (16.46593pt too wide) in paragraph at lines 45--45
[] \OML/cmm/m/it/10.95 x\OT1/cmr/m/n/10.95 (-20) ) = 
 []


Overfull \hbox (2.00365pt too wide) in paragraph at lines 45--45
[] \OT1/cmr/m/n/10.95 (-20) = 
 []


Overfull \hbox (19.77936pt too wide) in paragraph at lines 45--45
[][] \OML/cmm/m/it/10.95 dx \OMS/cmsy/m/n/10.95 ^^A 
 []


Overfull \hbox (13.46085pt too wide) in paragraph at lines 45--45
[]\OT1/cmr/m/n/10.95 (-20) (2\OML/cmm/m/it/10.95 x\OT1/cmr/m/n/10.95 (-20) ) \O
MS/cmsy/m/n/10.95 ^^A 
 []


Overfull \hbox (2.4026pt too wide) in paragraph at lines 45--45
[]\OT1/cmr/m/n/10.95 (-20) (\OML/cmm/m/it/10.95 c \OMS/cmsy/m/n/10.95 ^^A 
 []


Overfull \hbox (3.7968pt too wide) in paragraph at lines 45--45
[] \OML/cmm/m/it/10.95 x\OT1/cmr/m/n/10.95 (-20) )$ 
 []


Overfull \hbox (4.42975pt too wide) in paragraph at lines 45--45
\OT1/cmr/bx/n/10.95 (-20) value 
 []


Overfull \vbox (134.3275pt too high) has occurred while \output is active []


[8]
Overfull \hbox (9.1306pt too wide) in paragraph at lines 46--46
[]|\OT1/cmr/bx/n/10.95 (-20) When 
 []


Overfull \hbox (1.63283pt too wide) in paragraph at lines 46--46
\OT1/cmr/bx/n/10.95 (-20) mov- 
 []


Overfull \hbox (5.3041pt too wide) in paragraph at lines 46--46
\OT1/cmr/bx/n/10.95 (-20) other 
 []


Overfull \hbox (3.98274pt too wide) in paragraph at lines 46--46
\OT1/cmr/bx/n/10.95 (-20) some 
 []


Overfull \hbox (3.1943pt too wide) in paragraph at lines 46--46
\OT1/cmr/bx/n/10.95 (-20) signs 
 []


Overfull \hbox (4.03938pt too wide) in paragraph at lines 46--46
\OT1/cmr/bx/n/10.95 (-20) equa- 
 []


Overfull \hbox (13.67677pt too wide) in paragraph at lines 46--46
\OT1/cmr/bx/n/10.95 (-20) change 
 []


Overfull \hbox (8.74948pt too wide) in paragraph at lines 46--46
\OMS/cmsy/m/n/10.95 ^^@[] ^^A 
 []


Overfull \hbox (20.56639pt too wide) in paragraph at lines 46--46
[][] \OML/cmm/m/it/10.95 d \OMS/cmsy/m/n/10.95 ^^A 
 []


Overfull \hbox (15.98547pt too wide) in paragraph at lines 46--46
\OT1/cmr/m/n/10.95 (-20) [[](\OML/cmm/m/it/10.95 ^^L[] \OT1/cmr/m/n/10.95 (-20)
 + 
 []


Overfull \hbox (1.27335pt too wide) in paragraph at lines 46--46
\OML/cmm/m/it/10.95 kx[]\OT1/cmr/m/n/10.95 (-20) ) \OMS/cmsy/m/n/10.95 ^^A 
 []


Overfull \hbox (23.56123pt too wide) in paragraph at lines 46--46
[]\OT1/cmr/m/n/10.95 (-20) (\OMS/cmsy/m/n/10.95 ^^@\OML/cmm/m/it/10.95 ky[] \OM
S/cmsy/m/n/10.95 ^^A 
 []


Overfull \hbox (7.91386pt too wide) in paragraph at lines 46--46
[] \OML/cmm/m/it/10.95  \OT1/cmr/m/n/10.95 (-20) + 
 []


Overfull \hbox (1.83177pt too wide) in paragraph at lines 46--46
\OT1/cmr/m/n/10.95 (-20) 2\OML/cmm/m/it/10.95 \OT1/cmr/m/n/10.95 (-20) ) \OMS/
cmsy/m/n/10.95 ^^@ 
 []


Overfull \hbox (58.96141pt too wide) in paragraph at lines 46--46
[] \OT1/cmr/m/n/10.95 (-20) "\OML/cmm/m/it/10.95 :::\OT1/cmr/m/n/10.95 (-20) "\
OML/cmm/m/it/10.95 sin\OT1/cmr/m/n/10.95 (-20) "\OML/cmm/m/it/10.95 :::\OT1/cmr
/m/n/10.95 (-20) "] \OMS/cmsy/m/n/10.95 ^^@ 
 []


Overfull \hbox (14.76881pt too wide) in paragraph at lines 46--46
\OT1/cmr/m/n/10.95 (-20) [[](\OML/cmm/m/it/10.95 ^^L[] \OT1/cmr/m/n/10.95 (-20)
 + 
 []


Overfull \hbox (46.61299pt too wide) in paragraph at lines 46--46
\OML/cmm/m/it/10.95 kx[]\OT1/cmr/m/n/10.95 (-20) ) [](\OMS/cmsy/m/n/10.95 ^^@\O
ML/cmm/m/it/10.95 ky[] \OMS/cmsy/m/n/10.95 ^^A 
 []


Overfull \hbox (7.91386pt too wide) in paragraph at lines 46--46
[] \OML/cmm/m/it/10.95  \OT1/cmr/m/n/10.95 (-20) + 
 []


Overfull \hbox (54.64221pt too wide) in paragraph at lines 46--46
[] \OT1/cmr/m/n/10.95 (-20) "\OML/cmm/m/it/10.95 :::\OT1/cmr/m/n/10.95 (-20) "\
OML/cmm/m/it/10.95 sin\OT1/cmr/m/n/10.95 (-20) "\OML/cmm/m/it/10.95 :::\OT1/cmr
/m/n/10.95 (-20) "]]$ 
 []


Overfull \hbox (2.55196pt too wide) in paragraph at lines 46--46
\OT1/cmr/bx/n/10.95 (-20) grals 
 []


Overfull \hbox (2.31201pt too wide) in paragraph at lines 46--46
\OT1/cmr/bx/n/10.95 (-20) from 
 []


Overfull \hbox (1.98262pt too wide) in paragraph at lines 46--46
\OT1/cmr/bx/n/10.95 (-20) func- 
 []


Overfull \hbox (3.12573pt too wide) in paragraph at lines 46--46
\OT1/cmr/bx/n/10.95 (-20) tions 
 []


Overfull \hbox (0.68002pt too wide) in paragraph at lines 46--46
\OT1/cmr/bx/n/10.95 (-20) sym- 
 []


Overfull \hbox (4.80331pt too wide) in paragraph at lines 46--46
\OT1/cmr/bx/n/10.95 (-20) tions, 
 []


Overfull \hbox (1.33623pt too wide) in paragraph at lines 46--46
\OT1/cmr/bx/n/10.95 (-20) even 
 []


Overfull \hbox (1.98262pt too wide) in paragraph at lines 46--46
\OT1/cmr/bx/n/10.95 (-20) func- 
 []


Overfull \hbox (3.12573pt too wide) in paragraph at lines 46--46
\OT1/cmr/bx/n/10.95 (-20) tions 
 []


Overfull \hbox (4.55638pt too wide) in paragraph at lines 46--46
\OT1/cmr/bx/n/10.95 (-20) main. 
 []


Overfull \hbox (8.74948pt too wide) in paragraph at lines 46--46
\OMS/cmsy/m/n/10.95 ^^@[] ^^A 
 []


Overfull \hbox (20.56639pt too wide) in paragraph at lines 46--46
[][] \OML/cmm/m/it/10.95 d \OMS/cmsy/m/n/10.95 ^^A 
 []


Overfull \hbox (15.98547pt too wide) in paragraph at lines 46--46
\OT1/cmr/m/n/10.95 (-20) [[](\OML/cmm/m/it/10.95 ^^L[] \OT1/cmr/m/n/10.95 (-20)
 + 
 []


Overfull \hbox (2.57518pt too wide) in paragraph at lines 46--46
\OML/cmm/m/it/10.95 kx[] \OMS/cmsy/m/n/10.95 ^^@ 
 []


Overfull \hbox (7.91386pt too wide) in paragraph at lines 46--46
[] \OML/cmm/m/it/10.95  \OT1/cmr/m/n/10.95 (-20) + 
 []


Overfull \hbox (4.8126pt too wide) in paragraph at lines 46--46
\OT1/cmr/m/n/10.95 (-20) 2\OML/cmm/m/it/10.95 \OT1/cmr/m/n/10.95 (-20) )] \OMS
/cmsy/m/n/10.95 ^^@ 
 []


Overfull \hbox (14.76881pt too wide) in paragraph at lines 46--46
\OT1/cmr/m/n/10.95 (-20) [[](\OML/cmm/m/it/10.95 ^^L[] \OT1/cmr/m/n/10.95 (-20)
 + 
 []


Overfull \hbox (46.61299pt too wide) in paragraph at lines 46--46
\OML/cmm/m/it/10.95 kx[]\OT1/cmr/m/n/10.95 (-20) ) [](\OMS/cmsy/m/n/10.95 ^^@\O
ML/cmm/m/it/10.95 ky[] \OMS/cmsy/m/n/10.95 ^^A 
 []


Overfull \hbox (7.91386pt too wide) in paragraph at lines 46--46
[] \OML/cmm/m/it/10.95  \OT1/cmr/m/n/10.95 (-20) + 
 []


Overfull \hbox (64.6049pt too wide) in paragraph at lines 46--46
[] \OT1/cmr/m/n/10.95 (-20) "\OML/cmm/m/it/10.95 :::\OT1/cmr/m/n/10.95 (-20) " 
[] "\OML/cmm/m/it/10.95 :::\OT1/cmr/m/n/10.95 (-20) "]]$$= 
 []


Overfull \hbox (8.74948pt too wide) in paragraph at lines 46--46
\OMS/cmsy/m/n/10.95 ^^@[] ^^A 
 []


Overfull \hbox (20.56639pt too wide) in paragraph at lines 46--46
[][] \OML/cmm/m/it/10.95 d \OMS/cmsy/m/n/10.95 ^^A 
 []


Overfull \hbox (13.00464pt too wide) in paragraph at lines 46--46
[]\OT1/cmr/m/n/10.95 (-20) (\OML/cmm/m/it/10.95 ^^L[] \OT1/cmr/m/n/10.95 (-20) 
+ 
 []


Overfull \hbox (1.27335pt too wide) in paragraph at lines 46--46
\OML/cmm/m/it/10.95 kx[]\OT1/cmr/m/n/10.95 (-20) ) \OMS/cmsy/m/n/10.95 ^^A 
 []


Overfull \hbox (55.69786pt too wide) in paragraph at lines 46--46
\OT1/cmr/m/n/10.95 (-20) (\OML/cmm/m/it/10.95 cos\OT1/cmr/m/n/10.95 (-20) (2\OM
L/cmm/m/it/10.95 \OT1/cmr/m/n/10.95 (-20) ) [](\OML/cmm/m/it/10.95 ky[] \OMS/c
msy/m/n/10.95 ^^A 
 []


Overfull \hbox (12.08705pt too wide) in paragraph at lines 46--46
[] \OML/cmm/m/it/10.95 \OT1/cmr/m/n/10.95 (-20) ) + 
 []


Overfull \hbox (64.75093pt too wide) in paragraph at lines 46--46
[] \OT1/cmr/m/n/10.95 (-20) "\OML/cmm/m/it/10.95 :::\OT1/cmr/m/n/10.95 (-20) " 
[] "\OML/cmm/m/it/10.95 :::\OT1/cmr/m/n/10.95 (-20) ")] \OMS/cmsy/m/n/10.95 ^^@
 
 []


Overfull \hbox (14.76881pt too wide) in paragraph at lines 46--46
\OT1/cmr/m/n/10.95 (-20) [[](\OML/cmm/m/it/10.95 ^^L[] \OT1/cmr/m/n/10.95 (-20)
 + 
 []


Overfull \hbox (1.27335pt too wide) in paragraph at lines 46--46
\OML/cmm/m/it/10.95 kx[]\OT1/cmr/m/n/10.95 (-20) ) \OMS/cmsy/m/n/10.95 ^^A 
 []


Overfull \hbox (10.07394pt too wide) in paragraph at lines 46--46
\OT1/cmr/m/n/10.95 (-20) "\OML/cmm/m/it/10.95 :::\OT1/cmr/m/n/10.95 (-20) "]]$$
= 
 []


Overfull \hbox (8.74948pt too wide) in paragraph at lines 46--46
\OMS/cmsy/m/n/10.95 ^^@[] ^^A 
 []


Overfull \hbox (13.00464pt too wide) in paragraph at lines 46--46
[]\OT1/cmr/m/n/10.95 (-20) (\OML/cmm/m/it/10.95 ^^L[] \OT1/cmr/m/n/10.95 (-20) 
+ 
 []


Overfull \hbox (6.74837pt too wide) in paragraph at lines 46--46
\OML/cmm/m/it/10.95 kx[]\OT1/cmr/m/n/10.95 (-20) ) \OMS/cmsy/m/n/10.95 ^^@ 
 []


Overfull \hbox (11.78798pt too wide) in paragraph at lines 46--46
[]\OT1/cmr/m/n/10.95 (-20) (\OML/cmm/m/it/10.95 ^^L[] \OT1/cmr/m/n/10.95 (-20) 
+ 
 []


Overfull \hbox (4.25418pt too wide) in paragraph at lines 46--46
\OML/cmm/m/it/10.95 kx[]\OT1/cmr/m/n/10.95 (-20) )] \OMS/cmsy/m/n/10.95 ^^A 
 []


Overfull \hbox (5.92636pt too wide) in paragraph at lines 46--46
[]$$\OT1/cmr/m/n/10.95 (-20) = 
 []


Overfull \hbox (12.60638pt too wide) in paragraph at lines 46--46
\OMS/cmsy/m/n/10.95 ^^@\OML/cmm/m/it/10.95 ^^V[]^^[k \OMS/cmsy/m/n/10.95 ^^A 
 []


Overfull \hbox (5.26337pt too wide) in paragraph at lines 46--46
\OML/cmm/m/it/10.95 e[] \OMS/cmsy/m/n/10.95 ^^A 
 []


Overfull \hbox (13.00464pt too wide) in paragraph at lines 46--46
[]\OT1/cmr/m/n/10.95 (-20) (\OML/cmm/m/it/10.95 ^^L[] \OT1/cmr/m/n/10.95 (-20) 
+ 
 []


Overfull \hbox (6.74837pt too wide) in paragraph at lines 46--46
\OML/cmm/m/it/10.95 kx[]\OT1/cmr/m/n/10.95 (-20) ) \OMS/cmsy/m/n/10.95 ^^@ 
 []


Overfull \hbox (11.78798pt too wide) in paragraph at lines 46--46
[]\OT1/cmr/m/n/10.95 (-20) (\OML/cmm/m/it/10.95 ^^L[] \OT1/cmr/m/n/10.95 (-20) 
+ 
 []


Overfull \hbox (1.21251pt too wide) in paragraph at lines 46--46
\OML/cmm/m/it/10.95 kx[]\OT1/cmr/m/n/10.95 (-20) )]$|  
 []


Overfull \vbox (811.58174pt too high) has occurred while \output is active []


[9]
! Display math should end with $$.
<to be read again> 
                   t
l.47 ...ot (0.16\text{ T}^2)=10\text{ kPa}$}{1.50}
                                                   
Here is how much of TeX's memory you used:
 13653 strings out of 480247
 219499 string characters out of 5896151
 553603 words of memory out of 5000000
 31362 multiletter control sequences out of 15000+600000
 478776 words of font info for 89 fonts, out of 8000000 for 9000
 14 hyphenation exceptions out of 8191
 60i,15n,63p,1530b,346s stack positions out of 5000i,500n,10000p,200000b,80000s

!  ==> Fatal error occurred, no output PDF file produced!
