This is pdfTeX, Version 3.141592653-2.6-1.40.28 (MiKTeX 25.12) (preloaded format=pdflatex 2026.4.24)  25 APR 2026 22:03
entering extended mode
 restricted \write18 enabled.
 %&-line parsing enabled.
**./PE_S_EN_2.tex
(PE_S_EN_2.tex
LaTeX2e <2025-11-01>
L3 programming layer <2025-12-24>
(C:\Users\aadib\AppData\Local\Programs\MiKTeX\tex/latex/base\article.cls
Document Class: article 2025/01/22 v1.4n Standard LaTeX document class
(C:\Users\aadib\AppData\Local\Programs\MiKTeX\tex/latex/base\size11.clo
File: size11.clo 2025/01/22 v1.4n Standard LaTeX file (size option)
)
\c@part=\count275
\c@section=\count276
\c@subsection=\count277
\c@subsubsection=\count278
\c@paragraph=\count279
\c@subparagraph=\count280
\c@figure=\count281
\c@table=\count282
\abovecaptionskip=\skip49
\belowcaptionskip=\skip50
\bibindent=\dimen148
)
(C:\Users\aadib\AppData\Local\Programs\MiKTeX\tex/latex/geometry\geometry.sty
Package: geometry 2026/03/07 v6.0 Page Geometry

(C:\Users\aadib\AppData\Local\Programs\MiKTeX\tex/latex/graphics\keyval.sty
Package: keyval 2022/05/29 v1.15 key=value parser (DPC)
\KV@toks@=\toks17
)
(C:\Users\aadib\AppData\Local\Programs\MiKTeX\tex/generic/iftex\ifvtex.sty
Package: ifvtex 2019/10/25 v1.7 ifvtex legacy package. Use iftex instead.

(C:\Users\aadib\AppData\Local\Programs\MiKTeX\tex/generic/iftex\iftex.sty
Package: iftex 2024/12/12 v1.0g TeX engine tests
))
\Gm@cnth=\count283
\Gm@cntv=\count284
\c@Gm@tempcnt=\count285
\Gm@bindingoffset=\dimen149
\Gm@wd@mp=\dimen150
\Gm@odd@mp=\dimen151
\Gm@even@mp=\dimen152
\Gm@layoutwidth=\dimen153
\Gm@layoutheight=\dimen154
\Gm@layouthoffset=\dimen155
\Gm@layoutvoffset=\dimen156
\Gm@dimlist=\toks18

(C:\Users\aadib\AppData\Local\Programs\MiKTeX\tex/latex/geometry\geometry.cfg))
(C:\Users\aadib\AppData\Local\Programs\MiKTeX\tex/latex/amsmath\amsmath.sty
Package: amsmath 2025/07/09 v2.17z AMS math features
\@mathmargin=\skip51

For additional information on amsmath, use the `?' option.
(C:\Users\aadib\AppData\Local\Programs\MiKTeX\tex/latex/amsmath\amstext.sty
Package: amstext 2024/11/17 v2.01 AMS text

(C:\Users\aadib\AppData\Local\Programs\MiKTeX\tex/latex/amsmath\amsgen.sty
File: amsgen.sty 1999/11/30 v2.0 generic functions
\@emptytoks=\toks19
\ex@=\dimen157
))
(C:\Users\aadib\AppData\Local\Programs\MiKTeX\tex/latex/amsmath\amsbsy.sty
Package: amsbsy 1999/11/29 v1.2d Bold Symbols
\pmbraise@=\dimen158
)
(C:\Users\aadib\AppData\Local\Programs\MiKTeX\tex/latex/amsmath\amsopn.sty
Package: amsopn 2022/04/08 v2.04 operator names
)
\inf@bad=\count286
LaTeX Info: Redefining \frac on input line 233.
\uproot@=\count287
\leftroot@=\count288
LaTeX Info: Redefining \overline on input line 398.
LaTeX Info: Redefining \colon on input line 409.
\classnum@=\count289
\DOTSCASE@=\count290
LaTeX Info: Redefining \ldots on input line 495.
LaTeX Info: Redefining \dots on input line 498.
LaTeX Info: Redefining \cdots on input line 619.
\Mathstrutbox@=\box53
\strutbox@=\box54
LaTeX Info: Redefining \big on input line 721.
LaTeX Info: Redefining \Big on input line 722.
LaTeX Info: Redefining \bigg on input line 723.
LaTeX Info: Redefining \Bigg on input line 724.
\big@size=\dimen159
LaTeX Font Info:    Redeclaring font encoding OML on input line 742.
LaTeX Font Info:    Redeclaring font encoding OMS on input line 743.
\macc@depth=\count291
LaTeX Info: Redefining \bmod on input line 904.
LaTeX Info: Redefining \pmod on input line 909.
LaTeX Info: Redefining \smash on input line 939.
LaTeX Info: Redefining \relbar on input line 969.
LaTeX Info: Redefining \Relbar on input line 970.
\c@MaxMatrixCols=\count292
\dotsspace@=\muskip17
\c@parentequation=\count293
\dspbrk@lvl=\count294
\tag@help=\toks20
\row@=\count295
\column@=\count296
\maxfields@=\count297
\andhelp@=\toks21
\eqnshift@=\dimen160
\alignsep@=\dimen161
\tagshift@=\dimen162
\tagwidth@=\dimen163
\totwidth@=\dimen164
\lineht@=\dimen165
\@envbody=\toks22
\multlinegap=\skip52
\multlinetaggap=\skip53
\mathdisplay@stack=\toks23
LaTeX Info: Redefining \[ on input line 2950.
LaTeX Info: Redefining \] on input line 2951.
)
(C:\Users\aadib\AppData\Local\Programs\MiKTeX\tex/latex/amsfonts\amssymb.sty
Package: amssymb 2013/01/14 v3.01 AMS font symbols

(C:\Users\aadib\AppData\Local\Programs\MiKTeX\tex/latex/amsfonts\amsfonts.sty
Package: amsfonts 2013/01/14 v3.01 Basic AMSFonts support
\symAMSa=\mathgroup4
\symAMSb=\mathgroup5
LaTeX Font Info:    Redeclaring math symbol \hbar on input line 98.
LaTeX Font Info:    Overwriting math alphabet `\mathfrak' in version `bold'
(Font)                  U/euf/m/n --> U/euf/b/n on input line 106.
)) (C:\Users\aadib\AppData\Local\Programs\MiKTeX\tex/latex/graphics\graphicx.st
y
Package: graphicx 2024/12/31 v1.2e Enhanced LaTeX Graphics (DPC,SPQR)

(C:\Users\aadib\AppData\Local\Programs\MiKTeX\tex/latex/graphics\graphics.sty
Package: graphics 2024/08/06 v1.4g Standard LaTeX Graphics (DPC,SPQR)

(C:\Users\aadib\AppData\Local\Programs\MiKTeX\tex/latex/graphics\trig.sty
Package: trig 2023/12/02 v1.11 sin cos tan (DPC)
)
(C:\Users\aadib\AppData\Local\Programs\MiKTeX\tex/latex/graphics-cfg\graphics.c
fg
File: graphics.cfg 2016/06/04 v1.11 sample graphics configuration
)
Package graphics Info: Driver file: pdftex.def on input line 106.

(C:\Users\aadib\AppData\Local\Programs\MiKTeX\tex/latex/graphics-def\pdftex.def
File: pdftex.def 2025/09/29 v1.2d Graphics/color driver for pdftex
))
\Gin@req@height=\dimen166
\Gin@req@width=\dimen167
) (C:\Users\aadib\AppData\Local\Programs\MiKTeX\tex/latex/float\float.sty
Package: float 2001/11/08 v1.3d Float enhancements (AL)
\c@float@type=\count298
\float@exts=\toks24
\float@box=\box55
\@float@everytoks=\toks25
\@floatcapt=\box56
)
(C:\Users\aadib\AppData\Local\Programs\MiKTeX\tex/latex/enumitem\enumitem.sty
Package: enumitem 2025/02/06 v3.11 Customized lists
\labelindent=\skip54
\enit@outerparindent=\dimen168
\enit@toks=\toks26
\enit@inbox=\box57
\enit@count@id=\count299
\enitdp@description=\count300
)
(C:\Users\aadib\AppData\Local\Programs\MiKTeX\tex/latex/microtype\microtype.sty
Package: microtype 2026/03/01 v3.2d Micro-typographical refinements (RS)
(C:\Users\aadib\AppData\Local\Programs\MiKTeX\tex/latex/etoolbox\etoolbox.sty
Package: etoolbox 2025/10/02 v2.5m e-TeX tools for LaTeX (JAW)
\etb@tempcnta=\count301
)
\MT@toks=\toks27
\MT@tempbox=\box58
\MT@count=\count302
LaTeX Info: Redefining \noprotrusionifhmode on input line 1084.
LaTeX Info: Redefining \leftprotrusion on input line 1085.
\MT@prot@toks=\toks28
LaTeX Info: Redefining \rightprotrusion on input line 1104.
LaTeX Info: Redefining \textls on input line 1449.
\MT@outer@kern=\dimen169
LaTeX Info: Redefining \microtypecontext on input line 2053.
LaTeX Info: Redefining \textmicrotypecontext on input line 2070.
\MT@listname@count=\count303

(C:\Users\aadib\AppData\Local\Programs\MiKTeX\tex/latex/microtype\microtype-pdf
tex.def
File: microtype-pdftex.def 2026/03/01 v3.2d Definitions specific to pdftex (RS)

LaTeX Info: Redefining \lsstyle on input line 944.
LaTeX Info: Redefining \lslig on input line 944.
\MT@outer@space=\skip55
)
Package microtype Info: Loading configuration file microtype.cfg.

(C:\Users\aadib\AppData\Local\Programs\MiKTeX\tex/latex/microtype\microtype.cfg
File: microtype.cfg 2026/03/01 v3.2d microtype main configuration file (RS)
)
LaTeX Info: Redefining \microtypesetup on input line 3065.
) (C:\Users\aadib\AppData\Local\Programs\MiKTeX\tex/latex/caption\caption.sty
Package: caption 2023/08/05 v3.6o Customizing captions (AR)

(C:\Users\aadib\AppData\Local\Programs\MiKTeX\tex/latex/caption\caption3.sty
Package: caption3 2023/07/31 v2.4d caption3 kernel (AR)
\caption@tempdima=\dimen170
\captionmargin=\dimen171
\caption@leftmargin=\dimen172
\caption@rightmargin=\dimen173
\caption@width=\dimen174
\caption@indent=\dimen175
\caption@parindent=\dimen176
\caption@hangindent=\dimen177
Package caption Info: Standard document class detected.
)
\c@caption@flags=\count304
\c@continuedfloat=\count305
Package caption Info: float package is loaded.
)
(C:\Users\aadib\AppData\Local\Programs\MiKTeX\tex/latex/tools\tabularx.sty
Package: tabularx 2023/12/11 v2.12a `tabularx' package (DPC)

(C:\Users\aadib\AppData\Local\Programs\MiKTeX\tex/latex/tools\array.sty
Package: array 2025/09/25 v2.6n Tabular extension package (FMi)
\col@sep=\dimen178
\ar@mcellbox=\box59
\extrarowheight=\dimen179
\NC@list=\toks29
\extratabsurround=\skip56
\backup@length=\skip57
\ar@cellbox=\box60
)
\TX@col@width=\dimen180
\TX@old@table=\dimen181
\TX@old@col=\dimen182
\TX@target=\dimen183
\TX@delta=\dimen184
\TX@cols=\count306
\TX@ftn=\toks30
)
(C:\Users\aadib\AppData\Local\Programs\MiKTeX\tex/latex/hyperref\hyperref.sty
Package: hyperref 2025-07-12 v7.01o Hypertext links for LaTeX

(C:\Users\aadib\AppData\Local\Programs\MiKTeX\tex/latex/kvsetkeys\kvsetkeys.sty
Package: kvsetkeys 2022-10-05 v1.19 Key value parser (HO)
)
(C:\Users\aadib\AppData\Local\Programs\MiKTeX\tex/generic/kvdefinekeys\kvdefine
keys.sty
Package: kvdefinekeys 2019-12-19 v1.6 Define keys (HO)
)
(C:\Users\aadib\AppData\Local\Programs\MiKTeX\tex/generic/pdfescape\pdfescape.s
ty
Package: pdfescape 2019/12/09 v1.15 Implements pdfTeX's escape features (HO)

(C:\Users\aadib\AppData\Local\Programs\MiKTeX\tex/generic/ltxcmds\ltxcmds.sty
Package: ltxcmds 2023-12-04 v1.26 LaTeX kernel commands for general use (HO)
)
(C:\Users\aadib\AppData\Local\Programs\MiKTeX\tex/generic/pdftexcmds\pdftexcmds
.sty
Package: pdftexcmds 2020-06-27 v0.33 Utility functions of pdfTeX for LuaTeX (HO
)

(C:\Users\aadib\AppData\Local\Programs\MiKTeX\tex/generic/infwarerr\infwarerr.s
ty
Package: infwarerr 2019/12/03 v1.5 Providing info/warning/error messages (HO)
)
Package pdftexcmds Info: \pdf@primitive is available.
Package pdftexcmds Info: \pdf@ifprimitive is available.
Package pdftexcmds Info: \pdfdraftmode found.
))
(C:\Users\aadib\AppData\Local\Programs\MiKTeX\tex/latex/hycolor\hycolor.sty
Package: hycolor 2020-01-27 v1.10 Color options for hyperref/bookmark (HO)
)
(C:\Users\aadib\AppData\Local\Programs\MiKTeX\tex/latex/hyperref\nameref.sty
Package: nameref 2025-06-21 v2.57 Cross-referencing by name of section

(C:\Users\aadib\AppData\Local\Programs\MiKTeX\tex/latex/refcount\refcount.sty
Package: refcount 2019/12/15 v3.6 Data extraction from label references (HO)
)
(C:\Users\aadib\AppData\Local\Programs\MiKTeX\tex/generic/gettitlestring\gettit
lestring.sty
Package: gettitlestring 2019/12/15 v1.6 Cleanup title references (HO)

(C:\Users\aadib\AppData\Local\Programs\MiKTeX\tex/latex/kvoptions\kvoptions.sty
Package: kvoptions 2022-06-15 v3.15 Key value format for package options (HO)
))
\c@section@level=\count307
)
(C:\Users\aadib\AppData\Local\Programs\MiKTeX\tex/generic/stringenc\stringenc.s
ty
Package: stringenc 2019/11/29 v1.12 Convert strings between diff. encodings (HO
)
)
\@linkdim=\dimen185
\Hy@linkcounter=\count308
\Hy@pagecounter=\count309
 (C:\Users\aadib\AppData\Local\Programs\MiKTeX\tex/latex/hyperref\pd1enc.def
File: pd1enc.def 2025-07-12 v7.01o Hyperref: PDFDocEncoding definition (HO)
Now handling font encoding PD1 ...
... no UTF-8 mapping file for font encoding PD1
) (C:\Users\aadib\AppData\Local\Programs\MiKTeX\tex/generic/intcalc\intcalc.sty
Package: intcalc 2019/12/15 v1.3 Expandable calculations with integers (HO)
)
\Hy@SavedSpaceFactor=\count310
 (C:\Users\aadib\AppData\Local\Programs\MiKTeX\tex/latex/hyperref\puenc.def
File: puenc.def 2025-07-12 v7.01o Hyperref: PDF Unicode definition (HO)
Now handling font encoding PU ...
... no UTF-8 mapping file for font encoding PU
)
Package hyperref Info: Hyper figures OFF on input line 4195.
Package hyperref Info: Link nesting OFF on input line 4200.
Package hyperref Info: Hyper index ON on input line 4203.
Package hyperref Info: Plain pages OFF on input line 4210.
Package hyperref Info: Backreferencing OFF on input line 4215.
Package hyperref Info: Implicit mode ON; LaTeX internals redefined.
Package hyperref Info: Bookmarks ON on input line 4462.
\c@Hy@tempcnt=\count311

(C:\Users\aadib\AppData\Local\Programs\MiKTeX\tex/latex/url\url.sty
\Urlmuskip=\muskip18
Package: url 2013/09/16  ver 3.4  Verb mode for urls, etc.
)
LaTeX Info: Redefining \url on input line 4801.
\XeTeXLinkMargin=\dimen186

(C:\Users\aadib\AppData\Local\Programs\MiKTeX\tex/generic/bitset\bitset.sty
Package: bitset 2019/12/09 v1.3 Handle bit-vector datatype (HO)

(C:\Users\aadib\AppData\Local\Programs\MiKTeX\tex/generic/bigintcalc\bigintcalc
.sty
Package: bigintcalc 2019/12/15 v1.5 Expandable calculations on big integers (HO
)
))
\Fld@menulength=\count312
\Field@Width=\dimen187
\Fld@charsize=\dimen188
Package hyperref Info: Hyper figures OFF on input line 6078.
Package hyperref Info: Link nesting OFF on input line 6083.
Package hyperref Info: Hyper index ON on input line 6086.
Package hyperref Info: backreferencing OFF on input line 6093.
Package hyperref Info: Link coloring OFF on input line 6098.
Package hyperref Info: Link coloring with OCG OFF on input line 6103.
Package hyperref Info: PDF/A mode OFF on input line 6108.
\Hy@abspage=\count313
\c@Item=\count314
\c@Hfootnote=\count315
)
Package hyperref Info: Driver (autodetected): hpdftex.

(C:\Users\aadib\AppData\Local\Programs\MiKTeX\tex/latex/hyperref\hpdftex.def
File: hpdftex.def 2025-07-12 v7.01o Hyperref driver for pdfTeX
\Fld@listcount=\count316
\c@bookmark@seq@number=\count317

(C:\Users\aadib\AppData\Local\Programs\MiKTeX\tex/latex/rerunfilecheck\rerunfil
echeck.sty
Package: rerunfilecheck 2025-06-21 v1.11 Rerun checks for auxiliary files (HO)

(C:\Users\aadib\AppData\Local\Programs\MiKTeX\tex/generic/uniquecounter\uniquec
ounter.sty
Package: uniquecounter 2019/12/15 v1.4 Provide unlimited unique counter (HO)
)
Package uniquecounter Info: New unique counter `rerunfilecheck' on input line 2
84.
)
\Hy@SectionHShift=\skip58
)
(C:\Users\aadib\AppData\Local\Programs\MiKTeX\tex/latex/l3backend\l3backend-pdf
tex.def
File: l3backend-pdftex.def 2025-10-09 L3 backend support: PDF output (pdfTeX)
\l__color_backend_stack_int=\count318
) (PE_S_EN_2.aux)
\openout1 = `PE_S_EN_2.aux'.

LaTeX Font Info:    Checking defaults for OML/cmm/m/it on input line 37.
LaTeX Font Info:    ... okay on input line 37.
LaTeX Font Info:    Checking defaults for OMS/cmsy/m/n on input line 37.
LaTeX Font Info:    ... okay on input line 37.
LaTeX Font Info:    Checking defaults for OT1/cmr/m/n on input line 37.
LaTeX Font Info:    ... okay on input line 37.
LaTeX Font Info:    Checking defaults for T1/cmr/m/n on input line 37.
LaTeX Font Info:    ... okay on input line 37.
LaTeX Font Info:    Checking defaults for TS1/cmr/m/n on input line 37.
LaTeX Font Info:    ... okay on input line 37.
LaTeX Font Info:    Checking defaults for OMX/cmex/m/n on input line 37.
LaTeX Font Info:    ... okay on input line 37.
LaTeX Font Info:    Checking defaults for U/cmr/m/n on input line 37.
LaTeX Font Info:    ... okay on input line 37.
LaTeX Font Info:    Checking defaults for PD1/pdf/m/n on input line 37.
LaTeX Font Info:    ... okay on input line 37.
LaTeX Font Info:    Checking defaults for PU/pdf/m/n on input line 37.
LaTeX Font Info:    ... okay on input line 37.

*geometry* driver: auto-detecting
*geometry* detected driver: pdftex
*geometry* verbose mode - [ preamble ] result:
* driver: pdftex
* paper: a4paper
* layout: <same size as paper>
* layoutoffset:(h,v)=(0.0pt,0.0pt)
* modes: 
* h-part:(L,W,R)=(72.26999pt, 452.9679pt, 72.26999pt)
* v-part:(T,H,B)=(72.26999pt, 700.50687pt, 72.26999pt)
* \paperwidth=597.50787pt
* \paperheight=845.04684pt
* \textwidth=452.9679pt
* \textheight=700.50687pt
* \oddsidemargin=0.0pt
* \evensidemargin=0.0pt
* \topmargin=-37.0pt
* \headheight=12.0pt
* \headsep=25.0pt
* \topskip=11.0pt
* \footskip=30.0pt
* \marginparwidth=50.0pt
* \marginparsep=10.0pt
* \columnsep=10.0pt
* \skip\footins=10.0pt plus 4.0pt minus 2.0pt
* \hoffset=0.0pt
* \voffset=0.0pt
* \mag=1000
* \@twocolumnfalse
* \@twosidefalse
* \@mparswitchfalse
* \@reversemarginfalse
* (1in=72.27pt=25.4mm, 1cm=28.453pt)


(C:\Users\aadib\AppData\Local\Programs\MiKTeX\tex/context/base/mkii\supp-pdf.mk
ii
[Loading MPS to PDF converter (version 2006.09.02).]
\scratchcounter=\count319
\scratchdimen=\dimen189
\scratchbox=\box61
\nofMPsegments=\count320
\nofMParguments=\count321
\everyMPshowfont=\toks31
\MPscratchCnt=\count322
\MPscratchDim=\dimen190
\MPnumerator=\count323
\makeMPintoPDFobject=\count324
\everyMPtoPDFconversion=\toks32
)
(C:\Users\aadib\AppData\Local\Programs\MiKTeX\tex/latex/epstopdf-pkg\epstopdf-b
ase.sty
Package: epstopdf-base 2020-01-24 v2.11 Base part for package epstopdf
Package epstopdf-base Info: Redefining graphics rule for `.eps' on input line 4
85.

(C:\Users\aadib\AppData\Local\Programs\MiKTeX\tex/latex/00miktex\epstopdf-sys.c
fg
File: epstopdf-sys.cfg 2021/03/18 v2.0 Configuration of epstopdf for MiKTeX
))
LaTeX Info: Redefining \microtypecontext on input line 37.
Package microtype Info: Applying patch `item' on input line 37.
Package microtype Info: Applying patch `toc' on input line 37.
Package microtype Info: Applying patch `eqnum' on input line 37.
Package microtype Info: Applying patch `footnote' on input line 37.
Package microtype Info: Applying patch `verbatim' on input line 37.
LaTeX Info: Redefining \microtypesetup on input line 37.
Package microtype Info: Generating PDF output.
Package microtype Info: Character protrusion enabled (level 2).
Package microtype Info: Using default protrusion set `alltext'.
Package microtype Info: Automatic font expansion enabled (level 2),
(microtype)             stretch: 20, shrink: 20, step: 1, non-selected.
Package microtype Info: Using default expansion set `alltext-nott'.
Package microtype Info: Patching command `\showhyphens'.
Package microtype Info: No adjustment of tracking.
Package microtype Info: No adjustment of interword spacing.
Package microtype Info: No adjustment of character kerning.

(C:\Users\aadib\AppData\Local\Programs\MiKTeX\tex/latex/microtype\mt-cmr.cfg
File: mt-cmr.cfg 2013/05/19 v2.2 microtype config. file: Computer Modern Roman 
(RS)
)
Package caption Info: Begin \AtBeginDocument code.
Package caption Info: hyperref package is loaded.
Package caption Info: End \AtBeginDocument code.
Package hyperref Info: Link coloring OFF on input line 37.

(PE_S_EN_2.out) (PE_S_EN_2.out)
\@outlinefile=\write3
\openout3 = `PE_S_EN_2.out'.

LaTeX Font Info:    Trying to load font information for U+msa on input line 39.


(C:\Users\aadib\AppData\Local\Programs\MiKTeX\tex/latex/amsfonts\umsa.fd
File: umsa.fd 2013/01/14 v3.01 AMS symbols A
)
(C:\Users\aadib\AppData\Local\Programs\MiKTeX\tex/latex/microtype\mt-msa.cfg
File: mt-msa.cfg 2006/02/04 v1.1 microtype config. file: AMS symbols (a) (RS)
)
LaTeX Font Info:    Trying to load font information for U+msb on input line 39.


(C:\Users\aadib\AppData\Local\Programs\MiKTeX\tex/latex/amsfonts\umsb.fd
File: umsb.fd 2013/01/14 v3.01 AMS symbols B
)
(C:\Users\aadib\AppData\Local\Programs\MiKTeX\tex/latex/microtype\mt-msb.cfg
File: mt-msb.cfg 2005/06/01 v1.0 microtype config. file: AMS symbols (b) (RS)
)
Overfull \hbox (3.17792pt too wide) in paragraph at lines 39--39
[]|\OT1/cmr/bx/n/10.95 (-20) Let's 
 []


Overfull \hbox (4.42834pt too wide) in paragraph at lines 39--39
\OT1/cmr/bx/n/10.95 (-20) build 
 []


Overfull \hbox (7.96808pt too wide) in paragraph at lines 39--39
\OT1/cmr/bx/n/10.95 (-20) graph 
 []


Overfull \hbox (20.72733pt too wide) in paragraph at lines 39--39
\OML/cmm/m/it/10.95 !\OT1/cmr/m/n/10.95 (-20) ([][] \OML/cmm/m/it/10.95 '\OT1/c
mr/m/n/10.95 (-20) )$\OT1/cmr/bx/n/10.95 (-20) . 
 []


Overfull \hbox (3.05147pt too wide) in paragraph at lines 39--39
\OT1/cmr/bx/n/10.95 (-20) draw 
 []


Overfull \hbox (3.28719pt too wide) in paragraph at lines 39--39
\OT1/cmr/bx/n/10.95 (-20) prox- 
 []


Overfull \hbox (5.62811pt too wide) in paragraph at lines 39--39
\OT1/cmr/bx/n/10.95 (-20) along 
 []


Overfull \hbox (2.31201pt too wide) in paragraph at lines 39--39
\OT1/cmr/bx/n/10.95 (-20) from 
 []


Overfull \hbox (7.73877pt too wide) in paragraph at lines 39--39
\OT1/cmr/bx/n/10.95 (-20) which 
 []


Overfull \hbox (19.0372pt too wide) in paragraph at lines 39--39
[]|\OT1/cmr/bx/n/10.95 (-20) Answer: 
 []


Overfull \hbox (7.5518pt too wide) in paragraph at lines 39--39
\OT1/cmr/m/n/10.95 (-20) (2\OML/cmm/m/it/10.95 :\OT1/cmr/m/n/10.95 (-20) 99 \OM
S/cmsy/m/n/10.95 ^^F 
 []


Overfull \hbox (17.1555pt too wide) in paragraph at lines 39--39
\OT1/cmr/m/n/10.95 (-20) 10[] 1\OML/cmm/m/it/10.95 =[]$|  
 []

<PE_S_EN_assets/fig1.jpg, id=3, 884.30376pt x 706.64pt>
File: PE_S_EN_assets/fig1.jpg Graphic file (type jpg)
<use PE_S_EN_assets/fig1.jpg>
Package pdftex.def Info: PE_S_EN_assets/fig1.jpg  used on input line 42.
(pdftex.def)             Requested size: 326.13744pt x 260.61168pt.
[1

{C:/Users/aadib/AppData/Local/MiKTeX/fonts/map/pdftex/pdftex.map}]
Overfull \hbox (5.25693pt too wide) in paragraph at lines 44--44
[]|\OT1/cmr/bx/n/10.95 (-20) From 
 []


Overfull \hbox (7.96808pt too wide) in paragraph at lines 44--44
\OT1/cmr/bx/n/10.95 (-20) graph 
 []


Overfull \hbox (2.51613pt too wide) in paragraph at lines 44--44
\OML/cmm/m/it/10.95 '[]$ 
 []


Overfull \hbox (7.73877pt too wide) in paragraph at lines 44--44
\OT1/cmr/bx/n/10.95 (-20) which 
 []


Overfull \hbox (9.98158pt too wide) in paragraph at lines 44--44
\OT1/cmr/bx/n/10.95 (-20) points 
 []


Overfull \hbox (9.26872pt too wide) in paragraph at lines 44--44
\OT1/cmr/bx/n/10.95 (-20) cantly 
 []


Overfull \hbox (2.31201pt too wide) in paragraph at lines 44--44
\OT1/cmr/bx/n/10.95 (-20) from 
 []


Overfull \hbox (18.31624pt too wide) in paragraph at lines 44--44
\OT1/cmr/bx/n/10.95 (-20) straight 
 []


Overfull \hbox (19.0372pt too wide) in paragraph at lines 44--44
[]|\OT1/cmr/bx/n/10.95 (-20) Answer: 
 []


Overfull \hbox (14.1589pt too wide) in paragraph at lines 44--44
\OML/cmm/m/it/10.95 '[] \OT1/cmr/m/n/10.95 (-20) = 
 []

(C:\Users\aadib\AppData\Local\Programs\MiKTeX\tex/latex/amsfonts\ueuf.fd)
(C:\Users\aadib\AppData\Local\Programs\MiKTeX\tex/latex/microtype\mt-euf.cfg)
Overfull \hbox (4.42964pt too wide) in paragraph at lines 45--45
\OT1/cmr/bx/n/10.95 (-20) write 
 []


Overfull \hbox (1.46843pt too wide) in paragraph at lines 45--45
\OT1/cmr/bx/n/10.95 (-20) mag- 
 []


Overfull \hbox (3.22858pt too wide) in paragraph at lines 45--45
\OT1/cmr/bx/n/10.95 (-20) netic 
 []


Overfull \hbox (9.74863pt too wide) in paragraph at lines 45--45
\OT1/cmr/bx/n/10.95 (-20) dipole 
 []


Overfull \hbox (1.17181pt too wide) in paragraph at lines 45--45
\OT1/cmr/bx/n/10.95 (-20) tude 
 []


Overfull \hbox (105.11023pt too wide) detected at line 45
[]\OT1/cmr/m/n/10.95 (\OML/cmm/m/it/10.95 '\OT1/cmr/m/n/10.95 ) = [][](3[] [] \
OML/cmm/m/it/10.95 ' \OMS/cmsy/m/n/10.95 ^^@ []\OT1/cmr/m/n/10.95 )
 []


Overfull \hbox (33.55745pt too wide) in paragraph at lines 45--45
\OT1/cmr/bx/n/10.95 (-20) Projecting 
 []


Overfull \hbox (0.6506pt too wide) in paragraph at lines 45--45
\OT1/cmr/bx/n/10.95 (-20) onto 
 []


Overfull \hbox (10.97078pt too wide) in paragraph at lines 45--45
\OT1/cmr/bx/n/10.95 (-20) spond- 
 []


Overfull \hbox (1.5146pt too wide) in paragraph at lines 45--45
\OT1/cmr/bx/n/10.95 (-20) tain:|  
 []


Overfull \hbox (19.0372pt too wide) in paragraph at lines 45--45
[]|\OT1/cmr/bx/n/10.95 (-20) Answer:  
 []


Overfull \hbox (86.56404pt too wide) detected at line 45
\OML/cmm/m/it/10.95 B[]\OT1/cmr/m/n/10.95 (\OML/cmm/m/it/10.95 '\OT1/cmr/m/n/10
.95 ) = [][]2 [] \OML/cmm/m/it/10.95 '
 []

[2 <./PE_S_EN_assets/fig1.jpg>]
Overfull \hbox (3.17792pt too wide) in paragraph at lines 46--46
[]|\OT1/cmr/bx/n/10.95 (-20) Let's 
 []


Overfull \hbox (12.20975pt too wide) in paragraph at lines 46--46
\OT1/cmr/bx/n/10.95 (-20) choose 
 []


Overfull \hbox (26.7119pt too wide) in paragraph at lines 46--46
\OT1/cmr/bx/n/10.95 (-20) stretched 
 []


Overfull \hbox (1.46843pt too wide) in paragraph at lines 46--46
\OT1/cmr/bx/n/10.95 (-20) mag- 
 []


Overfull \hbox (3.22858pt too wide) in paragraph at lines 46--46
\OT1/cmr/bx/n/10.95 (-20) netic 
 []


Overfull \hbox (2.22539pt too wide) in paragraph at lines 46--46
\OT1/cmr/bx/n/10.95 (-20) lines. 
 []


Overfull \hbox (4.51671pt too wide) in paragraph at lines 46--46
\OT1/cmr/bx/n/10.95 (-20) Then 
 []


Overfull \hbox (1.46843pt too wide) in paragraph at lines 46--46
\OT1/cmr/bx/n/10.95 (-20) mag- 
 []


Overfull \hbox (3.22858pt too wide) in paragraph at lines 46--46
\OT1/cmr/bx/n/10.95 (-20) netic 
 []


Overfull \hbox (19.79443pt too wide) in paragraph at lines 46--46
\OT1/cmr/bx/n/10.95 (-20) through 
 []


Overfull \hbox (4.03938pt too wide) in paragraph at lines 46--46
\OT1/cmr/bx/n/10.95 (-20) equa- 
 []


Overfull \hbox (5.45674pt too wide) in paragraph at lines 46--46
\OT1/cmr/bx/n/10.95 (-20) equal 
 []


Overfull \hbox (19.79443pt too wide) in paragraph at lines 46--46
\OT1/cmr/bx/n/10.95 (-20) through 
 []


Overfull \hbox (5.23917pt too wide) in paragraph at lines 46--46
\OT1/cmr/bx/n/10.95 (-20) hemi- 
 []


Overfull \hbox (20.2744pt too wide) in paragraph at lines 46--46
\OT1/cmr/bx/n/10.95 (-20) spheres.|  
 []


Overfull \hbox (3.81923pt too wide) in paragraph at lines 46--46
[]|\OT1/cmr/bx/n/10.95 (-20) Thus 
 []


Overfull \hbox (39.78456pt too wide) in paragraph at lines 46--46
\OT1/cmr/m/n/10.95 (-20) 2\OML/cmm/m/it/10.95 ^^YR[]H[]B[] \OT1/cmr/m/n/10.95 (
-20) = 
 []


Overfull \hbox (10.66722pt too wide) in paragraph at lines 46--46
\OT1/cmr/bx/n/10.95 (-20) means 
 []


Overfull \hbox (1.14163pt too wide) in paragraph at lines 46--46
\OML/cmm/m/it/10.95 B[] \OT1/cmr/m/n/10.95 (-20) = 
 []


Overfull \hbox (21.34578pt too wide) in paragraph at lines 46--46
[] \OT1/cmr/m/n/10.95 (-20) = 
 []


Overfull \hbox (5.3041pt too wide) in paragraph at lines 46--46
\OT1/cmr/bx/n/10.95 (-20) other 
 []


Overfull \hbox (5.24895pt too wide) in paragraph at lines 46--46
\OT1/cmr/bx/n/10.95 (-20) hand, 
 []


Overfull \hbox (1.06602pt too wide) in paragraph at lines 46--46
\OT1/cmr/bx/n/10.95 (-20) grat- 
 []


Overfull \hbox (9.74863pt too wide) in paragraph at lines 46--46
\OT1/cmr/bx/n/10.95 (-20) dipole 
 []


Overfull \hbox (1.47823pt too wide) in paragraph at lines 46--46
\OT1/cmr/bx/n/10.95 (-20) field:  
 []


Overfull \hbox (263.64891pt too wide) detected at line 46
\OT1/cmr/m/n/10.95 ^^H[] = [] \OML/cmm/m/it/10.95 B[]\OT1/cmr/m/n/10.95 2\OML/c
mm/m/it/10.95 ^^YR[] [] 'd' \OT1/cmr/m/n/10.95 = [] [] [] \OML/cmm/m/it/10.95 '
 [] 'd' \OT1/cmr/m/n/10.95 = []\OML/cmm/m/it/10.95 :
 []


Overfull \hbox (32.77736pt too wide) in paragraph at lines 46--46
\OT1/cmr/bx/n/10.95 (-20) Substitute 
 []


Overfull \hbox (3.22159pt too wide) in paragraph at lines 46--46
\OT1/cmr/bx/n/10.95 (-20) mula 
 []


Overfull \hbox (19.0372pt too wide) in paragraph at lines 46--46
[]|\OT1/cmr/bx/n/10.95 (-20) Answer:  
 []


Overfull \hbox (40.34818pt too wide) detected at line 46
\OML/cmm/m/it/10.95 B[] \OT1/cmr/m/n/10.95 = []\OML/cmm/m/it/10.95 :
 []

<PE_S_EN_assets/fig2.jpg, id=22, 557.08125pt x 436.63126pt>
File: PE_S_EN_assets/fig2.jpg Graphic file (type jpg)
<use PE_S_EN_assets/fig2.jpg>
Package pdftex.def Info: PE_S_EN_assets/fig2.jpg  used on input line 49.
(pdftex.def)             Requested size: 326.13744pt x 255.6248pt.
[3]
Overfull \vbox (548.10133pt too high) has occurred while \output is active []


[4]
Overfull \hbox (19.0372pt too wide) in paragraph at lines 51--51
[]|\OT1/cmr/bx/n/10.95 (-20) Answer:  
 []


Overfull \hbox (74.41467pt too wide) detected at line 51
\OML/cmm/m/it/10.95 B[] \OT1/cmr/m/n/10.95 = [] = 53 []
 []


Overfull \hbox (0.94254pt too wide) in paragraph at lines 52--52
[]|\OT1/cmr/bx/n/10.95 (-20) Now 
 []


Overfull \hbox (26.7119pt too wide) in paragraph at lines 52--52
\OT1/cmr/bx/n/10.95 (-20) stretched 
 []


Overfull \hbox (1.46843pt too wide) in paragraph at lines 52--52
\OT1/cmr/bx/n/10.95 (-20) mag- 
 []


Overfull \hbox (3.22858pt too wide) in paragraph at lines 52--52
\OT1/cmr/bx/n/10.95 (-20) netic 
 []


Overfull \hbox (2.22539pt too wide) in paragraph at lines 52--52
\OT1/cmr/bx/n/10.95 (-20) lines. 
 []


Overfull \hbox (2.60616pt too wide) in paragraph at lines 52--52
\OT1/cmr/bx/n/10.95 (-20) Only 
 []


Overfull \hbox (1.17181pt too wide) in paragraph at lines 52--52
\OT1/cmr/bx/n/10.95 (-20) tend 
 []


Overfull \hbox (2.31201pt too wide) in paragraph at lines 52--52
\OT1/cmr/bx/n/10.95 (-20) from 
 []


Overfull \hbox (4.03938pt too wide) in paragraph at lines 52--52
\OT1/cmr/bx/n/10.95 (-20) equa- 
 []


Overfull \hbox (2.89476pt too wide) in paragraph at lines 52--52
\OT1/cmr/bx/n/10.95 (-20) sired 
 []


Overfull \hbox (1.17181pt too wide) in paragraph at lines 52--52
\OT1/cmr/bx/n/10.95 (-20) tude 
 []


Overfull \hbox (4.95744pt too wide) in paragraph at lines 52--52
[]|\OT1/cmr/bx/n/10.95 (-20) Then 
 []


Overfull \hbox (2.02881pt too wide) in paragraph at lines 52--52
\OT1/cmr/bx/n/10.95 (-20) need 
 []


Overfull \hbox (1.46843pt too wide) in paragraph at lines 52--52
\OT1/cmr/bx/n/10.95 (-20) mag- 
 []


Overfull \hbox (3.22858pt too wide) in paragraph at lines 52--52
\OT1/cmr/bx/n/10.95 (-20) netic 
 []


Overfull \hbox (9.74863pt too wide) in paragraph at lines 52--52
\OT1/cmr/bx/n/10.95 (-20) dipole 
 []


Overfull \hbox (19.79443pt too wide) in paragraph at lines 52--52
\OT1/cmr/bx/n/10.95 (-20) through 
 []


Overfull \hbox (1.17181pt too wide) in paragraph at lines 52--52
\OT1/cmr/bx/n/10.95 (-20) tude 
 []


Overfull \hbox (2.31201pt too wide) in paragraph at lines 52--52
\OT1/cmr/bx/n/10.95 (-20) from 
 []


Overfull \hbox (6.64519pt too wide) in paragraph at lines 52--52
\OT1/cmr/bx/n/10.95 (-20) ready 
 []


Overfull \hbox (198.6205pt too wide) detected at line 52
\OT1/cmr/m/n/10.95 ^^H(\OML/cmm/m/it/10.95 '\OT1/cmr/m/n/10.95 )(\OML/cmm/m/it/
10.95 '\OT1/cmr/m/n/10.95 ) = [] \OML/cmm/m/it/10.95 B[]\OT1/cmr/m/n/10.95 2\OM
L/cmm/m/it/10.95 ^^YR[] [] 'd' \OT1/cmr/m/n/10.95 = [] [][] \OML/cmm/m/it/10.95
 ':
 []


Overfull \hbox (19.79443pt too wide) in paragraph at lines 52--52
\OT1/cmr/bx/n/10.95 (-20) through 
 []


Overfull \hbox (5.45674pt too wide) in paragraph at lines 52--52
\OT1/cmr/bx/n/10.95 (-20) equal 
 []


Overfull \hbox (167.80812pt too wide) detected at line 52
\OT1/cmr/m/n/10.95 ^^H(\OML/cmm/m/it/10.95 '\OT1/cmr/m/n/10.95 ) + 2\OML/cmm/m/
it/10.95 ^^YR[] [] ' H[] [][] ' B[]\OT1/cmr/m/n/10.95 (\OML/cmm/m/it/10.95 '\OT
1/cmr/m/n/10.95 ) = ^^H[]\OML/cmm/m/it/10.95 ;
 []


Overfull \hbox (2.8494pt too wide) in paragraph at lines 52--52
\OT1/cmr/bx/n/10.95 (-20) then:  
 []


Overfull \hbox (130.15512pt too wide) detected at line 52
\OT1/cmr/m/n/10.95 2\OML/cmm/m/it/10.95 ^^Y^^XR[] [][] ' B[]\OT1/cmr/m/n/10.95 
(\OML/cmm/m/it/10.95 '\OT1/cmr/m/n/10.95 ) = ^^H[] [][] \OML/cmm/m/it/10.95 ':
 []


Overfull \hbox (19.0372pt too wide) in paragraph at lines 52--52
[]|\OT1/cmr/bx/n/10.95 (-20) Answer:  
 []


Overfull \hbox (35.04002pt too wide) detected at line 52
\OML/cmm/m/it/10.95 B[] \OT1/cmr/m/n/10.95 = []\OML/cmm/m/it/10.95 :
 []

<PE_S_EN_assets/fig3.jpg, id=34, 492.84125pt x 361.35pt>
File: PE_S_EN_assets/fig3.jpg Graphic file (type jpg)
<use PE_S_EN_assets/fig3.jpg>
Package pdftex.def Info: PE_S_EN_assets/fig3.jpg  used on input line 55.
(pdftex.def)             Requested size: 326.13744pt x 239.13133pt.
[5 <./PE_S_EN_assets/fig2.jpg>]
Overfull \vbox (688.10881pt too high) has occurred while \output is active []


[6]
Overfull \hbox (1.46843pt too wide) in paragraph at lines 57--57
\OT1/cmr/bx/n/10.95 (-20) mag- 
 []


Overfull \hbox (3.22858pt too wide) in paragraph at lines 57--57
\OT1/cmr/bx/n/10.95 (-20) netic 
 []


Overfull \hbox (19.79443pt too wide) in paragraph at lines 57--57
\OT1/cmr/bx/n/10.95 (-20) through 
 []


Overfull \hbox (9.98158pt too wide) in paragraph at lines 57--57
\OT1/cmr/bx/n/10.95 (-20) points 
 []


Overfull \hbox (22.18176pt too wide) in paragraph at lines 57--57
\OT1/cmr/m/n/10.95 (-20) (\OMS/cmsy/m/n/10.95 ^^F\OML/cmm/m/it/10.95 '[]; ^^U[]
\OT1/cmr/m/n/10.95 (-20) )$\OT1/cmr/bx/n/10.95 (-20) , 
 []


Overfull \hbox (8.71457pt too wide) in paragraph at lines 57--57
\OT1/cmr/bx/n/10.95 (-20) where 
 []


Overfull \hbox (4.51671pt too wide) in paragraph at lines 57--57
\OT1/cmr/bx/n/10.95 (-20) Then 
 []


Overfull \hbox (4.03938pt too wide) in paragraph at lines 57--57
\OT1/cmr/bx/n/10.95 (-20) equa- 
 []


Overfull \hbox (5.18251pt too wide) in paragraph at lines 57--57
\OT1/cmr/bx/n/10.95 (-20) nates 
 []


Overfull \hbox (5.27834pt too wide) in paragraph at lines 57--57
\OT1/cmr/bx/n/10.95 (-20) given 
 []


Overfull \hbox (1.7112pt too wide) in paragraph at lines 57--57
\OT1/cmr/bx/n/10.95 (-20) lows:  
 []


Overfull \hbox (99.91724pt too wide) detected at line 57
\OML/cmm/m/it/10.95 ^^U \OT1/cmr/m/n/10.95 = \OML/cmm/m/it/10.95 !\OT1/cmr/m/n/
10.95 (\OML/cmm/m/it/10.95 '\OT1/cmr/m/n/10.95 )\OML/cmm/m/it/10.95 t \OT1/cmr/
m/n/10.95 = (\OML/cmm/m/it/10.95 a \OMS/cmsy/m/n/10.95 ^^@ \OML/cmm/m/it/10.95 
b [][] '\OT1/cmr/m/n/10.95 )\OML/cmm/m/it/10.95 t
 []

[7 <./PE_S_EN_assets/fig3.jpg>]
Overfull \hbox (10.86186pt too wide) in paragraph at lines 58--58
[]|\OT1/cmr/bx/n/10.95 (-20) Points 
 []


Overfull \hbox (0.5471pt too wide) in paragraph at lines 58--58
\OT1/cmr/bx/n/10.95 (-20) with 
 []


Overfull \hbox (5.18251pt too wide) in paragraph at lines 58--58
\OT1/cmr/bx/n/10.95 (-20) nates 
 []


Overfull \hbox (5.79953pt too wide) in paragraph at lines 58--58
\OT1/cmr/bx/n/10.95 (-20) plane 
 []


Overfull \hbox (1.32922pt too wide) in paragraph at lines 58--58
\OT1/cmr/bx/n/10.95 (-20) have 
 []


Overfull \hbox (6.86009pt too wide) in paragraph at lines 58--58
\OT1/cmr/bx/n/10.95 (-20) nates:  
 []


Overfull \hbox (85.7389pt too wide) detected at line 58
[]
 []


Overfull \hbox (3.17792pt too wide) in paragraph at lines 58--58
\OT1/cmr/bx/n/10.95 (-20) Let's 
 []


Overfull \hbox (3.05147pt too wide) in paragraph at lines 58--58
\OT1/cmr/bx/n/10.95 (-20) draw 
 []


Overfull \hbox (19.79443pt too wide) in paragraph at lines 58--58
\OT1/cmr/bx/n/10.95 (-20) through 
 []


Overfull \hbox (3.74277pt too wide) in paragraph at lines 58--58
\OT1/cmr/bx/n/10.95 (-20) lated 
 []


Overfull \hbox (13.40952pt too wide) in paragraph at lines 58--58
\OT1/cmr/bx/n/10.95 (-20) points:|  
 []

<PE_S_EN_assets/fig4.jpg, id=50, 939.51pt x 941.5175pt>
File: PE_S_EN_assets/fig4.jpg Graphic file (type jpg)
<use PE_S_EN_assets/fig4.jpg>
Package pdftex.def Info: PE_S_EN_assets/fig4.jpg  used on input line 61.
(pdftex.def)             Requested size: 326.13744pt x 326.83519pt.
[8] [9]
Overfull \hbox (5.25693pt too wide) in paragraph at lines 63--63
[]|\OT1/cmr/bx/n/10.95 (-20) From 
 []


Overfull \hbox (2.39037pt too wide) in paragraph at lines 63--63
\OT1/cmr/bx/n/10.95 (-20) clear 
 []


Overfull \hbox (143.75972pt too wide) detected at line 63
[] \OML/cmm/m/it/10.95   \OT1/cmr/m/n/10.95 = [] [] \OML/cmm/m/it/10.95 ' \OT1/
cmr/m/n/10.95 = 2\OML/cmm/m/it/10.95 bt [] ' [][] ';
 []


Overfull \hbox (2.31201pt too wide) in paragraph at lines 63--63
\OT1/cmr/bx/n/10.95 (-20) from|  
 []


Overfull \hbox (19.0372pt too wide) in paragraph at lines 63--63
[]|\OT1/cmr/bx/n/10.95 (-20) Answer:  
 []


Overfull \hbox (116.74138pt too wide) detected at line 63
\OML/cmm/m/it/10.95   \OT1/cmr/m/n/10.95 = [] [] \OML/cmm/m/it/10.95 :
 []

<PE_S_EN_assets/fig5.jpg, id=59, 734.745pt x 379.4175pt>
File: PE_S_EN_assets/fig5.jpg Graphic file (type jpg)
<use PE_S_EN_assets/fig5.jpg>
Package pdftex.def Info: PE_S_EN_assets/fig5.jpg  used on input line 66.
(pdftex.def)             Requested size: 326.13744pt x 168.42052pt.
[10 <./PE_S_EN_assets/fig4.jpg>]
Overfull \hbox (1.46843pt too wide) in paragraph at lines 68--68
\OT1/cmr/bx/n/10.95 (-20) mag- 
 []


Overfull \hbox (3.22858pt too wide) in paragraph at lines 68--68
\OT1/cmr/bx/n/10.95 (-20) netic 
 []


Overfull \hbox (19.79443pt too wide) in paragraph at lines 68--68
\OT1/cmr/bx/n/10.95 (-20) through 
 []


Overfull \hbox (2.78297pt too wide) in paragraph at lines 68--68
\OT1/cmr/bx/n/10.95 (-20) faces 
 []


Overfull \hbox (11.59276pt too wide) in paragraph at lines 68--68
\OT1/cmr/bx/n/10.95 (-20) cussed 
 []


Overfull \hbox (0.6311pt too wide) in paragraph at lines 68--68
\OT1/cmr/bx/n/10.95 (-20) Part 
 []


Overfull \hbox (12.03836pt too wide) in paragraph at lines 68--68
\OT1/cmr/bx/n/10.95 (-20) should 
 []


Overfull \hbox (15.35435pt too wide) in paragraph at lines 68--68
\OT1/cmr/bx/n/10.95 (-20) change, 
 []


Overfull \hbox (2.73749pt too wide) in paragraph at lines 68--68
\OML/cmm/m/it/10.95 B[] \OT1/cmr/m/n/10.95 (-20) = 
 []


Overfull \hbox (6.74257pt too wide) in paragraph at lines 68--68
[]$\OT1/cmr/bx/n/10.95 (-20) . 
 []


Overfull \hbox (4.51671pt too wide) in paragraph at lines 68--68
\OT1/cmr/bx/n/10.95 (-20) Then  
 []


Overfull \hbox (26.87125pt too wide) detected at line 68
\OML/cmm/m/it/10.95 B \OT1/cmr/m/n/10.95 = []
 []


Overfull \hbox (7.06493pt too wide) in paragraph at lines 68--68
\OT1/cmr/bx/n/10.95 (-20) there- 
 []


Overfull \hbox (19.0372pt too wide) in paragraph at lines 68--68
[]|\OT1/cmr/bx/n/10.95 (-20) Answer:  
 []


Overfull \hbox (30.71515pt too wide) detected at line 68
[]
 []


Overfull \hbox (3.28719pt too wide) in paragraph at lines 69--69
\OT1/cmr/bx/n/10.95 (-20) prox- 
 []


Overfull \hbox (11.35794pt too wide) in paragraph at lines 69--69
[] \OML/cmm/m/it/10.95   \OMS/cmsy/m/n/10.95 ^^Y 
 []


Overfull \hbox (13.56012pt too wide) in paragraph at lines 69--69
[] \OML/cmm/m/it/10.95   \OT1/cmr/m/n/10.95 (-20) = 
 []


Overfull \hbox (14.81186pt too wide) in paragraph at lines 69--69
\OT1/cmr/m/n/10.95 (-20) 1\OML/cmm/m/it/10.95 = []  $\OT1/cmr/bx/n/10.95 (-20) 
, 
 []


Overfull \hbox (7.06493pt too wide) in paragraph at lines 69--69
\OT1/cmr/bx/n/10.95 (-20) there- 
 []


Overfull \hbox (111.377pt too wide) detected at line 69
\OML/cmm/m/it/10.95 B \OT1/cmr/m/n/10.95 = [] = 2\OML/cmm/m/it/10.95 B[]bt [] '
;
 []


Overfull \hbox (10.66722pt too wide) in paragraph at lines 69--69
\OT1/cmr/bx/n/10.95 (-20) means 
 []


Overfull \hbox (0.82901pt too wide) in paragraph at lines 69--69
\OT1/cmr/bx/n/10.95 (-20) type 
 []


Overfull \hbox (7.92471pt too wide) in paragraph at lines 69--69
\OT1/cmr/bx/n/10.95 (-20) curve, 
 []


Overfull \hbox (7.73877pt too wide) in paragraph at lines 69--69
\OT1/cmr/bx/n/10.95 (-20) which 
 []


Overfull \hbox (4.91525pt too wide) in paragraph at lines 69--69
\OT1/cmr/bx/n/10.95 (-20) spots 
 []


Overfull \hbox (0.68338pt too wide) in paragraph at lines 69--69
\OT1/cmr/bx/n/10.95 (-20) pear 
 []


Overfull \hbox (15.5851pt too wide) in paragraph at lines 69--69
\OT1/cmr/bx/n/10.95 (-20) scribed 
 []


Overfull \hbox (1.4774pt too wide) in paragraph at lines 69--69
\OT1/cmr/bx/n/10.95 (-20) pres- 
 []


Overfull \hbox (54.5867pt too wide) detected at line 69
\OML/cmm/m/it/10.95 B[] \OT1/cmr/m/n/10.95 = 2\OML/cmm/m/it/10.95 B[]bt [] ';
 []


Overfull \hbox (10.66426pt too wide) in paragraph at lines 69--69
\OT1/cmr/bx/n/10.95 (-20) eariza- 
 []


Overfull \hbox (1.7112pt too wide) in paragraph at lines 69--69
\OT1/cmr/bx/n/10.95 (-20) lows:  
 []


Overfull \hbox (28.90791pt too wide) detected at line 69
\OML/cmm/m/it/10.95 t \OT1/cmr/m/n/10.95 = []\OML/cmm/m/it/10.95 ;
 []


Overfull \hbox (8.71457pt too wide) in paragraph at lines 69--69
\OT1/cmr/bx/n/10.95 (-20) where 
 []


Overfull \hbox (19.33286pt too wide) in paragraph at lines 69--69
\OT1/cmr/bx/n/10.95 (-20) counted 
 []


Overfull \hbox (2.31201pt too wide) in paragraph at lines 69--69
\OT1/cmr/bx/n/10.95 (-20) from 
 []


Overfull \hbox (0.69547pt too wide) in paragraph at lines 69--69
\OT1/cmr/bx/n/10.95 (-20) \but- 
 []


Overfull \hbox (10.44069pt too wide) in paragraph at lines 69--69
\OT1/cmr/bx/n/10.95 (-20) Maun- 
 []


Overfull \hbox (10.32426pt too wide) in paragraph at lines 69--69
\OT1/cmr/bx/n/10.95 (-20) gram). 
 []


Overfull \hbox (10.9042pt too wide) in paragraph at lines 69--69
\OT1/cmr/bx/n/10.95 (-20) struct- 
 []


Overfull \hbox (10.44069pt too wide) in paragraph at lines 69--69
\OT1/cmr/bx/n/10.95 (-20) Maun- 
 []


Overfull \hbox (6.21774pt too wide) in paragraph at lines 69--69
\OT1/cmr/bx/n/10.95 (-20) gram, 
 []


Overfull \hbox (7.5135pt too wide) in paragraph at lines 69--69
\OT1/cmr/bx/n/10.95 (-20) dence 
 []


Overfull \hbox (15.82205pt too wide) in paragraph at lines 69--69
\OML/cmm/m/it/10.95 t\OT1/cmr/m/n/10.95 (-20) ([] 2\OML/cmm/m/it/10.95 '\OT1/cm
r/m/n/10.95 (-20) )$ 
 []


Overfull \hbox (9.98158pt too wide) in paragraph at lines 69--69
\OT1/cmr/bx/n/10.95 (-20) points 
 []


Overfull \hbox (2.95839pt too wide) in paragraph at lines 69--69
\OT1/cmr/bx/n/10.95 (-20) pear- 
 []


Overfull \hbox (1.00043pt too wide) in paragraph at lines 69--69
\OT1/cmr/bx/n/10.95 (-20) ance 
 []


Overfull \hbox (10.69936pt too wide) in paragraph at lines 69--69
\OT1/cmr/bx/n/10.95 (-20) spots). 
 []


Overfull \hbox (5.25693pt too wide) in paragraph at lines 69--69
\OT1/cmr/bx/n/10.95 (-20) From 
 []


Overfull \hbox (1.17181pt too wide) in paragraph at lines 69--69
\OT1/cmr/bx/n/10.95 (-20) then 
 []


Overfull \hbox (19.0372pt too wide) in paragraph at lines 69--69
[]|\OT1/cmr/bx/n/10.95 (-20) Answer:  
 []


Overfull \hbox (43.61359pt too wide) detected at line 69
\OML/cmm/m/it/10.95 B[] \OT1/cmr/m/n/10.95 = (15 \OMS/cmsy/m/n/10.95 ^^F \OT1/c
mr/m/n/10.95 5) \OML/cmm/m/it/10.95 T
 []

<PE_S_EN_assets/fig6.jpg, id=65, 707.64375pt x 921.4425pt>
File: PE_S_EN_assets/fig6.jpg Graphic file (type jpg)
<use PE_S_EN_assets/fig6.jpg>
Package pdftex.def Info: PE_S_EN_assets/fig6.jpg  used on input line 72.
(pdftex.def)             Requested size: 326.13744pt x 424.67012pt.
[11 <./PE_S_EN_assets/fig5.jpg (PNG copy)>]
Overfull \vbox (1096.5474pt too high) has occurred while \output is active []


[12]
Overfull \hbox (1.17183pt too wide) in paragraph at lines 74--74
\OT1/cmr/bx/n/10.95 (-20) time 
 []


Overfull \hbox (8.1851pt too wide) in paragraph at lines 74--74
\OT1/cmr/bx/n/10.95 (-20) tween 
 []


Overfull \hbox (9.98158pt too wide) in paragraph at lines 74--74
\OT1/cmr/bx/n/10.95 (-20) points 
 []


Overfull \hbox (0.5471pt too wide) in paragraph at lines 74--74
\OT1/cmr/bx/n/10.95 (-20) with 
 []


Overfull \hbox (3.81136pt too wide) in paragraph at lines 74--74
\OT1/cmr/bx/n/10.95 (-20) same 
 []


Overfull \hbox (12.9228pt too wide) in paragraph at lines 74--74
\OT1/cmr/bx/n/10.95 (-20) \phase" 
 []


Overfull \hbox (5.98631pt too wide) in paragraph at lines 74--74
\OT1/cmr/bx/n/10.95 (-20) vided 
 []


Overfull \hbox (2.66121pt too wide) in paragraph at lines 74--74
\OT1/cmr/bx/n/10.95 (-20) num- 
 []


Overfull \hbox (5.3086pt too wide) in paragraph at lines 74--74
\OT1/cmr/bx/n/10.95 (-20) Next, 
 []


Overfull \hbox (2.66121pt too wide) in paragraph at lines 74--74
\OT1/cmr/bx/n/10.95 (-20) num- 
 []


Overfull \hbox (3.12155pt too wide) in paragraph at lines 74--74
\OT1/cmr/bx/n/10.95 (-20) must 
 []


Overfull \hbox (16.6065pt too wide) in paragraph at lines 74--74
\OT1/cmr/bx/n/10.95 (-20) creased 
 []


Overfull \hbox (7.71709pt too wide) in paragraph at lines 74--74
\OT1/cmr/bx/n/10.95 (-20) times, 
 []


Overfull \hbox (3.29715pt too wide) in paragraph at lines 74--74
\OT1/cmr/bx/n/10.95 (-20) since 
 []


Overfull \hbox (18.54445pt too wide) in paragraph at lines 74--74
\OT1/cmr/bx/n/10.95 (-20) changes 
 []


Overfull \hbox (1.68599pt too wide) in paragraph at lines 74--74
\OT1/cmr/bx/n/10.95 (-20) tion.|  
 []


Overfull \hbox (19.0372pt too wide) in paragraph at lines 74--74
[]|\OT1/cmr/bx/n/10.95 (-20) Answer:  
 []


Overfull \hbox (37.4212pt too wide) detected at line 74
\OML/cmm/m/it/10.95 T[] \OT1/cmr/m/n/10.95 = 22 \OML/cmm/m/it/10.95 year
 []

[13 <./PE_S_EN_assets/fig6.jpg>]
Overfull \vbox (67.29341pt too high) has occurred while \output is active []


[14] [15] (PE_S_EN_2.aux)
 ***********
LaTeX2e <2025-11-01>
L3 programming layer <2025-12-24>
 ***********
Package rerunfilecheck Info: File `PE_S_EN_2.out' has not changed.
(rerunfilecheck)             Checksum: D41D8CD98F00B204E9800998ECF8427E;0.
 ) 
Here is how much of TeX's memory you used:
 14038 strings out of 467871
 225445 string characters out of 5418376
 681418 words of memory out of 5000000
 42688 multiletter control sequences out of 15000+600000
 638214 words of font info for 100 fonts, out of 8000000 for 9000
 1141 hyphenation exceptions out of 8191
 75i,18n,79p,1047b,482s stack positions out of 10000i,1000n,20000p,200000b,200000s
<C:/Users/aadib/AppData/Local/Programs/MiKTeX/fonts/type1/public/amsfonts/cm/
cmbx10.pfb><C:/Users/aadib/AppData/Local/Programs/MiKTeX/fonts/type1/public/ams
fonts/cm/cmbx12.pfb><C:/Users/aadib/AppData/Local/Programs/MiKTeX/fonts/type1/p
ublic/amsfonts/cm/cmbx8.pfb><C:/Users/aadib/AppData/Local/Programs/MiKTeX/fonts
/type1/public/amsfonts/cm/cmex10.pfb><C:/Users/aadib/AppData/Local/Programs/MiK
TeX/fonts/type1/public/amsfonts/cm/cmmi10.pfb><C:/Users/aadib/AppData/Local/Pro
grams/MiKTeX/fonts/type1/public/amsfonts/cm/cmmi6.pfb><C:/Users/aadib/AppData/L
ocal/Programs/MiKTeX/fonts/type1/public/amsfonts/cm/cmmi8.pfb><C:/Users/aadib/A
ppData/Local/Programs/MiKTeX/fonts/type1/public/amsfonts/cm/cmr10.pfb><C:/Users
/aadib/AppData/Local/Programs/MiKTeX/fonts/type1/public/amsfonts/cm/cmr8.pfb><C
:/Users/aadib/AppData/Local/Programs/MiKTeX/fonts/type1/public/amsfonts/cm/cmsy
10.pfb><C:/Users/aadib/AppData/Local/Programs/MiKTeX/fonts/type1/public/amsfont
s/cm/cmsy8.pfb><C:/Users/aadib/AppData/Local/Programs/MiKTeX/fonts/type1/public
/amsfonts/cm/cmti10.pfb><C:/Users/aadib/AppData/Local/Programs/MiKTeX/fonts/typ
e1/public/amsfonts/cm/cmtt10.pfb><C:/Users/aadib/AppData/Local/Programs/MiKTeX/
fonts/type1/public/amsfonts/euler/eufm10.pfb>
Output written on PE_S_EN_2.pdf (15 pages, 933748 bytes).
PDF statistics:
 157 PDF objects out of 1000 (max. 8388607)
 22 named destinations out of 1000 (max. 500000)
 21023 words of extra memory for PDF output out of 24883 (max. 10000000)

