This is pdfTeX, Version 3.141592653-2.6-1.40.28 (MiKTeX 25.12) (preloaded format=pdflatex 2026.4.24)  25 APR 2026 22:04
entering extended mode
 restricted \write18 enabled.
 %&-line parsing enabled.
**./E2_S_EN_2.tex
(E2_S_EN_2.tex
LaTeX2e <2025-11-01>
L3 programming layer <2025-12-24>
(C:\Users\aadib\AppData\Local\Programs\MiKTeX\tex/latex/base\article.cls
Document Class: article 2025/01/22 v1.4n Standard LaTeX document class
(C:\Users\aadib\AppData\Local\Programs\MiKTeX\tex/latex/base\size11.clo
File: size11.clo 2025/01/22 v1.4n Standard LaTeX file (size option)
)
\c@part=\count275
\c@section=\count276
\c@subsection=\count277
\c@subsubsection=\count278
\c@paragraph=\count279
\c@subparagraph=\count280
\c@figure=\count281
\c@table=\count282
\abovecaptionskip=\skip49
\belowcaptionskip=\skip50
\bibindent=\dimen148
)
(C:\Users\aadib\AppData\Local\Programs\MiKTeX\tex/latex/geometry\geometry.sty
Package: geometry 2026/03/07 v6.0 Page Geometry

(C:\Users\aadib\AppData\Local\Programs\MiKTeX\tex/latex/graphics\keyval.sty
Package: keyval 2022/05/29 v1.15 key=value parser (DPC)
\KV@toks@=\toks17
)
(C:\Users\aadib\AppData\Local\Programs\MiKTeX\tex/generic/iftex\ifvtex.sty
Package: ifvtex 2019/10/25 v1.7 ifvtex legacy package. Use iftex instead.

(C:\Users\aadib\AppData\Local\Programs\MiKTeX\tex/generic/iftex\iftex.sty
Package: iftex 2024/12/12 v1.0g TeX engine tests
))
\Gm@cnth=\count283
\Gm@cntv=\count284
\c@Gm@tempcnt=\count285
\Gm@bindingoffset=\dimen149
\Gm@wd@mp=\dimen150
\Gm@odd@mp=\dimen151
\Gm@even@mp=\dimen152
\Gm@layoutwidth=\dimen153
\Gm@layoutheight=\dimen154
\Gm@layouthoffset=\dimen155
\Gm@layoutvoffset=\dimen156
\Gm@dimlist=\toks18

(C:\Users\aadib\AppData\Local\Programs\MiKTeX\tex/latex/geometry\geometry.cfg))
(C:\Users\aadib\AppData\Local\Programs\MiKTeX\tex/latex/amsmath\amsmath.sty
Package: amsmath 2025/07/09 v2.17z AMS math features
\@mathmargin=\skip51

For additional information on amsmath, use the `?' option.
(C:\Users\aadib\AppData\Local\Programs\MiKTeX\tex/latex/amsmath\amstext.sty
Package: amstext 2024/11/17 v2.01 AMS text

(C:\Users\aadib\AppData\Local\Programs\MiKTeX\tex/latex/amsmath\amsgen.sty
File: amsgen.sty 1999/11/30 v2.0 generic functions
\@emptytoks=\toks19
\ex@=\dimen157
))
(C:\Users\aadib\AppData\Local\Programs\MiKTeX\tex/latex/amsmath\amsbsy.sty
Package: amsbsy 1999/11/29 v1.2d Bold Symbols
\pmbraise@=\dimen158
)
(C:\Users\aadib\AppData\Local\Programs\MiKTeX\tex/latex/amsmath\amsopn.sty
Package: amsopn 2022/04/08 v2.04 operator names
)
\inf@bad=\count286
LaTeX Info: Redefining \frac on input line 233.
\uproot@=\count287
\leftroot@=\count288
LaTeX Info: Redefining \overline on input line 398.
LaTeX Info: Redefining \colon on input line 409.
\classnum@=\count289
\DOTSCASE@=\count290
LaTeX Info: Redefining \ldots on input line 495.
LaTeX Info: Redefining \dots on input line 498.
LaTeX Info: Redefining \cdots on input line 619.
\Mathstrutbox@=\box53
\strutbox@=\box54
LaTeX Info: Redefining \big on input line 721.
LaTeX Info: Redefining \Big on input line 722.
LaTeX Info: Redefining \bigg on input line 723.
LaTeX Info: Redefining \Bigg on input line 724.
\big@size=\dimen159
LaTeX Font Info:    Redeclaring font encoding OML on input line 742.
LaTeX Font Info:    Redeclaring font encoding OMS on input line 743.
\macc@depth=\count291
LaTeX Info: Redefining \bmod on input line 904.
LaTeX Info: Redefining \pmod on input line 909.
LaTeX Info: Redefining \smash on input line 939.
LaTeX Info: Redefining \relbar on input line 969.
LaTeX Info: Redefining \Relbar on input line 970.
\c@MaxMatrixCols=\count292
\dotsspace@=\muskip17
\c@parentequation=\count293
\dspbrk@lvl=\count294
\tag@help=\toks20
\row@=\count295
\column@=\count296
\maxfields@=\count297
\andhelp@=\toks21
\eqnshift@=\dimen160
\alignsep@=\dimen161
\tagshift@=\dimen162
\tagwidth@=\dimen163
\totwidth@=\dimen164
\lineht@=\dimen165
\@envbody=\toks22
\multlinegap=\skip52
\multlinetaggap=\skip53
\mathdisplay@stack=\toks23
LaTeX Info: Redefining \[ on input line 2950.
LaTeX Info: Redefining \] on input line 2951.
)
(C:\Users\aadib\AppData\Local\Programs\MiKTeX\tex/latex/amsfonts\amssymb.sty
Package: amssymb 2013/01/14 v3.01 AMS font symbols

(C:\Users\aadib\AppData\Local\Programs\MiKTeX\tex/latex/amsfonts\amsfonts.sty
Package: amsfonts 2013/01/14 v3.01 Basic AMSFonts support
\symAMSa=\mathgroup4
\symAMSb=\mathgroup5
LaTeX Font Info:    Redeclaring math symbol \hbar on input line 98.
LaTeX Font Info:    Overwriting math alphabet `\mathfrak' in version `bold'
(Font)                  U/euf/m/n --> U/euf/b/n on input line 106.
)) (C:\Users\aadib\AppData\Local\Programs\MiKTeX\tex/latex/graphics\graphicx.st
y
Package: graphicx 2024/12/31 v1.2e Enhanced LaTeX Graphics (DPC,SPQR)

(C:\Users\aadib\AppData\Local\Programs\MiKTeX\tex/latex/graphics\graphics.sty
Package: graphics 2024/08/06 v1.4g Standard LaTeX Graphics (DPC,SPQR)

(C:\Users\aadib\AppData\Local\Programs\MiKTeX\tex/latex/graphics\trig.sty
Package: trig 2023/12/02 v1.11 sin cos tan (DPC)
)
(C:\Users\aadib\AppData\Local\Programs\MiKTeX\tex/latex/graphics-cfg\graphics.c
fg
File: graphics.cfg 2016/06/04 v1.11 sample graphics configuration
)
Package graphics Info: Driver file: pdftex.def on input line 106.

(C:\Users\aadib\AppData\Local\Programs\MiKTeX\tex/latex/graphics-def\pdftex.def
File: pdftex.def 2025/09/29 v1.2d Graphics/color driver for pdftex
))
\Gin@req@height=\dimen166
\Gin@req@width=\dimen167
) (C:\Users\aadib\AppData\Local\Programs\MiKTeX\tex/latex/float\float.sty
Package: float 2001/11/08 v1.3d Float enhancements (AL)
\c@float@type=\count298
\float@exts=\toks24
\float@box=\box55
\@float@everytoks=\toks25
\@floatcapt=\box56
)
(C:\Users\aadib\AppData\Local\Programs\MiKTeX\tex/latex/enumitem\enumitem.sty
Package: enumitem 2025/02/06 v3.11 Customized lists
\labelindent=\skip54
\enit@outerparindent=\dimen168
\enit@toks=\toks26
\enit@inbox=\box57
\enit@count@id=\count299
\enitdp@description=\count300
)
(C:\Users\aadib\AppData\Local\Programs\MiKTeX\tex/latex/microtype\microtype.sty
Package: microtype 2026/03/01 v3.2d Micro-typographical refinements (RS)
(C:\Users\aadib\AppData\Local\Programs\MiKTeX\tex/latex/etoolbox\etoolbox.sty
Package: etoolbox 2025/10/02 v2.5m e-TeX tools for LaTeX (JAW)
\etb@tempcnta=\count301
)
\MT@toks=\toks27
\MT@tempbox=\box58
\MT@count=\count302
LaTeX Info: Redefining \noprotrusionifhmode on input line 1084.
LaTeX Info: Redefining \leftprotrusion on input line 1085.
\MT@prot@toks=\toks28
LaTeX Info: Redefining \rightprotrusion on input line 1104.
LaTeX Info: Redefining \textls on input line 1449.
\MT@outer@kern=\dimen169
LaTeX Info: Redefining \microtypecontext on input line 2053.
LaTeX Info: Redefining \textmicrotypecontext on input line 2070.
\MT@listname@count=\count303

(C:\Users\aadib\AppData\Local\Programs\MiKTeX\tex/latex/microtype\microtype-pdf
tex.def
File: microtype-pdftex.def 2026/03/01 v3.2d Definitions specific to pdftex (RS)

LaTeX Info: Redefining \lsstyle on input line 944.
LaTeX Info: Redefining \lslig on input line 944.
\MT@outer@space=\skip55
)
Package microtype Info: Loading configuration file microtype.cfg.

(C:\Users\aadib\AppData\Local\Programs\MiKTeX\tex/latex/microtype\microtype.cfg
File: microtype.cfg 2026/03/01 v3.2d microtype main configuration file (RS)
)
LaTeX Info: Redefining \microtypesetup on input line 3065.
) (C:\Users\aadib\AppData\Local\Programs\MiKTeX\tex/latex/caption\caption.sty
Package: caption 2023/08/05 v3.6o Customizing captions (AR)

(C:\Users\aadib\AppData\Local\Programs\MiKTeX\tex/latex/caption\caption3.sty
Package: caption3 2023/07/31 v2.4d caption3 kernel (AR)
\caption@tempdima=\dimen170
\captionmargin=\dimen171
\caption@leftmargin=\dimen172
\caption@rightmargin=\dimen173
\caption@width=\dimen174
\caption@indent=\dimen175
\caption@parindent=\dimen176
\caption@hangindent=\dimen177
Package caption Info: Standard document class detected.
)
\c@caption@flags=\count304
\c@continuedfloat=\count305
Package caption Info: float package is loaded.
)
(C:\Users\aadib\AppData\Local\Programs\MiKTeX\tex/latex/tools\tabularx.sty
Package: tabularx 2023/12/11 v2.12a `tabularx' package (DPC)

(C:\Users\aadib\AppData\Local\Programs\MiKTeX\tex/latex/tools\array.sty
Package: array 2025/09/25 v2.6n Tabular extension package (FMi)
\col@sep=\dimen178
\ar@mcellbox=\box59
\extrarowheight=\dimen179
\NC@list=\toks29
\extratabsurround=\skip56
\backup@length=\skip57
\ar@cellbox=\box60
)
\TX@col@width=\dimen180
\TX@old@table=\dimen181
\TX@old@col=\dimen182
\TX@target=\dimen183
\TX@delta=\dimen184
\TX@cols=\count306
\TX@ftn=\toks30
)
(C:\Users\aadib\AppData\Local\Programs\MiKTeX\tex/latex/hyperref\hyperref.sty
Package: hyperref 2025-07-12 v7.01o Hypertext links for LaTeX

(C:\Users\aadib\AppData\Local\Programs\MiKTeX\tex/latex/kvsetkeys\kvsetkeys.sty
Package: kvsetkeys 2022-10-05 v1.19 Key value parser (HO)
)
(C:\Users\aadib\AppData\Local\Programs\MiKTeX\tex/generic/kvdefinekeys\kvdefine
keys.sty
Package: kvdefinekeys 2019-12-19 v1.6 Define keys (HO)
)
(C:\Users\aadib\AppData\Local\Programs\MiKTeX\tex/generic/pdfescape\pdfescape.s
ty
Package: pdfescape 2019/12/09 v1.15 Implements pdfTeX's escape features (HO)

(C:\Users\aadib\AppData\Local\Programs\MiKTeX\tex/generic/ltxcmds\ltxcmds.sty
Package: ltxcmds 2023-12-04 v1.26 LaTeX kernel commands for general use (HO)
)
(C:\Users\aadib\AppData\Local\Programs\MiKTeX\tex/generic/pdftexcmds\pdftexcmds
.sty
Package: pdftexcmds 2020-06-27 v0.33 Utility functions of pdfTeX for LuaTeX (HO
)

(C:\Users\aadib\AppData\Local\Programs\MiKTeX\tex/generic/infwarerr\infwarerr.s
ty
Package: infwarerr 2019/12/03 v1.5 Providing info/warning/error messages (HO)
)
Package pdftexcmds Info: \pdf@primitive is available.
Package pdftexcmds Info: \pdf@ifprimitive is available.
Package pdftexcmds Info: \pdfdraftmode found.
))
(C:\Users\aadib\AppData\Local\Programs\MiKTeX\tex/latex/hycolor\hycolor.sty
Package: hycolor 2020-01-27 v1.10 Color options for hyperref/bookmark (HO)
)
(C:\Users\aadib\AppData\Local\Programs\MiKTeX\tex/latex/hyperref\nameref.sty
Package: nameref 2025-06-21 v2.57 Cross-referencing by name of section

(C:\Users\aadib\AppData\Local\Programs\MiKTeX\tex/latex/refcount\refcount.sty
Package: refcount 2019/12/15 v3.6 Data extraction from label references (HO)
)
(C:\Users\aadib\AppData\Local\Programs\MiKTeX\tex/generic/gettitlestring\gettit
lestring.sty
Package: gettitlestring 2019/12/15 v1.6 Cleanup title references (HO)

(C:\Users\aadib\AppData\Local\Programs\MiKTeX\tex/latex/kvoptions\kvoptions.sty
Package: kvoptions 2022-06-15 v3.15 Key value format for package options (HO)
))
\c@section@level=\count307
)
(C:\Users\aadib\AppData\Local\Programs\MiKTeX\tex/generic/stringenc\stringenc.s
ty
Package: stringenc 2019/11/29 v1.12 Convert strings between diff. encodings (HO
)
)
\@linkdim=\dimen185
\Hy@linkcounter=\count308
\Hy@pagecounter=\count309
 (C:\Users\aadib\AppData\Local\Programs\MiKTeX\tex/latex/hyperref\pd1enc.def
File: pd1enc.def 2025-07-12 v7.01o Hyperref: PDFDocEncoding definition (HO)
Now handling font encoding PD1 ...
... no UTF-8 mapping file for font encoding PD1
) (C:\Users\aadib\AppData\Local\Programs\MiKTeX\tex/generic/intcalc\intcalc.sty
Package: intcalc 2019/12/15 v1.3 Expandable calculations with integers (HO)
)
\Hy@SavedSpaceFactor=\count310
 (C:\Users\aadib\AppData\Local\Programs\MiKTeX\tex/latex/hyperref\puenc.def
File: puenc.def 2025-07-12 v7.01o Hyperref: PDF Unicode definition (HO)
Now handling font encoding PU ...
... no UTF-8 mapping file for font encoding PU
)
Package hyperref Info: Hyper figures OFF on input line 4195.
Package hyperref Info: Link nesting OFF on input line 4200.
Package hyperref Info: Hyper index ON on input line 4203.
Package hyperref Info: Plain pages OFF on input line 4210.
Package hyperref Info: Backreferencing OFF on input line 4215.
Package hyperref Info: Implicit mode ON; LaTeX internals redefined.
Package hyperref Info: Bookmarks ON on input line 4462.
\c@Hy@tempcnt=\count311

(C:\Users\aadib\AppData\Local\Programs\MiKTeX\tex/latex/url\url.sty
\Urlmuskip=\muskip18
Package: url 2013/09/16  ver 3.4  Verb mode for urls, etc.
)
LaTeX Info: Redefining \url on input line 4801.
\XeTeXLinkMargin=\dimen186

(C:\Users\aadib\AppData\Local\Programs\MiKTeX\tex/generic/bitset\bitset.sty
Package: bitset 2019/12/09 v1.3 Handle bit-vector datatype (HO)

(C:\Users\aadib\AppData\Local\Programs\MiKTeX\tex/generic/bigintcalc\bigintcalc
.sty
Package: bigintcalc 2019/12/15 v1.5 Expandable calculations on big integers (HO
)
))
\Fld@menulength=\count312
\Field@Width=\dimen187
\Fld@charsize=\dimen188
Package hyperref Info: Hyper figures OFF on input line 6078.
Package hyperref Info: Link nesting OFF on input line 6083.
Package hyperref Info: Hyper index ON on input line 6086.
Package hyperref Info: backreferencing OFF on input line 6093.
Package hyperref Info: Link coloring OFF on input line 6098.
Package hyperref Info: Link coloring with OCG OFF on input line 6103.
Package hyperref Info: PDF/A mode OFF on input line 6108.
\Hy@abspage=\count313
\c@Item=\count314
\c@Hfootnote=\count315
)
Package hyperref Info: Driver (autodetected): hpdftex.

(C:\Users\aadib\AppData\Local\Programs\MiKTeX\tex/latex/hyperref\hpdftex.def
File: hpdftex.def 2025-07-12 v7.01o Hyperref driver for pdfTeX
\Fld@listcount=\count316
\c@bookmark@seq@number=\count317

(C:\Users\aadib\AppData\Local\Programs\MiKTeX\tex/latex/rerunfilecheck\rerunfil
echeck.sty
Package: rerunfilecheck 2025-06-21 v1.11 Rerun checks for auxiliary files (HO)

(C:\Users\aadib\AppData\Local\Programs\MiKTeX\tex/generic/uniquecounter\uniquec
ounter.sty
Package: uniquecounter 2019/12/15 v1.4 Provide unlimited unique counter (HO)
)
Package uniquecounter Info: New unique counter `rerunfilecheck' on input line 2
84.
)
\Hy@SectionHShift=\skip58
)
(C:\Users\aadib\AppData\Local\Programs\MiKTeX\tex/latex/l3backend\l3backend-pdf
tex.def
File: l3backend-pdftex.def 2025-10-09 L3 backend support: PDF output (pdfTeX)
\l__color_backend_stack_int=\count318
) (E2_S_EN_2.aux)
\openout1 = `E2_S_EN_2.aux'.

LaTeX Font Info:    Checking defaults for OML/cmm/m/it on input line 37.
LaTeX Font Info:    ... okay on input line 37.
LaTeX Font Info:    Checking defaults for OMS/cmsy/m/n on input line 37.
LaTeX Font Info:    ... okay on input line 37.
LaTeX Font Info:    Checking defaults for OT1/cmr/m/n on input line 37.
LaTeX Font Info:    ... okay on input line 37.
LaTeX Font Info:    Checking defaults for T1/cmr/m/n on input line 37.
LaTeX Font Info:    ... okay on input line 37.
LaTeX Font Info:    Checking defaults for TS1/cmr/m/n on input line 37.
LaTeX Font Info:    ... okay on input line 37.
LaTeX Font Info:    Checking defaults for OMX/cmex/m/n on input line 37.
LaTeX Font Info:    ... okay on input line 37.
LaTeX Font Info:    Checking defaults for U/cmr/m/n on input line 37.
LaTeX Font Info:    ... okay on input line 37.
LaTeX Font Info:    Checking defaults for PD1/pdf/m/n on input line 37.
LaTeX Font Info:    ... okay on input line 37.
LaTeX Font Info:    Checking defaults for PU/pdf/m/n on input line 37.
LaTeX Font Info:    ... okay on input line 37.

*geometry* driver: auto-detecting
*geometry* detected driver: pdftex
*geometry* verbose mode - [ preamble ] result:
* driver: pdftex
* paper: a4paper
* layout: <same size as paper>
* layoutoffset:(h,v)=(0.0pt,0.0pt)
* modes: 
* h-part:(L,W,R)=(72.26999pt, 452.9679pt, 72.26999pt)
* v-part:(T,H,B)=(72.26999pt, 700.50687pt, 72.26999pt)
* \paperwidth=597.50787pt
* \paperheight=845.04684pt
* \textwidth=452.9679pt
* \textheight=700.50687pt
* \oddsidemargin=0.0pt
* \evensidemargin=0.0pt
* \topmargin=-37.0pt
* \headheight=12.0pt
* \headsep=25.0pt
* \topskip=11.0pt
* \footskip=30.0pt
* \marginparwidth=50.0pt
* \marginparsep=10.0pt
* \columnsep=10.0pt
* \skip\footins=10.0pt plus 4.0pt minus 2.0pt
* \hoffset=0.0pt
* \voffset=0.0pt
* \mag=1000
* \@twocolumnfalse
* \@twosidefalse
* \@mparswitchfalse
* \@reversemarginfalse
* (1in=72.27pt=25.4mm, 1cm=28.453pt)


(C:\Users\aadib\AppData\Local\Programs\MiKTeX\tex/context/base/mkii\supp-pdf.mk
ii
[Loading MPS to PDF converter (version 2006.09.02).]
\scratchcounter=\count319
\scratchdimen=\dimen189
\scratchbox=\box61
\nofMPsegments=\count320
\nofMParguments=\count321
\everyMPshowfont=\toks31
\MPscratchCnt=\count322
\MPscratchDim=\dimen190
\MPnumerator=\count323
\makeMPintoPDFobject=\count324
\everyMPtoPDFconversion=\toks32
)
(C:\Users\aadib\AppData\Local\Programs\MiKTeX\tex/latex/epstopdf-pkg\epstopdf-b
ase.sty
Package: epstopdf-base 2020-01-24 v2.11 Base part for package epstopdf
Package epstopdf-base Info: Redefining graphics rule for `.eps' on input line 4
85.

(C:\Users\aadib\AppData\Local\Programs\MiKTeX\tex/latex/00miktex\epstopdf-sys.c
fg
File: epstopdf-sys.cfg 2021/03/18 v2.0 Configuration of epstopdf for MiKTeX
))
LaTeX Info: Redefining \microtypecontext on input line 37.
Package microtype Info: Applying patch `item' on input line 37.
Package microtype Info: Applying patch `toc' on input line 37.
Package microtype Info: Applying patch `eqnum' on input line 37.
Package microtype Info: Applying patch `footnote' on input line 37.
Package microtype Info: Applying patch `verbatim' on input line 37.
LaTeX Info: Redefining \microtypesetup on input line 37.
Package microtype Info: Generating PDF output.
Package microtype Info: Character protrusion enabled (level 2).
Package microtype Info: Using default protrusion set `alltext'.
Package microtype Info: Automatic font expansion enabled (level 2),
(microtype)             stretch: 20, shrink: 20, step: 1, non-selected.
Package microtype Info: Using default expansion set `alltext-nott'.
Package microtype Info: Patching command `\showhyphens'.
Package microtype Info: No adjustment of tracking.
Package microtype Info: No adjustment of interword spacing.
Package microtype Info: No adjustment of character kerning.

(C:\Users\aadib\AppData\Local\Programs\MiKTeX\tex/latex/microtype\mt-cmr.cfg
File: mt-cmr.cfg 2013/05/19 v2.2 microtype config. file: Computer Modern Roman 
(RS)
)
Package caption Info: Begin \AtBeginDocument code.
Package caption Info: hyperref package is loaded.
Package caption Info: End \AtBeginDocument code.
Package hyperref Info: Link coloring OFF on input line 37.

(E2_S_EN_2.out) (E2_S_EN_2.out)
\@outlinefile=\write3
\openout3 = `E2_S_EN_2.out'.

LaTeX Font Info:    Trying to load font information for U+msa on input line 39.


(C:\Users\aadib\AppData\Local\Programs\MiKTeX\tex/latex/amsfonts\umsa.fd
File: umsa.fd 2013/01/14 v3.01 AMS symbols A
)
(C:\Users\aadib\AppData\Local\Programs\MiKTeX\tex/latex/microtype\mt-msa.cfg
File: mt-msa.cfg 2006/02/04 v1.1 microtype config. file: AMS symbols (a) (RS)
)
LaTeX Font Info:    Trying to load font information for U+msb on input line 39.


(C:\Users\aadib\AppData\Local\Programs\MiKTeX\tex/latex/amsfonts\umsb.fd
File: umsb.fd 2013/01/14 v3.01 AMS symbols B
)
(C:\Users\aadib\AppData\Local\Programs\MiKTeX\tex/latex/microtype\mt-msb.cfg
File: mt-msb.cfg 2005/06/01 v1.0 microtype config. file: AMS symbols (b) (RS)
)
Overfull \hbox (3.17792pt too wide) in paragraph at lines 39--39
[]|\OT1/cmr/bx/n/10.95 (-20) Let's 
 []


Overfull \hbox (3.22159pt too wide) in paragraph at lines 39--39
\OT1/cmr/bx/n/10.95 (-20) mula  
 []


Overfull \hbox (48.81232pt too wide) detected at line 39
[] \OT1/cmr/m/n/10.95 + [] = []
 []


Overfull \hbox (0.65063pt too wide) in paragraph at lines 39--39
\OT1/cmr/bx/n/10.95 (-20) each 
 []


Overfull \hbox (5.10696pt too wide) in paragraph at lines 39--39
\OT1/cmr/bx/n/10.95 (-20) make 
 []


Overfull \hbox (0.95425pt too wide) in paragraph at lines 39--39
\OT1/cmr/bx/n/10.95 (-20) mea- 
 []


Overfull \hbox (1.4774pt too wide) in paragraph at lines 39--39
\OT1/cmr/bx/n/10.95 (-20) sure- 
 []


Overfull \hbox (12.54558pt too wide) in paragraph at lines 39--39
\OT1/cmr/bx/n/10.95 (-20) ments.|  
 []


Overfull \hbox (10.50177pt too wide) in paragraph at lines 39--39
[]|\OT1/cmr/bx/n/10.95 (-20) White 
 []


Overfull \hbox (3.48433pt too wide) in paragraph at lines 39--39
\OT1/cmr/bx/n/10.95 (-20) Lens: 
 []


Overfull \hbox (3.13559pt too wide) in paragraph at lines 39--39
\OT1/cmr/bx/n/10.95 (-20) Near 
 []


Overfull \hbox (49.9491pt too wide) in paragraph at lines 39--39
\OT1/cmr/m/n/10.95 (-20) 124\OML/cmm/m/it/10.95 :\OT1/cmr/m/n/10.95 (-20) 2 \OM
L/cmm/m/it/10.95 cm;  a \OT1/cmr/m/n/10.95 (-20) = 
 []


Overfull \hbox (31.4408pt too wide) in paragraph at lines 39--39
\OT1/cmr/m/n/10.95 (-20) 7\OML/cmm/m/it/10.95 :\OT1/cmr/m/n/10.95 (-20) 3 \OML/
cmm/m/it/10.95 cm  \OMS/cmsy/m/n/10.95 ) 
 []


Overfull \hbox (5.1305pt too wide) in paragraph at lines 39--39
\OT1/cmr/m/n/10.95 (-20) 6\OML/cmm/m/it/10.95 :\OT1/cmr/m/n/10.95 (-20) 9 \OML/
cmm/m/it/10.95 cm$ 
 []


Overfull \hbox (49.9491pt too wide) in paragraph at lines 39--39
\OT1/cmr/m/n/10.95 (-20) 124\OML/cmm/m/it/10.95 :\OT1/cmr/m/n/10.95 (-20) 2 \OM
L/cmm/m/it/10.95 cm;  a \OT1/cmr/m/n/10.95 (-20) = 
 []


Overfull \hbox (41.89807pt too wide) in paragraph at lines 39--39
\OT1/cmr/m/n/10.95 (-20) 116\OML/cmm/m/it/10.95 :\OT1/cmr/m/n/10.95 (-20) 5 \OM
L/cmm/m/it/10.95 cm  \OMS/cmsy/m/n/10.95 ) 
 []


Overfull \hbox (4.85674pt too wide) in paragraph at lines 39--39
\OT1/cmr/m/n/10.95 (-20) 7\OML/cmm/m/it/10.95 :\OT1/cmr/m/n/10.95 (-20) 2 \OML/
cmm/m/it/10.95 cm$|  
 []


Overfull \hbox (1.72328pt too wide) in paragraph at lines 39--39
[]|\OT1/cmr/bx/n/10.95 (-20) Blue 
 []


Overfull \hbox (3.48433pt too wide) in paragraph at lines 39--39
\OT1/cmr/bx/n/10.95 (-20) Lens: 
 []


Overfull \hbox (3.13559pt too wide) in paragraph at lines 39--39
\OT1/cmr/bx/n/10.95 (-20) Near 
 []


Overfull \hbox (49.9491pt too wide) in paragraph at lines 39--39
\OT1/cmr/m/n/10.95 (-20) 124\OML/cmm/m/it/10.95 :\OT1/cmr/m/n/10.95 (-20) 5 \OM
L/cmm/m/it/10.95 cm;  a \OT1/cmr/m/n/10.95 (-20) = 
 []


Overfull \hbox (36.53256pt too wide) in paragraph at lines 39--39
\OT1/cmr/m/n/10.95 (-20) 18\OML/cmm/m/it/10.95 :\OT1/cmr/m/n/10.95 (-20) 0 \OML
/cmm/m/it/10.95 cm  \OMS/cmsy/m/n/10.95 ) 
 []


Overfull \hbox (9.9485pt too wide) in paragraph at lines 39--39
\OT1/cmr/m/n/10.95 (-20) 15\OML/cmm/m/it/10.95 :\OT1/cmr/m/n/10.95 (-20) 4 \OML
/cmm/m/it/10.95 cm$ 
 []


Overfull \hbox (49.9491pt too wide) in paragraph at lines 39--39
\OT1/cmr/m/n/10.95 (-20) 124\OML/cmm/m/it/10.95 :\OT1/cmr/m/n/10.95 (-20) 2 \OM
L/cmm/m/it/10.95 cm;  a \OT1/cmr/m/n/10.95 (-20) = 
 []


Overfull \hbox (41.89807pt too wide) in paragraph at lines 39--39
\OT1/cmr/m/n/10.95 (-20) 103\OML/cmm/m/it/10.95 :\OT1/cmr/m/n/10.95 (-20) 2 \OM
L/cmm/m/it/10.95 cm  \OMS/cmsy/m/n/10.95 ) 
 []


Overfull \hbox (9.9485pt too wide) in paragraph at lines 39--39
\OT1/cmr/m/n/10.95 (-20) 17\OML/cmm/m/it/10.95 :\OT1/cmr/m/n/10.95 (-20) 4 \OML
/cmm/m/it/10.95 cm$|  
 []

[1

{C:/Users/aadib/AppData/Local/MiKTeX/fonts/map/pdftex/pdftex.map}]
Overfull \vbox (114.51103pt too high) has occurred while \output is active []


[2]
Overfull \hbox (1.23743pt too wide) in paragraph at lines 40--40
\OT1/cmr/bx/n/10.95 (-20) blur- 
 []


Overfull \hbox (1.34322pt too wide) in paragraph at lines 40--40
\OT1/cmr/bx/n/10.95 (-20) edge 
 []


Overfull \hbox (3.74277pt too wide) in paragraph at lines 40--40
\OT1/cmr/bx/n/10.95 (-20) lated 
 []


Overfull \hbox (12.79938pt too wide) in paragraph at lines 40--40
\OT1/cmr/bx/n/10.95 (-20) source, 
 []


Overfull \hbox (0.95425pt too wide) in paragraph at lines 40--40
\OT1/cmr/bx/n/10.95 (-20) mea- 
 []


Overfull \hbox (10.8309pt too wide) in paragraph at lines 40--40
\OT1/cmr/bx/n/10.95 (-20) width.|  
 []


Overfull \hbox (7.96808pt too wide) in paragraph at lines 42--42
\OT1/cmr/bx/n/10.95 (-20) graph 
 []


Overfull \hbox (8.32922pt too wide) in paragraph at lines 42--42
\OT1/cmr/bx/n/10.95 (-20) shows 
 []


Overfull \hbox (2.95506pt too wide) in paragraph at lines 42--42
\OT1/cmr/bx/n/10.95 (-20) weak 
 []


Overfull \hbox (6.21089pt too wide) in paragraph at lines 42--42
\OT1/cmr/bx/n/10.95 (-20) edges 
 []


Overfull \hbox (3.05147pt too wide) in paragraph at lines 42--42
\OT1/cmr/bx/n/10.95 (-20) ward 
 []

<E2_S_EN_assets/fig1.jpg, id=19, 656.4525pt x 570.13pt>
File: E2_S_EN_assets/fig1.jpg Graphic file (type jpg)
<use E2_S_EN_assets/fig1.jpg>
Package pdftex.def Info: E2_S_EN_assets/fig1.jpg  used on input line 45.
(pdftex.def)             Requested size: 326.13744pt x 283.2548pt.
[3]
Overfull \hbox (11.18376pt too wide) in paragraph at lines 47--47
[]|\OT1/cmr/bx/n/10.95 (-20) Linear 
 []


Overfull \hbox (7.5135pt too wide) in paragraph at lines 47--47
\OT1/cmr/bx/n/10.95 (-20) dence 
 []


Overfull \hbox (9.42404pt too wide) in paragraph at lines 47--47
\OT1/cmr/bx/n/10.95 (-20) cients: 
 []


Overfull \hbox (29.77046pt too wide) in paragraph at lines 47--47
\OMS/cmsy/m/n/10.95 ^^@\OT1/cmr/m/n/10.95 (-20) 0\OML/cmm/m/it/10.95 :\OT1/cmr/
m/n/10.95 (-20) 17 [] + 
 []


Overfull \hbox (3.81136pt too wide) in paragraph at lines 47--47
\OT1/cmr/bx/n/10.95 (-20) same 
 []


Overfull \hbox (1.17183pt too wide) in paragraph at lines 47--47
\OT1/cmr/bx/n/10.95 (-20) time 
 []


Overfull \hbox (10.37744pt too wide) in paragraph at lines 47--47
\OT1/cmr/m/n/10.95 (-20) 7\OML/cmm/m/it/10.95 :\OT1/cmr/m/n/10.95 (-20) 0 []$\O
T1/cmr/bx/n/10.95 (-20) . 
 []


Overfull \hbox (5.25693pt too wide) in paragraph at lines 47--47
\OT1/cmr/bx/n/10.95 (-20) From 
 []


Overfull \hbox (7.5135pt too wide) in paragraph at lines 47--47
\OT1/cmr/bx/n/10.95 (-20) dence 
 []


Overfull \hbox (2.2086pt too wide) in paragraph at lines 47--47
\OML/cmm/m/it/10.95 D[] \OT1/cmr/m/n/10.95 (-20) = 
 []


Overfull \hbox (10.6512pt too wide) in paragraph at lines 47--47
\OT1/cmr/m/n/10.95 (-20) 5\OML/cmm/m/it/10.95 :\OT1/cmr/m/n/10.95 (-20) 5 []$\O
T1/cmr/bx/n/10.95 (-20) . 
 []


Overfull \hbox (5.25693pt too wide) in paragraph at lines 47--47
\OT1/cmr/bx/n/10.95 (-20) From 
 []


Overfull \hbox (0.95425pt too wide) in paragraph at lines 47--47
\OT1/cmr/bx/n/10.95 (-20) mea- 
 []


Overfull \hbox (1.4774pt too wide) in paragraph at lines 47--47
\OT1/cmr/bx/n/10.95 (-20) sure- 
 []


Overfull \hbox (9.11765pt too wide) in paragraph at lines 47--47
\OT1/cmr/bx/n/10.95 (-20) ments 
 []


Overfull \hbox (2.2086pt too wide) in paragraph at lines 47--47
\OML/cmm/m/it/10.95 D[] \OT1/cmr/m/n/10.95 (-20) = 
 []


Overfull \hbox (9.6662pt too wide) in paragraph at lines 47--47
\OT1/cmr/m/n/10.95 (-20) 5\OML/cmm/m/it/10.95 :\OT1/cmr/m/n/10.95 (-20) 2 []$| 
 
 []

[4 <./E2_S_EN_assets/fig1.jpg>]
<E2_S_EN_assets/fig2.jpg, id=32, 450.483pt x 383.031pt>
File: E2_S_EN_assets/fig2.jpg Graphic file (type jpg)
<use E2_S_EN_assets/fig2.jpg>
Package pdftex.def Info: E2_S_EN_assets/fig2.jpg  used on input line 51.
(pdftex.def)             Requested size: 326.13744pt x 277.30754pt.
 [5]
Overfull \hbox (5.25693pt too wide) in paragraph at lines 53--53
[]|\OT1/cmr/bx/n/10.95 (-20) From 
 []


Overfull \hbox (3.22159pt too wide) in paragraph at lines 53--53
\OT1/cmr/bx/n/10.95 (-20) mula  
 []


Overfull \hbox (121.83951pt too wide) detected at line 53
[] \OT1/cmr/m/n/10.95 + [] = []  \OMS/cmsy/m/n/10.95 )  \OML/cmm/m/it/10.95 b \
OT1/cmr/m/n/10.95 = []\OML/cmm/m/it/10.95 ;
 []


Overfull \hbox (1.12819pt too wide) in paragraph at lines 53--53
\OML/cmm/m/it/10.95 W[][]$ 
 []


Overfull \hbox (0.90457pt too wide) in paragraph at lines 53--53
\OT1/cmr/bx/n/10.95 (-20) does 
 []


Overfull \hbox (3.57835pt too wide) in paragraph at lines 53--53
\OT1/cmr/bx/n/10.95 (-20) pend 
 []


Overfull \hbox (11.59262pt too wide) in paragraph at lines 53--53
\OT1/cmr/bx/n/10.95 (-20) screen. 
 []


Overfull \hbox (12.95897pt too wide) in paragraph at lines 53--53
\OT1/cmr/bx/n/10.95 (-20) bound- 
 []


Overfull \hbox (10.60762pt too wide) in paragraph at lines 53--53
\OT1/cmr/bx/n/10.95 (-20) screen 
 []


Overfull \hbox (10.08446pt too wide) in paragraph at lines 53--53
\OT1/cmr/bx/n/10.95 (-20) mined 
 []


Overfull \hbox (1.60556pt too wide) in paragraph at lines 53--53
\OT1/cmr/bx/n/10.95 (-20) pass- 
 []


Overfull \hbox (19.79443pt too wide) in paragraph at lines 53--53
\OT1/cmr/bx/n/10.95 (-20) through 
 []


Overfull \hbox (1.34322pt too wide) in paragraph at lines 53--53
\OT1/cmr/bx/n/10.95 (-20) edge 
 []


Overfull \hbox (5.25693pt too wide) in paragraph at lines 53--53
\OT1/cmr/bx/n/10.95 (-20) From 
 []


Overfull \hbox (77.34323pt too wide) detected at line 53
[] \OT1/cmr/m/n/10.95 = []
 []


Overfull \hbox (23.13933pt too wide) in paragraph at lines 53--53
\OT1/cmr/bx/n/10.95 (-20) Through 
 []


Overfull \hbox (6.6193pt too wide) in paragraph at lines 53--53
\OT1/cmr/bx/n/10.95 (-20) trans- 
 []


Overfull \hbox (3.12573pt too wide) in paragraph at lines 53--53
\OT1/cmr/bx/n/10.95 (-20) tions 
 []


Overfull \hbox (140.43561pt too wide) detected at line 53
\OML/cmm/m/it/10.95 w \OT1/cmr/m/n/10.95 = \OML/cmm/m/it/10.95 W[][] \OT1/cmr/m
/n/10.95 + \OML/cmm/m/it/10.95 D[]
 []


Overfull \hbox (2.44019pt too wide) in paragraph at lines 53--53
[]|\OT1/cmr/bx/n/10.95 (-20) Case 
 []


Overfull \hbox (12.95897pt too wide) in paragraph at lines 53--53
\OT1/cmr/bx/n/10.95 (-20) bound- 
 []


Overfull \hbox (10.60762pt too wide) in paragraph at lines 53--53
\OT1/cmr/bx/n/10.95 (-20) screen 
 []


Overfull \hbox (10.08446pt too wide) in paragraph at lines 53--53
\OT1/cmr/bx/n/10.95 (-20) mined 
 []


Overfull \hbox (1.60556pt too wide) in paragraph at lines 53--53
\OT1/cmr/bx/n/10.95 (-20) pass- 
 []


Overfull \hbox (19.79443pt too wide) in paragraph at lines 53--53
\OT1/cmr/bx/n/10.95 (-20) through 
 []


Overfull \hbox (1.34322pt too wide) in paragraph at lines 53--53
\OT1/cmr/bx/n/10.95 (-20) edge 
 []


Overfull \hbox (5.25693pt too wide) in paragraph at lines 53--53
\OT1/cmr/bx/n/10.95 (-20) From 
 []


Overfull \hbox (77.34323pt too wide) detected at line 53
[] \OT1/cmr/m/n/10.95 = []
 []


Overfull \hbox (23.13933pt too wide) in paragraph at lines 53--53
\OT1/cmr/bx/n/10.95 (-20) Through 
 []


Overfull \hbox (6.6193pt too wide) in paragraph at lines 53--53
\OT1/cmr/bx/n/10.95 (-20) trans- 
 []


Overfull \hbox (3.12573pt too wide) in paragraph at lines 53--53
\OT1/cmr/bx/n/10.95 (-20) tions 
 []


Overfull \hbox (140.43561pt too wide) detected at line 53
\OML/cmm/m/it/10.95 w \OT1/cmr/m/n/10.95 = \OML/cmm/m/it/10.95 W[][] \OMS/cmsy/
m/n/10.95 ^^@ \OML/cmm/m/it/10.95 D[]
 []


Overfull \hbox (49.29047pt too wide) in paragraph at lines 53--53
[]|\OT1/cmr/bx/n/10.95 (-20) Linearization:  
 []


Overfull \hbox (174.84883pt too wide) detected at line 53
\OT1/cmr/m/n/10.95 (\OML/cmm/m/it/10.95 aH \OMS/cmsy/m/n/10.95 ^^@ \OML/cmm/m/i
t/10.95 a[]\OT1/cmr/m/n/10.95 ) = \OMS/cmsy/m/n/10.95 ^^F[] [] \OT1/cmr/m/n/10.
95 + \OML/cmm/m/it/10.95 FH
 []


Overfull \hbox (42.15158pt too wide) in paragraph at lines 53--53
[]|\OT1/cmr/bx/n/10.95 (-20) Coordinates 
 []


Overfull \hbox (2.21469pt too wide) in paragraph at lines 53--53
\OML/cmm/m/it/10.95 X[] \OT1/cmr/m/n/10.95 (-20) = 
 []


Overfull \hbox (16.89505pt too wide) in paragraph at lines 53--53
\OML/cmm/m/it/10.95 W[]\OT1/cmr/m/n/10.95 (-20) (\OML/cmm/m/it/10.95 H \OMS/cms
y/m/n/10.95 ^^@ 
 []


Overfull \hbox (1.30148pt too wide) in paragraph at lines 53--53
\OML/cmm/m/it/10.95 aH \OMS/cmsy/m/n/10.95 ^^@ 
 []


Overfull \hbox (19.0372pt too wide) in paragraph at lines 53--53
[]|\OT1/cmr/bx/n/10.95 (-20) Answer: 
 []


Overfull \hbox (10.59863pt too wide) in paragraph at lines 53--53
\OT1/cmr/bx/n/10.95 (-20) tained 
 []


Overfull \hbox (2.31201pt too wide) in paragraph at lines 53--53
\OT1/cmr/bx/n/10.95 (-20) from 
 []


Overfull \hbox (7.96808pt too wide) in paragraph at lines 53--53
\OT1/cmr/bx/n/10.95 (-20) graph 
 []


Overfull \hbox (3.12926pt too wide) in paragraph at lines 53--53
\OT1/cmr/bx/n/10.95 (-20) ways. 
 []


Overfull \hbox (2.31201pt too wide) in paragraph at lines 53--53
\OT1/cmr/bx/n/10.95 (-20) from 
 []


Overfull \hbox (2.8262pt too wide) in paragraph at lines 53--53
\OT1/cmr/bx/n/10.95 (-20) term 
 []


Overfull \hbox (5.45674pt too wide) in paragraph at lines 53--53
\OT1/cmr/bx/n/10.95 (-20) equal 
 []


Overfull \hbox (16.16179pt too wide) in paragraph at lines 53--53
\OT1/cmr/m/n/10.95 (-20) 17\OML/cmm/m/it/10.95 :\OT1/cmr/m/n/10.95 (-20) 0 []$\
OT1/cmr/bx/n/10.95 (-20) , 
 []


Overfull \hbox (2.31201pt too wide) in paragraph at lines 53--53
\OT1/cmr/bx/n/10.95 (-20) from 
 []


Overfull \hbox (4.3325pt too wide) in paragraph at lines 53--53
\OT1/cmr/bx/n/10.95 (-20) slope 
 []


Overfull \hbox (2.53879pt too wide) in paragraph at lines 53--53
\OT1/cmr/bx/n/10.95 (-20) cient 
 []


Overfull \hbox (5.45674pt too wide) in paragraph at lines 53--53
\OT1/cmr/bx/n/10.95 (-20) equal 
 []


Overfull \hbox (15.46921pt too wide) in paragraph at lines 53--53
\OT1/cmr/m/n/10.95 (-20) 15\OML/cmm/m/it/10.95 :\OT1/cmr/m/n/10.95 (-20) 7 []$\
OT1/cmr/bx/n/10.95 (-20) . 
 []


Overfull \hbox (2.8262pt too wide) in paragraph at lines 53--53
\OT1/cmr/bx/n/10.95 (-20) term 
 []


Overfull \hbox (5.45674pt too wide) in paragraph at lines 53--53
\OT1/cmr/bx/n/10.95 (-20) equal 
 []


Overfull \hbox (1.24039pt too wide) in paragraph at lines 53--53
\OT1/cmr/bx/n/10.95 (-20) plies 
 []


Overfull \hbox (16.16179pt too wide) in paragraph at lines 53--53
\OT1/cmr/m/n/10.95 (-20) 17\OML/cmm/m/it/10.95 :\OT1/cmr/m/n/10.95 (-20) 3 []$\
OT1/cmr/bx/n/10.95 (-20) , 
 []


Overfull \hbox (4.3325pt too wide) in paragraph at lines 53--53
\OT1/cmr/bx/n/10.95 (-20) slope 
 []


Overfull \hbox (2.53879pt too wide) in paragraph at lines 53--53
\OT1/cmr/bx/n/10.95 (-20) cient 
 []


Overfull \hbox (5.45674pt too wide) in paragraph at lines 53--53
\OT1/cmr/bx/n/10.95 (-20) equal 
 []


Overfull \hbox (8.3204pt too wide) in paragraph at lines 53--53
\OMS/cmsy/m/n/10.95 ^^@\OML/cmm/m/it/10.95 F=D$ 
 []


Overfull \hbox (1.24039pt too wide) in paragraph at lines 53--53
\OT1/cmr/bx/n/10.95 (-20) plies 
 []


Overfull \hbox (17.91214pt too wide) in paragraph at lines 53--53
\OT1/cmr/m/n/10.95 (-20) 17\OML/cmm/m/it/10.95 :\OT1/cmr/m/n/10.95 (-20) 2 []$\
OT1/cmr/bx/n/10.95 (-20) .|  
 []

<E2_S_EN_assets/fig3.jpg, id=37, 473.3685pt x 238.491pt>
File: E2_S_EN_assets/fig3.jpg Graphic file (type jpg)
<use E2_S_EN_assets/fig3.jpg>
Package pdftex.def Info: E2_S_EN_assets/fig3.jpg  used on input line 56.
(pdftex.def)             Requested size: 326.13744pt x 164.31877pt.
[6 <./E2_S_EN_assets/fig2.jpg>]
Overfull \vbox (2359.54218pt too high) has occurred while \output is active []


[7]
<E2_S_EN_assets/fig4.jpg, id=48, 383.031pt x 248.127pt>
File: E2_S_EN_assets/fig4.jpg Graphic file (type jpg)
<use E2_S_EN_assets/fig4.jpg>
Package pdftex.def Info: E2_S_EN_assets/fig4.jpg  used on input line 60.
(pdftex.def)             Requested size: 326.13744pt x 211.28754pt.
<E2_S_EN_assets/fig5.jpg, id=49, 373.395pt x 325.215pt>
File: E2_S_EN_assets/fig5.jpg Graphic file (type jpg)
<use E2_S_EN_assets/fig5.jpg>
Package pdftex.def Info: E2_S_EN_assets/fig5.jpg  used on input line 64.
(pdftex.def)             Requested size: 326.13744pt x 284.06618pt.
 [8 <./E2_S_EN_assets/fig3.jpg> <./E2_S_EN_assets/fig4.jpg>]
<E2_S_EN_assets/fig6.jpg, id=58, 349.305pt x 369.7815pt>
File: E2_S_EN_assets/fig6.jpg Graphic file (type jpg)
<use E2_S_EN_assets/fig6.jpg>
Package pdftex.def Info: E2_S_EN_assets/fig6.jpg  used on input line 69.
(pdftex.def)             Requested size: 326.13744pt x 345.2756pt.
 [9 <./E2_S_EN_assets/fig5.jpg>]
Overfull \hbox (6.42552pt too wide) in paragraph at lines 75--75
\OT1/cmr/bx/n/10.95 (-20) green 
 []


Overfull \hbox (8.42435pt too wide) in paragraph at lines 75--75
\OT1/cmr/bx/n/10.95 (-20) would 
 []


Overfull \hbox (5.01112pt too wide) in paragraph at lines 75--75
\OT1/cmr/bx/n/10.95 (-20) small 
 []


Overfull \hbox (2.95839pt too wide) in paragraph at lines 75--75
\OT1/cmr/bx/n/10.95 (-20) aper- 
 []


Overfull \hbox (4.7801pt too wide) in paragraph at lines 75--75
\OT1/cmr/bx/n/10.95 (-20) tours 
 []


Overfull \hbox (2.31201pt too wide) in paragraph at lines 75--75
\OT1/cmr/bx/n/10.95 (-20) from 
 []


Overfull \hbox (4.77391pt too wide) in paragraph at lines 75--75
\OT1/cmr/bx/n/10.95 (-20) point 
 []


Overfull \hbox (11.1218pt too wide) in paragraph at lines 75--75
\OT1/cmr/bx/n/10.95 (-20) source 
 []


Overfull \hbox (8.6159pt too wide) in paragraph at lines 75--75
\OT1/cmr/bx/n/10.95 (-20) (lower 
 []


Overfull \hbox (7.06857pt too wide) in paragraph at lines 75--75
\OT1/cmr/bx/n/10.95 (-20) mate) 
 []


Overfull \hbox (2.31201pt too wide) in paragraph at lines 75--75
\OT1/cmr/bx/n/10.95 (-20) from 
 []


Overfull \hbox (12.1068pt too wide) in paragraph at lines 75--75
\OT1/cmr/bx/n/10.95 (-20) source.  
 []


Overfull \hbox (9.98158pt too wide) in paragraph at lines 75--75
\OT1/cmr/bx/n/10.95 (-20) points 
 []


Overfull \hbox (8.1851pt too wide) in paragraph at lines 75--75
\OT1/cmr/bx/n/10.95 (-20) tween 
 []


Overfull \hbox (4.83972pt too wide) in paragraph at lines 75--75
\OT1/cmr/bx/n/10.95 (-20) these 
 []


Overfull \hbox (11.1148pt too wide) in paragraph at lines 75--75
\OT1/cmr/bx/n/10.95 (-20) curves 
 []


Overfull \hbox (5.79953pt too wide) in paragraph at lines 75--75
\OT1/cmr/bx/n/10.95 (-20) cated 
 []


Overfull \hbox (4.83972pt too wide) in paragraph at lines 75--75
\OT1/cmr/bx/n/10.95 (-20) these 
 []


Overfull \hbox (9.98158pt too wide) in paragraph at lines 75--75
\OT1/cmr/bx/n/10.95 (-20) points 
 []


Overfull \hbox (12.95897pt too wide) in paragraph at lines 75--75
\OT1/cmr/bx/n/10.95 (-20) bound- 
 []

<E2_S_EN_assets/fig7.jpg, id=64, 413.1435pt x 409.53pt>
File: E2_S_EN_assets/fig7.jpg Graphic file (type jpg)
<use E2_S_EN_assets/fig7.jpg>
Package pdftex.def Info: E2_S_EN_assets/fig7.jpg  used on input line 78.
(pdftex.def)             Requested size: 326.13744pt x 323.29393pt.
[10 <./E2_S_EN_assets/fig6.jpg>]
Overfull \vbox (466.89362pt too high) has occurred while \output is active []


[11]
Overfull \hbox (19.0372pt too wide) in paragraph at lines 80--80
[]|\OT1/cmr/bx/n/10.95 (-20) Answer: 
 []


Overfull \hbox (2.67033pt too wide) in paragraph at lines 80--80
\OML/cmm/m/it/10.95 a\OT1/cmr/m/n/10.95 (-20) 0$$\OML/cmm/m/it/10.95 L[]$ 
 []


Overfull \hbox (9.59254pt too wide) in paragraph at lines 80--80
\OML/cmm/m/it/10.95 a\OT1/cmr/m/n/10.95 (-20) 0$$\OMS/cmsy/m/n/10.95 ^^B$$\OML/
cmm/m/it/10.95 L[]$ 
 []


Overfull \hbox (1.07585pt too wide) in paragraph at lines 80--80
\OML/cmm/m/it/10.95 a\OT1/cmr/m/n/10.95 (-20) 0$$\OML/cmm/m/it/10.95 L[]$ 
 []

[12 <./E2_S_EN_assets/fig7.jpg>]
Overfull \hbox (2.31201pt too wide) in paragraph at lines 81--81
\OT1/cmr/bx/n/10.95 (-20) from 
 []


Overfull \hbox (5.92755pt too wide) in paragraph at lines 81--81
\OT1/cmr/bx/n/10.95 (-20) ment, 
 []


Overfull \hbox (12.95897pt too wide) in paragraph at lines 81--81
\OT1/cmr/bx/n/10.95 (-20) bound- 
 []


Overfull \hbox (2.03778pt too wide) in paragraph at lines 81--81
\OT1/cmr/bx/n/10.95 (-20) aries 
 []


Overfull \hbox (1.47823pt too wide) in paragraph at lines 81--81
\OT1/cmr/bx/n/10.95 (-20) blue, 
 []


Overfull \hbox (6.72508pt too wide) in paragraph at lines 81--81
\OT1/cmr/bx/n/10.95 (-20) cused 
 []


Overfull \hbox (7.42943pt too wide) in paragraph at lines 81--81
\OT1/cmr/bx/n/10.95 (-20) closer 
 []


Overfull \hbox (0.72452pt too wide) in paragraph at lines 81--81
\OT1/cmr/bx/n/10.95 (-20) ($\OML/cmm/m/it/10.95 b[] < 
 []


Overfull \hbox (7.73877pt too wide) in paragraph at lines 81--81
\OT1/cmr/bx/n/10.95 (-20) which 
 []


Overfull \hbox (1.24039pt too wide) in paragraph at lines 81--81
\OT1/cmr/bx/n/10.95 (-20) plies  
 []


Overfull \hbox (101.96207pt too wide) detected at line 81
[] \OML/cmm/m/it/10.95 > []  \OMS/cmsy/m/n/10.95 )  [] \OML/cmm/m/it/10.95 > []
;
 []


Overfull \hbox (7.73877pt too wide) in paragraph at lines 81--81
\OT1/cmr/bx/n/10.95 (-20) which 
 []


Overfull \hbox (1.24039pt too wide) in paragraph at lines 81--81
\OT1/cmr/bx/n/10.95 (-20) plies 
 []


Overfull \hbox (0.90938pt too wide) in paragraph at lines 81--81
\OT1/cmr/bx/n/10.95 (-20) swer 
 []


Overfull \hbox (2.31201pt too wide) in paragraph at lines 81--81
\OT1/cmr/bx/n/10.95 (-20) from 
 []


Overfull \hbox (15.8711pt too wide) in paragraph at lines 81--81
\OT1/cmr/bx/n/10.95 (-20) grinder 
 []


Overfull \hbox (4.89917pt too wide) in paragraph at lines 81--81
\OT1/cmr/bx/n/10.95 (-20) mula:  
 []


Overfull \hbox (93.9057pt too wide) detected at line 81
[] \OT1/cmr/m/n/10.95 = (\OML/cmm/m/it/10.95 n \OMS/cmsy/m/n/10.95 ^^@ \OT1/cmr
/m/n/10.95 1) []
 []


Overfull \hbox (19.0372pt too wide) in paragraph at lines 81--81
[]|\OT1/cmr/bx/n/10.95 (-20) Answer: 
 []


Overfull \hbox (13.78381pt too wide) in paragraph at lines 81--81
\OML/cmm/m/it/10.95 L[]$$n[] > 
 []


Overfull \hbox (33.88052pt too wide) in paragraph at lines 81--81
\OML/cmm/m/it/10.95 n[]$$\OMS/cmsy/m/n/10.95 ^^B$$\OML/cmm/m/it/10.95 L[]$$n[] 
> 
 []


Overfull \hbox (22.89807pt too wide) in paragraph at lines 81--81
\OML/cmm/m/it/10.95 n[]$$L[]$$n[] > 
 []


Overfull \hbox (32.28604pt too wide) in paragraph at lines 81--81
\OML/cmm/m/it/10.95 n[]$$\OMS/cmsy/m/n/10.95 ^^B$$\OML/cmm/m/it/10.95 L[]$$n[] 
> 
 []

[13]
Overfull \vbox (141.6638pt too high) has occurred while \output is active []


[14]
<E2_S_EN_assets/fig8.jpg, id=89, 355.3275pt x 299.9205pt>
File: E2_S_EN_assets/fig8.jpg Graphic file (type jpg)
<use E2_S_EN_assets/fig8.jpg>
Package pdftex.def Info: E2_S_EN_assets/fig8.jpg  used on input line 85.
(pdftex.def)             Requested size: 326.13744pt x 275.28949pt.

Overfull \hbox (10.08023pt too wide) in paragraph at lines 87--87
\OT1/cmr/bx/n/10.95 (-20) height 
 []


Overfull \hbox (6.72508pt too wide) in paragraph at lines 87--87
\OT1/cmr/bx/n/10.95 (-20) cused 
 []


Overfull \hbox (16.84647pt too wide) in paragraph at lines 87--87
\OT1/cmr/bx/n/10.95 (-20) pressed 
 []


Overfull \hbox (19.79443pt too wide) in paragraph at lines 87--87
\OT1/cmr/bx/n/10.95 (-20) through 
 []


Overfull \hbox (10.08023pt too wide) in paragraph at lines 87--87
\OT1/cmr/bx/n/10.95 (-20) height 
 []


Overfull \hbox (44.57858pt too wide) detected at line 87
[] \OT1/cmr/m/n/10.95 = []\OML/cmm/m/it/10.95 :
 []


Overfull \hbox (2.31201pt too wide) in paragraph at lines 87--87
\OT1/cmr/bx/n/10.95 (-20) from 
 []


Overfull \hbox (4.89917pt too wide) in paragraph at lines 87--87
\OT1/cmr/bx/n/10.95 (-20) mula:  
 []


Overfull \hbox (175.03358pt too wide) detected at line 87
[] \OT1/cmr/m/n/10.95 + [] = []  \OMS/cmsy/m/n/10.95 )  \OML/cmm/m/it/10.95 a[]
 \OMS/cmsy/m/n/10.95 ^^@ \OML/cmm/m/it/10.95 aH \OT1/cmr/m/n/10.95 + \OML/cmm/m
/it/10.95 FH \OT1/cmr/m/n/10.95 = 0
 []


Overfull \hbox (6.12187pt too wide) in paragraph at lines 87--87
\OT1/cmr/bx/n/10.95 (-20) roots, 
 []


Overfull \hbox (4.83972pt too wide) in paragraph at lines 87--87
\OT1/cmr/bx/n/10.95 (-20) ested 
 []


Overfull \hbox (15.48509pt too wide) in paragraph at lines 87--87
\OT1/cmr/bx/n/10.95 (-20) smaller 
 []


Overfull \hbox (84.19858pt too wide) in paragraph at lines 87--87
[] []$\OT1/cmr/bx/n/10.95 (-20) . 
 []


Overfull \hbox (0.68982pt too wide) in paragraph at lines 87--87
\OT1/cmr/bx/n/10.95 (-20) case, 
 []


Overfull \hbox (7.5135pt too wide) in paragraph at lines 87--87
\OT1/cmr/bx/n/10.95 (-20) dence 
 []


Overfull \hbox (5.4657pt too wide) in paragraph at lines 87--87
\OT1/cmr/bx/n/10.95 (-20) turns 
 []


Overfull \hbox (0.5471pt too wide) in paragraph at lines 87--87
\OT1/cmr/bx/n/10.95 (-20) with 
 []


Overfull \hbox (4.3325pt too wide) in paragraph at lines 87--87
\OT1/cmr/bx/n/10.95 (-20) slope 
 []


Overfull \hbox (2.53879pt too wide) in paragraph at lines 87--87
\OT1/cmr/bx/n/10.95 (-20) cient 
 []


Overfull \hbox (8.71457pt too wide) in paragraph at lines 87--87
\OT1/cmr/bx/n/10.95 (-20) where  
 []


Overfull \hbox (92.48111pt too wide) detected at line 87
\OML/cmm/m/it/10.95 X[] \OT1/cmr/m/n/10.95 = []
 []


Overfull \hbox (37.2839pt too wide) in paragraph at lines 87--87
[]|\OT1/cmr/bx/n/10.95 (-20) Coordinate 
 []


Overfull \hbox (2.21469pt too wide) in paragraph at lines 87--87
\OML/cmm/m/it/10.95 X[] \OT1/cmr/m/n/10.95 (-20) = 
 []


Overfull \hbox (40.91121pt too wide) in paragraph at lines 87--87
[]$\OT1/cmr/bx/n/10.95 (-20) .|  
 []


Overfull \hbox (19.0372pt too wide) in paragraph at lines 87--87
[]|\OT1/cmr/bx/n/10.95 (-20) Answer: 
 []


Overfull \hbox (5.25693pt too wide) in paragraph at lines 87--87
\OT1/cmr/bx/n/10.95 (-20) From 
 []


Overfull \hbox (4.3325pt too wide) in paragraph at lines 87--87
\OT1/cmr/bx/n/10.95 (-20) slope 
 []


Overfull \hbox (2.53879pt too wide) in paragraph at lines 87--87
\OT1/cmr/bx/n/10.95 (-20) cient 
 []


Overfull \hbox (7.96808pt too wide) in paragraph at lines 87--87
\OT1/cmr/bx/n/10.95 (-20) graph 
 []


Overfull \hbox (4.3618pt too wide) in paragraph at lines 87--87
\OML/cmm/m/it/10.95 H[] \OT1/cmr/m/n/10.95 (-20) = 
 []


Overfull \hbox (16.01671pt too wide) in paragraph at lines 87--87
\OT1/cmr/m/n/10.95 (-20) 0\OML/cmm/m/it/10.95 :\OT1/cmr/m/n/10.95 (-20) 37 []$\
OT1/cmr/bx/n/10.95 (-20) . 
 []


Overfull \hbox (3.17792pt too wide) in paragraph at lines 87--87
\OT1/cmr/bx/n/10.95 (-20) Let's 
 []


Overfull \hbox (0.95425pt too wide) in paragraph at lines 87--87
\OT1/cmr/bx/n/10.95 (-20) mea- 
 []


Overfull \hbox (2.31201pt too wide) in paragraph at lines 87--87
\OT1/cmr/bx/n/10.95 (-20) from 
 []


Overfull \hbox (10.19624pt too wide) in paragraph at lines 87--87
\OT1/cmr/bx/n/10.95 (-20) larged 
 []


Overfull \hbox (4.85681pt too wide) in paragraph at lines 87--87
[] \OT1/cmr/m/n/10.95 (-20) = 
 []


Overfull \hbox (8.66351pt too wide) in paragraph at lines 87--87
[]$\OT1/cmr/bx/n/10.95 (-20) , 
 []


Overfull \hbox (7.73877pt too wide) in paragraph at lines 87--87
\OT1/cmr/bx/n/10.95 (-20) which 
 []


Overfull \hbox (10.66722pt too wide) in paragraph at lines 87--87
\OT1/cmr/bx/n/10.95 (-20) means 
 []


Overfull \hbox (5.60129pt too wide) in paragraph at lines 87--87
\OML/cmm/m/it/10.95 W[] \OT1/cmr/m/n/10.95 (-20) = 
 []


Overfull \hbox (18.45964pt too wide) in paragraph at lines 87--87
\OT1/cmr/m/n/10.95 (-20) 0\OML/cmm/m/it/10.95 :\OT1/cmr/m/n/10.95 (-20) 12 []$\
OT1/cmr/bx/n/10.95 (-20) .|  
 []

<E2_S_EN_assets/fig9.jpg, id=90, 305.943pt x 180.675pt>
File: E2_S_EN_assets/fig9.jpg Graphic file (type jpg)
<use E2_S_EN_assets/fig9.jpg>
Package pdftex.def Info: E2_S_EN_assets/fig9.jpg  used on input line 90.
(pdftex.def)             Requested size: 326.13744pt x 192.60353pt.
[15 <./E2_S_EN_assets/fig8.jpg>]
Overfull \vbox (855.84172pt too high) has occurred while \output is active []


[16]
<E2_S_EN_assets/fig10.jpg, id=103, 313.17pt x 258.9675pt>
File: E2_S_EN_assets/fig10.jpg Graphic file (type jpg)
<use E2_S_EN_assets/fig10.jpg>
Package pdftex.def Info: E2_S_EN_assets/fig10.jpg  used on input line 94.
(pdftex.def)             Requested size: 326.13744pt x 269.69916pt.

Overfull \hbox (19.0372pt too wide) in paragraph at lines 96--96
[]|\OT1/cmr/bx/n/10.95 (-20) Answer: 
 []


Overfull \hbox (3.17792pt too wide) in paragraph at lines 96--96
\OT1/cmr/bx/n/10.95 (-20) Let's 
 []


Overfull \hbox (10.60762pt too wide) in paragraph at lines 96--96
\OT1/cmr/bx/n/10.95 (-20) screen 
 []


Overfull \hbox (10.19624pt too wide) in paragraph at lines 96--96
\OT1/cmr/bx/n/10.95 (-20) larged 
 []


Overfull \hbox (0.5471pt too wide) in paragraph at lines 96--96
\OT1/cmr/bx/n/10.95 (-20) with 
 []


Overfull \hbox (2.95839pt too wide) in paragraph at lines 96--96
\OT1/cmr/bx/n/10.95 (-20) aper- 
 []


Overfull \hbox (1.8574pt too wide) in paragraph at lines 96--96
\OT1/cmr/bx/n/10.95 (-20) duce 
 []


Overfull \hbox (2.95839pt too wide) in paragraph at lines 96--96
\OT1/cmr/bx/n/10.95 (-20) aber- 
 []


Overfull \hbox (4.11073pt too wide) in paragraph at lines 96--96
\OT1/cmr/bx/n/10.95 (-20) tions.  
 []


Overfull \hbox (18.21959pt too wide) detected at line 96
\OML/cmm/m/it/10.95 N[] \OT1/cmr/m/n/10.95 = 18
 []

[17 <./E2_S_EN_assets/fig9.jpg> <./E2_S_EN_assets/fig10.jpg>]
<E2_S_EN_assets/fig11.jpg, id=110, 370.986pt x 320.397pt>
File: E2_S_EN_assets/fig11.jpg Graphic file (type jpg)
<use E2_S_EN_assets/fig11.jpg>
Package pdftex.def Info: E2_S_EN_assets/fig11.jpg  used on input line 100.
(pdftex.def)             Requested size: 326.13744pt x 281.67645pt.
 [18]
Overfull \hbox (2.72928pt too wide) in paragraph at lines 102--102
[]|\OT1/cmr/bx/n/10.95 (-20) Thin 
 []


Overfull \hbox (121.83951pt too wide) detected at line 102
[] \OT1/cmr/m/n/10.95 + [] = []  \OMS/cmsy/m/n/10.95 )  \OML/cmm/m/it/10.95 b \
OT1/cmr/m/n/10.95 = []\OML/cmm/m/it/10.95 ;
 []


Overfull \hbox (133.73674pt too wide) detected at line 102
[] \OT1/cmr/m/n/10.95 + [] = []\OML/cmm/m/it/10.95 ;  L[] \OT1/cmr/m/n/10.95 = 
\OML/cmm/m/it/10.95 H \OMS/cmsy/m/n/10.95 ^^@ \OML/cmm/m/it/10.95 a \OMS/cmsy/m
/n/10.95 ^^@ \OML/cmm/m/it/10.95 b
 []


Overfull \hbox (4.03938pt too wide) in paragraph at lines 102--102
\OT1/cmr/bx/n/10.95 (-20) equa- 
 []


Overfull \hbox (2.31201pt too wide) in paragraph at lines 102--102
\OT1/cmr/bx/n/10.95 (-20) from 
 []


Overfull \hbox (4.89917pt too wide) in paragraph at lines 102--102
\OT1/cmr/bx/n/10.95 (-20) mula:  
 []


Overfull \hbox (276.40521pt too wide) detected at line 102
\OML/cmm/m/it/10.95 x[] \OMS/cmsy/m/n/10.95 ^^@ \OML/cmm/m/it/10.95 xL[] \OMS/c
msy/m/n/10.95 ^^@ \OML/cmm/m/it/10.95 fL[] \OT1/cmr/m/n/10.95 = 0\OML/cmm/m/it/
10.95 ;  \OMS/cmsy/m/n/10.95 D \OT1/cmr/m/n/10.95 = \OML/cmm/m/it/10.95 L[] \OM
S/cmsy/m/n/10.95 ^^@ \OT1/cmr/m/n/10.95 4\OML/cmm/m/it/10.95 fL[];  x[] \OT1/cm
r/m/n/10.95 = \OML/cmm/m/it/10.95 L[][]:
 []


Overfull \hbox (4.19087pt too wide) in paragraph at lines 102--102
\OT1/cmr/bx/n/10.95 (-20) With 
 []


Overfull \hbox (15.48509pt too wide) in paragraph at lines 102--102
\OT1/cmr/bx/n/10.95 (-20) smaller 
 []


Overfull \hbox (10.10027pt too wide) in paragraph at lines 102--102
\OT1/cmr/bx/n/10.95 (-20) larger, 
 []


Overfull \hbox (12.20975pt too wide) in paragraph at lines 102--102
\OT1/cmr/bx/n/10.95 (-20) choose 
 []


Overfull \hbox (0.5471pt too wide) in paragraph at lines 102--102
\OT1/cmr/bx/n/10.95 (-20) with 
 []


Overfull \hbox (0.94254pt too wide) in paragraph at lines 102--102
\OT1/cmr/bx/n/10.95 (-20) Now 
 []


Overfull \hbox (4.3345pt too wide) in paragraph at lines 102--102
\OT1/cmr/bx/n/10.95 (-20) press 
 []


Overfull \hbox (10.08023pt too wide) in paragraph at lines 102--102
\OT1/cmr/bx/n/10.95 (-20) height 
 []


Overfull \hbox (10.08023pt too wide) in paragraph at lines 102--102
\OT1/cmr/bx/n/10.95 (-20) height 
 []


Overfull \hbox (5.25693pt too wide) in paragraph at lines 102--102
\OT1/cmr/bx/n/10.95 (-20) From 
 []


Overfull \hbox (102.34698pt too wide) detected at line 102
[] \OT1/cmr/m/n/10.95 = []\OML/cmm/m/it/10.95 ;  [] \OT1/cmr/m/n/10.95 = []\OML
/cmm/m/it/10.95 :
 []


Overfull \hbox (183.47234pt too wide) detected at line 102
\OML/cmm/m/it/10.95 h \OT1/cmr/m/n/10.95 = [][]\OML/cmm/m/it/10.95 H[] \OT1/cmr
/m/n/10.95 = [][]\OML/cmm/m/it/10.95 H[];
 []


Overfull \hbox (8.71457pt too wide) in paragraph at lines 102--102
\OT1/cmr/bx/n/10.95 (-20) where 
 []


Overfull \hbox (0.595pt too wide) in paragraph at lines 102--102
\OML/cmm/m/it/10.95 L[] \OT1/cmr/m/n/10.95 (-20) = 
 []


Overfull \hbox (3.3785pt too wide) in paragraph at lines 102--102
\OT1/cmr/bx/n/10.95 (-20) Thus 
 []


Overfull \hbox (10.66426pt too wide) in paragraph at lines 102--102
\OT1/cmr/bx/n/10.95 (-20) eariza- 
 []


Overfull \hbox (2.31201pt too wide) in paragraph at lines 102--102
\OT1/cmr/bx/n/10.95 (-20) from 
 []


Overfull \hbox (8.71457pt too wide) in paragraph at lines 102--102
\OT1/cmr/bx/n/10.95 (-20) where  
 []


Overfull \hbox (135.2537pt too wide) detected at line 102
\OML/cmm/m/it/10.95 X[] \OT1/cmr/m/n/10.95 = [][]\OML/cmm/m/it/10.95 :
 []


Overfull \hbox (19.0372pt too wide) in paragraph at lines 102--102
[]|\OT1/cmr/bx/n/10.95 (-20) Answer: 
 []


Overfull \hbox (4.3325pt too wide) in paragraph at lines 102--102
\OT1/cmr/bx/n/10.95 (-20) slope 
 []


Overfull \hbox (2.53879pt too wide) in paragraph at lines 102--102
\OT1/cmr/bx/n/10.95 (-20) cient 
 []


Overfull \hbox (7.96808pt too wide) in paragraph at lines 102--102
\OT1/cmr/bx/n/10.95 (-20) graph 
 []


Overfull \hbox (16.70929pt too wide) in paragraph at lines 102--102
\OT1/cmr/m/n/10.95 (-20) 0\OML/cmm/m/it/10.95 :\OT1/cmr/m/n/10.95 (-20) 35 []$\
OT1/cmr/bx/n/10.95 (-20) , 
 []


Overfull \hbox (7.73877pt too wide) in paragraph at lines 102--102
\OT1/cmr/bx/n/10.95 (-20) which 
 []


Overfull \hbox (0.5345pt too wide) in paragraph at lines 102--102
\OT1/cmr/bx/n/10.95 (-20) fully 
 []


Overfull \hbox (13.82788pt too wide) in paragraph at lines 102--102
\OT1/cmr/bx/n/10.95 (-20) sponds 
 []


Overfull \hbox (10.59863pt too wide) in paragraph at lines 102--102
\OT1/cmr/bx/n/10.95 (-20) tained 
 []


Overfull \hbox (5.3041pt too wide) in paragraph at lines 102--102
\OT1/cmr/bx/n/10.95 (-20) other 
 []


Overfull \hbox (13.40952pt too wide) in paragraph at lines 102--102
\OT1/cmr/bx/n/10.95 (-20) points.|  
 []

<E2_S_EN_assets/fig12.jpg, id=115, 366.168pt x 279.444pt>
File: E2_S_EN_assets/fig12.jpg Graphic file (type jpg)
<use E2_S_EN_assets/fig12.jpg>
Package pdftex.def Info: E2_S_EN_assets/fig12.jpg  used on input line 105.
(pdftex.def)             Requested size: 326.13744pt x 248.90051pt.
[19 <./E2_S_EN_assets/fig11.jpg>]
Overfull \vbox (1037.07874pt too high) has occurred while \output is active []


[20]
<E2_S_EN_assets/fig13.jpg, id=127, 402.303pt x 346.896pt>
File: E2_S_EN_assets/fig13.jpg Graphic file (type jpg)
<use E2_S_EN_assets/fig13.jpg>
Package pdftex.def Info: E2_S_EN_assets/fig13.jpg  used on input line 109.
(pdftex.def)             Requested size: 326.13744pt x 281.23299pt.

Overfull \hbox (1.46843pt too wide) in paragraph at lines 111--111
\OT1/cmr/bx/n/10.95 (-20) mag- 
 []


Overfull \hbox (6.38927pt too wide) in paragraph at lines 111--111
\OT1/cmr/bx/n/10.95 (-20) scope 
 []


Overfull \hbox (10.59865pt too wide) in paragraph at lines 111--111
\OT1/cmr/bx/n/10.95 (-20) mated 
 []


Overfull \hbox (0.95424pt too wide) in paragraph at lines 111--111
\OT1/cmr/bx/n/10.95 (-20) com- 
 []


Overfull \hbox (2.84496pt too wide) in paragraph at lines 111--111
\OT1/cmr/bx/n/10.95 (-20) ruler 
 []


Overfull \hbox (0.5471pt too wide) in paragraph at lines 111--111
\OT1/cmr/bx/n/10.95 (-20) with 
 []


Overfull \hbox (5.3041pt too wide) in paragraph at lines 111--111
\OT1/cmr/bx/n/10.95 (-20) other 
 []


Overfull \hbox (11.96281pt too wide) in paragraph at lines 111--111
\OT1/cmr/bx/n/10.95 (-20) known 
 []


Overfull \hbox (1.42017pt too wide) in paragraph at lines 111--111
\OT1/cmr/bx/n/10.95 (-20) stick 
 []


Overfull \hbox (6.90544pt too wide) in paragraph at lines 111--111
\OT1/cmr/bx/n/10.95 (-20) strips 
 []


Overfull \hbox (6.67891pt too wide) in paragraph at lines 111--111
\OT1/cmr/bx/n/10.95 (-20) mask- 
 []


Overfull \hbox (0.66461pt too wide) in paragraph at lines 111--111
\OT1/cmr/bx/n/10.95 (-20) tape 
 []


Overfull \hbox (0.6506pt too wide) in paragraph at lines 111--111
\OT1/cmr/bx/n/10.95 (-20) onto 
 []


Overfull \hbox (7.79672pt too wide) in paragraph at lines 111--111
\OT1/cmr/bx/n/10.95 (-20) frame 
 []


Overfull \hbox (7.96808pt too wide) in paragraph at lines 111--111
\OT1/cmr/bx/n/10.95 (-20) graph 
 []


Overfull \hbox (8.32922pt too wide) in paragraph at lines 111--111
\OT1/cmr/bx/n/10.95 (-20) shows 
 []


Overfull \hbox (0.7192pt too wide) in paragraph at lines 111--111
\OT1/cmr/bx/n/10.95 (-20) such 
 []


Overfull \hbox (0.95425pt too wide) in paragraph at lines 111--111
\OT1/cmr/bx/n/10.95 (-20) mea- 
 []


Overfull \hbox (1.4774pt too wide) in paragraph at lines 111--111
\OT1/cmr/bx/n/10.95 (-20) sure- 
 []


Overfull \hbox (12.54558pt too wide) in paragraph at lines 111--111
\OT1/cmr/bx/n/10.95 (-20) ments.|  
 []


Overfull \hbox (19.0372pt too wide) in paragraph at lines 111--111
[]|\OT1/cmr/bx/n/10.95 (-20) Answer: 
 []


Overfull \hbox (5.25693pt too wide) in paragraph at lines 111--111
\OT1/cmr/bx/n/10.95 (-20) From 
 []


Overfull \hbox (5.79953pt too wide) in paragraph at lines 111--111
\OT1/cmr/bx/n/10.95 (-20) tance 
 []


Overfull \hbox (1.65335pt too wide) in paragraph at lines 111--111
\OML/cmm/m/it/10.95 L[] \OT1/cmr/m/n/10.95 (-20) = 
 []


Overfull \hbox (6.35077pt too wide) in paragraph at lines 111--111
\OT1/cmr/m/n/10.95 (-20) 33 []$ 
 []


Overfull \hbox (5.74634pt too wide) in paragraph at lines 111--111
\OT1/cmr/bx/n/10.95 (-20) thick- 
 []


Overfull \hbox (0.5102pt too wide) in paragraph at lines 111--111
\OML/cmm/m/it/10.95 h[] \OT1/cmr/m/n/10.95 (-20) = 
 []


Overfull \hbox (11.24782pt too wide) in paragraph at lines 111--111
\OT1/cmr/m/n/10.95 (-20) 21 []$ 
 []


Overfull \hbox (13.82788pt too wide) in paragraph at lines 111--111
\OT1/cmr/bx/n/10.95 (-20) sponds 
 []


Overfull \hbox (3.30345pt too wide) in paragraph at lines 111--111
\OML/cmm/m/it/10.95 H[] \OT1/cmr/m/n/10.95 (-20) = 
 []


Overfull \hbox (11.24782pt too wide) in paragraph at lines 111--111
\OT1/cmr/m/n/10.95 (-20) 23 []$ 
 []


Overfull \hbox (4.09439pt too wide) in paragraph at lines 111--111
\OT1/cmr/bx/n/10.95 (-20) ruler. 
 []


Overfull \hbox (5.79953pt too wide) in paragraph at lines 111--111
\OT1/cmr/bx/n/10.95 (-20) tance 
 []


Overfull \hbox (8.1851pt too wide) in paragraph at lines 111--111
\OT1/cmr/bx/n/10.95 (-20) tween 
 []


Overfull \hbox (2.84496pt too wide) in paragraph at lines 111--111
\OT1/cmr/bx/n/10.95 (-20) ruler 
 []


Overfull \hbox (12.42754pt too wide) in paragraph at lines 111--111
\OT1/cmr/m/n/10.95 (-20) 118 []$\OT1/cmr/bx/n/10.95 (-20) . 
 []


Overfull \hbox (9.75064pt too wide) in paragraph at lines 111--111
\OT1/cmr/bx/n/10.95 (-20) crease 
 []


Overfull \hbox (7.51349pt too wide) in paragraph at lines 111--111
\OT1/cmr/bx/n/10.95 (-20) found 
 []


Overfull \hbox (84.77794pt too wide) detected at line 111
\OT1/cmr/m/n/10.95 ^^@ = [] \OMS/cmsy/m/n/10.95 ^^A [] \OT1/cmr/m/n/10.95 = 4\O
ML/cmm/m/it/10.95 :\OT1/cmr/m/n/10.95 2
 []

<E2_S_EN_assets/fig14.jpg, id=128, 202.356pt x 180.675pt>
File: E2_S_EN_assets/fig14.jpg Graphic file (type jpg)
<use E2_S_EN_assets/fig14.jpg>
Package pdftex.def Info: E2_S_EN_assets/fig14.jpg  used on input line 114.
(pdftex.def)             Requested size: 326.13744pt x 291.20868pt.
[21 <./E2_S_EN_assets/fig12.jpg> <./E2_S_EN_assets/fig13.jpg>]
Overfull \vbox (926.50569pt too high) has occurred while \output is active []


[22]
<E2_S_EN_assets/fig15.jpg, id=140, 481.8pt x 469.755pt>
File: E2_S_EN_assets/fig15.jpg Graphic file (type jpg)
<use E2_S_EN_assets/fig15.jpg>
Package pdftex.def Info: E2_S_EN_assets/fig15.jpg  used on input line 119.
(pdftex.def)             Requested size: 326.13744pt x 317.98843pt.
 [23 <./E2_S_EN_assets/fig14.jpg> <./E2_S_EN_assets/fig15.jpg>] [24]
(E2_S_EN_2.aux)
 ***********
LaTeX2e <2025-11-01>
L3 programming layer <2025-12-24>
 ***********
Package rerunfilecheck Info: File `E2_S_EN_2.out' has not changed.
(rerunfilecheck)             Checksum: D41D8CD98F00B204E9800998ECF8427E;0.
 ) 
Here is how much of TeX's memory you used:
 14108 strings out of 467871
 227032 string characters out of 5418376
 688421 words of memory out of 5000000
 42730 multiletter control sequences out of 15000+600000
 637983 words of font info for 106 fonts, out of 8000000 for 9000
 1141 hyphenation exceptions out of 8191
 75i,16n,79p,1608b,482s stack positions out of 10000i,1000n,20000p,200000b,200000s
<C:/Users/aadib/AppData/Local/Programs/MiKTeX/fonts/type1/public/amsfonts/cm/
cmbx10.pfb><C:/Users/aadib/AppData/Local/Programs/MiKTeX/fonts/type1/public/ams
fonts/cm/cmbx12.pfb><C:/Users/aadib/AppData/Local/Programs/MiKTeX/fonts/type1/p
ublic/amsfonts/cm/cmbx8.pfb><C:/Users/aadib/AppData/Local/Programs/MiKTeX/fonts
/type1/public/amsfonts/cm/cmex10.pfb><C:/Users/aadib/AppData/Local/Programs/MiK
TeX/fonts/type1/public/amsfonts/cm/cmmi10.pfb><C:/Users/aadib/AppData/Local/Pro
grams/MiKTeX/fonts/type1/public/amsfonts/cm/cmmi6.pfb><C:/Users/aadib/AppData/L
ocal/Programs/MiKTeX/fonts/type1/public/amsfonts/cm/cmmi8.pfb><C:/Users/aadib/A
ppData/Local/Programs/MiKTeX/fonts/type1/public/amsfonts/cm/cmr10.pfb><C:/Users
/aadib/AppData/Local/Programs/MiKTeX/fonts/type1/public/amsfonts/cm/cmr6.pfb><C
:/Users/aadib/AppData/Local/Programs/MiKTeX/fonts/type1/public/amsfonts/cm/cmr8
.pfb><C:/Users/aadib/AppData/Local/Programs/MiKTeX/fonts/type1/public/amsfonts/
cm/cmsy10.pfb><C:/Users/aadib/AppData/Local/Programs/MiKTeX/fonts/type1/public/
amsfonts/cm/cmsy6.pfb><C:/Users/aadib/AppData/Local/Programs/MiKTeX/fonts/type1
/public/amsfonts/cm/cmsy8.pfb><C:/Users/aadib/AppData/Local/Programs/MiKTeX/fon
ts/type1/public/amsfonts/cm/cmti10.pfb><C:/Users/aadib/AppData/Local/Programs/M
iKTeX/fonts/type1/public/amsfonts/cm/cmtt10.pfb>
Output written on E2_S_EN_2.pdf (24 pages, 1072304 bytes).
PDF statistics:
 227 PDF objects out of 1000 (max. 8388607)
 40 named destinations out of 1000 (max. 500000)
 21068 words of extra memory for PDF output out of 24883 (max. 10000000)

