This is LuaHBTeX, Version 1.24.0 (MiKTeX 25.12) (format=lualatex 2026.4.24)  24 APR 2026 21:10
 restricted system commands enabled.
**T3_S_EN.tex
(./T3_S_EN.tex
LaTeX2e <2025-11-01>
L3 programming layer <2025-12-24>
Lua module: luaotfload 2024-12-03 v3.29 Lua based OpenType font support
Lua module: lualibs 2023-07-13 v2.76 ConTeXt Lua standard libraries.
Lua module: lualibs-extended 2023-07-13 v2.76 ConTeXt Lua libraries -- extended 
collection.
luaotfload | conf : Root cache directory is "C:/Users/aadib/AppData/Local/MiKTeX
/luatex-cache/generic/names".
luaotfload | init : Loading fontloader "fontloader-2023-12-28.lua" from kpse-res
olved path "C:/Users/aadib/AppData/Local/Programs/MiKTeX/tex/luatex/luaotfload/f
ontloader-2023-12-28.lua".
Lua-only attribute luaotfload@noligature = 1
luaotfload | init : Context OpenType loader version 3.134
Inserting `luaotfload.node_processor' in `pre_linebreak_filter'.
Inserting `luaotfload.node_processor' in `hpack_filter'.
Inserting `luaotfload.glyph_stream' in `glyph_stream_provider'.
Inserting `luaotfload.define_font' in `define_font'.
Lua-only attribute luaotfload_color_attribute = 2
luaotfload | conf : Root cache directory is "C:/Users/aadib/AppData/Local/MiKTeX
/luatex-cache/generic/names".
Inserting `luaotfload.harf.strip_prefix' in `find_opentype_file'.
Inserting `luaotfload.harf.strip_prefix' in `find_truetype_file'.
Removing  `luaotfload.glyph_stream' from `glyph_stream_provider'.
Inserting `luaotfload.harf.glyphstream' in `glyph_stream_provider'.
Inserting `luaotfload.harf.finalize_vlist' in `post_linebreak_filter'.
Inserting `luaotfload.harf.finalize_hlist' in `hpack_filter'.
Inserting `luaotfload.cleanup_files' in `wrapup_run'.
Inserting `luaotfload.harf.finalize_unicode' in `finish_pdffile'.
Inserting `luaotfload.glyphinfo' in `glyph_info'.
Lua-only attribute luaotfload.letterspace_done = 3
Inserting `luaotfload.aux.set_sscale_dimens' in `luaotfload.patch_font'.
Inserting `luaotfload.aux.set_font_index' in `luaotfload.patch_font'.
Inserting `luaotfload.aux.patch_cambria_domh' in `luaotfload.patch_font'.
Inserting `luaotfload.aux.fixup_fontdata' in `luaotfload.patch_font_unsafe'.
Inserting `luaotfload.aux.set_capheight' in `luaotfload.patch_font'.
Inserting `luaotfload.aux.set_xheight' in `luaotfload.patch_font'.
Inserting `luaotfload.rewrite_fontname' in `luaotfload.patch_font'.
Inserting `tracingstacklevels' in `input_level_string'. (C:/Users/aadib/AppData
/Local/Programs/MiKTeX/tex/latex/base/article.cls
Document Class: article 2025/01/22 v1.4n Standard LaTeX document class
(C:/Users/aadib/AppData/Local/Programs/MiKTeX/tex/latex/base/size11.clo
File: size11.clo 2025/01/22 v1.4n Standard LaTeX file (size option)
luaotfload | db : Font names database loaded from C:/Users/aadib/AppData/Local/M
iKTeX/luatex-cache/generic/names/luaotfload-names.luc.gz)
\c@part=\count273
\c@section=\count274
\c@subsection=\count275
\c@subsubsection=\count276
\c@paragraph=\count277
\c@subparagraph=\count278
\c@figure=\count279
\c@table=\count280
\abovecaptionskip=\skip49
\belowcaptionskip=\skip50
\bibindent=\dimen147
)
(C:/Users/aadib/AppData/Local/Programs/MiKTeX/tex/latex/geometry/geometry.sty
Package: geometry 2026/03/07 v6.0 Page Geometry

(C:/Users/aadib/AppData/Local/Programs/MiKTeX/tex/latex/graphics/keyval.sty
Package: keyval 2022/05/29 v1.15 key=value parser (DPC)
\KV@toks@=\toks17
)
(C:/Users/aadib/AppData/Local/Programs/MiKTeX/tex/generic/iftex/ifvtex.sty
Package: ifvtex 2019/10/25 v1.7 ifvtex legacy package. Use iftex instead.

(C:/Users/aadib/AppData/Local/Programs/MiKTeX/tex/generic/iftex/iftex.sty
Package: iftex 2024/12/12 v1.0g TeX engine tests
))
\Gm@cnth=\count281
\Gm@cntv=\count282
\c@Gm@tempcnt=\count283
\Gm@bindingoffset=\dimen148
\Gm@wd@mp=\dimen149
\Gm@odd@mp=\dimen150
\Gm@even@mp=\dimen151
\Gm@layoutwidth=\dimen152
\Gm@layoutheight=\dimen153
\Gm@layouthoffset=\dimen154
\Gm@layoutvoffset=\dimen155
\Gm@dimlist=\toks18

(C:/Users/aadib/AppData/Local/Programs/MiKTeX/tex/latex/geometry/geometry.cfg)) (C:/Users/aadib/AppData/Local/Programs/MiKTeX/tex/latex/amsmath/amsmath.sty
Package: amsmath 2025/07/09 v2.17z AMS math features
\@mathmargin=\skip51

For additional information on amsmath, use the `?' option.
(C:/Users/aadib/AppData/Local/Programs/MiKTeX/tex/latex/amsmath/amstext.sty
Package: amstext 2024/11/17 v2.01 AMS text

(C:/Users/aadib/AppData/Local/Programs/MiKTeX/tex/latex/amsmath/amsgen.sty
File: amsgen.sty 1999/11/30 v2.0 generic functions
\@emptytoks=\toks19
\ex@=\dimen156
))
(C:/Users/aadib/AppData/Local/Programs/MiKTeX/tex/latex/amsmath/amsbsy.sty
Package: amsbsy 1999/11/29 v1.2d Bold Symbols
\pmbraise@=\dimen157
)
(C:/Users/aadib/AppData/Local/Programs/MiKTeX/tex/latex/amsmath/amsopn.sty
Package: amsopn 2022/04/08 v2.04 operator names
)
\inf@bad=\count284
LaTeX Info: Redefining \frac on input line 235.
\uproot@=\count285
\leftroot@=\count286
LaTeX Info: Redefining \overline on input line 398.
LaTeX Info: Redefining \colon on input line 409.
\classnum@=\count287
\DOTSCASE@=\count288
LaTeX Info: Redefining \ldots on input line 495.
LaTeX Info: Redefining \dots on input line 498.
LaTeX Info: Redefining \cdots on input line 619.
\Mathstrutbox@=\box53
\strutbox@=\box54
LaTeX Info: Redefining \big on input line 721.
LaTeX Info: Redefining \Big on input line 722.
LaTeX Info: Redefining \bigg on input line 723.
LaTeX Info: Redefining \Bigg on input line 724.
\big@size=\dimen158
LaTeX Font Info:    Redeclaring font encoding OML on input line 742.
LaTeX Font Info:    Redeclaring font encoding OMS on input line 743.
\macc@depth=\count289
LaTeX Info: Redefining \bmod on input line 904.
LaTeX Info: Redefining \pmod on input line 909.
LaTeX Info: Redefining \smash on input line 939.
LaTeX Info: Redefining \relbar on input line 969.
LaTeX Info: Redefining \Relbar on input line 970.
\c@MaxMatrixCols=\count290
\dotsspace@=\muskip17
\c@parentequation=\count291
\dspbrk@lvl=\count292
\tag@help=\toks20
\row@=\count293
\column@=\count294
\maxfields@=\count295
\andhelp@=\toks21
\eqnshift@=\dimen159
\alignsep@=\dimen160
\tagshift@=\dimen161
\tagwidth@=\dimen162
\totwidth@=\dimen163
\lineht@=\dimen164
\@envbody=\toks22
\multlinegap=\skip52
\multlinetaggap=\skip53
\mathdisplay@stack=\toks23
LaTeX Info: Redefining \[ on input line 2950.
LaTeX Info: Redefining \] on input line 2951.
)
(C:/Users/aadib/AppData/Local/Programs/MiKTeX/tex/latex/amsfonts/amssymb.sty
Package: amssymb 2013/01/14 v3.01 AMS font symbols

(C:/Users/aadib/AppData/Local/Programs/MiKTeX/tex/latex/amsfonts/amsfonts.sty
Package: amsfonts 2013/01/14 v3.01 Basic AMSFonts support
\symAMSa=\mathgroup4
\symAMSb=\mathgroup5
LaTeX Font Info:    Redeclaring math symbol \hbar on input line 98.
LaTeX Font Info:    Overwriting math alphabet `\mathfrak' in version `bold'
(Font)                  U/euf/m/n --> U/euf/b/n on input line 106.
)) (C:/Users/aadib/AppData/Local/Programs/MiKTeX/tex/latex/graphics/graphicx.st
y
Package: graphicx 2024/12/31 v1.2e Enhanced LaTeX Graphics (DPC,SPQR)

(C:/Users/aadib/AppData/Local/Programs/MiKTeX/tex/latex/graphics/graphics.sty
Package: graphics 2024/08/06 v1.4g Standard LaTeX Graphics (DPC,SPQR)

(C:/Users/aadib/AppData/Local/Programs/MiKTeX/tex/latex/graphics/trig.sty
Package: trig 2023/12/02 v1.11 sin cos tan (DPC)
)
(C:/Users/aadib/AppData/Local/Programs/MiKTeX/tex/latex/graphics-cfg/graphics.c
fg
File: graphics.cfg 2016/06/04 v1.11 sample graphics configuration
)
Package graphics Info: Driver file: luatex.def on input line 106.

(C:/Users/aadib/AppData/Local/Programs/MiKTeX/tex/latex/graphics-def/luatex.def
File: luatex.def 2025/09/29 v1.2f Graphics/color driver for luatex
))
\Gin@req@height=\dimen165
\Gin@req@width=\dimen166
) (C:/Users/aadib/AppData/Local/Programs/MiKTeX/tex/latex/float/float.sty
Package: float 2001/11/08 v1.3d Float enhancements (AL)
\c@float@type=\count296
\float@exts=\toks24
\float@box=\box55
\@float@everytoks=\toks25
\@floatcapt=\box56
)
(C:/Users/aadib/AppData/Local/Programs/MiKTeX/tex/latex/enumitem/enumitem.sty
Package: enumitem 2025/02/06 v3.11 Customized lists
\labelindent=\skip54
\enit@outerparindent=\dimen167
\enit@toks=\toks26
\enit@inbox=\box57
\enit@count@id=\count297
\enitdp@description=\count298
)
(C:/Users/aadib/AppData/Local/Programs/MiKTeX/tex/latex/microtype/microtype.sty
Package: microtype 2026/03/01 v3.2d Micro-typographical refinements (RS)
(C:/Users/aadib/AppData/Local/Programs/MiKTeX/tex/latex/etoolbox/etoolbox.sty
Package: etoolbox 2025/10/02 v2.5m e-TeX tools for LaTeX (JAW)
\etb@tempcnta=\count299
)
\MT@toks=\toks27
\MT@tempbox=\box58
\MT@count=\count300
LaTeX Info: Redefining \noprotrusionifhmode on input line 1084.
LaTeX Info: Redefining \leftprotrusion on input line 1085.
\MT@prot@toks=\toks28
LaTeX Info: Redefining \rightprotrusion on input line 1104.
LaTeX Info: Redefining \textls on input line 1449.
\MT@outer@kern=\dimen168
LaTeX Info: Redefining \microtypecontext on input line 2053.
LaTeX Info: Redefining \textmicrotypecontext on input line 2070.
\MT@listname@count=\count301

(C:/Users/aadib/AppData/Local/Programs/MiKTeX/tex/latex/microtype/microtype-lua
tex.def
File: microtype-luatex.def 2026/03/01 v3.2d Definitions specific to luatex (RS)

Lua module: microtype 2026/03/01 v3.2d microtype module.
Module microtype Info: overwriting function `keepligature' on input line 63
LaTeX Info: Redefining \lsstyle on input line 779.
LaTeX Info: Redefining \lslig on input line 779.
\MT@outer@space=\skip55
)
Package microtype Info: Loading configuration file microtype.cfg.

(C:/Users/aadib/AppData/Local/Programs/MiKTeX/tex/latex/microtype/microtype.cfg
File: microtype.cfg 2026/03/01 v3.2d microtype main configuration file (RS)
)
LaTeX Info: Redefining \microtypesetup on input line 3065.
) (C:/Users/aadib/AppData/Local/Programs/MiKTeX/tex/latex/caption/caption.sty
Package: caption 2023/08/05 v3.6o Customizing captions (AR)

(C:/Users/aadib/AppData/Local/Programs/MiKTeX/tex/latex/caption/caption3.sty
Package: caption3 2023/07/31 v2.4d caption3 kernel (AR)
\caption@tempdima=\dimen169
\captionmargin=\dimen170
\caption@leftmargin=\dimen171
\caption@rightmargin=\dimen172
\caption@width=\dimen173
\caption@indent=\dimen174
\caption@parindent=\dimen175
\caption@hangindent=\dimen176
Package caption Info: Standard document class detected.
)
\c@caption@flags=\count302
\c@continuedfloat=\count303
Package caption Info: float package is loaded.
)
(C:/Users/aadib/AppData/Local/Programs/MiKTeX/tex/latex/tools/tabularx.sty
Package: tabularx 2023/12/11 v2.12a `tabularx' package (DPC)

(C:/Users/aadib/AppData/Local/Programs/MiKTeX/tex/latex/tools/array.sty
Package: array 2025/09/25 v2.6n Tabular extension package (FMi)
\col@sep=\dimen177
\ar@mcellbox=\box59
\extrarowheight=\dimen178
\NC@list=\toks29
\extratabsurround=\skip56
\backup@length=\skip57
\ar@cellbox=\box60
)
\TX@col@width=\dimen179
\TX@old@table=\dimen180
\TX@old@col=\dimen181
\TX@target=\dimen182
\TX@delta=\dimen183
\TX@cols=\count304
\TX@ftn=\toks30
)
(C:/Users/aadib/AppData/Local/Programs/MiKTeX/tex/latex/hyperref/hyperref.sty
Package: hyperref 2025-07-12 v7.01o Hypertext links for LaTeX

(C:/Users/aadib/AppData/Local/Programs/MiKTeX/tex/latex/kvsetkeys/kvsetkeys.sty
Package: kvsetkeys 2022-10-05 v1.19 Key value parser (HO)
)
(C:/Users/aadib/AppData/Local/Programs/MiKTeX/tex/generic/kvdefinekeys/kvdefine
keys.sty
Package: kvdefinekeys 2019-12-19 v1.6 Define keys (HO)
)
(C:/Users/aadib/AppData/Local/Programs/MiKTeX/tex/generic/pdfescape/pdfescape.s
ty
Package: pdfescape 2019/12/09 v1.15 Implements pdfTeX's escape features (HO)

(C:/Users/aadib/AppData/Local/Programs/MiKTeX/tex/generic/ltxcmds/ltxcmds.sty
Package: ltxcmds 2023-12-04 v1.26 LaTeX kernel commands for general use (HO)
)
(C:/Users/aadib/AppData/Local/Programs/MiKTeX/tex/generic/pdftexcmds/pdftexcmds
.sty
Package: pdftexcmds 2020-06-27 v0.33 Utility functions of pdfTeX for LuaTeX (HO
)

(C:/Users/aadib/AppData/Local/Programs/MiKTeX/tex/generic/infwarerr/infwarerr.s
ty
Package: infwarerr 2019/12/03 v1.5 Providing info/warning/error messages (HO)
)
Package pdftexcmds Info: \pdf@primitive is available.
Package pdftexcmds Info: \pdf@ifprimitive is available.
Package pdftexcmds Info: \pdfdraftmode found.
\pdftexcmds@toks=\toks31
))
(C:/Users/aadib/AppData/Local/Programs/MiKTeX/tex/latex/hycolor/hycolor.sty
Package: hycolor 2020-01-27 v1.10 Color options for hyperref/bookmark (HO)
)
(C:/Users/aadib/AppData/Local/Programs/MiKTeX/tex/latex/hyperref/nameref.sty
Package: nameref 2025-06-21 v2.57 Cross-referencing by name of section

(C:/Users/aadib/AppData/Local/Programs/MiKTeX/tex/latex/refcount/refcount.sty
Package: refcount 2019/12/15 v3.6 Data extraction from label references (HO)
)
(C:/Users/aadib/AppData/Local/Programs/MiKTeX/tex/generic/gettitlestring/gettit
lestring.sty
Package: gettitlestring 2019/12/15 v1.6 Cleanup title references (HO)

(C:/Users/aadib/AppData/Local/Programs/MiKTeX/tex/latex/kvoptions/kvoptions.sty
Package: kvoptions 2022-06-15 v3.15 Key value format for package options (HO)
))
\c@section@level=\count305
)
(C:/Users/aadib/AppData/Local/Programs/MiKTeX/tex/generic/stringenc/stringenc.s
ty
Package: stringenc 2019/11/29 v1.12 Convert strings between diff. encodings (HO
)
)
\@linkdim=\dimen184
\Hy@linkcounter=\count306
\Hy@pagecounter=\count307
 (C:/Users/aadib/AppData/Local/Programs/MiKTeX/tex/latex/hyperref/pd1enc.def
File: pd1enc.def 2025-07-12 v7.01o Hyperref: PDFDocEncoding definition (HO)
) (C:/Users/aadib/AppData/Local/Programs/MiKTeX/tex/generic/intcalc/intcalc.sty
Package: intcalc 2019/12/15 v1.3 Expandable calculations with integers (HO)
)
\Hy@SavedSpaceFactor=\count308
 (C:/Users/aadib/AppData/Local/Programs/MiKTeX/tex/latex/hyperref/puenc.def
File: puenc.def 2025-07-12 v7.01o Hyperref: PDF Unicode definition (HO)
)
Package hyperref Info: Hyper figures OFF on input line 4195.
Package hyperref Info: Link nesting OFF on input line 4200.
Package hyperref Info: Hyper index ON on input line 4203.
Package hyperref Info: Plain pages OFF on input line 4210.
Package hyperref Info: Backreferencing OFF on input line 4215.
Package hyperref Info: Implicit mode ON; LaTeX internals redefined.
Package hyperref Info: Bookmarks ON on input line 4462.
\c@Hy@tempcnt=\count309

(C:/Users/aadib/AppData/Local/Programs/MiKTeX/tex/latex/url/url.sty
\Urlmuskip=\muskip18
Package: url 2013/09/16  ver 3.4  Verb mode for urls, etc.
)
LaTeX Info: Redefining \url on input line 4801.
\XeTeXLinkMargin=\dimen185

(C:/Users/aadib/AppData/Local/Programs/MiKTeX/tex/generic/bitset/bitset.sty
Package: bitset 2019/12/09 v1.3 Handle bit-vector datatype (HO)

(C:/Users/aadib/AppData/Local/Programs/MiKTeX/tex/generic/bigintcalc/bigintcalc
.sty
Package: bigintcalc 2019/12/15 v1.5 Expandable calculations on big integers (HO
)
))
\Fld@menulength=\count310
\Field@Width=\dimen186
\Fld@charsize=\dimen187
Package hyperref Info: Hyper figures OFF on input line 6078.
Package hyperref Info: Link nesting OFF on input line 6083.
Package hyperref Info: Hyper index ON on input line 6086.
Package hyperref Info: backreferencing OFF on input line 6093.
Package hyperref Info: Link coloring OFF on input line 6098.
Package hyperref Info: Link coloring with OCG OFF on input line 6103.
Package hyperref Info: PDF/A mode OFF on input line 6108.
\Hy@abspage=\count311
\c@Item=\count312
\c@Hfootnote=\count313
)
Package hyperref Info: Driver (autodetected): hluatex.

(C:/Users/aadib/AppData/Local/Programs/MiKTeX/tex/latex/hyperref/hluatex.def
File: hluatex.def 2025-07-12 v7.01o Hyperref driver for luaTeX
\Fld@listcount=\count314
\c@bookmark@seq@number=\count315

(C:/Users/aadib/AppData/Local/Programs/MiKTeX/tex/latex/rerunfilecheck/rerunfil
echeck.sty
Package: rerunfilecheck 2025-06-21 v1.11 Rerun checks for auxiliary files (HO)

(C:/Users/aadib/AppData/Local/Programs/MiKTeX/tex/generic/uniquecounter/uniquec
ounter.sty
Package: uniquecounter 2019/12/15 v1.4 Provide unlimited unique counter (HO)
)
Package uniquecounter Info: New unique counter `rerunfilecheck' on input line 2
84.
)
\Hy@SectionHShift=\skip58
)
(C:/Users/aadib/AppData/Local/Programs/MiKTeX/tex/latex/l3backend/l3backend-lua
tex.def
File: l3backend-luatex.def 2025-10-09 L3 backend support: PDF output (LuaTeX)
\l__color_backend_stack_int=\count316
Inserting `l3color' in `luaotfload.parse_color'.) (./T3_S_EN_2.aux)
\openout1 = T3_S_EN_2.aux

LaTeX Font Info:    Checking defaults for OML/cmm/m/it on input line 37.
LaTeX Font Info:    ... okay on input line 37.
LaTeX Font Info:    Checking defaults for OMS/cmsy/m/n on input line 37.
LaTeX Font Info:    ... okay on input line 37.
LaTeX Font Info:    Checking defaults for OT1/cmr/m/n on input line 37.
LaTeX Font Info:    ... okay on input line 37.
LaTeX Font Info:    Checking defaults for T1/cmr/m/n on input line 37.
LaTeX Font Info:    ... okay on input line 37.
LaTeX Font Info:    Checking defaults for TS1/cmr/m/n on input line 37.
LaTeX Font Info:    ... okay on input line 37.
LaTeX Font Info:    Checking defaults for TU/lmr/m/n on input line 37.
LaTeX Font Info:    ... okay on input line 37.
LaTeX Font Info:    Checking defaults for OMX/cmex/m/n on input line 37.
LaTeX Font Info:    ... okay on input line 37.
LaTeX Font Info:    Checking defaults for U/cmr/m/n on input line 37.
LaTeX Font Info:    ... okay on input line 37.
LaTeX Font Info:    Checking defaults for PD1/pdf/m/n on input line 37.
LaTeX Font Info:    ... okay on input line 37.
LaTeX Font Info:    Checking defaults for PU/pdf/m/n on input line 37.
LaTeX Font Info:    ... okay on input line 37.

*geometry* driver: auto-detecting
*geometry* detected driver: luatex
*geometry* verbose mode - [ preamble ] result:
* driver: luatex
* paper: a4paper
* layout: <same size as paper>
* layoutoffset:(h,v)=(0.0pt,0.0pt)
* modes: 
* h-part:(L,W,R)=(72.26999pt, 452.9679pt, 72.26999pt)
* v-part:(T,H,B)=(72.26999pt, 700.50687pt, 72.26999pt)
* \paperwidth=597.50787pt
* \paperheight=845.04684pt
* \textwidth=452.9679pt
* \textheight=700.50687pt
* \oddsidemargin=0.0pt
* \evensidemargin=0.0pt
* \topmargin=-37.0pt
* \headheight=12.0pt
* \headsep=25.0pt
* \topskip=11.0pt
* \footskip=30.0pt
* \marginparwidth=50.0pt
* \marginparsep=10.0pt
* \columnsep=10.0pt
* \skip\footins=10.0pt plus 4.0pt minus 2.0pt
* \hoffset=0.0pt
* \voffset=0.0pt
* \mag=1000
* \@twocolumnfalse
* \@twosidefalse
* \@mparswitchfalse
* \@reversemarginfalse
* (1in=72.27pt=25.4mm, 1cm=28.453pt)


(C:/Users/aadib/AppData/Local/Programs/MiKTeX/tex/context/base/mkii/supp-pdf.mk
ii
[Loading MPS to PDF converter (version 2006.09.02).]
\scratchcounter=\count317
\scratchdimen=\dimen188
\scratchbox=\box61
\nofMPsegments=\count318
\nofMParguments=\count319
\everyMPshowfont=\toks32
\MPscratchCnt=\count320
\MPscratchDim=\dimen189
\MPnumerator=\count321
\makeMPintoPDFobject=\count322
\everyMPtoPDFconversion=\toks33
)
(C:/Users/aadib/AppData/Local/Programs/MiKTeX/tex/latex/epstopdf-pkg/epstopdf-b
ase.sty
Package: epstopdf-base 2020-01-24 v2.11 Base part for package epstopdf
Package epstopdf-base Info: Redefining graphics rule for `.eps' on input line 4
85.

(C:/Users/aadib/AppData/Local/Programs/MiKTeX/tex/latex/00miktex/epstopdf-sys.c
fg
File: epstopdf-sys.cfg 2021/03/18 v2.0 Configuration of epstopdf for MiKTeX
))
LaTeX Info: Redefining \microtypecontext on input line 37.
Package microtype Info: Applying patch `item' on input line 37.
Package microtype Info: Applying patch `toc' on input line 37.
Package microtype Info: Applying patch `eqnum' on input line 37.
Package microtype Info: Applying patch `footnote' on input line 37.
Package microtype Info: Applying patch `verbatim' on input line 37.
LaTeX Info: Redefining \microtypesetup on input line 37.
Package microtype Info: Generating PDF output.
Package microtype Info: Character protrusion enabled (level 2).
Package microtype Info: Using default protrusion set `alltext'.
Package microtype Info: Automatic font expansion enabled (level 2),
(microtype)             stretch: 20, shrink: 20, step: 1, non-selected.
Package microtype Info: Using default expansion set `alltext-nott'.
Package microtype Info: Patching command `\showhyphens'.
Package microtype Info: No adjustment of tracking.
Package microtype Info: No adjustment of spacing.
Package microtype Info: No adjustment of kerning.

(C:/Users/aadib/AppData/Local/Programs/MiKTeX/tex/latex/microtype/mt-LatinModer
nRoman.cfg
File: mt-LatinModernRoman.cfg 2026/02/26 v1.2 microtype config. file: Latin Mod
ern Roman (RS)
)
Package caption Info: Begin \AtBeginDocument code.
Package caption Info: hyperref package is loaded.
Package caption Info: End \AtBeginDocument code.
Package hyperref Info: Link coloring OFF on input line 37.
 (./T3_S_EN_2.out) (./T3_S_EN_2.out)
\@outlinefile=\write3

\openout3 = T3_S_EN_2.out

(C:/Users/aadib/AppData/Local/Programs/MiKTeX/tex/latex/microtype/mt-cmr.cfg
File: mt-cmr.cfg 2013/05/19 v2.2 microtype config. file: Computer Modern Roman 
(RS)
)
LaTeX Font Info:    Trying to load font information for U+msa on input line 39.


(C:/Users/aadib/AppData/Local/Programs/MiKTeX/tex/latex/amsfonts/umsa.fd
File: umsa.fd 2013/01/14 v3.01 AMS symbols A
)
(C:/Users/aadib/AppData/Local/Programs/MiKTeX/tex/latex/microtype/mt-msa.cfg
File: mt-msa.cfg 2006/02/04 v1.1 microtype config. file: AMS symbols (a) (RS)
)
LaTeX Font Info:    Trying to load font information for U+msb on input line 39.


(C:/Users/aadib/AppData/Local/Programs/MiKTeX/tex/latex/amsfonts/umsb.fd
File: umsb.fd 2013/01/14 v3.01 AMS symbols B
)
(C:/Users/aadib/AppData/Local/Programs/MiKTeX/tex/latex/microtype/mt-msb.cfg
File: mt-msb.cfg 2005/06/01 v1.0 microtype config. file: AMS symbols (b) (RS)
)
Missing character: There is no С (U+0421) in font [lmroman10-bold]:+tlig;!
Missing character: There is no д (U+0434) in font [lmroman10-bold]:+tlig;!
Missing character: There is no р (U+0440) in font [lmroman10-bold]:+tlig;!
Missing character: There is no у (U+0443) in font [lmroman10-bold]:+tlig;!
Missing character: There is no г (U+0433) in font [lmroman10-bold]:+tlig;!
Missing character: There is no о (U+043E) in font [lmroman10-bold]:+tlig;!
Missing character: There is no й (U+0439) in font [lmroman10-bold]:+tlig;!
Missing character: There is no с (U+0441) in font [lmroman10-bold]:+tlig;!
Missing character: There is no т (U+0442) in font [lmroman10-bold]:+tlig;!
Missing character: There is no о (U+043E) in font [lmroman10-bold]:+tlig;!
Missing character: There is no р (U+0440) in font [lmroman10-bold]:+tlig;!
Missing character: There is no о (U+043E) in font [lmroman10-bold]:+tlig;!
Missing character: There is no н (U+043D) in font [lmroman10-bold]:+tlig;!
Missing character: There is no ы (U+044B) in font [lmroman10-bold]:+tlig;!
Missing character: There is no С (U+0421) in font [lmroman10-bold]:+tlig;!
Missing character: There is no д (U+0434) in font [lmroman10-bold]:+tlig;!
Missing character: There is no р (U+0440) in font [lmroman10-bold]:+tlig;!
Missing character: There is no у (U+0443) in font [lmroman10-bold]:+tlig;!
Missing character: There is no г (U+0433) in font [lmroman10-bold]:+tlig;!
Missing character: There is no о (U+043E) in font [lmroman10-bold]:+tlig;!
Missing character: There is no й (U+0439) in font [lmroman10-bold]:+tlig;!
Missing character: There is no с (U+0441) in font [lmroman10-bold]:+tlig;!
Missing character: There is no т (U+0442) in font [lmroman10-bold]:+tlig;!
Missing character: There is no о (U+043E) in font [lmroman10-bold]:+tlig;!
Missing character: There is no р (U+0440) in font [lmroman10-bold]:+tlig;!
Missing character: There is no о (U+043E) in font [lmroman10-bold]:+tlig;!
Missing character: There is no н (U+043D) in font [lmroman10-bold]:+tlig;!
Missing character: There is no ы (U+044B) in font [lmroman10-bold]:+tlig;!
Missing character: There is no С (U+0421) in font [lmroman10-bold]:+tlig;!
Missing character: There is no д (U+0434) in font [lmroman10-bold]:+tlig;!
Missing character: There is no р (U+0440) in font [lmroman10-bold]:+tlig;!
Missing character: There is no у (U+0443) in font [lmroman10-bold]:+tlig;!
Missing character: There is no г (U+0433) in font [lmroman10-bold]:+tlig;!
Missing character: There is no о (U+043E) in font [lmroman10-bold]:+tlig;!
Missing character: There is no й (U+0439) in font [lmroman10-bold]:+tlig;!
Missing character: There is no с (U+0441) in font [lmroman10-bold]:+tlig;!
Missing character: There is no т (U+0442) in font [lmroman10-bold]:+tlig;!
Missing character: There is no о (U+043E) in font [lmroman10-bold]:+tlig;!
Missing character: There is no р (U+0440) in font [lmroman10-bold]:+tlig;!
Missing character: There is no о (U+043E) in font [lmroman10-bold]:+tlig;!
Missing character: There is no н (U+043D) in font [lmroman10-bold]:+tlig;!
Missing character: There is no ы (U+044B) in font [lmroman10-bold]:+tlig;!
Missing character: There is no С (U+0421) in font [lmroman10-bold]:+tlig;!
Missing character: There is no д (U+0434) in font [lmroman10-bold]:+tlig;!
Missing character: There is no р (U+0440) in font [lmroman10-bold]:+tlig;!
Missing character: There is no у (U+0443) in font [lmroman10-bold]:+tlig;!
Missing character: There is no г (U+0433) in font [lmroman10-bold]:+tlig;!
Missing character: There is no о (U+043E) in font [lmroman10-bold]:+tlig;!
Missing character: There is no й (U+0439) in font [lmroman10-bold]:+tlig;!
Missing character: There is no с (U+0441) in font [lmroman10-bold]:+tlig;!
Missing character: There is no т (U+0442) in font [lmroman10-bold]:+tlig;!
Missing character: There is no о (U+043E) in font [lmroman10-bold]:+tlig;!
Missing character: There is no р (U+0440) in font [lmroman10-bold]:+tlig;!
Missing character: There is no о (U+043E) in font [lmroman10-bold]:+tlig;!
Missing character: There is no н (U+043D) in font [lmroman10-bold]:+tlig;!
Missing character: There is no ы (U+044B) in font [lmroman10-bold]:+tlig;!
Missing character: There is no с (U+0441) in font [lmroman10-bold]:+tlig;!
Missing character: There is no т (U+0442) in font [lmroman10-bold]:+tlig;!
Missing character: There is no о (U+043E) in font [lmroman10-bold]:+tlig;!
Missing character: There is no р (U+0440) in font [lmroman10-bold]:+tlig;!
Missing character: There is no о (U+043E) in font [lmroman10-bold]:+tlig;!
Missing character: There is no н (U+043D) in font [lmroman10-bold]:+tlig;!
Missing character: There is no ы (U+044B) in font [lmroman10-bold]:+tlig;!
Missing character: There is no С (U+0421) in font [lmroman10-bold]:+tlig;!
Missing character: There is no д (U+0434) in font [lmroman10-bold]:+tlig;!
Missing character: There is no р (U+0440) in font [lmroman10-bold]:+tlig;!
Missing character: There is no у (U+0443) in font [lmroman10-bold]:+tlig;!
Missing character: There is no г (U+0433) in font [lmroman10-bold]:+tlig;!
Missing character: There is no о (U+043E) in font [lmroman10-bold]:+tlig;!
Missing character: There is no й (U+0439) in font [lmroman10-bold]:+tlig;!
Missing character: There is no с (U+0441) in font [lmroman10-bold]:+tlig;!
Missing character: There is no т (U+0442) in font [lmroman10-bold]:+tlig;!
Missing character: There is no о (U+043E) in font [lmroman10-bold]:+tlig;!
Missing character: There is no р (U+0440) in font [lmroman10-bold]:+tlig;!
Missing character: There is no о (U+043E) in font [lmroman10-bold]:+tlig;!
Missing character: There is no н (U+043D) in font [lmroman10-bold]:+tlig;!
Missing character: There is no ы (U+044B) in font [lmroman10-bold]:+tlig;!
Missing character: There is no С (U+0421) in font [lmroman10-bold]:+tlig;!
Missing character: There is no д (U+0434) in font [lmroman10-bold]:+tlig;!
Missing character: There is no р (U+0440) in font [lmroman10-bold]:+tlig;!
Missing character: There is no у (U+0443) in font [lmroman10-bold]:+tlig;!
Missing character: There is no г (U+0433) in font [lmroman10-bold]:+tlig;!
Missing character: There is no о (U+043E) in font [lmroman10-bold]:+tlig;!
Missing character: There is no й (U+0439) in font [lmroman10-bold]:+tlig;!
Missing character: There is no с (U+0441) in font [lmroman10-bold]:+tlig;!
Missing character: There is no т (U+0442) in font [lmroman10-bold]:+tlig;!
Missing character: There is no о (U+043E) in font [lmroman10-bold]:+tlig;!
Missing character: There is no р (U+0440) in font [lmroman10-bold]:+tlig;!
Missing character: There is no о (U+043E) in font [lmroman10-bold]:+tlig;!
Missing character: There is no н (U+043D) in font [lmroman10-bold]:+tlig;!
Missing character: There is no ы (U+044B) in font [lmroman10-bold]:+tlig;!
Missing character: There is no С (U+0421) in font [lmroman10-bold]:+tlig;!
Missing character: There is no д (U+0434) in font [lmroman10-bold]:+tlig;!
Missing character: There is no р (U+0440) in font [lmroman10-bold]:+tlig;!
Missing character: There is no у (U+0443) in font [lmroman10-bold]:+tlig;!
Missing character: There is no г (U+0433) in font [lmroman10-bold]:+tlig;!
Missing character: There is no о (U+043E) in font [lmroman10-bold]:+tlig;!
Missing character: There is no й (U+0439) in font [lmroman10-bold]:+tlig;!
Missing character: There is no с (U+0441) in font [lmroman10-bold]:+tlig;!
Missing character: There is no т (U+0442) in font [lmroman10-bold]:+tlig;!
Missing character: There is no о (U+043E) in font [lmroman10-bold]:+tlig;!
Missing character: There is no р (U+0440) in font [lmroman10-bold]:+tlig;!
Missing character: There is no о (U+043E) in font [lmroman10-bold]:+tlig;!
Missing character: There is no н (U+043D) in font [lmroman10-bold]:+tlig;!
Missing character: There is no ы (U+044B) in font [lmroman10-bold]:+tlig;!
Missing character: There is no С (U+0421) in font [lmroman10-bold]:+tlig;!
Missing character: There is no д (U+0434) in font [lmroman10-bold]:+tlig;!
Missing character: There is no р (U+0440) in font [lmroman10-bold]:+tlig;!
Missing character: There is no у (U+0443) in font [lmroman10-bold]:+tlig;!
Missing character: There is no г (U+0433) in font [lmroman10-bold]:+tlig;!
Missing character: There is no о (U+043E) in font [lmroman10-bold]:+tlig;!
Missing character: There is no й (U+0439) in font [lmroman10-bold]:+tlig;!
Missing character: There is no с (U+0441) in font [lmroman10-bold]:+tlig;!
Missing character: There is no т (U+0442) in font [lmroman10-bold]:+tlig;!
Missing character: There is no о (U+043E) in font [lmroman10-bold]:+tlig;!
Missing character: There is no р (U+0440) in font [lmroman10-bold]:+tlig;!
Missing character: There is no о (U+043E) in font [lmroman10-bold]:+tlig;!
Missing character: There is no н (U+043D) in font [lmroman10-bold]:+tlig;!
Missing character: There is no ы (U+044B) in font [lmroman10-bold]:+tlig;!
Missing character: There is no с (U+0441) in font [lmroman10-bold]:+tlig;!
Missing character: There is no т (U+0442) in font [lmroman10-bold]:+tlig;!
Missing character: There is no о (U+043E) in font [lmroman10-bold]:+tlig;!
Missing character: There is no р (U+0440) in font [lmroman10-bold]:+tlig;!
Missing character: There is no о (U+043E) in font [lmroman10-bold]:+tlig;!
Missing character: There is no н (U+043D) in font [lmroman10-bold]:+tlig;!
Missing character: There is no ы (U+044B) in font [lmroman10-bold]:+tlig;!

Overfull \hbox (10.36433pt too wide) in paragraph at lines 39--39
\TU/lmr/bx/n/10.95 drawn 
 []


Overfull \hbox (7.91919pt too wide) in paragraph at lines 39--39
\TU/lmr/bx/n/10.95 wards 
 []


Overfull \hbox (15.48102pt too wide) in paragraph at lines 39--39
\TU/lmr/bx/n/10.95 smaller 
 []


Overfull \hbox (3.65813pt too wide) in paragraph at lines 39--39
\TU/lmr/bx/n/10.95 body 
 []


Overfull \hbox (2.30861pt too wide) in paragraph at lines 39--39
\TU/lmr/bx/n/10.95 from 
 []


Overfull \hbox (8.16248pt too wide) in paragraph at lines 39--39
\TU/lmr/bx/n/10.95 larger 
 []


Overfull \hbox (2.43521pt too wide) in paragraph at lines 39--39
\TU/lmr/bx/n/10.95 grav- 
 []


Overfull \hbox (254.46959pt too wide) detected at line 39
[] \OT1/cmr/m/n/10.95 = \OMS/cmsy/m/n/10.95 ^^@[][] [] \OT1/cmr/m/n/10.95 = [][
];  []\OML/cmm/m/it/10.95 :
 []

Missing character: There is no С (U+0421) in font [lmroman10-bold]:+tlig;!
Missing character: There is no д (U+0434) in font [lmroman10-bold]:+tlig;!
Missing character: There is no р (U+0440) in font [lmroman10-bold]:+tlig;!
Missing character: There is no у (U+0443) in font [lmroman10-bold]:+tlig;!
Missing character: There is no г (U+0433) in font [lmroman10-bold]:+tlig;!
Missing character: There is no о (U+043E) in font [lmroman10-bold]:+tlig;!
Missing character: There is no й (U+0439) in font [lmroman10-bold]:+tlig;!
Missing character: There is no с (U+0441) in font [lmroman10-bold]:+tlig;!
Missing character: There is no т (U+0442) in font [lmroman10-bold]:+tlig;!
Missing character: There is no о (U+043E) in font [lmroman10-bold]:+tlig;!
Missing character: There is no р (U+0440) in font [lmroman10-bold]:+tlig;!
Missing character: There is no о (U+043E) in font [lmroman10-bold]:+tlig;!
Missing character: There is no н (U+043D) in font [lmroman10-bold]:+tlig;!
Missing character: There is no ы (U+044B) in font [lmroman10-bold]:+tlig;!
Missing character: There is no С (U+0421) in font [lmroman10-bold]:+tlig;!
Missing character: There is no д (U+0434) in font [lmroman10-bold]:+tlig;!
Missing character: There is no р (U+0440) in font [lmroman10-bold]:+tlig;!
Missing character: There is no у (U+0443) in font [lmroman10-bold]:+tlig;!
Missing character: There is no г (U+0433) in font [lmroman10-bold]:+tlig;!
Missing character: There is no о (U+043E) in font [lmroman10-bold]:+tlig;!
Missing character: There is no й (U+0439) in font [lmroman10-bold]:+tlig;!
Missing character: There is no с (U+0441) in font [lmroman10-bold]:+tlig;!
Missing character: There is no т (U+0442) in font [lmroman10-bold]:+tlig;!
Missing character: There is no о (U+043E) in font [lmroman10-bold]:+tlig;!
Missing character: There is no р (U+0440) in font [lmroman10-bold]:+tlig;!
Missing character: There is no о (U+043E) in font [lmroman10-bold]:+tlig;!
Missing character: There is no н (U+043D) in font [lmroman10-bold]:+tlig;!
Missing character: There is no ы (U+044B) in font [lmroman10-bold]:+tlig;!
Missing character: There is no С (U+0421) in font [lmroman10-bold]:+tlig;!
Missing character: There is no д (U+0434) in font [lmroman10-bold]:+tlig;!
Missing character: There is no р (U+0440) in font [lmroman10-bold]:+tlig;!
Missing character: There is no у (U+0443) in font [lmroman10-bold]:+tlig;!
Missing character: There is no г (U+0433) in font [lmroman10-bold]:+tlig;!
Missing character: There is no о (U+043E) in font [lmroman10-bold]:+tlig;!
Missing character: There is no й (U+0439) in font [lmroman10-bold]:+tlig;!
Missing character: There is no с (U+0441) in font [lmroman10-bold]:+tlig;!
Missing character: There is no т (U+0442) in font [lmroman10-bold]:+tlig;!
Missing character: There is no о (U+043E) in font [lmroman10-bold]:+tlig;!
Missing character: There is no р (U+0440) in font [lmroman10-bold]:+tlig;!
Missing character: There is no о (U+043E) in font [lmroman10-bold]:+tlig;!
Missing character: There is no н (U+043D) in font [lmroman10-bold]:+tlig;!
Missing character: There is no ы (U+044B) in font [lmroman10-bold]:+tlig;!
Missing character: There is no С (U+0421) in font [lmroman10-bold]:+tlig;!
Missing character: There is no д (U+0434) in font [lmroman10-bold]:+tlig;!
Missing character: There is no р (U+0440) in font [lmroman10-bold]:+tlig;!
Missing character: There is no у (U+0443) in font [lmroman10-bold]:+tlig;!
Missing character: There is no г (U+0433) in font [lmroman10-bold]:+tlig;!
Missing character: There is no о (U+043E) in font [lmroman10-bold]:+tlig;!
Missing character: There is no й (U+0439) in font [lmroman10-bold]:+tlig;!
Missing character: There is no с (U+0441) in font [lmroman10-bold]:+tlig;!
Missing character: There is no т (U+0442) in font [lmroman10-bold]:+tlig;!
Missing character: There is no о (U+043E) in font [lmroman10-bold]:+tlig;!
Missing character: There is no р (U+0440) in font [lmroman10-bold]:+tlig;!
Missing character: There is no о (U+043E) in font [lmroman10-bold]:+tlig;!
Missing character: There is no н (U+043D) in font [lmroman10-bold]:+tlig;!
Missing character: There is no ы (U+044B) in font [lmroman10-bold]:+tlig;!
Missing character: There is no с (U+0441) in font [lmroman10-bold]:+tlig;!
Missing character: There is no т (U+0442) in font [lmroman10-bold]:+tlig;!
Missing character: There is no о (U+043E) in font [lmroman10-bold]:+tlig;!
Missing character: There is no р (U+0440) in font [lmroman10-bold]:+tlig;!
Missing character: There is no о (U+043E) in font [lmroman10-bold]:+tlig;!
Missing character: There is no н (U+043D) in font [lmroman10-bold]:+tlig;!
Missing character: There is no ы (U+044B) in font [lmroman10-bold]:+tlig;!

Overfull \hbox (61.53288pt too wide) detected at line 39
[] \OMS/cmsy/m/n/10.95 ^^@ [] \OT1/cmr/m/n/10.95 = \OML/cmm/m/it/10.95 ![]L[];
 []


Overfull \hbox (2.30861pt too wide) in paragraph at lines 39--39
\TU/lmr/bx/n/10.95 from 
 []


Overfull \hbox (8.71655pt too wide) in paragraph at lines 39--39
\TU/lmr/bx/n/10.95 where 
 []


Overfull \hbox (6.64397pt too wide) in paragraph at lines 39--39
\TU/lmr/bx/n/10.95 nally:|  
 []


Overfull \hbox (2.86072pt too wide) in paragraph at lines 39--39
\TU/lmr/bx/n/10.95 swer:  
 []


Overfull \hbox (62.90411pt too wide) detected at line 39
\OML/cmm/m/it/10.95 ! \OT1/cmr/m/n/10.95 = []
 []

[1

{C:/Users/aadib/AppData/Local/MiKTeX/fonts/map/pdftex/pdftex.map}]
Overfull \vbox (20.4896pt too high) has occurred while \output is active []


[2
Missing character: There is no С (U+0421) in font [lmroman10-bold]:+tlig;!
Missing character: There is no д (U+0434) in font [lmroman10-bold]:+tlig;!
Missing character: There is no р (U+0440) in font [lmroman10-bold]:+tlig;!
Missing character: There is no у (U+0443) in font [lmroman10-bold]:+tlig;!
Missing character: There is no г (U+0433) in font [lmroman10-bold]:+tlig;!
Missing character: There is no о (U+043E) in font [lmroman10-bold]:+tlig;!
Missing character: There is no й (U+0439) in font [lmroman10-bold]:+tlig;!
Missing character: There is no с (U+0441) in font [lmroman10-bold]:+tlig;!
Missing character: There is no т (U+0442) in font [lmroman10-bold]:+tlig;!
Missing character: There is no о (U+043E) in font [lmroman10-bold]:+tlig;!
Missing character: There is no р (U+0440) in font [lmroman10-bold]:+tlig;!
Missing character: There is no о (U+043E) in font [lmroman10-bold]:+tlig;!
Missing character: There is no н (U+043D) in font [lmroman10-bold]:+tlig;!
Missing character: There is no ы (U+044B) in font [lmroman10-bold]:+tlig;!
]
Missing character: There is no г (U+0433) in font [lmroman10-regular]:+tlig;!
Missing character: There is no р (U+0440) in font [lmroman10-regular]:+tlig;!
Missing character: There is no г (U+0433) in font [lmroman10-regular]:+tlig;!
Missing character: There is no р (U+0440) in font [lmroman10-regular]:+tlig;!
Missing character: There is no г (U+0433) in font [lmroman8-regular]:+tlig;!
Missing character: There is no р (U+0440) in font [lmroman8-regular]:+tlig;!
Missing character: There is no г (U+0433) in font [lmroman6-regular]:+tlig;!
Missing character: There is no р (U+0440) in font [lmroman6-regular]:+tlig;!
Missing character: There is no г (U+0433) in font [lmroman10-regular]:+tlig;!
Missing character: There is no р (U+0440) in font [lmroman10-regular]:+tlig;!
Missing character: There is no г (U+0433) in font [lmroman10-regular]:+tlig;!
Missing character: There is no р (U+0440) in font [lmroman10-regular]:+tlig;!
Missing character: There is no г (U+0433) in font [lmroman8-regular]:+tlig;!
Missing character: There is no р (U+0440) in font [lmroman8-regular]:+tlig;!
Missing character: There is no г (U+0433) in font [lmroman6-regular]:+tlig;!
Missing character: There is no р (U+0440) in font [lmroman6-regular]:+tlig;!
Missing character: There is no г (U+0433) in font [lmroman10-regular]:+tlig;!
Missing character: There is no р (U+0440) in font [lmroman10-regular]:+tlig;!
Missing character: There is no г (U+0433) in font [lmroman10-regular]:+tlig;!
Missing character: There is no р (U+0440) in font [lmroman10-regular]:+tlig;!
Missing character: There is no г (U+0433) in font [lmroman8-regular]:+tlig;!
Missing character: There is no р (U+0440) in font [lmroman8-regular]:+tlig;!
Missing character: There is no г (U+0433) in font [lmroman6-regular]:+tlig;!
Missing character: There is no р (U+0440) in font [lmroman6-regular]:+tlig;!
Missing character: There is no г (U+0433) in font [lmroman10-bold]:+tlig;!
Missing character: There is no р (U+0440) in font [lmroman10-bold]:+tlig;!
Missing character: There is no г (U+0433) in font [lmroman10-bold]:+tlig;!
Missing character: There is no р (U+0440) in font [lmroman10-bold]:+tlig;!
Missing character: There is no г (U+0433) in font [lmroman8-bold]:+tlig;!
Missing character: There is no р (U+0440) in font [lmroman8-bold]:+tlig;!
Missing character: There is no г (U+0433) in font [lmroman6-bold]:+tlig;!
Missing character: There is no р (U+0440) in font [lmroman6-bold]:+tlig;!
Missing character: There is no Н (U+041D) in font [lmroman10-bold]:+tlig;!
Missing character: There is no а (U+0430) in font [lmroman10-bold]:+tlig;!
Missing character: There is no й (U+0439) in font [lmroman10-bold]:+tlig;!
Missing character: There is no д (U+0434) in font [lmroman10-bold]:+tlig;!
Missing character: There is no ё (U+0451) in font [lmroman10-bold]:+tlig;!
Missing character: There is no м (U+043C) in font [lmroman10-bold]:+tlig;!
Missing character: There is no р (U+0440) in font [lmroman10-bold]:+tlig;!
Missing character: There is no а (U+0430) in font [lmroman10-bold]:+tlig;!
Missing character: There is no с (U+0441) in font [lmroman10-bold]:+tlig;!
Missing character: There is no с (U+0441) in font [lmroman10-bold]:+tlig;!
Missing character: There is no т (U+0442) in font [lmroman10-bold]:+tlig;!
Missing character: There is no о (U+043E) in font [lmroman10-bold]:+tlig;!
Missing character: There is no я (U+044F) in font [lmroman10-bold]:+tlig;!
Missing character: There is no н (U+043D) in font [lmroman10-bold]:+tlig;!
Missing character: There is no и (U+0438) in font [lmroman10-bold]:+tlig;!
Missing character: There is no е (U+0435) in font [lmroman10-bold]:+tlig;!
Missing character: There is no Н (U+041D) in font [lmroman10-bold]:+tlig;!
Missing character: There is no а (U+0430) in font [lmroman10-bold]:+tlig;!
Missing character: There is no й (U+0439) in font [lmroman10-bold]:+tlig;!
Missing character: There is no д (U+0434) in font [lmroman10-bold]:+tlig;!
Missing character: There is no ё (U+0451) in font [lmroman10-bold]:+tlig;!
Missing character: There is no м (U+043C) in font [lmroman10-bold]:+tlig;!
Missing character: There is no р (U+0440) in font [lmroman10-bold]:+tlig;!
Missing character: There is no а (U+0430) in font [lmroman10-bold]:+tlig;!
Missing character: There is no с (U+0441) in font [lmroman10-bold]:+tlig;!
Missing character: There is no с (U+0441) in font [lmroman10-bold]:+tlig;!
Missing character: There is no т (U+0442) in font [lmroman10-bold]:+tlig;!
Missing character: There is no о (U+043E) in font [lmroman10-bold]:+tlig;!
Missing character: There is no я (U+044F) in font [lmroman10-bold]:+tlig;!
Missing character: There is no н (U+043D) in font [lmroman10-bold]:+tlig;!
Missing character: There is no и (U+0438) in font [lmroman10-bold]:+tlig;!
Missing character: There is no е (U+0435) in font [lmroman10-bold]:+tlig;!
Missing character: There is no Н (U+041D) in font [lmroman10-bold]:+tlig;!
Missing character: There is no а (U+0430) in font [lmroman10-bold]:+tlig;!
Missing character: There is no й (U+0439) in font [lmroman10-bold]:+tlig;!
Missing character: There is no д (U+0434) in font [lmroman10-bold]:+tlig;!
Missing character: There is no ё (U+0451) in font [lmroman10-bold]:+tlig;!
Missing character: There is no м (U+043C) in font [lmroman10-bold]:+tlig;!
Missing character: There is no р (U+0440) in font [lmroman10-bold]:+tlig;!
Missing character: There is no а (U+0430) in font [lmroman10-bold]:+tlig;!
Missing character: There is no с (U+0441) in font [lmroman10-bold]:+tlig;!
Missing character: There is no с (U+0441) in font [lmroman10-bold]:+tlig;!
Missing character: There is no т (U+0442) in font [lmroman10-bold]:+tlig;!
Missing character: There is no о (U+043E) in font [lmroman10-bold]:+tlig;!
Missing character: There is no я (U+044F) in font [lmroman10-bold]:+tlig;!
Missing character: There is no н (U+043D) in font [lmroman10-bold]:+tlig;!
Missing character: There is no и (U+0438) in font [lmroman10-bold]:+tlig;!
Missing character: There is no е (U+0435) in font [lmroman10-bold]:+tlig;!
Missing character: There is no о (U+043E) in font [lmroman10-bold]:+tlig;!
Missing character: There is no т (U+0442) in font [lmroman10-bold]:+tlig;!
Missing character: There is no м (U+043C) in font [lmroman10-bold]:+tlig;!
Missing character: There is no а (U+0430) in font [lmroman10-bold]:+tlig;!
Missing character: There is no л (U+043B) in font [lmroman10-bold]:+tlig;!
Missing character: There is no о (U+043E) in font [lmroman10-bold]:+tlig;!
Missing character: There is no г (U+0433) in font [lmroman10-bold]:+tlig;!
Missing character: There is no о (U+043E) in font [lmroman10-bold]:+tlig;!
Missing character: There is no т (U+0442) in font [lmroman10-bold]:+tlig;!
Missing character: There is no е (U+0435) in font [lmroman10-bold]:+tlig;!
Missing character: There is no л (U+043B) in font [lmroman10-bold]:+tlig;!
Missing character: There is no а (U+0430) in font [lmroman10-bold]:+tlig;!
Missing character: There is no д (U+0434) in font [lmroman10-bold]:+tlig;!
Missing character: There is no о (U+043E) in font [lmroman10-bold]:+tlig;!
Missing character: There is no т (U+0442) in font [lmroman10-bold]:+tlig;!
Missing character: There is no о (U+043E) in font [lmroman10-bold]:+tlig;!
Missing character: There is no ч (U+0447) in font [lmroman10-bold]:+tlig;!
Missing character: There is no к (U+043A) in font [lmroman10-bold]:+tlig;!
Missing character: There is no и (U+0438) in font [lmroman10-bold]:+tlig;!
Missing character: There is no п (U+043F) in font [lmroman10-bold]:+tlig;!
Missing character: There is no о (U+043E) in font [lmroman10-bold]:+tlig;!
Missing character: There is no т (U+0442) in font [lmroman10-bold]:+tlig;!
Missing character: There is no е (U+0435) in font [lmroman10-bold]:+tlig;!
Missing character: There is no о (U+043E) in font [lmroman10-bold]:+tlig;!
Missing character: There is no р (U+0440) in font [lmroman10-bold]:+tlig;!
Missing character: There is no е (U+0435) in font [lmroman10-bold]:+tlig;!
Missing character: There is no м (U+043C) in font [lmroman10-bold]:+tlig;!
Missing character: There is no е (U+0435) in font [lmroman10-bold]:+tlig;!
Missing character: There is no к (U+043A) in font [lmroman10-bold]:+tlig;!
Missing character: There is no о (U+043E) in font [lmroman10-bold]:+tlig;!
Missing character: There is no с (U+0441) in font [lmroman10-bold]:+tlig;!
Missing character: There is no и (U+0438) in font [lmroman10-bold]:+tlig;!
Missing character: There is no н (U+043D) in font [lmroman10-bold]:+tlig;!
Missing character: There is no у (U+0443) in font [lmroman10-bold]:+tlig;!
Missing character: There is no с (U+0441) in font [lmroman10-bold]:+tlig;!
Missing character: There is no о (U+043E) in font [lmroman10-bold]:+tlig;!
Missing character: There is no в (U+0432) in font [lmroman10-bold]:+tlig;!
Missing character: There is no Н (U+041D) in font [lmroman10-bold]:+tlig;!
Missing character: There is no а (U+0430) in font [lmroman10-bold]:+tlig;!
Missing character: There is no й (U+0439) in font [lmroman10-bold]:+tlig;!
Missing character: There is no д (U+0434) in font [lmroman10-bold]:+tlig;!
Missing character: There is no ё (U+0451) in font [lmroman10-bold]:+tlig;!
Missing character: There is no м (U+043C) in font [lmroman10-bold]:+tlig;!
Missing character: There is no р (U+0440) in font [lmroman10-bold]:+tlig;!
Missing character: There is no а (U+0430) in font [lmroman10-bold]:+tlig;!
Missing character: There is no с (U+0441) in font [lmroman10-bold]:+tlig;!
Missing character: There is no с (U+0441) in font [lmroman10-bold]:+tlig;!
Missing character: There is no т (U+0442) in font [lmroman10-bold]:+tlig;!
Missing character: There is no о (U+043E) in font [lmroman10-bold]:+tlig;!
Missing character: There is no я (U+044F) in font [lmroman10-bold]:+tlig;!
Missing character: There is no н (U+043D) in font [lmroman10-bold]:+tlig;!
Missing character: There is no и (U+0438) in font [lmroman10-bold]:+tlig;!
Missing character: There is no е (U+0435) in font [lmroman10-bold]:+tlig;!
Missing character: There is no р (U+0440) in font [lmroman10-bold]:+tlig;!
Missing character: There is no а (U+0430) in font [lmroman10-bold]:+tlig;!
Missing character: There is no с (U+0441) in font [lmroman10-bold]:+tlig;!
Missing character: There is no с (U+0441) in font [lmroman10-bold]:+tlig;!
Missing character: There is no т (U+0442) in font [lmroman10-bold]:+tlig;!
Missing character: There is no о (U+043E) in font [lmroman10-bold]:+tlig;!
Missing character: There is no я (U+044F) in font [lmroman10-bold]:+tlig;!
Missing character: There is no н (U+043D) in font [lmroman10-bold]:+tlig;!
Missing character: There is no и (U+0438) in font [lmroman10-bold]:+tlig;!
Missing character: There is no е (U+0435) in font [lmroman10-bold]:+tlig;!
Missing character: There is no о (U+043E) in font [lmroman10-bold]:+tlig;!
Missing character: There is no т (U+0442) in font [lmroman10-bold]:+tlig;!
Missing character: There is no м (U+043C) in font [lmroman10-bold]:+tlig;!
Missing character: There is no а (U+0430) in font [lmroman10-bold]:+tlig;!
Missing character: There is no л (U+043B) in font [lmroman10-bold]:+tlig;!
Missing character: There is no о (U+043E) in font [lmroman10-bold]:+tlig;!
Missing character: There is no г (U+0433) in font [lmroman10-bold]:+tlig;!
Missing character: There is no о (U+043E) in font [lmroman10-bold]:+tlig;!
Missing character: There is no т (U+0442) in font [lmroman10-bold]:+tlig;!
Missing character: There is no е (U+0435) in font [lmroman10-bold]:+tlig;!
Missing character: There is no л (U+043B) in font [lmroman10-bold]:+tlig;!
Missing character: There is no а (U+0430) in font [lmroman10-bold]:+tlig;!
Missing character: There is no д (U+0434) in font [lmroman10-bold]:+tlig;!
Missing character: There is no о (U+043E) in font [lmroman10-bold]:+tlig;!
Missing character: There is no т (U+0442) in font [lmroman10-bold]:+tlig;!
Missing character: There is no о (U+043E) in font [lmroman10-bold]:+tlig;!
Missing character: There is no ч (U+0447) in font [lmroman10-bold]:+tlig;!
Missing character: There is no к (U+043A) in font [lmroman10-bold]:+tlig;!
Missing character: There is no и (U+0438) in font [lmroman10-bold]:+tlig;!
Missing character: There is no п (U+043F) in font [lmroman10-bold]:+tlig;!
Missing character: There is no о (U+043E) in font [lmroman10-bold]:+tlig;!
Missing character: There is no т (U+0442) in font [lmroman10-bold]:+tlig;!
Missing character: There is no е (U+0435) in font [lmroman10-bold]:+tlig;!
Missing character: There is no о (U+043E) in font [lmroman10-bold]:+tlig;!
Missing character: There is no р (U+0440) in font [lmroman10-bold]:+tlig;!
Missing character: There is no е (U+0435) in font [lmroman10-bold]:+tlig;!
Missing character: There is no м (U+043C) in font [lmroman10-bold]:+tlig;!
Missing character: There is no е (U+0435) in font [lmroman10-bold]:+tlig;!
Missing character: There is no к (U+043A) in font [lmroman10-bold]:+tlig;!
Missing character: There is no о (U+043E) in font [lmroman10-bold]:+tlig;!
Missing character: There is no с (U+0441) in font [lmroman10-bold]:+tlig;!
Missing character: There is no и (U+0438) in font [lmroman10-bold]:+tlig;!
Missing character: There is no н (U+043D) in font [lmroman10-bold]:+tlig;!
Missing character: There is no у (U+0443) in font [lmroman10-bold]:+tlig;!
Missing character: There is no с (U+0441) in font [lmroman10-bold]:+tlig;!
Missing character: There is no о (U+043E) in font [lmroman10-bold]:+tlig;!
Missing character: There is no в (U+0432) in font [lmroman10-bold]:+tlig;!
Missing character: There is no к (U+043A) in font [lmroman10-bold]:+tlig;!
Missing character: There is no о (U+043E) in font [lmroman10-bold]:+tlig;!
Missing character: There is no с (U+0441) in font [lmroman10-bold]:+tlig;!
Missing character: There is no и (U+0438) in font [lmroman10-bold]:+tlig;!
Missing character: There is no н (U+043D) in font [lmroman10-bold]:+tlig;!
Missing character: There is no у (U+0443) in font [lmroman10-bold]:+tlig;!
Missing character: There is no с (U+0441) in font [lmroman10-bold]:+tlig;!
Missing character: There is no о (U+043E) in font [lmroman10-bold]:+tlig;!
Missing character: There is no в (U+0432) in font [lmroman10-bold]:+tlig;!
Missing character: There is no г (U+0433) in font [lmroman10-bold]:+tlig;!
Missing character: There is no р (U+0440) in font [lmroman10-bold]:+tlig;!
Missing character: There is no г (U+0433) in font [lmroman10-bold]:+tlig;!
Missing character: There is no р (U+0440) in font [lmroman10-bold]:+tlig;!
Missing character: There is no г (U+0433) in font [lmroman8-bold]:+tlig;!
Missing character: There is no р (U+0440) in font [lmroman8-bold]:+tlig;!
Missing character: There is no г (U+0433) in font [lmroman6-bold]:+tlig;!
Missing character: There is no р (U+0440) in font [lmroman6-bold]:+tlig;!
Missing character: There is no г (U+0433) in font [lmroman10-regular]:+tlig;!
Missing character: There is no р (U+0440) in font [lmroman10-regular]:+tlig;!
Missing character: There is no г (U+0433) in font [lmroman10-regular]:+tlig;!
Missing character: There is no р (U+0440) in font [lmroman10-regular]:+tlig;!
Missing character: There is no г (U+0433) in font [lmroman8-regular]:+tlig;!
Missing character: There is no р (U+0440) in font [lmroman8-regular]:+tlig;!
Missing character: There is no г (U+0433) in font [lmroman6-regular]:+tlig;!
Missing character: There is no р (U+0440) in font [lmroman6-regular]:+tlig;!
Missing character: There is no г (U+0433) in font [lmroman10-regular]:+tlig;!
Missing character: There is no р (U+0440) in font [lmroman10-regular]:+tlig;!
Missing character: There is no г (U+0433) in font [lmroman10-regular]:+tlig;!
Missing character: There is no р (U+0440) in font [lmroman10-regular]:+tlig;!
Missing character: There is no г (U+0433) in font [lmroman8-regular]:+tlig;!
Missing character: There is no р (U+0440) in font [lmroman8-regular]:+tlig;!
Missing character: There is no г (U+0433) in font [lmroman6-regular]:+tlig;!
Missing character: There is no р (U+0440) in font [lmroman6-regular]:+tlig;!
Missing character: There is no г (U+0433) in font [lmroman10-regular]:+tlig;!
Missing character: There is no р (U+0440) in font [lmroman10-regular]:+tlig;!
Missing character: There is no г (U+0433) in font [lmroman10-regular]:+tlig;!
Missing character: There is no р (U+0440) in font [lmroman10-regular]:+tlig;!
Missing character: There is no г (U+0433) in font [lmroman8-regular]:+tlig;!
Missing character: There is no р (U+0440) in font [lmroman8-regular]:+tlig;!
Missing character: There is no г (U+0433) in font [lmroman6-regular]:+tlig;!
Missing character: There is no р (U+0440) in font [lmroman6-regular]:+tlig;!
Missing character: There is no г (U+0433) in font [lmroman10-bold]:+tlig;!
Missing character: There is no р (U+0440) in font [lmroman10-bold]:+tlig;!
Missing character: There is no г (U+0433) in font [lmroman10-bold]:+tlig;!
Missing character: There is no р (U+0440) in font [lmroman10-bold]:+tlig;!
Missing character: There is no г (U+0433) in font [lmroman8-bold]:+tlig;!
Missing character: There is no р (U+0440) in font [lmroman8-bold]:+tlig;!
Missing character: There is no г (U+0433) in font [lmroman6-bold]:+tlig;!
Missing character: There is no р (U+0440) in font [lmroman6-bold]:+tlig;!
Missing character: There is no Н (U+041D) in font [lmroman10-bold]:+tlig;!
Missing character: There is no а (U+0430) in font [lmroman10-bold]:+tlig;!
Missing character: There is no й (U+0439) in font [lmroman10-bold]:+tlig;!
Missing character: There is no д (U+0434) in font [lmroman10-bold]:+tlig;!
Missing character: There is no ё (U+0451) in font [lmroman10-bold]:+tlig;!
Missing character: There is no м (U+043C) in font [lmroman10-bold]:+tlig;!
Missing character: There is no р (U+0440) in font [lmroman10-bold]:+tlig;!
Missing character: There is no а (U+0430) in font [lmroman10-bold]:+tlig;!
Missing character: There is no с (U+0441) in font [lmroman10-bold]:+tlig;!
Missing character: There is no с (U+0441) in font [lmroman10-bold]:+tlig;!
Missing character: There is no т (U+0442) in font [lmroman10-bold]:+tlig;!
Missing character: There is no о (U+043E) in font [lmroman10-bold]:+tlig;!
Missing character: There is no я (U+044F) in font [lmroman10-bold]:+tlig;!
Missing character: There is no н (U+043D) in font [lmroman10-bold]:+tlig;!
Missing character: There is no и (U+0438) in font [lmroman10-bold]:+tlig;!
Missing character: There is no е (U+0435) in font [lmroman10-bold]:+tlig;!
Missing character: There is no Н (U+041D) in font [lmroman10-bold]:+tlig;!
Missing character: There is no а (U+0430) in font [lmroman10-bold]:+tlig;!
Missing character: There is no й (U+0439) in font [lmroman10-bold]:+tlig;!
Missing character: There is no д (U+0434) in font [lmroman10-bold]:+tlig;!
Missing character: There is no ё (U+0451) in font [lmroman10-bold]:+tlig;!
Missing character: There is no м (U+043C) in font [lmroman10-bold]:+tlig;!
Missing character: There is no р (U+0440) in font [lmroman10-bold]:+tlig;!
Missing character: There is no а (U+0430) in font [lmroman10-bold]:+tlig;!
Missing character: There is no с (U+0441) in font [lmroman10-bold]:+tlig;!
Missing character: There is no с (U+0441) in font [lmroman10-bold]:+tlig;!
Missing character: There is no т (U+0442) in font [lmroman10-bold]:+tlig;!
Missing character: There is no о (U+043E) in font [lmroman10-bold]:+tlig;!
Missing character: There is no я (U+044F) in font [lmroman10-bold]:+tlig;!
Missing character: There is no н (U+043D) in font [lmroman10-bold]:+tlig;!
Missing character: There is no и (U+0438) in font [lmroman10-bold]:+tlig;!
Missing character: There is no е (U+0435) in font [lmroman10-bold]:+tlig;!
Missing character: There is no Н (U+041D) in font [lmroman10-bold]:+tlig;!
Missing character: There is no а (U+0430) in font [lmroman10-bold]:+tlig;!
Missing character: There is no й (U+0439) in font [lmroman10-bold]:+tlig;!
Missing character: There is no д (U+0434) in font [lmroman10-bold]:+tlig;!
Missing character: There is no ё (U+0451) in font [lmroman10-bold]:+tlig;!
Missing character: There is no м (U+043C) in font [lmroman10-bold]:+tlig;!
Missing character: There is no р (U+0440) in font [lmroman10-bold]:+tlig;!
Missing character: There is no а (U+0430) in font [lmroman10-bold]:+tlig;!
Missing character: There is no с (U+0441) in font [lmroman10-bold]:+tlig;!
Missing character: There is no с (U+0441) in font [lmroman10-bold]:+tlig;!
Missing character: There is no т (U+0442) in font [lmroman10-bold]:+tlig;!
Missing character: There is no о (U+043E) in font [lmroman10-bold]:+tlig;!
Missing character: There is no я (U+044F) in font [lmroman10-bold]:+tlig;!
Missing character: There is no н (U+043D) in font [lmroman10-bold]:+tlig;!
Missing character: There is no и (U+0438) in font [lmroman10-bold]:+tlig;!
Missing character: There is no е (U+0435) in font [lmroman10-bold]:+tlig;!
Missing character: There is no о (U+043E) in font [lmroman10-bold]:+tlig;!
Missing character: There is no т (U+0442) in font [lmroman10-bold]:+tlig;!
Missing character: There is no м (U+043C) in font [lmroman10-bold]:+tlig;!
Missing character: There is no а (U+0430) in font [lmroman10-bold]:+tlig;!
Missing character: There is no л (U+043B) in font [lmroman10-bold]:+tlig;!
Missing character: There is no о (U+043E) in font [lmroman10-bold]:+tlig;!
Missing character: There is no г (U+0433) in font [lmroman10-bold]:+tlig;!
Missing character: There is no о (U+043E) in font [lmroman10-bold]:+tlig;!
Missing character: There is no т (U+0442) in font [lmroman10-bold]:+tlig;!
Missing character: There is no е (U+0435) in font [lmroman10-bold]:+tlig;!
Missing character: There is no л (U+043B) in font [lmroman10-bold]:+tlig;!
Missing character: There is no а (U+0430) in font [lmroman10-bold]:+tlig;!
Missing character: There is no д (U+0434) in font [lmroman10-bold]:+tlig;!
Missing character: There is no о (U+043E) in font [lmroman10-bold]:+tlig;!
Missing character: There is no т (U+0442) in font [lmroman10-bold]:+tlig;!
Missing character: There is no о (U+043E) in font [lmroman10-bold]:+tlig;!
Missing character: There is no ч (U+0447) in font [lmroman10-bold]:+tlig;!
Missing character: There is no к (U+043A) in font [lmroman10-bold]:+tlig;!
Missing character: There is no и (U+0438) in font [lmroman10-bold]:+tlig;!
Missing character: There is no п (U+043F) in font [lmroman10-bold]:+tlig;!
Missing character: There is no о (U+043E) in font [lmroman10-bold]:+tlig;!
Missing character: There is no т (U+0442) in font [lmroman10-bold]:+tlig;!
Missing character: There is no е (U+0435) in font [lmroman10-bold]:+tlig;!
Missing character: There is no о (U+043E) in font [lmroman10-bold]:+tlig;!
Missing character: There is no р (U+0440) in font [lmroman10-bold]:+tlig;!
Missing character: There is no е (U+0435) in font [lmroman10-bold]:+tlig;!
Missing character: There is no м (U+043C) in font [lmroman10-bold]:+tlig;!
Missing character: There is no е (U+0435) in font [lmroman10-bold]:+tlig;!
Missing character: There is no к (U+043A) in font [lmroman10-bold]:+tlig;!
Missing character: There is no о (U+043E) in font [lmroman10-bold]:+tlig;!
Missing character: There is no с (U+0441) in font [lmroman10-bold]:+tlig;!
Missing character: There is no и (U+0438) in font [lmroman10-bold]:+tlig;!
Missing character: There is no н (U+043D) in font [lmroman10-bold]:+tlig;!
Missing character: There is no у (U+0443) in font [lmroman10-bold]:+tlig;!
Missing character: There is no с (U+0441) in font [lmroman10-bold]:+tlig;!
Missing character: There is no о (U+043E) in font [lmroman10-bold]:+tlig;!
Missing character: There is no в (U+0432) in font [lmroman10-bold]:+tlig;!
Missing character: There is no Н (U+041D) in font [lmroman10-bold]:+tlig;!
Missing character: There is no а (U+0430) in font [lmroman10-bold]:+tlig;!
Missing character: There is no й (U+0439) in font [lmroman10-bold]:+tlig;!
Missing character: There is no д (U+0434) in font [lmroman10-bold]:+tlig;!
Missing character: There is no ё (U+0451) in font [lmroman10-bold]:+tlig;!
Missing character: There is no м (U+043C) in font [lmroman10-bold]:+tlig;!
Missing character: There is no р (U+0440) in font [lmroman10-bold]:+tlig;!
Missing character: There is no а (U+0430) in font [lmroman10-bold]:+tlig;!
Missing character: There is no с (U+0441) in font [lmroman10-bold]:+tlig;!
Missing character: There is no с (U+0441) in font [lmroman10-bold]:+tlig;!
Missing character: There is no т (U+0442) in font [lmroman10-bold]:+tlig;!
Missing character: There is no о (U+043E) in font [lmroman10-bold]:+tlig;!
Missing character: There is no я (U+044F) in font [lmroman10-bold]:+tlig;!
Missing character: There is no н (U+043D) in font [lmroman10-bold]:+tlig;!
Missing character: There is no и (U+0438) in font [lmroman10-bold]:+tlig;!
Missing character: There is no е (U+0435) in font [lmroman10-bold]:+tlig;!
Missing character: There is no р (U+0440) in font [lmroman10-bold]:+tlig;!
Missing character: There is no а (U+0430) in font [lmroman10-bold]:+tlig;!
Missing character: There is no с (U+0441) in font [lmroman10-bold]:+tlig;!
Missing character: There is no с (U+0441) in font [lmroman10-bold]:+tlig;!
Missing character: There is no т (U+0442) in font [lmroman10-bold]:+tlig;!
Missing character: There is no о (U+043E) in font [lmroman10-bold]:+tlig;!
Missing character: There is no я (U+044F) in font [lmroman10-bold]:+tlig;!
Missing character: There is no н (U+043D) in font [lmroman10-bold]:+tlig;!
Missing character: There is no и (U+0438) in font [lmroman10-bold]:+tlig;!
Missing character: There is no е (U+0435) in font [lmroman10-bold]:+tlig;!
Missing character: There is no о (U+043E) in font [lmroman10-bold]:+tlig;!
Missing character: There is no т (U+0442) in font [lmroman10-bold]:+tlig;!
Missing character: There is no м (U+043C) in font [lmroman10-bold]:+tlig;!
Missing character: There is no а (U+0430) in font [lmroman10-bold]:+tlig;!
Missing character: There is no л (U+043B) in font [lmroman10-bold]:+tlig;!
Missing character: There is no о (U+043E) in font [lmroman10-bold]:+tlig;!
Missing character: There is no г (U+0433) in font [lmroman10-bold]:+tlig;!
Missing character: There is no о (U+043E) in font [lmroman10-bold]:+tlig;!
Missing character: There is no т (U+0442) in font [lmroman10-bold]:+tlig;!
Missing character: There is no е (U+0435) in font [lmroman10-bold]:+tlig;!
Missing character: There is no л (U+043B) in font [lmroman10-bold]:+tlig;!
Missing character: There is no а (U+0430) in font [lmroman10-bold]:+tlig;!
Missing character: There is no д (U+0434) in font [lmroman10-bold]:+tlig;!
Missing character: There is no о (U+043E) in font [lmroman10-bold]:+tlig;!
Missing character: There is no т (U+0442) in font [lmroman10-bold]:+tlig;!
Missing character: There is no о (U+043E) in font [lmroman10-bold]:+tlig;!
Missing character: There is no ч (U+0447) in font [lmroman10-bold]:+tlig;!
Missing character: There is no к (U+043A) in font [lmroman10-bold]:+tlig;!
Missing character: There is no и (U+0438) in font [lmroman10-bold]:+tlig;!
Missing character: There is no п (U+043F) in font [lmroman10-bold]:+tlig;!
Missing character: There is no о (U+043E) in font [lmroman10-bold]:+tlig;!
Missing character: There is no т (U+0442) in font [lmroman10-bold]:+tlig;!
Missing character: There is no е (U+0435) in font [lmroman10-bold]:+tlig;!
Missing character: There is no о (U+043E) in font [lmroman10-bold]:+tlig;!
Missing character: There is no р (U+0440) in font [lmroman10-bold]:+tlig;!
Missing character: There is no е (U+0435) in font [lmroman10-bold]:+tlig;!
Missing character: There is no м (U+043C) in font [lmroman10-bold]:+tlig;!
Missing character: There is no е (U+0435) in font [lmroman10-bold]:+tlig;!
Missing character: There is no к (U+043A) in font [lmroman10-bold]:+tlig;!
Missing character: There is no о (U+043E) in font [lmroman10-bold]:+tlig;!
Missing character: There is no с (U+0441) in font [lmroman10-bold]:+tlig;!
Missing character: There is no и (U+0438) in font [lmroman10-bold]:+tlig;!
Missing character: There is no н (U+043D) in font [lmroman10-bold]:+tlig;!
Missing character: There is no у (U+0443) in font [lmroman10-bold]:+tlig;!
Missing character: There is no с (U+0441) in font [lmroman10-bold]:+tlig;!
Missing character: There is no о (U+043E) in font [lmroman10-bold]:+tlig;!
Missing character: There is no в (U+0432) in font [lmroman10-bold]:+tlig;!
Missing character: There is no к (U+043A) in font [lmroman10-bold]:+tlig;!
Missing character: There is no о (U+043E) in font [lmroman10-bold]:+tlig;!
Missing character: There is no с (U+0441) in font [lmroman10-bold]:+tlig;!
Missing character: There is no и (U+0438) in font [lmroman10-bold]:+tlig;!
Missing character: There is no н (U+043D) in font [lmroman10-bold]:+tlig;!
Missing character: There is no у (U+0443) in font [lmroman10-bold]:+tlig;!
Missing character: There is no с (U+0441) in font [lmroman10-bold]:+tlig;!
Missing character: There is no о (U+043E) in font [lmroman10-bold]:+tlig;!
Missing character: There is no в (U+0432) in font [lmroman10-bold]:+tlig;!
Missing character: There is no г (U+0433) in font [lmroman10-bold]:+tlig;!
Missing character: There is no р (U+0440) in font [lmroman10-bold]:+tlig;!
Missing character: There is no г (U+0433) in font [lmroman10-bold]:+tlig;!
Missing character: There is no р (U+0440) in font [lmroman10-bold]:+tlig;!
Missing character: There is no г (U+0433) in font [lmroman8-bold]:+tlig;!
Missing character: There is no р (U+0440) in font [lmroman8-bold]:+tlig;!
Missing character: There is no г (U+0433) in font [lmroman6-bold]:+tlig;!
Missing character: There is no р (U+0440) in font [lmroman6-bold]:+tlig;!
Missing character: There is no г (U+0433) in font [lmroman10-regular]:+tlig;!
Missing character: There is no р (U+0440) in font [lmroman10-regular]:+tlig;!
Missing character: There is no г (U+0433) in font [lmroman10-regular]:+tlig;!
Missing character: There is no р (U+0440) in font [lmroman10-regular]:+tlig;!
Missing character: There is no г (U+0433) in font [lmroman8-regular]:+tlig;!
Missing character: There is no р (U+0440) in font [lmroman8-regular]:+tlig;!
Missing character: There is no г (U+0433) in font [lmroman6-regular]:+tlig;!
Missing character: There is no р (U+0440) in font [lmroman6-regular]:+tlig;!
Missing character: There is no г (U+0433) in font [lmroman10-regular]:+tlig;!
Missing character: There is no р (U+0440) in font [lmroman10-regular]:+tlig;!
Missing character: There is no г (U+0433) in font [lmroman10-regular]:+tlig;!
Missing character: There is no р (U+0440) in font [lmroman10-regular]:+tlig;!
Missing character: There is no г (U+0433) in font [lmroman8-regular]:+tlig;!
Missing character: There is no р (U+0440) in font [lmroman8-regular]:+tlig;!
Missing character: There is no г (U+0433) in font [lmroman6-regular]:+tlig;!
Missing character: There is no р (U+0440) in font [lmroman6-regular]:+tlig;!
Missing character: There is no г (U+0433) in font [lmroman10-regular]:+tlig;!
Missing character: There is no р (U+0440) in font [lmroman10-regular]:+tlig;!
Missing character: There is no г (U+0433) in font [lmroman10-regular]:+tlig;!
Missing character: There is no р (U+0440) in font [lmroman10-regular]:+tlig;!
Missing character: There is no г (U+0433) in font [lmroman8-regular]:+tlig;!
Missing character: There is no р (U+0440) in font [lmroman8-regular]:+tlig;!
Missing character: There is no г (U+0433) in font [lmroman6-regular]:+tlig;!
Missing character: There is no р (U+0440) in font [lmroman6-regular]:+tlig;!

Overfull \hbox (5.0021pt too wide) in paragraph at lines 40--40
\TU/lmr/bx/n/10.95 small 
 []


Overfull \hbox (3.65813pt too wide) in paragraph at lines 40--40
\TU/lmr/bx/n/10.95 body 
 []


Overfull \hbox (4.76999pt too wide) in paragraph at lines 40--40
\TU/lmr/bx/n/10.95 point 
 []


Overfull \hbox (9.01703pt too wide) in paragraph at lines 40--40
\TU/lmr/bx/n/10.95 whose 
 []


Overfull \hbox (5.7962pt too wide) in paragraph at lines 40--40
\TU/lmr/bx/n/10.95 tance 
 []


Overfull \hbox (2.30861pt too wide) in paragraph at lines 40--40
\TU/lmr/bx/n/10.95 from 
 []


Overfull \hbox (5.45282pt too wide) in paragraph at lines 40--40
\TU/lmr/bx/n/10.95 equal 
 []

Missing character: There is no г (U+0433) in font [lmroman10-bold]:+tlig;!
Missing character: There is no р (U+0440) in font [lmroman10-bold]:+tlig;!
Missing character: There is no г (U+0433) in font [lmroman10-bold]:+tlig;!
Missing character: There is no р (U+0440) in font [lmroman10-bold]:+tlig;!
Missing character: There is no г (U+0433) in font [lmroman8-bold]:+tlig;!
Missing character: There is no р (U+0440) in font [lmroman8-bold]:+tlig;!
Missing character: There is no г (U+0433) in font [lmroman6-bold]:+tlig;!
Missing character: There is no р (U+0440) in font [lmroman6-bold]:+tlig;!

Overfull \hbox (31.68834pt too wide) detected at line 40
\OML/cmm/m/it/10.95 '[] \OT1/cmr/m/n/10.95 = \OMS/cmsy/m/n/10.95 ^^@[]
 []

Missing character: There is no Н (U+041D) in font [lmroman10-bold]:+tlig;!
Missing character: There is no а (U+0430) in font [lmroman10-bold]:+tlig;!
Missing character: There is no й (U+0439) in font [lmroman10-bold]:+tlig;!
Missing character: There is no д (U+0434) in font [lmroman10-bold]:+tlig;!
Missing character: There is no ё (U+0451) in font [lmroman10-bold]:+tlig;!
Missing character: There is no м (U+043C) in font [lmroman10-bold]:+tlig;!
Missing character: There is no р (U+0440) in font [lmroman10-bold]:+tlig;!
Missing character: There is no а (U+0430) in font [lmroman10-bold]:+tlig;!
Missing character: There is no с (U+0441) in font [lmroman10-bold]:+tlig;!
Missing character: There is no с (U+0441) in font [lmroman10-bold]:+tlig;!
Missing character: There is no т (U+0442) in font [lmroman10-bold]:+tlig;!
Missing character: There is no о (U+043E) in font [lmroman10-bold]:+tlig;!
Missing character: There is no я (U+044F) in font [lmroman10-bold]:+tlig;!
Missing character: There is no н (U+043D) in font [lmroman10-bold]:+tlig;!
Missing character: There is no и (U+0438) in font [lmroman10-bold]:+tlig;!
Missing character: There is no е (U+0435) in font [lmroman10-bold]:+tlig;!
Missing character: There is no Н (U+041D) in font [lmroman10-bold]:+tlig;!
Missing character: There is no а (U+0430) in font [lmroman10-bold]:+tlig;!
Missing character: There is no й (U+0439) in font [lmroman10-bold]:+tlig;!
Missing character: There is no д (U+0434) in font [lmroman10-bold]:+tlig;!
Missing character: There is no ё (U+0451) in font [lmroman10-bold]:+tlig;!
Missing character: There is no м (U+043C) in font [lmroman10-bold]:+tlig;!
Missing character: There is no р (U+0440) in font [lmroman10-bold]:+tlig;!
Missing character: There is no а (U+0430) in font [lmroman10-bold]:+tlig;!
Missing character: There is no с (U+0441) in font [lmroman10-bold]:+tlig;!
Missing character: There is no с (U+0441) in font [lmroman10-bold]:+tlig;!
Missing character: There is no т (U+0442) in font [lmroman10-bold]:+tlig;!
Missing character: There is no о (U+043E) in font [lmroman10-bold]:+tlig;!
Missing character: There is no я (U+044F) in font [lmroman10-bold]:+tlig;!
Missing character: There is no н (U+043D) in font [lmroman10-bold]:+tlig;!
Missing character: There is no и (U+0438) in font [lmroman10-bold]:+tlig;!
Missing character: There is no е (U+0435) in font [lmroman10-bold]:+tlig;!
Missing character: There is no Н (U+041D) in font [lmroman10-bold]:+tlig;!
Missing character: There is no а (U+0430) in font [lmroman10-bold]:+tlig;!
Missing character: There is no й (U+0439) in font [lmroman10-bold]:+tlig;!
Missing character: There is no д (U+0434) in font [lmroman10-bold]:+tlig;!
Missing character: There is no ё (U+0451) in font [lmroman10-bold]:+tlig;!
Missing character: There is no м (U+043C) in font [lmroman10-bold]:+tlig;!
Missing character: There is no р (U+0440) in font [lmroman10-bold]:+tlig;!
Missing character: There is no а (U+0430) in font [lmroman10-bold]:+tlig;!
Missing character: There is no с (U+0441) in font [lmroman10-bold]:+tlig;!
Missing character: There is no с (U+0441) in font [lmroman10-bold]:+tlig;!
Missing character: There is no т (U+0442) in font [lmroman10-bold]:+tlig;!
Missing character: There is no о (U+043E) in font [lmroman10-bold]:+tlig;!
Missing character: There is no я (U+044F) in font [lmroman10-bold]:+tlig;!
Missing character: There is no н (U+043D) in font [lmroman10-bold]:+tlig;!
Missing character: There is no и (U+0438) in font [lmroman10-bold]:+tlig;!
Missing character: There is no е (U+0435) in font [lmroman10-bold]:+tlig;!
Missing character: There is no о (U+043E) in font [lmroman10-bold]:+tlig;!
Missing character: There is no т (U+0442) in font [lmroman10-bold]:+tlig;!
Missing character: There is no м (U+043C) in font [lmroman10-bold]:+tlig;!
Missing character: There is no а (U+0430) in font [lmroman10-bold]:+tlig;!
Missing character: There is no л (U+043B) in font [lmroman10-bold]:+tlig;!
Missing character: There is no о (U+043E) in font [lmroman10-bold]:+tlig;!
Missing character: There is no г (U+0433) in font [lmroman10-bold]:+tlig;!
Missing character: There is no о (U+043E) in font [lmroman10-bold]:+tlig;!
Missing character: There is no т (U+0442) in font [lmroman10-bold]:+tlig;!
Missing character: There is no е (U+0435) in font [lmroman10-bold]:+tlig;!
Missing character: There is no л (U+043B) in font [lmroman10-bold]:+tlig;!
Missing character: There is no а (U+0430) in font [lmroman10-bold]:+tlig;!
Missing character: There is no д (U+0434) in font [lmroman10-bold]:+tlig;!
Missing character: There is no о (U+043E) in font [lmroman10-bold]:+tlig;!
Missing character: There is no т (U+0442) in font [lmroman10-bold]:+tlig;!
Missing character: There is no о (U+043E) in font [lmroman10-bold]:+tlig;!
Missing character: There is no ч (U+0447) in font [lmroman10-bold]:+tlig;!
Missing character: There is no к (U+043A) in font [lmroman10-bold]:+tlig;!
Missing character: There is no и (U+0438) in font [lmroman10-bold]:+tlig;!
Missing character: There is no п (U+043F) in font [lmroman10-bold]:+tlig;!
Missing character: There is no о (U+043E) in font [lmroman10-bold]:+tlig;!
Missing character: There is no т (U+0442) in font [lmroman10-bold]:+tlig;!
Missing character: There is no е (U+0435) in font [lmroman10-bold]:+tlig;!
Missing character: There is no о (U+043E) in font [lmroman10-bold]:+tlig;!
Missing character: There is no р (U+0440) in font [lmroman10-bold]:+tlig;!
Missing character: There is no е (U+0435) in font [lmroman10-bold]:+tlig;!
Missing character: There is no м (U+043C) in font [lmroman10-bold]:+tlig;!
Missing character: There is no е (U+0435) in font [lmroman10-bold]:+tlig;!
Missing character: There is no к (U+043A) in font [lmroman10-bold]:+tlig;!
Missing character: There is no о (U+043E) in font [lmroman10-bold]:+tlig;!
Missing character: There is no с (U+0441) in font [lmroman10-bold]:+tlig;!
Missing character: There is no и (U+0438) in font [lmroman10-bold]:+tlig;!
Missing character: There is no н (U+043D) in font [lmroman10-bold]:+tlig;!
Missing character: There is no у (U+0443) in font [lmroman10-bold]:+tlig;!
Missing character: There is no с (U+0441) in font [lmroman10-bold]:+tlig;!
Missing character: There is no о (U+043E) in font [lmroman10-bold]:+tlig;!
Missing character: There is no в (U+0432) in font [lmroman10-bold]:+tlig;!
Missing character: There is no Н (U+041D) in font [lmroman10-bold]:+tlig;!
Missing character: There is no а (U+0430) in font [lmroman10-bold]:+tlig;!
Missing character: There is no й (U+0439) in font [lmroman10-bold]:+tlig;!
Missing character: There is no д (U+0434) in font [lmroman10-bold]:+tlig;!
Missing character: There is no ё (U+0451) in font [lmroman10-bold]:+tlig;!
Missing character: There is no м (U+043C) in font [lmroman10-bold]:+tlig;!
Missing character: There is no р (U+0440) in font [lmroman10-bold]:+tlig;!
Missing character: There is no а (U+0430) in font [lmroman10-bold]:+tlig;!
Missing character: There is no с (U+0441) in font [lmroman10-bold]:+tlig;!
Missing character: There is no с (U+0441) in font [lmroman10-bold]:+tlig;!
Missing character: There is no т (U+0442) in font [lmroman10-bold]:+tlig;!
Missing character: There is no о (U+043E) in font [lmroman10-bold]:+tlig;!
Missing character: There is no я (U+044F) in font [lmroman10-bold]:+tlig;!
Missing character: There is no н (U+043D) in font [lmroman10-bold]:+tlig;!
Missing character: There is no и (U+0438) in font [lmroman10-bold]:+tlig;!
Missing character: There is no е (U+0435) in font [lmroman10-bold]:+tlig;!
Missing character: There is no р (U+0440) in font [lmroman10-bold]:+tlig;!
Missing character: There is no а (U+0430) in font [lmroman10-bold]:+tlig;!
Missing character: There is no с (U+0441) in font [lmroman10-bold]:+tlig;!
Missing character: There is no с (U+0441) in font [lmroman10-bold]:+tlig;!
Missing character: There is no т (U+0442) in font [lmroman10-bold]:+tlig;!
Missing character: There is no о (U+043E) in font [lmroman10-bold]:+tlig;!
Missing character: There is no я (U+044F) in font [lmroman10-bold]:+tlig;!
Missing character: There is no н (U+043D) in font [lmroman10-bold]:+tlig;!
Missing character: There is no и (U+0438) in font [lmroman10-bold]:+tlig;!
Missing character: There is no е (U+0435) in font [lmroman10-bold]:+tlig;!

Overfull \hbox (7.05164pt too wide) in paragraph at lines 40--40
\TU/lmr/bx/n/10.95 р󰀀а󰀀с󰀀с󰀀т󰀀о󰀀я󰀀н󰀀и󰀀е
󰀀 
 []

Missing character: There is no о (U+043E) in font [lmroman10-bold]:+tlig;!
Missing character: There is no т (U+0442) in font [lmroman10-bold]:+tlig;!
Missing character: There is no м (U+043C) in font [lmroman10-bold]:+tlig;!
Missing character: There is no а (U+0430) in font [lmroman10-bold]:+tlig;!
Missing character: There is no л (U+043B) in font [lmroman10-bold]:+tlig;!
Missing character: There is no о (U+043E) in font [lmroman10-bold]:+tlig;!
Missing character: There is no г (U+0433) in font [lmroman10-bold]:+tlig;!
Missing character: There is no о (U+043E) in font [lmroman10-bold]:+tlig;!
Missing character: There is no т (U+0442) in font [lmroman10-bold]:+tlig;!
Missing character: There is no е (U+0435) in font [lmroman10-bold]:+tlig;!
Missing character: There is no л (U+043B) in font [lmroman10-bold]:+tlig;!
Missing character: There is no а (U+0430) in font [lmroman10-bold]:+tlig;!
Missing character: There is no д (U+0434) in font [lmroman10-bold]:+tlig;!
Missing character: There is no о (U+043E) in font [lmroman10-bold]:+tlig;!
Missing character: There is no т (U+0442) in font [lmroman10-bold]:+tlig;!
Missing character: There is no о (U+043E) in font [lmroman10-bold]:+tlig;!
Missing character: There is no ч (U+0447) in font [lmroman10-bold]:+tlig;!
Missing character: There is no к (U+043A) in font [lmroman10-bold]:+tlig;!
Missing character: There is no и (U+0438) in font [lmroman10-bold]:+tlig;!
Missing character: There is no п (U+043F) in font [lmroman10-bold]:+tlig;!
Missing character: There is no о (U+043E) in font [lmroman10-bold]:+tlig;!
Missing character: There is no т (U+0442) in font [lmroman10-bold]:+tlig;!
Missing character: There is no е (U+0435) in font [lmroman10-bold]:+tlig;!
Missing character: There is no о (U+043E) in font [lmroman10-bold]:+tlig;!
Missing character: There is no р (U+0440) in font [lmroman10-bold]:+tlig;!
Missing character: There is no е (U+0435) in font [lmroman10-bold]:+tlig;!
Missing character: There is no м (U+043C) in font [lmroman10-bold]:+tlig;!
Missing character: There is no е (U+0435) in font [lmroman10-bold]:+tlig;!
Missing character: There is no к (U+043A) in font [lmroman10-bold]:+tlig;!
Missing character: There is no о (U+043E) in font [lmroman10-bold]:+tlig;!
Missing character: There is no с (U+0441) in font [lmroman10-bold]:+tlig;!
Missing character: There is no и (U+0438) in font [lmroman10-bold]:+tlig;!
Missing character: There is no н (U+043D) in font [lmroman10-bold]:+tlig;!
Missing character: There is no у (U+0443) in font [lmroman10-bold]:+tlig;!
Missing character: There is no с (U+0441) in font [lmroman10-bold]:+tlig;!
Missing character: There is no о (U+043E) in font [lmroman10-bold]:+tlig;!
Missing character: There is no в (U+0432) in font [lmroman10-bold]:+tlig;!
Missing character: There is no к (U+043A) in font [lmroman10-bold]:+tlig;!
Missing character: There is no о (U+043E) in font [lmroman10-bold]:+tlig;!
Missing character: There is no с (U+0441) in font [lmroman10-bold]:+tlig;!
Missing character: There is no и (U+0438) in font [lmroman10-bold]:+tlig;!
Missing character: There is no н (U+043D) in font [lmroman10-bold]:+tlig;!
Missing character: There is no у (U+0443) in font [lmroman10-bold]:+tlig;!
Missing character: There is no с (U+0441) in font [lmroman10-bold]:+tlig;!
Missing character: There is no о (U+043E) in font [lmroman10-bold]:+tlig;!
Missing character: There is no в (U+0432) in font [lmroman10-bold]:+tlig;!

Overfull \hbox (5.72911pt too wide) in paragraph at lines 40--40
\TU/lmr/bx/n/10.95 к󰀀о󰀀с󰀀и󰀀н󰀀у󰀀с󰀀о󰀀в󰀀:  
 []


Overfull \hbox (116.15486pt too wide) detected at line 40
\OML/cmm/m/it/10.95 L[] \OT1/cmr/m/n/10.95 = \OML/cmm/m/it/10.95 L[] \OT1/cmr/m
/n/10.95 + \OML/cmm/m/it/10.95 r[]\OT1/cmr/m/n/10.95 (\OML/cmm/m/it/10.95 \OT1
/cmr/m/n/10.95 ) \OMS/cmsy/m/n/10.95 ^^@ \OT1/cmr/m/n/10.95 2\OML/cmm/m/it/10.9
5 Lr\OT1/cmr/m/n/10.95 (\OML/cmm/m/it/10.95 \OT1/cmr/m/n/10.95 ) [] \OML/cmm/m
/it/10.95 
 []


Overfull \hbox (2.76088pt too wide) in paragraph at lines 40--40
\TU/lmr/bx/n/10.95 nally 
 []


Overfull \hbox (4.738pt too wide) in paragraph at lines 40--40
\TU/lmr/bx/n/10.95 have:|  
 []


Overfull \hbox (2.86072pt too wide) in paragraph at lines 40--40
\TU/lmr/bx/n/10.95 swer:  
 []

Missing character: There is no г (U+0433) in font [lmroman10-bold]:+tlig;!
Missing character: There is no р (U+0440) in font [lmroman10-bold]:+tlig;!
Missing character: There is no г (U+0433) in font [lmroman10-bold]:+tlig;!
Missing character: There is no р (U+0440) in font [lmroman10-bold]:+tlig;!
Missing character: There is no г (U+0433) in font [lmroman8-bold]:+tlig;!
Missing character: There is no р (U+0440) in font [lmroman8-bold]:+tlig;!
Missing character: There is no г (U+0433) in font [lmroman6-bold]:+tlig;!
Missing character: There is no р (U+0440) in font [lmroman6-bold]:+tlig;!

Overfull \hbox (173.50946pt too wide) detected at line 40
\OT1/cmr/m/n/10.95 \OML/cmm/m/it/10.95 '[] \OT1/cmr/m/n/10.95 = \OML/cmm/m/it/
10.95 Gm []
 []

Missing character: There is no и (U+0438) in font [lmroman10-regular]:+tlig;!
Missing character: There is no н (U+043D) in font [lmroman10-regular]:+tlig;!
Missing character: There is no и (U+0438) in font [lmroman10-regular]:+tlig;!
Missing character: There is no н (U+043D) in font [lmroman10-regular]:+tlig;!
Missing character: There is no и (U+0438) in font [lmroman8-regular]:+tlig;!
Missing character: There is no н (U+043D) in font [lmroman8-regular]:+tlig;!
Missing character: There is no и (U+0438) in font [lmroman6-regular]:+tlig;!
Missing character: There is no н (U+043D) in font [lmroman6-regular]:+tlig;!
Missing character: There is no и (U+0438) in font [lmroman10-regular]:+tlig;!
Missing character: There is no н (U+043D) in font [lmroman10-regular]:+tlig;!
Missing character: There is no и (U+0438) in font [lmroman10-regular]:+tlig;!
Missing character: There is no н (U+043D) in font [lmroman10-regular]:+tlig;!
Missing character: There is no и (U+0438) in font [lmroman8-regular]:+tlig;!
Missing character: There is no н (U+043D) in font [lmroman8-regular]:+tlig;!
Missing character: There is no и (U+0438) in font [lmroman6-regular]:+tlig;!
Missing character: There is no н (U+043D) in font [lmroman6-regular]:+tlig;!
Missing character: There is no и (U+0438) in font [lmroman10-regular]:+tlig;!
Missing character: There is no н (U+043D) in font [lmroman10-regular]:+tlig;!
Missing character: There is no и (U+0438) in font [lmroman10-regular]:+tlig;!
Missing character: There is no н (U+043D) in font [lmroman10-regular]:+tlig;!
Missing character: There is no и (U+0438) in font [lmroman8-regular]:+tlig;!
Missing character: There is no н (U+043D) in font [lmroman8-regular]:+tlig;!
Missing character: There is no и (U+0438) in font [lmroman6-regular]:+tlig;!
Missing character: There is no н (U+043D) in font [lmroman6-regular]:+tlig;!
Missing character: There is no и (U+0438) in font [lmroman10-bold]:+tlig;!
Missing character: There is no н (U+043D) in font [lmroman10-bold]:+tlig;!
Missing character: There is no и (U+0438) in font [lmroman10-bold]:+tlig;!
Missing character: There is no н (U+043D) in font [lmroman10-bold]:+tlig;!
Missing character: There is no и (U+0438) in font [lmroman8-bold]:+tlig;!
Missing character: There is no н (U+043D) in font [lmroman8-bold]:+tlig;!
Missing character: There is no и (U+0438) in font [lmroman6-bold]:+tlig;!
Missing character: There is no н (U+043D) in font [lmroman6-bold]:+tlig;!
Missing character: There is no и (U+0438) in font [lmroman10-bold]:+tlig;!
Missing character: There is no н (U+043D) in font [lmroman10-bold]:+tlig;!
Missing character: There is no и (U+0438) in font [lmroman10-bold]:+tlig;!
Missing character: There is no н (U+043D) in font [lmroman10-bold]:+tlig;!
Missing character: There is no и (U+0438) in font [lmroman8-bold]:+tlig;!
Missing character: There is no н (U+043D) in font [lmroman8-bold]:+tlig;!
Missing character: There is no и (U+0438) in font [lmroman6-bold]:+tlig;!
Missing character: There is no н (U+043D) in font [lmroman6-bold]:+tlig;!
! Missing $ inserted.
<inserted text> 
                $
l.41 ...ta}{L^2}-\cfrac{G(M+m)r^2}{2L^3} $$}{0.50}
                                                  

Here is how much of LuaTeX's memory you used:
 14129 strings out of 476081
 125240,794899 words of node,token memory allocated
 15161 words of node memory still in use:
   225 hlist, 23 vlist, 35 rule, 55 disc, 15 local_par, 8 dir, 44 math, 391 glue
, 101 kern, 69 penalty, 3 unset, 52 margin_kern, 955 glyph, 3 align_record, 177 
attribute, 73 glue_spec, 177 attribute_list, 15 temp, 1 align_stack nodes
   avail lists: 1:3,2:29,3:47,4:2,5:7,6:5,7:6,8:42,9:137,10:20
 36351 multiletter control sequences out of 65536+600000
 47 fonts using 3265607 bytes
 72i,17n,75p,1137b,402s stack positions out of 10000i,1000n,20000p,200000b,200000s
!  ==> Fatal error occurred, no output PDF file produced!
