This is pdfTeX, Version 3.141592653-2.6-1.40.28 (MiKTeX 25.12) (preloaded format=pdflatex 2026.4.24)  25 APR 2026 22:06
entering extended mode
 restricted \write18 enabled.
 %&-line parsing enabled.
**./E3_S_EN_2.tex
(E3_S_EN_2.tex
LaTeX2e <2025-11-01>
L3 programming layer <2025-12-24>
(C:\Users\aadib\AppData\Local\Programs\MiKTeX\tex/latex/base\article.cls
Document Class: article 2025/01/22 v1.4n Standard LaTeX document class
(C:\Users\aadib\AppData\Local\Programs\MiKTeX\tex/latex/base\size11.clo
File: size11.clo 2025/01/22 v1.4n Standard LaTeX file (size option)
)
\c@part=\count275
\c@section=\count276
\c@subsection=\count277
\c@subsubsection=\count278
\c@paragraph=\count279
\c@subparagraph=\count280
\c@figure=\count281
\c@table=\count282
\abovecaptionskip=\skip49
\belowcaptionskip=\skip50
\bibindent=\dimen148
)
(C:\Users\aadib\AppData\Local\Programs\MiKTeX\tex/latex/geometry\geometry.sty
Package: geometry 2026/03/07 v6.0 Page Geometry

(C:\Users\aadib\AppData\Local\Programs\MiKTeX\tex/latex/graphics\keyval.sty
Package: keyval 2022/05/29 v1.15 key=value parser (DPC)
\KV@toks@=\toks17
)
(C:\Users\aadib\AppData\Local\Programs\MiKTeX\tex/generic/iftex\ifvtex.sty
Package: ifvtex 2019/10/25 v1.7 ifvtex legacy package. Use iftex instead.

(C:\Users\aadib\AppData\Local\Programs\MiKTeX\tex/generic/iftex\iftex.sty
Package: iftex 2024/12/12 v1.0g TeX engine tests
))
\Gm@cnth=\count283
\Gm@cntv=\count284
\c@Gm@tempcnt=\count285
\Gm@bindingoffset=\dimen149
\Gm@wd@mp=\dimen150
\Gm@odd@mp=\dimen151
\Gm@even@mp=\dimen152
\Gm@layoutwidth=\dimen153
\Gm@layoutheight=\dimen154
\Gm@layouthoffset=\dimen155
\Gm@layoutvoffset=\dimen156
\Gm@dimlist=\toks18

(C:\Users\aadib\AppData\Local\Programs\MiKTeX\tex/latex/geometry\geometry.cfg))
(C:\Users\aadib\AppData\Local\Programs\MiKTeX\tex/latex/amsmath\amsmath.sty
Package: amsmath 2025/07/09 v2.17z AMS math features
\@mathmargin=\skip51

For additional information on amsmath, use the `?' option.
(C:\Users\aadib\AppData\Local\Programs\MiKTeX\tex/latex/amsmath\amstext.sty
Package: amstext 2024/11/17 v2.01 AMS text

(C:\Users\aadib\AppData\Local\Programs\MiKTeX\tex/latex/amsmath\amsgen.sty
File: amsgen.sty 1999/11/30 v2.0 generic functions
\@emptytoks=\toks19
\ex@=\dimen157
))
(C:\Users\aadib\AppData\Local\Programs\MiKTeX\tex/latex/amsmath\amsbsy.sty
Package: amsbsy 1999/11/29 v1.2d Bold Symbols
\pmbraise@=\dimen158
)
(C:\Users\aadib\AppData\Local\Programs\MiKTeX\tex/latex/amsmath\amsopn.sty
Package: amsopn 2022/04/08 v2.04 operator names
)
\inf@bad=\count286
LaTeX Info: Redefining \frac on input line 233.
\uproot@=\count287
\leftroot@=\count288
LaTeX Info: Redefining \overline on input line 398.
LaTeX Info: Redefining \colon on input line 409.
\classnum@=\count289
\DOTSCASE@=\count290
LaTeX Info: Redefining \ldots on input line 495.
LaTeX Info: Redefining \dots on input line 498.
LaTeX Info: Redefining \cdots on input line 619.
\Mathstrutbox@=\box53
\strutbox@=\box54
LaTeX Info: Redefining \big on input line 721.
LaTeX Info: Redefining \Big on input line 722.
LaTeX Info: Redefining \bigg on input line 723.
LaTeX Info: Redefining \Bigg on input line 724.
\big@size=\dimen159
LaTeX Font Info:    Redeclaring font encoding OML on input line 742.
LaTeX Font Info:    Redeclaring font encoding OMS on input line 743.
\macc@depth=\count291
LaTeX Info: Redefining \bmod on input line 904.
LaTeX Info: Redefining \pmod on input line 909.
LaTeX Info: Redefining \smash on input line 939.
LaTeX Info: Redefining \relbar on input line 969.
LaTeX Info: Redefining \Relbar on input line 970.
\c@MaxMatrixCols=\count292
\dotsspace@=\muskip17
\c@parentequation=\count293
\dspbrk@lvl=\count294
\tag@help=\toks20
\row@=\count295
\column@=\count296
\maxfields@=\count297
\andhelp@=\toks21
\eqnshift@=\dimen160
\alignsep@=\dimen161
\tagshift@=\dimen162
\tagwidth@=\dimen163
\totwidth@=\dimen164
\lineht@=\dimen165
\@envbody=\toks22
\multlinegap=\skip52
\multlinetaggap=\skip53
\mathdisplay@stack=\toks23
LaTeX Info: Redefining \[ on input line 2950.
LaTeX Info: Redefining \] on input line 2951.
)
(C:\Users\aadib\AppData\Local\Programs\MiKTeX\tex/latex/amsfonts\amssymb.sty
Package: amssymb 2013/01/14 v3.01 AMS font symbols

(C:\Users\aadib\AppData\Local\Programs\MiKTeX\tex/latex/amsfonts\amsfonts.sty
Package: amsfonts 2013/01/14 v3.01 Basic AMSFonts support
\symAMSa=\mathgroup4
\symAMSb=\mathgroup5
LaTeX Font Info:    Redeclaring math symbol \hbar on input line 98.
LaTeX Font Info:    Overwriting math alphabet `\mathfrak' in version `bold'
(Font)                  U/euf/m/n --> U/euf/b/n on input line 106.
)) (C:\Users\aadib\AppData\Local\Programs\MiKTeX\tex/latex/graphics\graphicx.st
y
Package: graphicx 2024/12/31 v1.2e Enhanced LaTeX Graphics (DPC,SPQR)

(C:\Users\aadib\AppData\Local\Programs\MiKTeX\tex/latex/graphics\graphics.sty
Package: graphics 2024/08/06 v1.4g Standard LaTeX Graphics (DPC,SPQR)

(C:\Users\aadib\AppData\Local\Programs\MiKTeX\tex/latex/graphics\trig.sty
Package: trig 2023/12/02 v1.11 sin cos tan (DPC)
)
(C:\Users\aadib\AppData\Local\Programs\MiKTeX\tex/latex/graphics-cfg\graphics.c
fg
File: graphics.cfg 2016/06/04 v1.11 sample graphics configuration
)
Package graphics Info: Driver file: pdftex.def on input line 106.

(C:\Users\aadib\AppData\Local\Programs\MiKTeX\tex/latex/graphics-def\pdftex.def
File: pdftex.def 2025/09/29 v1.2d Graphics/color driver for pdftex
))
\Gin@req@height=\dimen166
\Gin@req@width=\dimen167
) (C:\Users\aadib\AppData\Local\Programs\MiKTeX\tex/latex/float\float.sty
Package: float 2001/11/08 v1.3d Float enhancements (AL)
\c@float@type=\count298
\float@exts=\toks24
\float@box=\box55
\@float@everytoks=\toks25
\@floatcapt=\box56
)
(C:\Users\aadib\AppData\Local\Programs\MiKTeX\tex/latex/enumitem\enumitem.sty
Package: enumitem 2025/02/06 v3.11 Customized lists
\labelindent=\skip54
\enit@outerparindent=\dimen168
\enit@toks=\toks26
\enit@inbox=\box57
\enit@count@id=\count299
\enitdp@description=\count300
)
(C:\Users\aadib\AppData\Local\Programs\MiKTeX\tex/latex/microtype\microtype.sty
Package: microtype 2026/03/01 v3.2d Micro-typographical refinements (RS)
(C:\Users\aadib\AppData\Local\Programs\MiKTeX\tex/latex/etoolbox\etoolbox.sty
Package: etoolbox 2025/10/02 v2.5m e-TeX tools for LaTeX (JAW)
\etb@tempcnta=\count301
)
\MT@toks=\toks27
\MT@tempbox=\box58
\MT@count=\count302
LaTeX Info: Redefining \noprotrusionifhmode on input line 1084.
LaTeX Info: Redefining \leftprotrusion on input line 1085.
\MT@prot@toks=\toks28
LaTeX Info: Redefining \rightprotrusion on input line 1104.
LaTeX Info: Redefining \textls on input line 1449.
\MT@outer@kern=\dimen169
LaTeX Info: Redefining \microtypecontext on input line 2053.
LaTeX Info: Redefining \textmicrotypecontext on input line 2070.
\MT@listname@count=\count303

(C:\Users\aadib\AppData\Local\Programs\MiKTeX\tex/latex/microtype\microtype-pdf
tex.def
File: microtype-pdftex.def 2026/03/01 v3.2d Definitions specific to pdftex (RS)

LaTeX Info: Redefining \lsstyle on input line 944.
LaTeX Info: Redefining \lslig on input line 944.
\MT@outer@space=\skip55
)
Package microtype Info: Loading configuration file microtype.cfg.

(C:\Users\aadib\AppData\Local\Programs\MiKTeX\tex/latex/microtype\microtype.cfg
File: microtype.cfg 2026/03/01 v3.2d microtype main configuration file (RS)
)
LaTeX Info: Redefining \microtypesetup on input line 3065.
) (C:\Users\aadib\AppData\Local\Programs\MiKTeX\tex/latex/caption\caption.sty
Package: caption 2023/08/05 v3.6o Customizing captions (AR)

(C:\Users\aadib\AppData\Local\Programs\MiKTeX\tex/latex/caption\caption3.sty
Package: caption3 2023/07/31 v2.4d caption3 kernel (AR)
\caption@tempdima=\dimen170
\captionmargin=\dimen171
\caption@leftmargin=\dimen172
\caption@rightmargin=\dimen173
\caption@width=\dimen174
\caption@indent=\dimen175
\caption@parindent=\dimen176
\caption@hangindent=\dimen177
Package caption Info: Standard document class detected.
)
\c@caption@flags=\count304
\c@continuedfloat=\count305
Package caption Info: float package is loaded.
)
(C:\Users\aadib\AppData\Local\Programs\MiKTeX\tex/latex/tools\tabularx.sty
Package: tabularx 2023/12/11 v2.12a `tabularx' package (DPC)

(C:\Users\aadib\AppData\Local\Programs\MiKTeX\tex/latex/tools\array.sty
Package: array 2025/09/25 v2.6n Tabular extension package (FMi)
\col@sep=\dimen178
\ar@mcellbox=\box59
\extrarowheight=\dimen179
\NC@list=\toks29
\extratabsurround=\skip56
\backup@length=\skip57
\ar@cellbox=\box60
)
\TX@col@width=\dimen180
\TX@old@table=\dimen181
\TX@old@col=\dimen182
\TX@target=\dimen183
\TX@delta=\dimen184
\TX@cols=\count306
\TX@ftn=\toks30
)
(C:\Users\aadib\AppData\Local\Programs\MiKTeX\tex/latex/hyperref\hyperref.sty
Package: hyperref 2025-07-12 v7.01o Hypertext links for LaTeX

(C:\Users\aadib\AppData\Local\Programs\MiKTeX\tex/latex/kvsetkeys\kvsetkeys.sty
Package: kvsetkeys 2022-10-05 v1.19 Key value parser (HO)
)
(C:\Users\aadib\AppData\Local\Programs\MiKTeX\tex/generic/kvdefinekeys\kvdefine
keys.sty
Package: kvdefinekeys 2019-12-19 v1.6 Define keys (HO)
)
(C:\Users\aadib\AppData\Local\Programs\MiKTeX\tex/generic/pdfescape\pdfescape.s
ty
Package: pdfescape 2019/12/09 v1.15 Implements pdfTeX's escape features (HO)

(C:\Users\aadib\AppData\Local\Programs\MiKTeX\tex/generic/ltxcmds\ltxcmds.sty
Package: ltxcmds 2023-12-04 v1.26 LaTeX kernel commands for general use (HO)
)
(C:\Users\aadib\AppData\Local\Programs\MiKTeX\tex/generic/pdftexcmds\pdftexcmds
.sty
Package: pdftexcmds 2020-06-27 v0.33 Utility functions of pdfTeX for LuaTeX (HO
)

(C:\Users\aadib\AppData\Local\Programs\MiKTeX\tex/generic/infwarerr\infwarerr.s
ty
Package: infwarerr 2019/12/03 v1.5 Providing info/warning/error messages (HO)
)
Package pdftexcmds Info: \pdf@primitive is available.
Package pdftexcmds Info: \pdf@ifprimitive is available.
Package pdftexcmds Info: \pdfdraftmode found.
))
(C:\Users\aadib\AppData\Local\Programs\MiKTeX\tex/latex/hycolor\hycolor.sty
Package: hycolor 2020-01-27 v1.10 Color options for hyperref/bookmark (HO)
)
(C:\Users\aadib\AppData\Local\Programs\MiKTeX\tex/latex/hyperref\nameref.sty
Package: nameref 2025-06-21 v2.57 Cross-referencing by name of section

(C:\Users\aadib\AppData\Local\Programs\MiKTeX\tex/latex/refcount\refcount.sty
Package: refcount 2019/12/15 v3.6 Data extraction from label references (HO)
)
(C:\Users\aadib\AppData\Local\Programs\MiKTeX\tex/generic/gettitlestring\gettit
lestring.sty
Package: gettitlestring 2019/12/15 v1.6 Cleanup title references (HO)

(C:\Users\aadib\AppData\Local\Programs\MiKTeX\tex/latex/kvoptions\kvoptions.sty
Package: kvoptions 2022-06-15 v3.15 Key value format for package options (HO)
))
\c@section@level=\count307
)
(C:\Users\aadib\AppData\Local\Programs\MiKTeX\tex/generic/stringenc\stringenc.s
ty
Package: stringenc 2019/11/29 v1.12 Convert strings between diff. encodings (HO
)
)
\@linkdim=\dimen185
\Hy@linkcounter=\count308
\Hy@pagecounter=\count309
 (C:\Users\aadib\AppData\Local\Programs\MiKTeX\tex/latex/hyperref\pd1enc.def
File: pd1enc.def 2025-07-12 v7.01o Hyperref: PDFDocEncoding definition (HO)
Now handling font encoding PD1 ...
... no UTF-8 mapping file for font encoding PD1
) (C:\Users\aadib\AppData\Local\Programs\MiKTeX\tex/generic/intcalc\intcalc.sty
Package: intcalc 2019/12/15 v1.3 Expandable calculations with integers (HO)
)
\Hy@SavedSpaceFactor=\count310
 (C:\Users\aadib\AppData\Local\Programs\MiKTeX\tex/latex/hyperref\puenc.def
File: puenc.def 2025-07-12 v7.01o Hyperref: PDF Unicode definition (HO)
Now handling font encoding PU ...
... no UTF-8 mapping file for font encoding PU
)
Package hyperref Info: Hyper figures OFF on input line 4195.
Package hyperref Info: Link nesting OFF on input line 4200.
Package hyperref Info: Hyper index ON on input line 4203.
Package hyperref Info: Plain pages OFF on input line 4210.
Package hyperref Info: Backreferencing OFF on input line 4215.
Package hyperref Info: Implicit mode ON; LaTeX internals redefined.
Package hyperref Info: Bookmarks ON on input line 4462.
\c@Hy@tempcnt=\count311

(C:\Users\aadib\AppData\Local\Programs\MiKTeX\tex/latex/url\url.sty
\Urlmuskip=\muskip18
Package: url 2013/09/16  ver 3.4  Verb mode for urls, etc.
)
LaTeX Info: Redefining \url on input line 4801.
\XeTeXLinkMargin=\dimen186

(C:\Users\aadib\AppData\Local\Programs\MiKTeX\tex/generic/bitset\bitset.sty
Package: bitset 2019/12/09 v1.3 Handle bit-vector datatype (HO)

(C:\Users\aadib\AppData\Local\Programs\MiKTeX\tex/generic/bigintcalc\bigintcalc
.sty
Package: bigintcalc 2019/12/15 v1.5 Expandable calculations on big integers (HO
)
))
\Fld@menulength=\count312
\Field@Width=\dimen187
\Fld@charsize=\dimen188
Package hyperref Info: Hyper figures OFF on input line 6078.
Package hyperref Info: Link nesting OFF on input line 6083.
Package hyperref Info: Hyper index ON on input line 6086.
Package hyperref Info: backreferencing OFF on input line 6093.
Package hyperref Info: Link coloring OFF on input line 6098.
Package hyperref Info: Link coloring with OCG OFF on input line 6103.
Package hyperref Info: PDF/A mode OFF on input line 6108.
\Hy@abspage=\count313
\c@Item=\count314
\c@Hfootnote=\count315
)
Package hyperref Info: Driver (autodetected): hpdftex.

(C:\Users\aadib\AppData\Local\Programs\MiKTeX\tex/latex/hyperref\hpdftex.def
File: hpdftex.def 2025-07-12 v7.01o Hyperref driver for pdfTeX
\Fld@listcount=\count316
\c@bookmark@seq@number=\count317

(C:\Users\aadib\AppData\Local\Programs\MiKTeX\tex/latex/rerunfilecheck\rerunfil
echeck.sty
Package: rerunfilecheck 2025-06-21 v1.11 Rerun checks for auxiliary files (HO)

(C:\Users\aadib\AppData\Local\Programs\MiKTeX\tex/generic/uniquecounter\uniquec
ounter.sty
Package: uniquecounter 2019/12/15 v1.4 Provide unlimited unique counter (HO)
)
Package uniquecounter Info: New unique counter `rerunfilecheck' on input line 2
84.
)
\Hy@SectionHShift=\skip58
)
(C:\Users\aadib\AppData\Local\Programs\MiKTeX\tex/latex/l3backend\l3backend-pdf
tex.def
File: l3backend-pdftex.def 2025-10-09 L3 backend support: PDF output (pdfTeX)
\l__color_backend_stack_int=\count318
) (E3_S_EN_2.aux)
\openout1 = `E3_S_EN_2.aux'.

LaTeX Font Info:    Checking defaults for OML/cmm/m/it on input line 37.
LaTeX Font Info:    ... okay on input line 37.
LaTeX Font Info:    Checking defaults for OMS/cmsy/m/n on input line 37.
LaTeX Font Info:    ... okay on input line 37.
LaTeX Font Info:    Checking defaults for OT1/cmr/m/n on input line 37.
LaTeX Font Info:    ... okay on input line 37.
LaTeX Font Info:    Checking defaults for T1/cmr/m/n on input line 37.
LaTeX Font Info:    ... okay on input line 37.
LaTeX Font Info:    Checking defaults for TS1/cmr/m/n on input line 37.
LaTeX Font Info:    ... okay on input line 37.
LaTeX Font Info:    Checking defaults for OMX/cmex/m/n on input line 37.
LaTeX Font Info:    ... okay on input line 37.
LaTeX Font Info:    Checking defaults for U/cmr/m/n on input line 37.
LaTeX Font Info:    ... okay on input line 37.
LaTeX Font Info:    Checking defaults for PD1/pdf/m/n on input line 37.
LaTeX Font Info:    ... okay on input line 37.
LaTeX Font Info:    Checking defaults for PU/pdf/m/n on input line 37.
LaTeX Font Info:    ... okay on input line 37.

*geometry* driver: auto-detecting
*geometry* detected driver: pdftex
*geometry* verbose mode - [ preamble ] result:
* driver: pdftex
* paper: a4paper
* layout: <same size as paper>
* layoutoffset:(h,v)=(0.0pt,0.0pt)
* modes: 
* h-part:(L,W,R)=(72.26999pt, 452.9679pt, 72.26999pt)
* v-part:(T,H,B)=(72.26999pt, 700.50687pt, 72.26999pt)
* \paperwidth=597.50787pt
* \paperheight=845.04684pt
* \textwidth=452.9679pt
* \textheight=700.50687pt
* \oddsidemargin=0.0pt
* \evensidemargin=0.0pt
* \topmargin=-37.0pt
* \headheight=12.0pt
* \headsep=25.0pt
* \topskip=11.0pt
* \footskip=30.0pt
* \marginparwidth=50.0pt
* \marginparsep=10.0pt
* \columnsep=10.0pt
* \skip\footins=10.0pt plus 4.0pt minus 2.0pt
* \hoffset=0.0pt
* \voffset=0.0pt
* \mag=1000
* \@twocolumnfalse
* \@twosidefalse
* \@mparswitchfalse
* \@reversemarginfalse
* (1in=72.27pt=25.4mm, 1cm=28.453pt)


(C:\Users\aadib\AppData\Local\Programs\MiKTeX\tex/context/base/mkii\supp-pdf.mk
ii
[Loading MPS to PDF converter (version 2006.09.02).]
\scratchcounter=\count319
\scratchdimen=\dimen189
\scratchbox=\box61
\nofMPsegments=\count320
\nofMParguments=\count321
\everyMPshowfont=\toks31
\MPscratchCnt=\count322
\MPscratchDim=\dimen190
\MPnumerator=\count323
\makeMPintoPDFobject=\count324
\everyMPtoPDFconversion=\toks32
)
(C:\Users\aadib\AppData\Local\Programs\MiKTeX\tex/latex/epstopdf-pkg\epstopdf-b
ase.sty
Package: epstopdf-base 2020-01-24 v2.11 Base part for package epstopdf
Package epstopdf-base Info: Redefining graphics rule for `.eps' on input line 4
85.

(C:\Users\aadib\AppData\Local\Programs\MiKTeX\tex/latex/00miktex\epstopdf-sys.c
fg
File: epstopdf-sys.cfg 2021/03/18 v2.0 Configuration of epstopdf for MiKTeX
))
LaTeX Info: Redefining \microtypecontext on input line 37.
Package microtype Info: Applying patch `item' on input line 37.
Package microtype Info: Applying patch `toc' on input line 37.
Package microtype Info: Applying patch `eqnum' on input line 37.
Package microtype Info: Applying patch `footnote' on input line 37.
Package microtype Info: Applying patch `verbatim' on input line 37.
LaTeX Info: Redefining \microtypesetup on input line 37.
Package microtype Info: Generating PDF output.
Package microtype Info: Character protrusion enabled (level 2).
Package microtype Info: Using default protrusion set `alltext'.
Package microtype Info: Automatic font expansion enabled (level 2),
(microtype)             stretch: 20, shrink: 20, step: 1, non-selected.
Package microtype Info: Using default expansion set `alltext-nott'.
Package microtype Info: Patching command `\showhyphens'.
Package microtype Info: No adjustment of tracking.
Package microtype Info: No adjustment of interword spacing.
Package microtype Info: No adjustment of character kerning.

(C:\Users\aadib\AppData\Local\Programs\MiKTeX\tex/latex/microtype\mt-cmr.cfg
File: mt-cmr.cfg 2013/05/19 v2.2 microtype config. file: Computer Modern Roman 
(RS)
)
Package caption Info: Begin \AtBeginDocument code.
Package caption Info: hyperref package is loaded.
Package caption Info: End \AtBeginDocument code.
Package hyperref Info: Link coloring OFF on input line 37.

(E3_S_EN_2.out) (E3_S_EN_2.out)
\@outlinefile=\write3
\openout3 = `E3_S_EN_2.out'.

LaTeX Font Info:    Trying to load font information for U+msa on input line 39.


(C:\Users\aadib\AppData\Local\Programs\MiKTeX\tex/latex/amsfonts\umsa.fd
File: umsa.fd 2013/01/14 v3.01 AMS symbols A
)
(C:\Users\aadib\AppData\Local\Programs\MiKTeX\tex/latex/microtype\mt-msa.cfg
File: mt-msa.cfg 2006/02/04 v1.1 microtype config. file: AMS symbols (a) (RS)
)
LaTeX Font Info:    Trying to load font information for U+msb on input line 39.


(C:\Users\aadib\AppData\Local\Programs\MiKTeX\tex/latex/amsfonts\umsb.fd
File: umsb.fd 2013/01/14 v3.01 AMS symbols B
)
(C:\Users\aadib\AppData\Local\Programs\MiKTeX\tex/latex/microtype\mt-msb.cfg
File: mt-msb.cfg 2005/06/01 v1.0 microtype config. file: AMS symbols (b) (RS)
)
Overfull \hbox (0.95424pt too wide) in paragraph at lines 39--39
\OT1/cmr/bx/n/10.95 (-20) com- 
 []


Overfull \hbox (3.39998pt too wide) in paragraph at lines 39--39
\OT1/cmr/bx/n/10.95 (-20) plete 
 []


Overfull \hbox (0.8612pt too wide) in paragraph at lines 39--39
\OT1/cmr/bx/n/10.95 (-20) step, 
 []


Overfull \hbox (2.02881pt too wide) in paragraph at lines 39--39
\OT1/cmr/bx/n/10.95 (-20) need 
 []


Overfull \hbox (1.23744pt too wide) in paragraph at lines 39--39
\OT1/cmr/bx/n/10.95 (-20) care- 
 []


Overfull \hbox (0.5345pt too wide) in paragraph at lines 39--39
\OT1/cmr/bx/n/10.95 (-20) fully 
 []


Overfull \hbox (14.82394pt too wide) in paragraph at lines 39--39
\OT1/cmr/bx/n/10.95 (-20) around 
 []


Overfull \hbox (4.89064pt too wide) in paragraph at lines 39--39
\OT1/cmr/bx/n/10.95 (-20) work- 
 []


Overfull \hbox (5.41336pt too wide) in paragraph at lines 39--39
\OT1/cmr/bx/n/10.95 (-20) place. 
 []


Overfull \hbox (1.23744pt too wide) in paragraph at lines 39--39
\OT1/cmr/bx/n/10.95 (-20) care- 
 []


Overfull \hbox (0.5345pt too wide) in paragraph at lines 39--39
\OT1/cmr/bx/n/10.95 (-20) fully 
 []


Overfull \hbox (17.2467pt too wide) in paragraph at lines 39--39
\OT1/cmr/bx/n/10.95 (-20) enough, 
 []


Overfull \hbox (5.05435pt too wide) in paragraph at lines 39--39
\OT1/cmr/bx/n/10.95 (-20) there 
 []


Overfull \hbox (3.97977pt too wide) in paragraph at lines 39--39
\OT1/cmr/bx/n/10.95 (-20) prob- 
 []


Overfull \hbox (3.51819pt too wide) in paragraph at lines 39--39
\OT1/cmr/bx/n/10.95 (-20) pack- 
 []


Overfull \hbox (0.5471pt too wide) in paragraph at lines 39--39
\OT1/cmr/bx/n/10.95 (-20) with 
 []


Overfull \hbox (8.82506pt too wide) in paragraph at lines 39--39
\OT1/cmr/bx/n/10.95 (-20) tronic 
 []


Overfull \hbox (0.95424pt too wide) in paragraph at lines 39--39
\OT1/cmr/bx/n/10.95 (-20) com- 
 []


Overfull \hbox (5.6897pt too wide) in paragraph at lines 39--39
\OT1/cmr/bx/n/10.95 (-20) nents 
 []


Overfull \hbox (7.73877pt too wide) in paragraph at lines 39--39
\OT1/cmr/bx/n/10.95 (-20) which 
 []


Overfull \hbox (1.52159pt too wide) in paragraph at lines 39--39
\OT1/cmr/bx/n/10.95 (-20) code 
 []


Overfull \hbox (35.71674pt too wide) in paragraph at lines 39--39
\OT1/cmr/bx/n/10.95 (-20) \$\OML/cmm/m/it/10.95 OOO \OT1/cmr/m/n/10.95 (-20) 00
 00$\OT1/cmr/bx/n/10.95 (-20) " 
 []


Overfull \hbox (4.21358pt too wide) in paragraph at lines 39--39
\OT1/cmr/bx/n/10.95 (-20) plied. 
 []


Overfull \hbox (3.51819pt too wide) in paragraph at lines 39--39
\OT1/cmr/bx/n/10.95 (-20) pack- 
 []


Overfull \hbox (1.23744pt too wide) in paragraph at lines 39--39
\OT1/cmr/bx/n/10.95 (-20) care- 
 []


Overfull \hbox (0.5345pt too wide) in paragraph at lines 39--39
\OT1/cmr/bx/n/10.95 (-20) fully 
 []


Overfull \hbox (15.62137pt too wide) in paragraph at lines 39--39
\OT1/cmr/bx/n/10.95 (-20) rewrite 
 []


Overfull \hbox (1.52159pt too wide) in paragraph at lines 39--39
\OT1/cmr/bx/n/10.95 (-20) code 
 []


Overfull \hbox (4.81941pt too wide) in paragraph at lines 39--39
\OT1/cmr/bx/n/10.95 (-20) cially 
 []


Overfull \hbox (7.1707pt too wide) in paragraph at lines 39--39
\OT1/cmr/bx/n/10.95 (-20) nated 
 []


Overfull \hbox (4.42836pt too wide) in paragraph at lines 39--39
\OT1/cmr/bx/n/10.95 (-20) place 
 []


Overfull \hbox (0.90938pt too wide) in paragraph at lines 39--39
\OT1/cmr/bx/n/10.95 (-20) swer 
 []


Overfull \hbox (4.49973pt too wide) in paragraph at lines 39--39
\OT1/cmr/bx/n/10.95 (-20) sheet 
 []


Overfull \hbox (4.42836pt too wide) in paragraph at lines 39--39
\OT1/cmr/bx/n/10.95 (-20) place 
 []


Overfull \hbox (1.81122pt too wide) in paragraph at lines 39--39
\OT1/cmr/bx/n/10.95 (-20) iden- 
 []


Overfull \hbox (4.73393pt too wide) in paragraph at lines 39--39
\OT1/cmr/bx/n/10.95 (-20) scrip- 
 []


Overfull \hbox (4.49692pt too wide) in paragraph at lines 39--39
\OT1/cmr/bx/n/10.95 (-20) stage 
 []


Overfull \hbox (2.02881pt too wide) in paragraph at lines 39--39
\OT1/cmr/bx/n/10.95 (-20) need 
 []


Overfull \hbox (17.95738pt too wide) in paragraph at lines 39--39
\OT1/cmr/bx/n/10.95 (-20) tremely 
 []


Overfull \hbox (8.40266pt too wide) in paragraph at lines 39--39
\OT1/cmr/bx/n/10.95 (-20) cused, 
 []


Overfull \hbox (5.47493pt too wide) in paragraph at lines 39--39
\OT1/cmr/bx/n/10.95 (-20) takes. 
 []


Overfull \hbox (2.78575pt too wide) in paragraph at lines 39--39
\OT1/cmr/bx/n/10.95 (-20) most 
 []


Overfull \hbox (0.95424pt too wide) in paragraph at lines 39--39
\OT1/cmr/bx/n/10.95 (-20) com- 
 []


Overfull \hbox (4.48993pt too wide) in paragraph at lines 39--39
\OT1/cmr/bx/n/10.95 (-20) takes 
 []


Overfull \hbox (11.97585pt too wide) in paragraph at lines 39--39
\OT1/cmr/bx/n/10.95 (-20) rewrit- 
 []


Overfull \hbox (2.08742pt too wide) in paragraph at lines 39--39
\OT1/cmr/bx/n/10.95 (-20) char- 
 []


Overfull \hbox (24.00447pt too wide) in paragraph at lines 39--39
\OT1/cmr/bx/n/10.95 (-20) (\$\OT1/cmr/m/n/10.95 (-20) 00 00$\OT1/cmr/bx/n/10.95
 (-20) "); 
 []


Overfull \hbox (11.97585pt too wide) in paragraph at lines 39--39
\OT1/cmr/bx/n/10.95 (-20) rewrit- 
 []


Overfull \hbox (2.08742pt too wide) in paragraph at lines 39--39
\OT1/cmr/bx/n/10.95 (-20) char- 
 []


Overfull \hbox (9.74292pt too wide) in paragraph at lines 39--39
\OT1/cmr/bx/n/10.95 (-20) wrong 
 []


Overfull \hbox (52.77245pt too wide) in paragraph at lines 39--39
\OT1/cmr/bx/n/10.95 (-20) (\$\OT1/cmr/m/n/10.95 (-20) 00 00 \OML/cmm/m/it/10.95
 OOO$\OT1/cmr/bx/n/10.95 (-20) "); 
 []


Overfull \hbox (18.04424pt too wide) in paragraph at lines 39--39
\OT1/cmr/bx/n/10.95 (-20) spelling 
 []


Overfull \hbox (2.08742pt too wide) in paragraph at lines 39--39
\OT1/cmr/bx/n/10.95 (-20) char- 
 []


Overfull \hbox (52.54124pt too wide) in paragraph at lines 39--39
\OT1/cmr/bx/n/10.95 (-20) (\$\OML/cmm/m/it/10.95 OOO oo oo$\OT1/cmr/bx/n/10.95 
(-20) "); 
 []


Overfull \hbox (13.16957pt too wide) in paragraph at lines 39--39
\OT1/cmr/bx/n/10.95 (-20) adding 
 []


Overfull \hbox (2.08742pt too wide) in paragraph at lines 39--39
\OT1/cmr/bx/n/10.95 (-20) char- 
 []


Overfull \hbox (61.11882pt too wide) in paragraph at lines 39--39
\OT1/cmr/bx/n/10.95 (-20) (\$\OT1/cmr/m/n/10.95 (-20) 00 00 (\OML/cmm/m/it/10.9
5 OOO\OT1/cmr/m/n/10.95 (-20) )$\OT1/cmr/bx/n/10.95 (-20) "); 
 []


Overfull \hbox (1.52159pt too wide) in paragraph at lines 39--39
\OT1/cmr/bx/n/10.95 (-20) code 
 []


Overfull \hbox (0.90938pt too wide) in paragraph at lines 39--39
\OT1/cmr/bx/n/10.95 (-20) swer 
 []


Overfull \hbox (5.82472pt too wide) in paragraph at lines 39--39
\OT1/cmr/bx/n/10.95 (-20) sheet. 
 []


Overfull \hbox (0.95424pt too wide) in paragraph at lines 39--39
\OT1/cmr/bx/n/10.95 (-20) com- 
 []


Overfull \hbox (1.17183pt too wide) in paragraph at lines 39--39
\OT1/cmr/bx/n/10.95 (-20) item 
 []


Overfull \hbox (5.97232pt too wide) in paragraph at lines 39--39
\OT1/cmr/bx/n/10.95 (-20) check 
 []


Overfull \hbox (0.95424pt too wide) in paragraph at lines 39--39
\OT1/cmr/bx/n/10.95 (-20) com- 
 []


Overfull \hbox (5.41055pt too wide) in paragraph at lines 39--39
\OT1/cmr/bx/n/10.95 (-20) plete- 
 []


Overfull \hbox (3.51819pt too wide) in paragraph at lines 39--39
\OT1/cmr/bx/n/10.95 (-20) pack- 
 []


Overfull \hbox (5.97232pt too wide) in paragraph at lines 39--39
\OT1/cmr/bx/n/10.95 (-20) check 
 []


Overfull \hbox (1.45502pt too wide) in paragraph at lines 39--39
\OT1/cmr/bx/n/10.95 (-20) dure 
 []


Overfull \hbox (1.7112pt too wide) in paragraph at lines 39--39
\OT1/cmr/bx/n/10.95 (-20) lows: 
 []


Overfull \hbox (5.99281pt too wide) in paragraph at lines 39--39
\OT1/cmr/bx/n/10.95 (-20) Open 
 []


Overfull \hbox (4.66539pt too wide) in paragraph at lines 39--39
\OT1/cmr/bx/n/10.95 (-20) Care- 
 []


Overfull \hbox (0.5345pt too wide) in paragraph at lines 39--39
\OT1/cmr/bx/n/10.95 (-20) fully 
 []


Overfull \hbox (2.05453pt too wide) in paragraph at lines 39--39
\OT1/cmr/bx/n/10.95 (-20) pour 
 []


Overfull \hbox (2.31201pt too wide) in paragraph at lines 39--39
\OT1/cmr/bx/n/10.95 (-20) from 
 []


Overfull \hbox (6.53777pt too wide) in paragraph at lines 39--39
\OT1/cmr/bx/n/10.95 (-20) Make 
 []


Overfull \hbox (10.69867pt too wide) in paragraph at lines 39--39
\OT1/cmr/bx/n/10.95 (-20) empty. 
 []


Overfull \hbox (2.95978pt too wide) in paragraph at lines 39--39
\OT1/cmr/bx/n/10.95 (-20) your- 
 []


Overfull \hbox (0.5471pt too wide) in paragraph at lines 39--39
\OT1/cmr/bx/n/10.95 (-20) with 
 []


Overfull \hbox (8.3243pt too wide) in paragraph at lines 39--39
\OT1/cmr/bx/n/10.95 (-20) equip- 
 []


Overfull \hbox (3.90997pt too wide) in paragraph at lines 39--39
\OT1/cmr/bx/n/10.95 (-20) ment 
 []


Overfull \hbox (2.31201pt too wide) in paragraph at lines 39--39
\OT1/cmr/bx/n/10.95 (-20) from 
 []


Overfull \hbox (12.35387pt too wide) in paragraph at lines 39--39
\OT1/cmr/bx/n/10.95 (-20) ciently 
 []


Overfull \hbox (4.83203pt too wide) in paragraph at lines 39--39
\OT1/cmr/bx/n/10.95 (-20) when 
 []


Overfull \hbox (2.60861pt too wide) in paragraph at lines 39--39
\OT1/cmr/bx/n/10.95 (-20) read- 
 []


Overfull \hbox (3.97977pt too wide) in paragraph at lines 39--39
\OT1/cmr/bx/n/10.95 (-20) prob- 
 []


Overfull \hbox (7.51349pt too wide) in paragraph at lines 39--39
\OT1/cmr/bx/n/10.95 (-20) found 
 []


Overfull \hbox (4.73393pt too wide) in paragraph at lines 39--39
\OT1/cmr/bx/n/10.95 (-20) scrip- 
 []


Overfull \hbox (10.776pt too wide) in paragraph at lines 39--39
\OT1/cmr/bx/n/10.95 (-20) Equip- 
 []


Overfull \hbox (10.03407pt too wide) in paragraph at lines 39--39
\OT1/cmr/bx/n/10.95 (-20) ment). 
 []


Overfull \hbox (9.75006pt too wide) in paragraph at lines 39--39
\OT1/cmr/bx/n/10.95 (-20) Check 
 []


Overfull \hbox (1.4774pt too wide) in paragraph at lines 39--39
\OT1/cmr/bx/n/10.95 (-20) pres- 
 []


Overfull \hbox (0.65764pt too wide) in paragraph at lines 39--39
\OT1/cmr/bx/n/10.95 (-20) ence 
 []


Overfull \hbox (11.73882pt too wide) in paragraph at lines 39--39
\OT1/cmr/bx/n/10.95 (-20) quartz 
 []


Overfull \hbox (11.81715pt too wide) in paragraph at lines 39--39
\OT1/cmr/bx/n/10.95 (-20) onator 
 []


Overfull \hbox (14.83093pt too wide) in paragraph at lines 39--39
\OT1/cmr/bx/n/10.95 (-20) poured 
 []


Overfull \hbox (9.11765pt too wide) in paragraph at lines 39--39
\OT1/cmr/bx/n/10.95 (-20) ments 
 []


Overfull \hbox (7.82968pt too wide) in paragraph at lines 39--39
\OT1/cmr/bx/n/10.95 (-20) (looks 
 []


Overfull \hbox (0.5471pt too wide) in paragraph at lines 39--39
\OT1/cmr/bx/n/10.95 (-20) with 
 []


Overfull \hbox (2.91096pt too wide) in paragraph at lines 39--39
\OT1/cmr/bx/n/10.95 (-20) legs). 
 []


Overfull \hbox (4.77116pt too wide) in paragraph at lines 39--39
\OT1/cmr/bx/n/10.95 (-20) Read 
 []


Overfull \hbox (6.89354pt too wide) in paragraph at lines 39--39
\OT1/cmr/bx/n/10.95 (-20) mark- 
 []


Overfull \hbox (11.3458pt too wide) in paragraph at lines 39--39
\OT1/cmr/bx/n/10.95 (-20) sented 
 []


Overfull \hbox (7.85626pt too wide) in paragraph at lines 39--39
\OT1/cmr/bx/n/10.95 (-20) photo 
 []


Overfull \hbox (8.3243pt too wide) in paragraph at lines 39--39
\OT1/cmr/bx/n/10.95 (-20) equip- 
 []


Overfull \hbox (3.90997pt too wide) in paragraph at lines 39--39
\OT1/cmr/bx/n/10.95 (-20) ment 
 []


Overfull \hbox (1.63611pt too wide) in paragraph at lines 39--39
\OT1/cmr/bx/n/10.95 (-20) tion! 
 []


Overfull \hbox (11.39603pt too wide) in paragraph at lines 39--39
\OT1/cmr/bx/n/10.95 (-20) quired 
 []


Overfull \hbox (0.95424pt too wide) in paragraph at lines 39--39
\OT1/cmr/bx/n/10.95 (-20) com- 
 []


Overfull \hbox (0.59804pt too wide) in paragraph at lines 39--39
\OT1/cmr/bx/n/10.95 (-20) pare 
 []


Overfull \hbox (1.4774pt too wide) in paragraph at lines 39--39
\OT1/cmr/bx/n/10.95 (-20) pres- 
 []


Overfull \hbox (0.65764pt too wide) in paragraph at lines 39--39
\OT1/cmr/bx/n/10.95 (-20) ence 
 []


Overfull \hbox (4.77391pt too wide) in paragraph at lines 39--39
\OT1/cmr/bx/n/10.95 (-20) point 
 []


Overfull \hbox (14.83093pt too wide) in paragraph at lines 39--39
\OT1/cmr/bx/n/10.95 (-20) poured 
 []


Overfull \hbox (4.77391pt too wide) in paragraph at lines 39--39
\OT1/cmr/bx/n/10.95 (-20) point 
 []


Overfull \hbox (4.77391pt too wide) in paragraph at lines 39--39
\OT1/cmr/bx/n/10.95 (-20) point 
 []


Overfull \hbox (2.15402pt too wide) in paragraph at lines 39--39
\OT1/cmr/bx/n/10.95 (-20) map- 
 []


Overfull \hbox (8.1851pt too wide) in paragraph at lines 39--39
\OT1/cmr/bx/n/10.95 (-20) tween 
 []


Overfull \hbox (10.66722pt too wide) in paragraph at lines 39--39
\OT1/cmr/bx/n/10.95 (-20) names 
 []


Overfull \hbox (1.17181pt too wide) in paragraph at lines 39--39
\OT1/cmr/bx/n/10.95 (-20) then 
 []


Overfull \hbox (0.65764pt too wide) in paragraph at lines 39--39
\OT1/cmr/bx/n/10.95 (-20) ceed 
 []


Overfull \hbox (1.09349pt too wide) in paragraph at lines 39--39
\OT1/cmr/bx/n/10.95 (-20) wise, 
 []


Overfull \hbox (12.03836pt too wide) in paragraph at lines 39--39
\OT1/cmr/bx/n/10.95 (-20) should 
 []


Overfull \hbox (1.21307pt too wide) in paragraph at lines 39--39
\OT1/cmr/bx/n/10.95 (-20) duty 
 []


Overfull \hbox (0.95424pt too wide) in paragraph at lines 39--39
\OT1/cmr/bx/n/10.95 (-20) com- 
 []


Overfull \hbox (3.39998pt too wide) in paragraph at lines 39--39
\OT1/cmr/bx/n/10.95 (-20) plete 
 []


Overfull \hbox (0.8612pt too wide) in paragraph at lines 39--39
\OT1/cmr/bx/n/10.95 (-20) step, 
 []


Overfull \hbox (2.02881pt too wide) in paragraph at lines 39--39
\OT1/cmr/bx/n/10.95 (-20) need 
 []


Overfull \hbox (1.23744pt too wide) in paragraph at lines 39--39
\OT1/cmr/bx/n/10.95 (-20) care- 
 []


Overfull \hbox (0.5345pt too wide) in paragraph at lines 39--39
\OT1/cmr/bx/n/10.95 (-20) fully 
 []


Overfull \hbox (14.82394pt too wide) in paragraph at lines 39--39
\OT1/cmr/bx/n/10.95 (-20) around 
 []


Overfull \hbox (4.89064pt too wide) in paragraph at lines 39--39
\OT1/cmr/bx/n/10.95 (-20) work- 
 []


Overfull \hbox (5.41336pt too wide) in paragraph at lines 39--39
\OT1/cmr/bx/n/10.95 (-20) place. 
 []


Overfull \hbox (1.23744pt too wide) in paragraph at lines 39--39
\OT1/cmr/bx/n/10.95 (-20) care- 
 []


Overfull \hbox (0.5345pt too wide) in paragraph at lines 39--39
\OT1/cmr/bx/n/10.95 (-20) fully 
 []


Overfull \hbox (17.2467pt too wide) in paragraph at lines 39--39
\OT1/cmr/bx/n/10.95 (-20) enough, 
 []


Overfull \hbox (5.05435pt too wide) in paragraph at lines 39--39
\OT1/cmr/bx/n/10.95 (-20) there 
 []


Overfull \hbox (3.97977pt too wide) in paragraph at lines 39--39
\OT1/cmr/bx/n/10.95 (-20) prob- 
 []


Overfull \hbox (3.51819pt too wide) in paragraph at lines 39--39
\OT1/cmr/bx/n/10.95 (-20) pack- 
 []


Overfull \hbox (0.5471pt too wide) in paragraph at lines 39--39
\OT1/cmr/bx/n/10.95 (-20) with 
 []


Overfull \hbox (8.82506pt too wide) in paragraph at lines 39--39
\OT1/cmr/bx/n/10.95 (-20) tronic 
 []


Overfull \hbox (0.95424pt too wide) in paragraph at lines 39--39
\OT1/cmr/bx/n/10.95 (-20) com- 
 []


Overfull \hbox (5.6897pt too wide) in paragraph at lines 39--39
\OT1/cmr/bx/n/10.95 (-20) nents 
 []


Overfull \hbox (7.73877pt too wide) in paragraph at lines 39--39
\OT1/cmr/bx/n/10.95 (-20) which 
 []


Overfull \hbox (1.52159pt too wide) in paragraph at lines 39--39
\OT1/cmr/bx/n/10.95 (-20) code 
 []


Overfull \hbox (35.71674pt too wide) in paragraph at lines 39--39
\OT1/cmr/bx/n/10.95 (-20) \$\OML/cmm/m/it/10.95 OOO \OT1/cmr/m/n/10.95 (-20) 00
 00$\OT1/cmr/bx/n/10.95 (-20) " 
 []


Overfull \hbox (6.65651pt too wide) in paragraph at lines 39--39
\OT1/cmr/bx/n/10.95 (-20) plied.|  
 []


Overfull \hbox (5.37863pt too wide) in paragraph at lines 39--39
[]|\OT1/cmr/bx/n/10.95 (-20) After 
 []


Overfull \hbox (3.51819pt too wide) in paragraph at lines 39--39
\OT1/cmr/bx/n/10.95 (-20) pack- 
 []


Overfull \hbox (1.23744pt too wide) in paragraph at lines 39--39
\OT1/cmr/bx/n/10.95 (-20) care- 
 []


Overfull \hbox (0.5345pt too wide) in paragraph at lines 39--39
\OT1/cmr/bx/n/10.95 (-20) fully 
 []


Overfull \hbox (15.62137pt too wide) in paragraph at lines 39--39
\OT1/cmr/bx/n/10.95 (-20) rewrite 
 []


Overfull \hbox (1.52159pt too wide) in paragraph at lines 39--39
\OT1/cmr/bx/n/10.95 (-20) code 
 []


Overfull \hbox (4.81941pt too wide) in paragraph at lines 39--39
\OT1/cmr/bx/n/10.95 (-20) cially 
 []


Overfull \hbox (7.1707pt too wide) in paragraph at lines 39--39
\OT1/cmr/bx/n/10.95 (-20) nated 
 []


Overfull \hbox (4.42836pt too wide) in paragraph at lines 39--39
\OT1/cmr/bx/n/10.95 (-20) place 
 []


Overfull \hbox (0.90938pt too wide) in paragraph at lines 39--39
\OT1/cmr/bx/n/10.95 (-20) swer 
 []


Overfull \hbox (4.49973pt too wide) in paragraph at lines 39--39
\OT1/cmr/bx/n/10.95 (-20) sheet 
 []


Overfull \hbox (4.42836pt too wide) in paragraph at lines 39--39
\OT1/cmr/bx/n/10.95 (-20) place 
 []


Overfull \hbox (1.81122pt too wide) in paragraph at lines 39--39
\OT1/cmr/bx/n/10.95 (-20) iden- 
 []


Overfull \hbox (4.73393pt too wide) in paragraph at lines 39--39
\OT1/cmr/bx/n/10.95 (-20) scrip- 
 []


Overfull \hbox (4.49692pt too wide) in paragraph at lines 39--39
\OT1/cmr/bx/n/10.95 (-20) stage 
 []


Overfull \hbox (2.02881pt too wide) in paragraph at lines 39--39
\OT1/cmr/bx/n/10.95 (-20) need 
 []


Overfull \hbox (17.95738pt too wide) in paragraph at lines 39--39
\OT1/cmr/bx/n/10.95 (-20) tremely 
 []


Overfull \hbox (8.40266pt too wide) in paragraph at lines 39--39
\OT1/cmr/bx/n/10.95 (-20) cused, 
 []


Overfull \hbox (5.47493pt too wide) in paragraph at lines 39--39
\OT1/cmr/bx/n/10.95 (-20) takes. 
 []


Overfull \hbox (2.78575pt too wide) in paragraph at lines 39--39
\OT1/cmr/bx/n/10.95 (-20) most 
 []


Overfull \hbox (0.95424pt too wide) in paragraph at lines 39--39
\OT1/cmr/bx/n/10.95 (-20) com- 
 []


Overfull \hbox (4.48993pt too wide) in paragraph at lines 39--39
\OT1/cmr/bx/n/10.95 (-20) takes 
 []


Overfull \hbox (0.95424pt too wide) in paragraph at lines 39--39
\OT1/cmr/bx/n/10.95 (-20) com- 
 []


Overfull \hbox (1.17183pt too wide) in paragraph at lines 39--39
\OT1/cmr/bx/n/10.95 (-20) item 
 []


Overfull \hbox (5.97232pt too wide) in paragraph at lines 39--39
\OT1/cmr/bx/n/10.95 (-20) check 
 []


Overfull \hbox (0.95424pt too wide) in paragraph at lines 39--39
\OT1/cmr/bx/n/10.95 (-20) com- 
 []


Overfull \hbox (5.41055pt too wide) in paragraph at lines 39--39
\OT1/cmr/bx/n/10.95 (-20) plete- 
 []


Overfull \hbox (3.51819pt too wide) in paragraph at lines 39--39
\OT1/cmr/bx/n/10.95 (-20) pack- 
 []


Overfull \hbox (1.45502pt too wide) in paragraph at lines 39--39
\OT1/cmr/bx/n/10.95 (-20) dure 
 []


Overfull \hbox (3.46155pt too wide) in paragraph at lines 39--39
\OT1/cmr/bx/n/10.95 (-20) lows:|  
 []


Overfull \hbox (19.0372pt too wide) in paragraph at lines 39--39
[]|\OT1/cmr/bx/n/10.95 (-20) Answer:  
 []


Overfull \hbox (30.47119pt too wide) detected at line 39
\OML/cmm/m/it/10.95 OOO \OT1/cmr/m/n/10.95 00 00
 []

[1

{C:/Users/aadib/AppData/Local/MiKTeX/fonts/map/pdftex/pdftex.map}]
Overfull \vbox (7356.89664pt too high) has occurred while \output is active []


[2]
Overfull \hbox (19.0372pt too wide) in paragraph at lines 40--40
[]|\OT1/cmr/bx/n/10.95 (-20) Answer:  
 []


Overfull \hbox (87.87471pt too wide) detected at line 40
\OML/cmm/m/it/10.95 f[] \OT1/cmr/m/n/10.95 = 1\OML/cmm/m/it/10.95 :\OT1/cmr/m/n
/10.95 999860 \OML/cmm/m/it/10.95 MHz:
 []


Overfull \hbox (19.0372pt too wide) in paragraph at lines 41--41
[]|\OT1/cmr/bx/n/10.95 (-20) Answer:  
 []


Overfull \hbox (48.9314pt too wide) detected at line 41
[] \OT1/cmr/m/n/10.95 = 0\OML/cmm/m/it/10.95 :\OT1/cmr/m/n/10.95 733\OML/cmm/m/
it/10.95 :
 []


Overfull \hbox (19.0372pt too wide) in paragraph at lines 42--42
[]|\OT1/cmr/bx/n/10.95 (-20) Answer: 
 []


Overfull \hbox (288.04172pt too wide) in paragraph at lines 42--42
\OML/cmm/m/it/10.95 f;  MHz$$U[];  mV$$\OT1/cmr/m/n/10.95 (-20) ^^A\OML/cmm/m/i
t/10.95 t; $$'; $$\OMS/cmsy/m/n/10.95 j\OML/cmm/m/it/10.95 Z\OMS/cmsy/m/n/10.95
 j\OML/cmm/m/it/10.95 ;  \OT1/cmr/m/n/10.95 (-20) 
$$\OML/cmm/m/it/10.95 f;  MHz$$U[];  mV$$\OT1/cmr/m/n/10.95 (-20) ^^A\OML/cmm/m
/it/10.95 t; $$'; $$\OMS/cmsy/m/n/10.95 j\OML/cmm/m/it/10.95 Z\OMS/cmsy/m/n/10.
95 j\OML/cmm/m/it/10.95 ;  \OT1/cmr/m/n/10.95 (-20) 
$ 
 []


Overfull \hbox (22.6803pt too wide) in paragraph at lines 42--42
\OT1/cmr/bx/n/10.95 (-20) 1.999610 
 []


Overfull \hbox (4.7991pt too wide) in paragraph at lines 42--42
\OT1/cmr/bx/n/10.95 (-20) 0.905 
 []


Overfull \hbox (22.6803pt too wide) in paragraph at lines 42--42
\OT1/cmr/bx/n/10.95 (-20) 1.999850 
 []


Overfull \hbox (4.7991pt too wide) in paragraph at lines 42--42
\OT1/cmr/bx/n/10.95 (-20) 0.000 
 []


Overfull \hbox (6.91182pt too wide) in paragraph at lines 42--42
\OT1/cmr/bx/n/10.95 (-20) 12482 
 []


Overfull \hbox (22.6803pt too wide) in paragraph at lines 42--42
\OT1/cmr/bx/n/10.95 (-20) 1.999630 
 []


Overfull \hbox (4.7991pt too wide) in paragraph at lines 42--42
\OT1/cmr/bx/n/10.95 (-20) 0.905 
 []


Overfull \hbox (22.6803pt too wide) in paragraph at lines 42--42
\OT1/cmr/bx/n/10.95 (-20) 1.999855 
 []


Overfull \hbox (3.85466pt too wide) in paragraph at lines 42--42
\OT1/cmr/bx/n/10.95 (-20) 0.151 
 []


Overfull \hbox (6.91182pt too wide) in paragraph at lines 42--42
\OT1/cmr/bx/n/10.95 (-20) 11808 
 []


Overfull \hbox (22.6803pt too wide) in paragraph at lines 42--42
\OT1/cmr/bx/n/10.95 (-20) 1.999650 
 []


Overfull \hbox (4.67317pt too wide) in paragraph at lines 42--42
\OT1/cmr/bx/n/10.95 (-20) 0.854 
 []


Overfull \hbox (22.6803pt too wide) in paragraph at lines 42--42
\OT1/cmr/bx/n/10.95 (-20) 1.999858 
 []


Overfull \hbox (3.85466pt too wide) in paragraph at lines 42--42
\OT1/cmr/bx/n/10.95 (-20) 0.201 
 []


Overfull \hbox (5.96738pt too wide) in paragraph at lines 42--42
\OT1/cmr/bx/n/10.95 (-20) 11101 
 []


Overfull \hbox (22.6803pt too wide) in paragraph at lines 42--42
\OT1/cmr/bx/n/10.95 (-20) 1.999660 
 []


Overfull \hbox (4.16948pt too wide) in paragraph at lines 42--42
\OT1/cmr/bx/n/10.95 (-20) 1.106 
 []


Overfull \hbox (22.6803pt too wide) in paragraph at lines 42--42
\OT1/cmr/bx/n/10.95 (-20) 1.999860 
 []


Overfull \hbox (4.48428pt too wide) in paragraph at lines 42--42
\OT1/cmr/bx/n/10.95 (-20) 0.327 
 []


Overfull \hbox (1.37117pt too wide) in paragraph at lines 42--42
\OT1/cmr/bx/n/10.95 (-20) 9685 
 []


Overfull \hbox (22.6803pt too wide) in paragraph at lines 42--42
\OT1/cmr/bx/n/10.95 (-20) 1.999670 
 []


Overfull \hbox (4.16948pt too wide) in paragraph at lines 42--42
\OT1/cmr/bx/n/10.95 (-20) 1.055 
 []


Overfull \hbox (22.6803pt too wide) in paragraph at lines 42--42
\OT1/cmr/bx/n/10.95 (-20) 1.999865 
 []


Overfull \hbox (4.7991pt too wide) in paragraph at lines 42--42
\OT1/cmr/bx/n/10.95 (-20) 0.402 
 []


Overfull \hbox (1.37117pt too wide) in paragraph at lines 42--42
\OT1/cmr/bx/n/10.95 (-20) 8458 
 []


Overfull \hbox (22.6803pt too wide) in paragraph at lines 42--42
\OT1/cmr/bx/n/10.95 (-20) 1.999680 
 []


Overfull \hbox (4.16948pt too wide) in paragraph at lines 42--42
\OT1/cmr/bx/n/10.95 (-20) 1.055 
 []


Overfull \hbox (22.6803pt too wide) in paragraph at lines 42--42
\OT1/cmr/bx/n/10.95 (-20) 1.999870 
 []


Overfull \hbox (4.7991pt too wide) in paragraph at lines 42--42
\OT1/cmr/bx/n/10.95 (-20) 0.528 
 []


Overfull \hbox (1.37117pt too wide) in paragraph at lines 42--42
\OT1/cmr/bx/n/10.95 (-20) 6978 
 []


Overfull \hbox (22.6803pt too wide) in paragraph at lines 42--42
\OT1/cmr/bx/n/10.95 (-20) 1.999690 
 []


Overfull \hbox (4.16948pt too wide) in paragraph at lines 42--42
\OT1/cmr/bx/n/10.95 (-20) 1.055 
 []


Overfull \hbox (22.6803pt too wide) in paragraph at lines 42--42
\OT1/cmr/bx/n/10.95 (-20) 1.999875 
 []


Overfull \hbox (4.7991pt too wide) in paragraph at lines 42--42
\OT1/cmr/bx/n/10.95 (-20) 0.553 
 []


Overfull \hbox (1.37117pt too wide) in paragraph at lines 42--42
\OT1/cmr/bx/n/10.95 (-20) 6466 
 []


Overfull \hbox (22.6803pt too wide) in paragraph at lines 42--42
\OT1/cmr/bx/n/10.95 (-20) 1.999700 
 []


Overfull \hbox (4.16948pt too wide) in paragraph at lines 42--42
\OT1/cmr/bx/n/10.95 (-20) 1.005 
 []


Overfull \hbox (22.6803pt too wide) in paragraph at lines 42--42
\OT1/cmr/bx/n/10.95 (-20) 1.999880 
 []


Overfull \hbox (4.7991pt too wide) in paragraph at lines 42--42
\OT1/cmr/bx/n/10.95 (-20) 0.729 
 []


Overfull \hbox (1.37117pt too wide) in paragraph at lines 42--42
\OT1/cmr/bx/n/10.95 (-20) 5113 
 []


Overfull \hbox (22.6803pt too wide) in paragraph at lines 42--42
\OT1/cmr/bx/n/10.95 (-20) 1.999710 
 []


Overfull \hbox (4.7991pt too wide) in paragraph at lines 42--42
\OT1/cmr/bx/n/10.95 (-20) 0.980 
 []


Overfull \hbox (22.6803pt too wide) in paragraph at lines 42--42
\OT1/cmr/bx/n/10.95 (-20) 1.999890 
 []


Overfull \hbox (4.67317pt too wide) in paragraph at lines 42--42
\OT1/cmr/bx/n/10.95 (-20) 0.804 
 []


Overfull \hbox (22.6803pt too wide) in paragraph at lines 42--42
\OT1/cmr/bx/n/10.95 (-20) 1.999720 
 []


Overfull \hbox (4.67317pt too wide) in paragraph at lines 42--42
\OT1/cmr/bx/n/10.95 (-20) 0.804 
 []


Overfull \hbox (22.6803pt too wide) in paragraph at lines 42--42
\OT1/cmr/bx/n/10.95 (-20) 1.999900 
 []


Overfull \hbox (4.7991pt too wide) in paragraph at lines 42--42
\OT1/cmr/bx/n/10.95 (-20) 0.930 
 []


Overfull \hbox (1.05637pt too wide) in paragraph at lines 42--42
\OT1/cmr/bx/n/10.95 (-20) 3788 
 []


Overfull \hbox (22.6803pt too wide) in paragraph at lines 42--42
\OT1/cmr/bx/n/10.95 (-20) 1.999730 
 []


Overfull \hbox (4.67317pt too wide) in paragraph at lines 42--42
\OT1/cmr/bx/n/10.95 (-20) 0.704 
 []


Overfull \hbox (22.6803pt too wide) in paragraph at lines 42--42
\OT1/cmr/bx/n/10.95 (-20) 1.999910 
 []


Overfull \hbox (4.7991pt too wide) in paragraph at lines 42--42
\OT1/cmr/bx/n/10.95 (-20) 0.980 
 []


Overfull \hbox (1.05637pt too wide) in paragraph at lines 42--42
\OT1/cmr/bx/n/10.95 (-20) 3422 
 []


Overfull \hbox (22.6803pt too wide) in paragraph at lines 42--42
\OT1/cmr/bx/n/10.95 (-20) 1.999740 
 []


Overfull \hbox (4.48428pt too wide) in paragraph at lines 42--42
\OT1/cmr/bx/n/10.95 (-20) 0.427 
 []


Overfull \hbox (22.6803pt too wide) in paragraph at lines 42--42
\OT1/cmr/bx/n/10.95 (-20) 1.999920 
 []


Overfull \hbox (4.16948pt too wide) in paragraph at lines 42--42
\OT1/cmr/bx/n/10.95 (-20) 1.030 
 []


Overfull \hbox (1.05637pt too wide) in paragraph at lines 42--42
\OT1/cmr/bx/n/10.95 (-20) 3132 
 []


Overfull \hbox (22.6803pt too wide) in paragraph at lines 42--42
\OT1/cmr/bx/n/10.95 (-20) 1.999750 
 []


Overfull \hbox (4.7991pt too wide) in paragraph at lines 42--42
\OT1/cmr/bx/n/10.95 (-20) 0.000 
 []


Overfull \hbox (22.6803pt too wide) in paragraph at lines 42--42
\OT1/cmr/bx/n/10.95 (-20) 1.999930 
 []


Overfull \hbox (4.16948pt too wide) in paragraph at lines 42--42
\OT1/cmr/bx/n/10.95 (-20) 1.005 
 []


Overfull \hbox (1.05637pt too wide) in paragraph at lines 42--42
\OT1/cmr/bx/n/10.95 (-20) 2970 
 []


Overfull \hbox (22.6803pt too wide) in paragraph at lines 42--42
\OT1/cmr/bx/n/10.95 (-20) 1.999760 
 []


Overfull \hbox (4.48428pt too wide) in paragraph at lines 42--42
\OT1/cmr/bx/n/10.95 (-20) 0.327 
 []


Overfull \hbox (22.6803pt too wide) in paragraph at lines 42--42
\OT1/cmr/bx/n/10.95 (-20) 1.999940 
 []


Overfull \hbox (4.16948pt too wide) in paragraph at lines 42--42
\OT1/cmr/bx/n/10.95 (-20) 1.056 
 []


Overfull \hbox (22.6803pt too wide) in paragraph at lines 42--42
\OT1/cmr/bx/n/10.95 (-20) 1.999770 
 []


Overfull \hbox (4.48428pt too wide) in paragraph at lines 42--42
\OT1/cmr/bx/n/10.95 (-20) 0.477 
 []


Overfull \hbox (22.6803pt too wide) in paragraph at lines 42--42
\OT1/cmr/bx/n/10.95 (-20) 1.999950 
 []


Overfull \hbox (4.16948pt too wide) in paragraph at lines 42--42
\OT1/cmr/bx/n/10.95 (-20) 1.056 
 []


Overfull \hbox (0.74155pt too wide) in paragraph at lines 42--42
\OT1/cmr/bx/n/10.95 (-20) 2637 
 []


Overfull \hbox (22.6803pt too wide) in paragraph at lines 42--42
\OT1/cmr/bx/n/10.95 (-20) 1.999780 
 []


Overfull \hbox (4.7991pt too wide) in paragraph at lines 42--42
\OT1/cmr/bx/n/10.95 (-20) 0.628 
 []


Overfull \hbox (22.6803pt too wide) in paragraph at lines 42--42
\OT1/cmr/bx/n/10.95 (-20) 1.999960 
 []


Overfull \hbox (3.22504pt too wide) in paragraph at lines 42--42
\OT1/cmr/bx/n/10.95 (-20) 1.081 
 []


Overfull \hbox (1.05637pt too wide) in paragraph at lines 42--42
\OT1/cmr/bx/n/10.95 (-20) 2513 
 []


Overfull \hbox (22.6803pt too wide) in paragraph at lines 42--42
\OT1/cmr/bx/n/10.95 (-20) 1.999790 
 []


Overfull \hbox (4.7991pt too wide) in paragraph at lines 42--42
\OT1/cmr/bx/n/10.95 (-20) 0.729 
 []


Overfull \hbox (22.6803pt too wide) in paragraph at lines 42--42
\OT1/cmr/bx/n/10.95 (-20) 1.999970 
 []


Overfull \hbox (3.22504pt too wide) in paragraph at lines 42--42
\OT1/cmr/bx/n/10.95 (-20) 1.081 
 []


Overfull \hbox (1.05637pt too wide) in paragraph at lines 42--42
\OT1/cmr/bx/n/10.95 (-20) 2423 
 []


Overfull \hbox (22.6803pt too wide) in paragraph at lines 42--42
\OT1/cmr/bx/n/10.95 (-20) 1.999800 
 []


Overfull \hbox (4.7991pt too wide) in paragraph at lines 42--42
\OT1/cmr/bx/n/10.95 (-20) 0.679 
 []


Overfull \hbox (22.6803pt too wide) in paragraph at lines 42--42
\OT1/cmr/bx/n/10.95 (-20) 1.999980 
 []


Overfull \hbox (3.22504pt too wide) in paragraph at lines 42--42
\OT1/cmr/bx/n/10.95 (-20) 1.131 
 []


Overfull \hbox (1.05637pt too wide) in paragraph at lines 42--42
\OT1/cmr/bx/n/10.95 (-20) 2280 
 []


Overfull \hbox (22.6803pt too wide) in paragraph at lines 42--42
\OT1/cmr/bx/n/10.95 (-20) 1.999810 
 []


Overfull \hbox (4.67317pt too wide) in paragraph at lines 42--42
\OT1/cmr/bx/n/10.95 (-20) 0.704 
 []


Overfull \hbox (0.74155pt too wide) in paragraph at lines 42--42
\OT1/cmr/bx/n/10.95 (-20) 1936 
 []


Overfull \hbox (22.6803pt too wide) in paragraph at lines 42--42
\OT1/cmr/bx/n/10.95 (-20) 1.999990 
 []


Overfull \hbox (3.22504pt too wide) in paragraph at lines 42--42
\OT1/cmr/bx/n/10.95 (-20) 1.081 
 []


Overfull \hbox (0.74155pt too wide) in paragraph at lines 42--42
\OT1/cmr/bx/n/10.95 (-20) 2287 
 []


Overfull \hbox (22.6803pt too wide) in paragraph at lines 42--42
\OT1/cmr/bx/n/10.95 (-20) 1.999815 
 []


Overfull \hbox (4.7991pt too wide) in paragraph at lines 42--42
\OT1/cmr/bx/n/10.95 (-20) 0.653 
 []


Overfull \hbox (0.93044pt too wide) in paragraph at lines 42--42
\OT1/cmr/bx/n/10.95 (-20) 2154 
 []


Overfull \hbox (22.99512pt too wide) in paragraph at lines 42--42
\OT1/cmr/bx/n/10.95 (-20) 2.000000 
 []


Overfull \hbox (4.16948pt too wide) in paragraph at lines 42--42
\OT1/cmr/bx/n/10.95 (-20) 1.106 
 []


Overfull \hbox (0.93044pt too wide) in paragraph at lines 42--42
\OT1/cmr/bx/n/10.95 (-20) 2194 
 []


Overfull \hbox (22.6803pt too wide) in paragraph at lines 42--42
\OT1/cmr/bx/n/10.95 (-20) 1.999820 
 []


Overfull \hbox (4.7991pt too wide) in paragraph at lines 42--42
\OT1/cmr/bx/n/10.95 (-20) 0.679 
 []


Overfull \hbox (1.05637pt too wide) in paragraph at lines 42--42
\OT1/cmr/bx/n/10.95 (-20) 2722 
 []


Overfull \hbox (22.99512pt too wide) in paragraph at lines 42--42
\OT1/cmr/bx/n/10.95 (-20) 2.000010 
 []


Overfull \hbox (4.16948pt too wide) in paragraph at lines 42--42
\OT1/cmr/bx/n/10.95 (-20) 1.106 
 []


Overfull \hbox (1.05637pt too wide) in paragraph at lines 42--42
\OT1/cmr/bx/n/10.95 (-20) 2172 
 []


Overfull \hbox (22.6803pt too wide) in paragraph at lines 42--42
\OT1/cmr/bx/n/10.95 (-20) 1.999825 
 []


Overfull \hbox (4.7991pt too wide) in paragraph at lines 42--42
\OT1/cmr/bx/n/10.95 (-20) 0.553 
 []


Overfull \hbox (22.99512pt too wide) in paragraph at lines 42--42
\OT1/cmr/bx/n/10.95 (-20) 2.000020 
 []


Overfull \hbox (4.16948pt too wide) in paragraph at lines 42--42
\OT1/cmr/bx/n/10.95 (-20) 1.156 
 []


Overfull \hbox (1.05637pt too wide) in paragraph at lines 42--42
\OT1/cmr/bx/n/10.95 (-20) 2083 
 []


Overfull \hbox (22.6803pt too wide) in paragraph at lines 42--42
\OT1/cmr/bx/n/10.95 (-20) 1.999830 
 []


Overfull \hbox (4.7991pt too wide) in paragraph at lines 42--42
\OT1/cmr/bx/n/10.95 (-20) 0.616 
 []


Overfull \hbox (1.05637pt too wide) in paragraph at lines 42--42
\OT1/cmr/bx/n/10.95 (-20) 3953 
 []


Overfull \hbox (22.99512pt too wide) in paragraph at lines 42--42
\OT1/cmr/bx/n/10.95 (-20) 2.000030 
 []


Overfull \hbox (4.16948pt too wide) in paragraph at lines 42--42
\OT1/cmr/bx/n/10.95 (-20) 1.156 
 []


Overfull \hbox (1.05637pt too wide) in paragraph at lines 42--42
\OT1/cmr/bx/n/10.95 (-20) 2040 
 []


Overfull \hbox (22.6803pt too wide) in paragraph at lines 42--42
\OT1/cmr/bx/n/10.95 (-20) 1.999835 
 []


Overfull \hbox (4.7991pt too wide) in paragraph at lines 42--42
\OT1/cmr/bx/n/10.95 (-20) 0.402 
 []


Overfull \hbox (1.37117pt too wide) in paragraph at lines 42--42
\OT1/cmr/bx/n/10.95 (-20) 5079 
 []


Overfull \hbox (22.99512pt too wide) in paragraph at lines 42--42
\OT1/cmr/bx/n/10.95 (-20) 2.000040 
 []


Overfull \hbox (4.16948pt too wide) in paragraph at lines 42--42
\OT1/cmr/bx/n/10.95 (-20) 1.156 
 []


Overfull \hbox (1.05637pt too wide) in paragraph at lines 42--42
\OT1/cmr/bx/n/10.95 (-20) 2019 
 []


Overfull \hbox (22.6803pt too wide) in paragraph at lines 42--42
\OT1/cmr/bx/n/10.95 (-20) 1.999838 
 []


Overfull \hbox (4.7991pt too wide) in paragraph at lines 42--42
\OT1/cmr/bx/n/10.95 (-20) 0.276 
 []


Overfull \hbox (22.99512pt too wide) in paragraph at lines 42--42
\OT1/cmr/bx/n/10.95 (-20) 2.000050 
 []


Overfull \hbox (4.16948pt too wide) in paragraph at lines 42--42
\OT1/cmr/bx/n/10.95 (-20) 1.156 
 []


Overfull \hbox (22.6803pt too wide) in paragraph at lines 42--42
\OT1/cmr/bx/n/10.95 (-20) 1.999840 
 []


Overfull \hbox (3.85466pt too wide) in paragraph at lines 42--42
\OT1/cmr/bx/n/10.95 (-20) 0.251 
 []


Overfull \hbox (1.05637pt too wide) in paragraph at lines 42--42
\OT1/cmr/bx/n/10.95 (-20) 7243 
 []


Overfull \hbox (22.99512pt too wide) in paragraph at lines 42--42
\OT1/cmr/bx/n/10.95 (-20) 2.000070 
 []


Overfull \hbox (4.16948pt too wide) in paragraph at lines 42--42
\OT1/cmr/bx/n/10.95 (-20) 1.005 
 []


Overfull \hbox (1.05637pt too wide) in paragraph at lines 42--42
\OT1/cmr/bx/n/10.95 (-20) 2048 
 []


Overfull \hbox (22.6803pt too wide) in paragraph at lines 42--42
\OT1/cmr/bx/n/10.95 (-20) 1.999843 
 []


Overfull \hbox (4.7991pt too wide) in paragraph at lines 42--42
\OT1/cmr/bx/n/10.95 (-20) 0.176 
 []


Overfull \hbox (1.37117pt too wide) in paragraph at lines 42--42
\OT1/cmr/bx/n/10.95 (-20) 8239 
 []


Overfull \hbox (22.99512pt too wide) in paragraph at lines 42--42
\OT1/cmr/bx/n/10.95 (-20) 2.000090 
 []


Overfull \hbox (4.7991pt too wide) in paragraph at lines 42--42
\OT1/cmr/bx/n/10.95 (-20) 0.955 
 []


Overfull \hbox (1.05637pt too wide) in paragraph at lines 42--42
\OT1/cmr/bx/n/10.95 (-20) 2012 
 []


Overfull \hbox (22.6803pt too wide) in paragraph at lines 42--42
\OT1/cmr/bx/n/10.95 (-20) 1.999845 
 []


Overfull \hbox (4.7991pt too wide) in paragraph at lines 42--42
\OT1/cmr/bx/n/10.95 (-20) 0.126 
 []


Overfull \hbox (1.37117pt too wide) in paragraph at lines 42--42
\OT1/cmr/bx/n/10.95 (-20) 9199 
 []


Overfull \hbox (22.99512pt too wide) in paragraph at lines 42--42
\OT1/cmr/bx/n/10.95 (-20) 2.000110 
 []


Overfull \hbox (4.16948pt too wide) in paragraph at lines 42--42
\OT1/cmr/bx/n/10.95 (-20) 1.005 
 []


Overfull \hbox (0.74155pt too wide) in paragraph at lines 42--42
\OT1/cmr/bx/n/10.95 (-20) 1950 
 []


Overfull \hbox (22.6803pt too wide) in paragraph at lines 42--42
\OT1/cmr/bx/n/10.95 (-20) 1.999848 
 []


Overfull \hbox (4.7991pt too wide) in paragraph at lines 42--42
\OT1/cmr/bx/n/10.95 (-20) 0.075 
 []


Overfull \hbox (7.22662pt too wide) in paragraph at lines 42--42
\OT1/cmr/bx/n/10.95 (-20) 10610|  
 []

[3]
Overfull \vbox (3254.89487pt too high) has occurred while \output is active []


[4]
! LaTeX Error: Invalid UTF-8 byte sequence (Â$).

See the LaTeX manual or LaTeX Companion for explanation.
Type  H <return>  for immediate help.
 ...                                              
                                                  
l.43 ... dependence.\\ \[f_0=1.999000~MHz\]}{2.50}
                                                  
The document does not appear to be in UTF-8 encoding.
Try adding \UseRawInputEncoding as the first line of the file
or specify an encoding such as \usepackage [latin1]{inputenc}
in the document preamble.
Alternatively, save the file in UTF-8 using your editor or another tool

 
Here is how much of TeX's memory you used:
 13929 strings out of 467871
 222862 string characters out of 5418376
 704425 words of memory out of 5000000
 42605 multiletter control sequences out of 15000+600000
 636947 words of font info for 96 fonts, out of 8000000 for 9000
 1141 hyphenation exceptions out of 8191
 75i,18n,79p,2802b,457s stack positions out of 10000i,1000n,20000p,200000b,200000s
!  ==> Fatal error occurred, no output PDF file produced!
