This is pdfTeX, Version 3.141592653-2.6-1.40.28 (MiKTeX 25.12) (preloaded format=pdflatex 2026.4.24)  25 APR 2026 22:03
entering extended mode
 restricted \write18 enabled.
 %&-line parsing enabled.
**./T6_S_EN_2.tex
(T6_S_EN_2.tex
LaTeX2e <2025-11-01>
L3 programming layer <2025-12-24>
(C:\Users\aadib\AppData\Local\Programs\MiKTeX\tex/latex/base\article.cls
Document Class: article 2025/01/22 v1.4n Standard LaTeX document class
(C:\Users\aadib\AppData\Local\Programs\MiKTeX\tex/latex/base\size11.clo
File: size11.clo 2025/01/22 v1.4n Standard LaTeX file (size option)
)
\c@part=\count275
\c@section=\count276
\c@subsection=\count277
\c@subsubsection=\count278
\c@paragraph=\count279
\c@subparagraph=\count280
\c@figure=\count281
\c@table=\count282
\abovecaptionskip=\skip49
\belowcaptionskip=\skip50
\bibindent=\dimen148
)
(C:\Users\aadib\AppData\Local\Programs\MiKTeX\tex/latex/geometry\geometry.sty
Package: geometry 2026/03/07 v6.0 Page Geometry

(C:\Users\aadib\AppData\Local\Programs\MiKTeX\tex/latex/graphics\keyval.sty
Package: keyval 2022/05/29 v1.15 key=value parser (DPC)
\KV@toks@=\toks17
)
(C:\Users\aadib\AppData\Local\Programs\MiKTeX\tex/generic/iftex\ifvtex.sty
Package: ifvtex 2019/10/25 v1.7 ifvtex legacy package. Use iftex instead.

(C:\Users\aadib\AppData\Local\Programs\MiKTeX\tex/generic/iftex\iftex.sty
Package: iftex 2024/12/12 v1.0g TeX engine tests
))
\Gm@cnth=\count283
\Gm@cntv=\count284
\c@Gm@tempcnt=\count285
\Gm@bindingoffset=\dimen149
\Gm@wd@mp=\dimen150
\Gm@odd@mp=\dimen151
\Gm@even@mp=\dimen152
\Gm@layoutwidth=\dimen153
\Gm@layoutheight=\dimen154
\Gm@layouthoffset=\dimen155
\Gm@layoutvoffset=\dimen156
\Gm@dimlist=\toks18

(C:\Users\aadib\AppData\Local\Programs\MiKTeX\tex/latex/geometry\geometry.cfg))
(C:\Users\aadib\AppData\Local\Programs\MiKTeX\tex/latex/amsmath\amsmath.sty
Package: amsmath 2025/07/09 v2.17z AMS math features
\@mathmargin=\skip51

For additional information on amsmath, use the `?' option.
(C:\Users\aadib\AppData\Local\Programs\MiKTeX\tex/latex/amsmath\amstext.sty
Package: amstext 2024/11/17 v2.01 AMS text

(C:\Users\aadib\AppData\Local\Programs\MiKTeX\tex/latex/amsmath\amsgen.sty
File: amsgen.sty 1999/11/30 v2.0 generic functions
\@emptytoks=\toks19
\ex@=\dimen157
))
(C:\Users\aadib\AppData\Local\Programs\MiKTeX\tex/latex/amsmath\amsbsy.sty
Package: amsbsy 1999/11/29 v1.2d Bold Symbols
\pmbraise@=\dimen158
)
(C:\Users\aadib\AppData\Local\Programs\MiKTeX\tex/latex/amsmath\amsopn.sty
Package: amsopn 2022/04/08 v2.04 operator names
)
\inf@bad=\count286
LaTeX Info: Redefining \frac on input line 233.
\uproot@=\count287
\leftroot@=\count288
LaTeX Info: Redefining \overline on input line 398.
LaTeX Info: Redefining \colon on input line 409.
\classnum@=\count289
\DOTSCASE@=\count290
LaTeX Info: Redefining \ldots on input line 495.
LaTeX Info: Redefining \dots on input line 498.
LaTeX Info: Redefining \cdots on input line 619.
\Mathstrutbox@=\box53
\strutbox@=\box54
LaTeX Info: Redefining \big on input line 721.
LaTeX Info: Redefining \Big on input line 722.
LaTeX Info: Redefining \bigg on input line 723.
LaTeX Info: Redefining \Bigg on input line 724.
\big@size=\dimen159
LaTeX Font Info:    Redeclaring font encoding OML on input line 742.
LaTeX Font Info:    Redeclaring font encoding OMS on input line 743.
\macc@depth=\count291
LaTeX Info: Redefining \bmod on input line 904.
LaTeX Info: Redefining \pmod on input line 909.
LaTeX Info: Redefining \smash on input line 939.
LaTeX Info: Redefining \relbar on input line 969.
LaTeX Info: Redefining \Relbar on input line 970.
\c@MaxMatrixCols=\count292
\dotsspace@=\muskip17
\c@parentequation=\count293
\dspbrk@lvl=\count294
\tag@help=\toks20
\row@=\count295
\column@=\count296
\maxfields@=\count297
\andhelp@=\toks21
\eqnshift@=\dimen160
\alignsep@=\dimen161
\tagshift@=\dimen162
\tagwidth@=\dimen163
\totwidth@=\dimen164
\lineht@=\dimen165
\@envbody=\toks22
\multlinegap=\skip52
\multlinetaggap=\skip53
\mathdisplay@stack=\toks23
LaTeX Info: Redefining \[ on input line 2950.
LaTeX Info: Redefining \] on input line 2951.
)
(C:\Users\aadib\AppData\Local\Programs\MiKTeX\tex/latex/amsfonts\amssymb.sty
Package: amssymb 2013/01/14 v3.01 AMS font symbols

(C:\Users\aadib\AppData\Local\Programs\MiKTeX\tex/latex/amsfonts\amsfonts.sty
Package: amsfonts 2013/01/14 v3.01 Basic AMSFonts support
\symAMSa=\mathgroup4
\symAMSb=\mathgroup5
LaTeX Font Info:    Redeclaring math symbol \hbar on input line 98.
LaTeX Font Info:    Overwriting math alphabet `\mathfrak' in version `bold'
(Font)                  U/euf/m/n --> U/euf/b/n on input line 106.
)) (C:\Users\aadib\AppData\Local\Programs\MiKTeX\tex/latex/graphics\graphicx.st
y
Package: graphicx 2024/12/31 v1.2e Enhanced LaTeX Graphics (DPC,SPQR)

(C:\Users\aadib\AppData\Local\Programs\MiKTeX\tex/latex/graphics\graphics.sty
Package: graphics 2024/08/06 v1.4g Standard LaTeX Graphics (DPC,SPQR)

(C:\Users\aadib\AppData\Local\Programs\MiKTeX\tex/latex/graphics\trig.sty
Package: trig 2023/12/02 v1.11 sin cos tan (DPC)
)
(C:\Users\aadib\AppData\Local\Programs\MiKTeX\tex/latex/graphics-cfg\graphics.c
fg
File: graphics.cfg 2016/06/04 v1.11 sample graphics configuration
)
Package graphics Info: Driver file: pdftex.def on input line 106.

(C:\Users\aadib\AppData\Local\Programs\MiKTeX\tex/latex/graphics-def\pdftex.def
File: pdftex.def 2025/09/29 v1.2d Graphics/color driver for pdftex
))
\Gin@req@height=\dimen166
\Gin@req@width=\dimen167
) (C:\Users\aadib\AppData\Local\Programs\MiKTeX\tex/latex/float\float.sty
Package: float 2001/11/08 v1.3d Float enhancements (AL)
\c@float@type=\count298
\float@exts=\toks24
\float@box=\box55
\@float@everytoks=\toks25
\@floatcapt=\box56
)
(C:\Users\aadib\AppData\Local\Programs\MiKTeX\tex/latex/enumitem\enumitem.sty
Package: enumitem 2025/02/06 v3.11 Customized lists
\labelindent=\skip54
\enit@outerparindent=\dimen168
\enit@toks=\toks26
\enit@inbox=\box57
\enit@count@id=\count299
\enitdp@description=\count300
)
(C:\Users\aadib\AppData\Local\Programs\MiKTeX\tex/latex/microtype\microtype.sty
Package: microtype 2026/03/01 v3.2d Micro-typographical refinements (RS)
(C:\Users\aadib\AppData\Local\Programs\MiKTeX\tex/latex/etoolbox\etoolbox.sty
Package: etoolbox 2025/10/02 v2.5m e-TeX tools for LaTeX (JAW)
\etb@tempcnta=\count301
)
\MT@toks=\toks27
\MT@tempbox=\box58
\MT@count=\count302
LaTeX Info: Redefining \noprotrusionifhmode on input line 1084.
LaTeX Info: Redefining \leftprotrusion on input line 1085.
\MT@prot@toks=\toks28
LaTeX Info: Redefining \rightprotrusion on input line 1104.
LaTeX Info: Redefining \textls on input line 1449.
\MT@outer@kern=\dimen169
LaTeX Info: Redefining \microtypecontext on input line 2053.
LaTeX Info: Redefining \textmicrotypecontext on input line 2070.
\MT@listname@count=\count303

(C:\Users\aadib\AppData\Local\Programs\MiKTeX\tex/latex/microtype\microtype-pdf
tex.def
File: microtype-pdftex.def 2026/03/01 v3.2d Definitions specific to pdftex (RS)

LaTeX Info: Redefining \lsstyle on input line 944.
LaTeX Info: Redefining \lslig on input line 944.
\MT@outer@space=\skip55
)
Package microtype Info: Loading configuration file microtype.cfg.

(C:\Users\aadib\AppData\Local\Programs\MiKTeX\tex/latex/microtype\microtype.cfg
File: microtype.cfg 2026/03/01 v3.2d microtype main configuration file (RS)
)
LaTeX Info: Redefining \microtypesetup on input line 3065.
) (C:\Users\aadib\AppData\Local\Programs\MiKTeX\tex/latex/caption\caption.sty
Package: caption 2023/08/05 v3.6o Customizing captions (AR)

(C:\Users\aadib\AppData\Local\Programs\MiKTeX\tex/latex/caption\caption3.sty
Package: caption3 2023/07/31 v2.4d caption3 kernel (AR)
\caption@tempdima=\dimen170
\captionmargin=\dimen171
\caption@leftmargin=\dimen172
\caption@rightmargin=\dimen173
\caption@width=\dimen174
\caption@indent=\dimen175
\caption@parindent=\dimen176
\caption@hangindent=\dimen177
Package caption Info: Standard document class detected.
)
\c@caption@flags=\count304
\c@continuedfloat=\count305
Package caption Info: float package is loaded.
)
(C:\Users\aadib\AppData\Local\Programs\MiKTeX\tex/latex/tools\tabularx.sty
Package: tabularx 2023/12/11 v2.12a `tabularx' package (DPC)

(C:\Users\aadib\AppData\Local\Programs\MiKTeX\tex/latex/tools\array.sty
Package: array 2025/09/25 v2.6n Tabular extension package (FMi)
\col@sep=\dimen178
\ar@mcellbox=\box59
\extrarowheight=\dimen179
\NC@list=\toks29
\extratabsurround=\skip56
\backup@length=\skip57
\ar@cellbox=\box60
)
\TX@col@width=\dimen180
\TX@old@table=\dimen181
\TX@old@col=\dimen182
\TX@target=\dimen183
\TX@delta=\dimen184
\TX@cols=\count306
\TX@ftn=\toks30
)
(C:\Users\aadib\AppData\Local\Programs\MiKTeX\tex/latex/hyperref\hyperref.sty
Package: hyperref 2025-07-12 v7.01o Hypertext links for LaTeX

(C:\Users\aadib\AppData\Local\Programs\MiKTeX\tex/latex/kvsetkeys\kvsetkeys.sty
Package: kvsetkeys 2022-10-05 v1.19 Key value parser (HO)
)
(C:\Users\aadib\AppData\Local\Programs\MiKTeX\tex/generic/kvdefinekeys\kvdefine
keys.sty
Package: kvdefinekeys 2019-12-19 v1.6 Define keys (HO)
)
(C:\Users\aadib\AppData\Local\Programs\MiKTeX\tex/generic/pdfescape\pdfescape.s
ty
Package: pdfescape 2019/12/09 v1.15 Implements pdfTeX's escape features (HO)

(C:\Users\aadib\AppData\Local\Programs\MiKTeX\tex/generic/ltxcmds\ltxcmds.sty
Package: ltxcmds 2023-12-04 v1.26 LaTeX kernel commands for general use (HO)
)
(C:\Users\aadib\AppData\Local\Programs\MiKTeX\tex/generic/pdftexcmds\pdftexcmds
.sty
Package: pdftexcmds 2020-06-27 v0.33 Utility functions of pdfTeX for LuaTeX (HO
)

(C:\Users\aadib\AppData\Local\Programs\MiKTeX\tex/generic/infwarerr\infwarerr.s
ty
Package: infwarerr 2019/12/03 v1.5 Providing info/warning/error messages (HO)
)
Package pdftexcmds Info: \pdf@primitive is available.
Package pdftexcmds Info: \pdf@ifprimitive is available.
Package pdftexcmds Info: \pdfdraftmode found.
))
(C:\Users\aadib\AppData\Local\Programs\MiKTeX\tex/latex/hycolor\hycolor.sty
Package: hycolor 2020-01-27 v1.10 Color options for hyperref/bookmark (HO)
)
(C:\Users\aadib\AppData\Local\Programs\MiKTeX\tex/latex/hyperref\nameref.sty
Package: nameref 2025-06-21 v2.57 Cross-referencing by name of section

(C:\Users\aadib\AppData\Local\Programs\MiKTeX\tex/latex/refcount\refcount.sty
Package: refcount 2019/12/15 v3.6 Data extraction from label references (HO)
)
(C:\Users\aadib\AppData\Local\Programs\MiKTeX\tex/generic/gettitlestring\gettit
lestring.sty
Package: gettitlestring 2019/12/15 v1.6 Cleanup title references (HO)

(C:\Users\aadib\AppData\Local\Programs\MiKTeX\tex/latex/kvoptions\kvoptions.sty
Package: kvoptions 2022-06-15 v3.15 Key value format for package options (HO)
))
\c@section@level=\count307
)
(C:\Users\aadib\AppData\Local\Programs\MiKTeX\tex/generic/stringenc\stringenc.s
ty
Package: stringenc 2019/11/29 v1.12 Convert strings between diff. encodings (HO
)
)
\@linkdim=\dimen185
\Hy@linkcounter=\count308
\Hy@pagecounter=\count309
 (C:\Users\aadib\AppData\Local\Programs\MiKTeX\tex/latex/hyperref\pd1enc.def
File: pd1enc.def 2025-07-12 v7.01o Hyperref: PDFDocEncoding definition (HO)
Now handling font encoding PD1 ...
... no UTF-8 mapping file for font encoding PD1
) (C:\Users\aadib\AppData\Local\Programs\MiKTeX\tex/generic/intcalc\intcalc.sty
Package: intcalc 2019/12/15 v1.3 Expandable calculations with integers (HO)
)
\Hy@SavedSpaceFactor=\count310
 (C:\Users\aadib\AppData\Local\Programs\MiKTeX\tex/latex/hyperref\puenc.def
File: puenc.def 2025-07-12 v7.01o Hyperref: PDF Unicode definition (HO)
Now handling font encoding PU ...
... no UTF-8 mapping file for font encoding PU
)
Package hyperref Info: Hyper figures OFF on input line 4195.
Package hyperref Info: Link nesting OFF on input line 4200.
Package hyperref Info: Hyper index ON on input line 4203.
Package hyperref Info: Plain pages OFF on input line 4210.
Package hyperref Info: Backreferencing OFF on input line 4215.
Package hyperref Info: Implicit mode ON; LaTeX internals redefined.
Package hyperref Info: Bookmarks ON on input line 4462.
\c@Hy@tempcnt=\count311

(C:\Users\aadib\AppData\Local\Programs\MiKTeX\tex/latex/url\url.sty
\Urlmuskip=\muskip18
Package: url 2013/09/16  ver 3.4  Verb mode for urls, etc.
)
LaTeX Info: Redefining \url on input line 4801.
\XeTeXLinkMargin=\dimen186

(C:\Users\aadib\AppData\Local\Programs\MiKTeX\tex/generic/bitset\bitset.sty
Package: bitset 2019/12/09 v1.3 Handle bit-vector datatype (HO)

(C:\Users\aadib\AppData\Local\Programs\MiKTeX\tex/generic/bigintcalc\bigintcalc
.sty
Package: bigintcalc 2019/12/15 v1.5 Expandable calculations on big integers (HO
)
))
\Fld@menulength=\count312
\Field@Width=\dimen187
\Fld@charsize=\dimen188
Package hyperref Info: Hyper figures OFF on input line 6078.
Package hyperref Info: Link nesting OFF on input line 6083.
Package hyperref Info: Hyper index ON on input line 6086.
Package hyperref Info: backreferencing OFF on input line 6093.
Package hyperref Info: Link coloring OFF on input line 6098.
Package hyperref Info: Link coloring with OCG OFF on input line 6103.
Package hyperref Info: PDF/A mode OFF on input line 6108.
\Hy@abspage=\count313
\c@Item=\count314
\c@Hfootnote=\count315
)
Package hyperref Info: Driver (autodetected): hpdftex.

(C:\Users\aadib\AppData\Local\Programs\MiKTeX\tex/latex/hyperref\hpdftex.def
File: hpdftex.def 2025-07-12 v7.01o Hyperref driver for pdfTeX
\Fld@listcount=\count316
\c@bookmark@seq@number=\count317

(C:\Users\aadib\AppData\Local\Programs\MiKTeX\tex/latex/rerunfilecheck\rerunfil
echeck.sty
Package: rerunfilecheck 2025-06-21 v1.11 Rerun checks for auxiliary files (HO)

(C:\Users\aadib\AppData\Local\Programs\MiKTeX\tex/generic/uniquecounter\uniquec
ounter.sty
Package: uniquecounter 2019/12/15 v1.4 Provide unlimited unique counter (HO)
)
Package uniquecounter Info: New unique counter `rerunfilecheck' on input line 2
84.
)
\Hy@SectionHShift=\skip58
)
(C:\Users\aadib\AppData\Local\Programs\MiKTeX\tex/latex/l3backend\l3backend-pdf
tex.def
File: l3backend-pdftex.def 2025-10-09 L3 backend support: PDF output (pdfTeX)
\l__color_backend_stack_int=\count318
) (T6_S_EN_2.aux)
\openout1 = `T6_S_EN_2.aux'.

LaTeX Font Info:    Checking defaults for OML/cmm/m/it on input line 37.
LaTeX Font Info:    ... okay on input line 37.
LaTeX Font Info:    Checking defaults for OMS/cmsy/m/n on input line 37.
LaTeX Font Info:    ... okay on input line 37.
LaTeX Font Info:    Checking defaults for OT1/cmr/m/n on input line 37.
LaTeX Font Info:    ... okay on input line 37.
LaTeX Font Info:    Checking defaults for T1/cmr/m/n on input line 37.
LaTeX Font Info:    ... okay on input line 37.
LaTeX Font Info:    Checking defaults for TS1/cmr/m/n on input line 37.
LaTeX Font Info:    ... okay on input line 37.
LaTeX Font Info:    Checking defaults for OMX/cmex/m/n on input line 37.
LaTeX Font Info:    ... okay on input line 37.
LaTeX Font Info:    Checking defaults for U/cmr/m/n on input line 37.
LaTeX Font Info:    ... okay on input line 37.
LaTeX Font Info:    Checking defaults for PD1/pdf/m/n on input line 37.
LaTeX Font Info:    ... okay on input line 37.
LaTeX Font Info:    Checking defaults for PU/pdf/m/n on input line 37.
LaTeX Font Info:    ... okay on input line 37.

*geometry* driver: auto-detecting
*geometry* detected driver: pdftex
*geometry* verbose mode - [ preamble ] result:
* driver: pdftex
* paper: a4paper
* layout: <same size as paper>
* layoutoffset:(h,v)=(0.0pt,0.0pt)
* modes: 
* h-part:(L,W,R)=(72.26999pt, 452.9679pt, 72.26999pt)
* v-part:(T,H,B)=(72.26999pt, 700.50687pt, 72.26999pt)
* \paperwidth=597.50787pt
* \paperheight=845.04684pt
* \textwidth=452.9679pt
* \textheight=700.50687pt
* \oddsidemargin=0.0pt
* \evensidemargin=0.0pt
* \topmargin=-37.0pt
* \headheight=12.0pt
* \headsep=25.0pt
* \topskip=11.0pt
* \footskip=30.0pt
* \marginparwidth=50.0pt
* \marginparsep=10.0pt
* \columnsep=10.0pt
* \skip\footins=10.0pt plus 4.0pt minus 2.0pt
* \hoffset=0.0pt
* \voffset=0.0pt
* \mag=1000
* \@twocolumnfalse
* \@twosidefalse
* \@mparswitchfalse
* \@reversemarginfalse
* (1in=72.27pt=25.4mm, 1cm=28.453pt)


(C:\Users\aadib\AppData\Local\Programs\MiKTeX\tex/context/base/mkii\supp-pdf.mk
ii
[Loading MPS to PDF converter (version 2006.09.02).]
\scratchcounter=\count319
\scratchdimen=\dimen189
\scratchbox=\box61
\nofMPsegments=\count320
\nofMParguments=\count321
\everyMPshowfont=\toks31
\MPscratchCnt=\count322
\MPscratchDim=\dimen190
\MPnumerator=\count323
\makeMPintoPDFobject=\count324
\everyMPtoPDFconversion=\toks32
)
(C:\Users\aadib\AppData\Local\Programs\MiKTeX\tex/latex/epstopdf-pkg\epstopdf-b
ase.sty
Package: epstopdf-base 2020-01-24 v2.11 Base part for package epstopdf
Package epstopdf-base Info: Redefining graphics rule for `.eps' on input line 4
85.

(C:\Users\aadib\AppData\Local\Programs\MiKTeX\tex/latex/00miktex\epstopdf-sys.c
fg
File: epstopdf-sys.cfg 2021/03/18 v2.0 Configuration of epstopdf for MiKTeX
))
LaTeX Info: Redefining \microtypecontext on input line 37.
Package microtype Info: Applying patch `item' on input line 37.
Package microtype Info: Applying patch `toc' on input line 37.
Package microtype Info: Applying patch `eqnum' on input line 37.
Package microtype Info: Applying patch `footnote' on input line 37.
Package microtype Info: Applying patch `verbatim' on input line 37.
LaTeX Info: Redefining \microtypesetup on input line 37.
Package microtype Info: Generating PDF output.
Package microtype Info: Character protrusion enabled (level 2).
Package microtype Info: Using default protrusion set `alltext'.
Package microtype Info: Automatic font expansion enabled (level 2),
(microtype)             stretch: 20, shrink: 20, step: 1, non-selected.
Package microtype Info: Using default expansion set `alltext-nott'.
Package microtype Info: Patching command `\showhyphens'.
Package microtype Info: No adjustment of tracking.
Package microtype Info: No adjustment of interword spacing.
Package microtype Info: No adjustment of character kerning.

(C:\Users\aadib\AppData\Local\Programs\MiKTeX\tex/latex/microtype\mt-cmr.cfg
File: mt-cmr.cfg 2013/05/19 v2.2 microtype config. file: Computer Modern Roman 
(RS)
)
Package caption Info: Begin \AtBeginDocument code.
Package caption Info: hyperref package is loaded.
Package caption Info: End \AtBeginDocument code.
Package hyperref Info: Link coloring OFF on input line 37.

(T6_S_EN_2.out) (T6_S_EN_2.out)
\@outlinefile=\write3
\openout3 = `T6_S_EN_2.out'.

LaTeX Font Info:    Trying to load font information for U+msa on input line 39.


(C:\Users\aadib\AppData\Local\Programs\MiKTeX\tex/latex/amsfonts\umsa.fd
File: umsa.fd 2013/01/14 v3.01 AMS symbols A
)
(C:\Users\aadib\AppData\Local\Programs\MiKTeX\tex/latex/microtype\mt-msa.cfg
File: mt-msa.cfg 2006/02/04 v1.1 microtype config. file: AMS symbols (a) (RS)
)
LaTeX Font Info:    Trying to load font information for U+msb on input line 39.


(C:\Users\aadib\AppData\Local\Programs\MiKTeX\tex/latex/amsfonts\umsb.fd
File: umsb.fd 2013/01/14 v3.01 AMS symbols B
)
(C:\Users\aadib\AppData\Local\Programs\MiKTeX\tex/latex/microtype\mt-msb.cfg
File: mt-msb.cfg 2005/06/01 v1.0 microtype config. file: AMS symbols (b) (RS)
)
Overfull \hbox (7.5135pt too wide) in paragraph at lines 39--39
\OT1/cmr/bx/n/10.95 (-20) dence 
 []


Overfull \hbox (1.46843pt too wide) in paragraph at lines 39--39
\OT1/cmr/bx/n/10.95 (-20) mag- 
 []


Overfull \hbox (3.22858pt too wide) in paragraph at lines 39--39
\OT1/cmr/bx/n/10.95 (-20) netic 
 []


Overfull \hbox (9.74863pt too wide) in paragraph at lines 39--39
\OT1/cmr/bx/n/10.95 (-20) dipole 
 []


Overfull \hbox (10.83862pt too wide) in paragraph at lines 39--39
[]\OT1/cmr/m/n/10.95 (-20) ([]) = 
 []


Overfull \hbox (32.79758pt too wide) in paragraph at lines 39--39
[]\OT1/cmr/m/n/10.95 (-20) ([] \OMS/cmsy/m/n/10.95 ^^@ 
 []


Overfull \hbox (9.33904pt too wide) in paragraph at lines 39--39
[]\OT1/cmr/m/n/10.95 (-20) )\OML/cmm/m/it/10.95 ; [] \OMS/cmsy/m/n/10.95 ^^A 
 []


Overfull \hbox (63.44421pt too wide) in paragraph at lines 39--39
\OML/cmm/m/it/10.95 mr [] ^^R \OMS/cmsy/m/n/10.95 )$$[]\OT1/cmr/m/n/10.95 (-20)
 ([]) = 
 []


Overfull \hbox (44.11658pt too wide) in paragraph at lines 39--39
[]\OT1/cmr/m/n/10.95 (-20) (3 [] \OML/cmm/m/it/10.95 ^^R[] \OMS/cmsy/m/n/10.95 
^^@ 
 []


Overfull \hbox (1.46843pt too wide) in paragraph at lines 39--39
\OT1/cmr/bx/n/10.95 (-20) mag- 
 []


Overfull \hbox (1.17181pt too wide) in paragraph at lines 39--39
\OT1/cmr/bx/n/10.95 (-20) tude 
 []


Overfull \hbox (7.51349pt too wide) in paragraph at lines 39--39
\OT1/cmr/bx/n/10.95 (-20) found 
 []


Overfull \hbox (3.82184pt too wide) in paragraph at lines 39--39
\OT1/cmr/bx/n/10.95 (-20) ways, 
 []


Overfull \hbox (3.90996pt too wide) in paragraph at lines 39--39
\OT1/cmr/bx/n/10.95 (-20) nient 
 []


Overfull \hbox (1.8574pt too wide) in paragraph at lines 39--39
\OT1/cmr/bx/n/10.95 (-20) duce 
 []


Overfull \hbox (7.68488pt too wide) in paragraph at lines 39--39
\OT1/cmr/bx/n/10.95 (-20) tional 
 []


Overfull \hbox (11.10194pt too wide) in paragraph at lines 39--39
\OMS/cmsy/m/n/10.95 ^^@ [] \OML/cmm/m/it/10.95 ^^R \OMS/cmsy/m/n/10.95 ^^A 
 []


Overfull \hbox (1.97694pt too wide) in paragraph at lines 39--39
[] \OML/cmm/m/it/10.95 ^^R \OMS/cmsy/m/n/10.95 ^^A 
 []


Overfull \hbox (4.76207pt too wide) in paragraph at lines 39--39
[]\OML/cmm/m/it/10.95 ; [] \OT1/cmr/m/n/10.95 (-20) = 
 []


Overfull \hbox (1.97694pt too wide) in paragraph at lines 39--39
[] \OML/cmm/m/it/10.95 ^^R \OMS/cmsy/m/n/10.95 ^^A 
 []


Overfull \hbox (0.76028pt too wide) in paragraph at lines 39--39
[] \OML/cmm/m/it/10.95 ^^R \OMS/cmsy/m/n/10.95 ^^A 
 []


Overfull \hbox (1.09349pt too wide) in paragraph at lines 39--39
\OT1/cmr/bx/n/10.95 (-20) wise: 
 []


Overfull \hbox (1.97694pt too wide) in paragraph at lines 39--39
[] \OML/cmm/m/it/10.95 ^^R \OMS/cmsy/m/n/10.95 ^^A 
 []


Overfull \hbox (0.76028pt too wide) in paragraph at lines 39--39
[] \OML/cmm/m/it/10.95 ^^R \OMS/cmsy/m/n/10.95 ^^A 
 []


Overfull \hbox (4.9623pt too wide) in paragraph at lines 39--39
[]\OML/cmm/m/it/10.95 ; [] \OT1/cmr/m/n/10.95 (-20) = 
 []


Overfull \hbox (0.76028pt too wide) in paragraph at lines 39--39
[] \OML/cmm/m/it/10.95 ^^R \OMS/cmsy/m/n/10.95 ^^A 
 []


Overfull \hbox (1.97694pt too wide) in paragraph at lines 39--39
[] \OML/cmm/m/it/10.95 ^^R \OMS/cmsy/m/n/10.95 ^^A 
 []


Overfull \hbox (22.6851pt too wide) in paragraph at lines 39--39
[]|$\OT1/cmr/m/n/10.95 (-20) 3 [] \OML/cmm/m/it/10.95 ^^R [] \OMS/cmsy/m/n/10.9
5 ^^@ 
 []


Overfull \hbox (22.41135pt too wide) in paragraph at lines 39--39
\OT1/cmr/m/n/10.95 (-20) 3 [] \OML/cmm/m/it/10.95 ^^R [] \OMS/cmsy/m/n/10.95 ^^
@ 
 []


Overfull \hbox (4.86897pt too wide) in paragraph at lines 39--39
\OT1/cmr/m/n/10.95 (-20) ([] \OML/cmm/m/it/10.95 ^^R \OMS/cmsy/m/n/10.95 ^^A 
 []


Overfull \hbox (0.76028pt too wide) in paragraph at lines 39--39
[] \OML/cmm/m/it/10.95 ^^R \OMS/cmsy/m/n/10.95 ^^A 
 []


Overfull \hbox (34.44803pt too wide) in paragraph at lines 39--39
[]\OT1/cmr/m/n/10.95 (-20) ) \OMS/cmsy/m/n/10.95 )$$[]\OT1/cmr/m/n/10.95 (-20) 
([]) = 
 []


Overfull \hbox (50.16832pt too wide) in paragraph at lines 39--39
[]\OT1/cmr/m/n/10.95 (-20) ((2 [] \OML/cmm/m/it/10.95 ^^R\OT1/cmr/m/n/10.95 (-2
0) )[] + 
 []


Overfull \hbox (28.39323pt too wide) in paragraph at lines 39--39
\OT1/cmr/m/n/10.95 (-20) ([] \OML/cmm/m/it/10.95 ^^R\OT1/cmr/m/n/10.95 (-20) )[
]) \OMS/cmsy/m/n/10.95 ) 
 []


Overfull \hbox (102.13072pt too wide) in paragraph at lines 39--39
[][]$|  
 []

[1

{C:/Users/aadib/AppData/Local/MiKTeX/fonts/map/pdftex/pdftex.map}]
Overfull \vbox (526.29407pt too high) has occurred while \output is active []


[2]
Overfull \hbox (0.90938pt too wide) in paragraph at lines 40--40
\OT1/cmr/bx/n/10.95 (-20) swer 
 []


Overfull \hbox (6.79149pt too wide) in paragraph at lines 40--40
\OT1/cmr/bx/n/10.95 (-20) point, 
 []


Overfull \hbox (1.46843pt too wide) in paragraph at lines 40--40
\OT1/cmr/bx/n/10.95 (-20) mag- 
 []


Overfull \hbox (14.07483pt too wide) in paragraph at lines 40--40
\OT1/cmr/bx/n/10.95 (-20) finitely 
 []


Overfull \hbox (3.40894pt too wide) in paragraph at lines 40--40
\OT1/cmr/bx/n/10.95 (-20) rings 
 []


Overfull \hbox (8.13948pt too wide) in paragraph at lines 40--40
\OT1/cmr/bx/n/10.95 (-20) grate:|  
 []


Overfull \hbox (1.4774pt too wide) in paragraph at lines 40--40
\OT1/cmr/bx/n/10.95 (-20) pres- 
 []


Overfull \hbox (11.35571pt too wide) in paragraph at lines 40--40
[]\OT1/cmr/m/n/10.95 (-20) (\OML/cmm/m/it/10.95 y\OT1/cmr/m/n/10.95 (-20) ) = 
 []


Overfull \hbox (14.38138pt too wide) in paragraph at lines 40--40
[][] \OT1/cmr/m/n/10.95 (-20) 2\OML/cmm/m/it/10.95 ^^Yx \OMS/cmsy/m/n/10.95 ^^A
 
 []


Overfull \hbox (19.84204pt too wide) in paragraph at lines 40--40
[] \OMS/cmsy/m/n/10.95 ^^A 
 []


Overfull \hbox (12.05945pt too wide) in paragraph at lines 40--40
\OT1/cmr/m/n/10.95 (-20) (2 [] \OML/cmm/m/it/10.95 ^^R \OMS/cmsy/m/n/10.95 ^^A 

 []


Overfull \hbox (1.97694pt too wide) in paragraph at lines 40--40
[] \OML/cmm/m/it/10.95 ^^R \OMS/cmsy/m/n/10.95 ^^A 
 []


Overfull \hbox (0.76028pt too wide) in paragraph at lines 40--40
[] \OML/cmm/m/it/10.95 ^^R \OMS/cmsy/m/n/10.95 ^^A 
 []


Overfull \hbox (0.76028pt too wide) in paragraph at lines 40--40
[] \OML/cmm/m/it/10.95 ^^R \OMS/cmsy/m/n/10.95 ^^A 
 []


Overfull \hbox (1.24026pt too wide) in paragraph at lines 40--40
\OT1/cmr/m/n/10.95 (-20) (\OMS/cmsy/m/n/10.95 ^^@[]\OT1/cmr/m/n/10.95 (-20) ))$
 
 []


Overfull \hbox (12.61902pt too wide) in paragraph at lines 40--40
\OT1/cmr/bx/n/10.95 (-20) nience, 
 []


Overfull \hbox (0.65764pt too wide) in paragraph at lines 40--40
\OT1/cmr/bx/n/10.95 (-20) ceed 
 []


Overfull \hbox (39.61806pt too wide) in paragraph at lines 40--40
[] \OML/cmm/m/it/10.95 ^^R[]; x \OT1/cmr/m/n/10.95 (-20) = 
 []


Overfull \hbox (28.30328pt too wide) in paragraph at lines 40--40
[] \OML/cmm/m/it/10.95 ^^R; dx \OT1/cmr/m/n/10.95 (-20) = 
 []


Overfull \hbox (36.22377pt too wide) in paragraph at lines 40--40
[]\OML/cmm/m/it/10.95 ; [] \OT1/cmr/m/n/10.95 (-20) = 
 []


Overfull \hbox (22.85797pt too wide) in paragraph at lines 40--40
[]$ 
 []


Overfull \hbox (4.51671pt too wide) in paragraph at lines 40--40
\OT1/cmr/bx/n/10.95 (-20) Then 
 []


Overfull \hbox (14.69754pt too wide) in paragraph at lines 40--40
[][] \OML/cmm/m/it/10.95 y \OMS/cmsy/m/n/10.95 ^^A 
 []


Overfull \hbox (3.1328pt too wide) in paragraph at lines 40--40
[] \OML/cmm/m/it/10.95 ^^R \OMS/cmsy/m/n/10.95 ^^A 
 []


Overfull \hbox (3.612pt too wide) in paragraph at lines 40--40
[] \OMS/cmsy/m/n/10.95 ^^A 
 []


Overfull \hbox (3.612pt too wide) in paragraph at lines 40--40
[] \OMS/cmsy/m/n/10.95 ^^A 
 []


Overfull \hbox (22.28453pt too wide) in paragraph at lines 40--40
\OT1/cmr/m/n/10.95 (-20) (2 [][] \OML/cmm/m/it/10.95 ^^R \OMS/cmsy/m/n/10.95 ^^
@ 
 []


Overfull \hbox (14.98822pt too wide) in paragraph at lines 40--40
[][] \OML/cmm/m/it/10.95 ^^R\OT1/cmr/m/n/10.95 (-20) )$$= 
 []


Overfull \hbox (3.72078pt too wide) in paragraph at lines 40--40
[] \OMS/cmsy/m/n/10.95 ^^A 
 []


Overfull \hbox (20.08pt too wide) in paragraph at lines 40--40
[][] \OML/cmm/m/it/10.95 d^^R \OMS/cmsy/m/n/10.95 ^^A 
 []


Overfull \hbox (44.82323pt too wide) in paragraph at lines 40--40
\OT1/cmr/m/n/10.95 (-20) (2 [][] \OML/cmm/m/it/10.95 ^^R [] ^^R \OMS/cmsy/m/n/1
0.95 ^^@ 
 []


Overfull \hbox (14.98822pt too wide) in paragraph at lines 40--40
[][] \OML/cmm/m/it/10.95 ^^R\OT1/cmr/m/n/10.95 (-20) )$$= 
 []


Overfull \hbox (3.72078pt too wide) in paragraph at lines 40--40
[] \OMS/cmsy/m/n/10.95 ^^A 
 []


Overfull \hbox (20.08pt too wide) in paragraph at lines 40--40
[][] \OML/cmm/m/it/10.95 d^^R \OMS/cmsy/m/n/10.95 ^^A 
 []


Overfull \hbox (44.82323pt too wide) in paragraph at lines 40--40
\OT1/cmr/m/n/10.95 (-20) (3 [][] \OML/cmm/m/it/10.95 ^^R [] ^^R \OMS/cmsy/m/n/1
0.95 ^^@ 
 []


Overfull \hbox (10.23816pt too wide) in paragraph at lines 40--40
[] \OML/cmm/m/it/10.95 ^^R\OT1/cmr/m/n/10.95 (-20) )$$= 
 []


Overfull \hbox (3.72078pt too wide) in paragraph at lines 40--40
[] \OMS/cmsy/m/n/10.95 ^^A 
 []


Overfull \hbox (23.22989pt too wide) in paragraph at lines 40--40
\OT1/cmr/m/n/10.95 (-20) [\OMS/cmsy/m/n/10.95 ^^@ [][] \OML/cmm/m/it/10.95 ^^R 
\OT1/cmr/m/n/10.95 (-20) + 
 []


Overfull \hbox (36.11032pt too wide) in paragraph at lines 40--40
[] \OML/cmm/m/it/10.95 ^^R\OT1/cmr/m/n/10.95 (-20) ]\OMS/cmsy/m/n/10.95 j[] \OT
1/cmr/m/n/10.95 (-20) = 
 []


Overfull \hbox (3.72078pt too wide) in paragraph at lines 40--40
[] \OMS/cmsy/m/n/10.95 ^^A 
 []


Overfull \hbox (27.4469pt too wide) in paragraph at lines 40--40
\OT1/cmr/m/n/10.95 (-20) [[] \OML/cmm/m/it/10.95 ^^R[] \OMS/cmsy/m/n/10.95 ^^@ 

 []


Overfull \hbox (74.01273pt too wide) in paragraph at lines 40--40
[][] \OML/cmm/m/it/10.95 ^^R[]\OT1/cmr/m/n/10.95 (-20) ]$$[] \OML/cmm/m/it/10.9
5 ^^R[] \OT1/cmr/m/n/10.95 (-20) = 
 []


Overfull \hbox (14.41426pt too wide) in paragraph at lines 40--40
[]$ 
 []


Overfull \hbox (11.35571pt too wide) in paragraph at lines 40--40
\OML/cmm/m/it/10.95 B\OT1/cmr/m/n/10.95 (-20) (\OML/cmm/m/it/10.95 y\OT1/cmr/m/
n/10.95 (-20) ) = 
 []


Overfull \hbox (18.46706pt too wide) in paragraph at lines 40--40
[]$|  
 []


Overfull \vbox (858.11745pt too high) has occurred while \output is active []


[3]
Overfull \hbox (5.28534pt too wide) in paragraph at lines 41--41
[]|\OT1/cmr/bx/n/10.95 (-20) Since 
 []


Overfull \hbox (1.46843pt too wide) in paragraph at lines 41--41
\OT1/cmr/bx/n/10.95 (-20) mag- 
 []


Overfull \hbox (5.74634pt too wide) in paragraph at lines 41--41
\OT1/cmr/bx/n/10.95 (-20) thick- 
 []


Overfull \hbox (15.05495pt too wide) in paragraph at lines 41--41
\OT1/cmr/bx/n/10.95 (-20) glected 
 []


Overfull \hbox (4.83203pt too wide) in paragraph at lines 41--41
\OT1/cmr/bx/n/10.95 (-20) when 
 []


Overfull \hbox (7.51349pt too wide) in paragraph at lines 41--41
\OT1/cmr/bx/n/10.95 (-20) found 
 []


Overfull \hbox (20.17653pt too wide) in paragraph at lines 41--41
\OML/cmm/m/it/10.95 t; B\OT1/cmr/m/n/10.95 (-20) (\OML/cmm/m/it/10.95 y\OT1/cmr
/m/n/10.95 (-20) ) = 
 []


Overfull \hbox (40.48311pt too wide) in paragraph at lines 41--41
[]\OML/cmm/m/it/10.95 ; y \OT1/cmr/m/n/10.95 (-20) = 
 []


Overfull \hbox (1.44858pt too wide) in paragraph at lines 41--41
\OML/cmm/m/it/10.95 B[] \OT1/cmr/m/n/10.95 (-20) = 
 []


Overfull \hbox (26.59766pt too wide) in paragraph at lines 41--41
[]$$[] \OT1/cmr/m/n/10.95 (-20) = 
 []


Overfull \hbox (4.90302pt too wide) in paragraph at lines 41--41
\OT1/cmr/m/n/10.95 (-20) 0\OML/cmm/m/it/10.95 :\OT1/cmr/m/n/10.95 (-20) 13[]$| 
 
 []


Overfull \hbox (2.6086pt too wide) in paragraph at lines 42--42
\OT1/cmr/bx/n/10.95 (-20) cord- 
 []


Overfull \hbox (1.46843pt too wide) in paragraph at lines 42--42
\OT1/cmr/bx/n/10.95 (-20) mag- 
 []


Overfull \hbox (3.22858pt too wide) in paragraph at lines 42--42
\OT1/cmr/bx/n/10.95 (-20) netic 
 []


Overfull \hbox (8.4758pt too wide) in paragraph at lines 42--42
\OT1/cmr/bx/n/10.95 (-20) When 
 []


Overfull \hbox (1.46843pt too wide) in paragraph at lines 42--42
\OT1/cmr/bx/n/10.95 (-20) mag- 
 []


Overfull \hbox (5.39714pt too wide) in paragraph at lines 42--42
\OT1/cmr/bx/n/10.95 (-20) rated 
 []


Overfull \hbox (2.31201pt too wide) in paragraph at lines 42--42
\OT1/cmr/bx/n/10.95 (-20) from 
 []


Overfull \hbox (1.36894pt too wide) in paragraph at lines 42--42
\OT1/cmr/bx/n/10.95 (-20) door 
 []


Overfull \hbox (4.44011pt too wide) in paragraph at lines 42--42
\OT1/cmr/bx/n/10.95 (-20) short 
 []


Overfull \hbox (5.79953pt too wide) in paragraph at lines 42--42
\OT1/cmr/bx/n/10.95 (-20) tance 
 []


Overfull \hbox (5.14088pt too wide) in paragraph at lines 42--42
\OT1/cmr/m/n/10.95 (-20) ^^A\OML/cmm/m/it/10.95 E \OT1/cmr/m/n/10.95 (-20) = 
 []


Overfull \hbox (19.98802pt too wide) in paragraph at lines 42--42
\OML/cmm/m/it/10.95 ^^Y\OT1/cmr/m/n/10.95 (-20) (\OML/cmm/m/it/10.95 D=\OT1/cmr
/m/n/10.95 (-20) 2)[] \OMS/cmsy/m/n/10.95 ^^A 
 []


Overfull \hbox (10.56026pt too wide) in paragraph at lines 42--42
\OML/cmm/m/it/10.95 B[]$$F \OT1/cmr/m/n/10.95 (-20) = 
 []


Overfull \hbox (4.55414pt too wide) in paragraph at lines 42--42
[] \OT1/cmr/m/n/10.95 (-20) = 
 []


Overfull \hbox (19.98802pt too wide) in paragraph at lines 42--42
\OML/cmm/m/it/10.95 ^^Y\OT1/cmr/m/n/10.95 (-20) (\OML/cmm/m/it/10.95 D=\OT1/cmr
/m/n/10.95 (-20) 2)[] \OMS/cmsy/m/n/10.95 ^^A 
 []


Overfull \hbox (1.99796pt too wide) in paragraph at lines 42--42
\OML/cmm/m/it/10.95 B[] \OT1/cmr/m/n/10.95 (-20) = 
 []


Overfull \hbox (10.27719pt too wide) in paragraph at lines 42--42
\OT1/cmr/bx/n/10.95 (-20) Know- 
 []


Overfull \hbox (3.16899pt too wide) in paragraph at lines 42--42
\OT1/cmr/bx/n/10.95 (-20) force 
 []


Overfull \hbox (4.3345pt too wide) in paragraph at lines 42--42
\OT1/cmr/bx/n/10.95 (-20) press 
 []


Overfull \hbox (1.4774pt too wide) in paragraph at lines 42--42
\OT1/cmr/bx/n/10.95 (-20) pres- 
 []


Overfull \hbox (1.14441pt too wide) in paragraph at lines 42--42
\OT1/cmr/bx/n/10.95 (-20) sure: 
 []


Overfull \hbox (4.323pt too wide) in paragraph at lines 42--42
[] \OT1/cmr/m/n/10.95 (-20) = 
 []


Overfull \hbox (9.11615pt too wide) in paragraph at lines 42--42
\OT1/cmr/m/n/10.95 (-20) 10[] []$|  
 []

[4]
Overfull \vbox (382.88046pt too high) has occurred while \output is active []


[5]
Overfull \hbox (31.86673pt too wide) in paragraph at lines 43--43
[]|\OT1/cmr/bx/n/10.95 (-20) According 
 []


Overfull \hbox (4.54016pt too wide) in paragraph at lines 43--43
\OT1/cmr/bx/n/10.95 (-20) gram 
 []


Overfull \hbox (20.17445pt too wide) in paragraph at lines 43--43
[]\OML/cmm/m/it/10.95 ; x \OT1/cmr/m/n/10.95 (-20) = 
 []


Overfull \hbox (35.22307pt too wide) in paragraph at lines 43--43
\OML/cmm/m/it/10.95 y [] ; [] \OT1/cmr/m/n/10.95 (-20) = 
 []


Overfull \hbox (3.51297pt too wide) in paragraph at lines 43--43
\OML/cmm/m/it/10.95 x[] \OMS/cmsy/m/n/10.95 ) 
 []


Overfull \hbox (6.75801pt too wide) in paragraph at lines 43--43
[] \OML/cmm/m/it/10.95  \OT1/cmr/m/n/10.95 (-20) + 
 []


Overfull \hbox (21.10956pt too wide) in paragraph at lines 43--43
[] \OML/cmm/m/it/10.95 $$[] \OT1/cmr/m/n/10.95 (-20) = 
 []


Overfull \hbox (20.76375pt too wide) in paragraph at lines 43--43
[] \OML/cmm/m/it/10.95 ^^R; z \OT1/cmr/m/n/10.95 (-20) = 
 []


Overfull \hbox (25.59798pt too wide) in paragraph at lines 43--43
\OML/cmm/m/it/10.95 r[] [] ^^R \OMS/cmsy/m/n/10.95 ) 
 []


Overfull \hbox (16.12578pt too wide) in paragraph at lines 43--43
[]$$[] \OT1/cmr/m/n/10.95 (-20) = 
 []


Overfull \hbox (52.64224pt too wide) in paragraph at lines 43--43
\OT1/cmr/m/n/10.95 (-20) (\OMS/cmsy/m/n/10.95 ^^@\OML/cmm/m/it/10.95 z\OT1/cmr/
m/n/10.95 (-20) )[]$$[]([]\OML/cmm/m/it/10.95 ; y\OT1/cmr/m/n/10.95 (-20) ) = 
 []


Overfull \hbox (13.92688pt too wide) in paragraph at lines 43--43
[][] \OML/cmm/m/it/10.95 dz \OMS/cmsy/m/n/10.95 ^^A 
 []


Overfull \hbox (28.26064pt too wide) in paragraph at lines 43--43
\OT1/cmr/m/n/10.95 (-20) [[]([]) \OMS/cmsy/m/n/10.95 ^^A 
 []


Overfull \hbox (0.8425pt too wide) in paragraph at lines 43--43
\OML/cmm/m/it/10.95 z[]\OT1/cmr/m/n/10.95 (-20) ) \OMS/cmsy/m/n/10.95 ^^@ 
 []


Overfull \hbox (29.02557pt too wide) in paragraph at lines 43--43
[]\OT1/cmr/m/n/10.95 (-20) ] =$$[] \OMS/cmsy/m/n/10.95 ^^A 
 []


Overfull \hbox (18.96571pt too wide) in paragraph at lines 43--43
[][] \OML/cmm/m/it/10.95 d^^R \OMS/cmsy/m/n/10.95 ^^A 
 []


Overfull \hbox (3.612pt too wide) in paragraph at lines 43--43
[] \OMS/cmsy/m/n/10.95 ^^A 
 []


Overfull \hbox (6.727pt too wide) in paragraph at lines 43--43
[][] \OML/cmm/m/it/10.95 ^^R \OMS/cmsy/m/n/10.95 ^^A 
 []


Overfull \hbox (45.06761pt too wide) in paragraph at lines 43--43
[][] \OML/cmm/m/it/10.95 ^^R\OT1/cmr/m/n/10.95 (-20) ] =$$[] \OMS/cmsy/m/n/10.9
5 ^^A 
 []


Overfull \hbox (18.96571pt too wide) in paragraph at lines 43--43
[][] \OML/cmm/m/it/10.95 d^^R \OMS/cmsy/m/n/10.95 ^^A 
 []


Overfull \hbox (4.52937pt too wide) in paragraph at lines 43--43
\OT1/cmr/m/n/10.95 (-20) [[] \OMS/cmsy/m/n/10.95 ^^A 
 []


Overfull \hbox (12.20203pt too wide) in paragraph at lines 43--43
[][] \OML/cmm/m/it/10.95 ^^R \OMS/cmsy/m/n/10.95 ^^@ 
 []


Overfull \hbox (40.31755pt too wide) in paragraph at lines 43--43
[] \OML/cmm/m/it/10.95 ^^R\OT1/cmr/m/n/10.95 (-20) ] =$$[] \OMS/cmsy/m/n/10.95 
^^A 
 []


Overfull \hbox (4.52937pt too wide) in paragraph at lines 43--43
\OT1/cmr/m/n/10.95 (-20) [[] \OMS/cmsy/m/n/10.95 ^^A 
 []


Overfull \hbox (9.12733pt too wide) in paragraph at lines 43--43
\OT1/cmr/m/n/10.95 (-20) ([] \OML/cmm/m/it/10.95 ^^R \OMS/cmsy/m/n/10.95 ^^@ 
 []


Overfull \hbox (23.63358pt too wide) in paragraph at lines 43--43
[] [][] \OML/cmm/m/it/10.95 ^^R\OT1/cmr/m/n/10.95 (-20) ) \OMS/cmsy/m/n/10.95 ^
^@ 
 []


Overfull \hbox (62.92201pt too wide) in paragraph at lines 43--43
[] \OML/cmm/m/it/10.95 ^^R\OT1/cmr/m/n/10.95 (-20) ]\OMS/cmsy/m/n/10.95 j[] \OT
1/cmr/m/n/10.95 (-20) =$$[] \OMS/cmsy/m/n/10.95 ^^A 
 []


Overfull \hbox (10.0044pt too wide) in paragraph at lines 43--43
\OT1/cmr/m/n/10.95 (-20) [[] \OMS/cmsy/m/n/10.95 ^^@ 
 []


Overfull \vbox (77.16447pt too high) has occurred while \output is active []


[6]
Overfull \hbox (31.86673pt too wide) in paragraph at lines 44--44
[]|\OT1/cmr/bx/n/10.95 (-20) According 
 []


Overfull \hbox (4.54016pt too wide) in paragraph at lines 44--44
\OT1/cmr/bx/n/10.95 (-20) gram 
 []


Overfull \hbox (9.04959pt too wide) in paragraph at lines 44--44
[] \OT1/cmr/m/n/10.95 (-20) = 
 []


Overfull \hbox (28.63959pt too wide) in paragraph at lines 44--44
[] \OMS/cmsy/m/n/10.95 ) 
 []


Overfull \hbox (31.79736pt too wide) in paragraph at lines 44--44
[]$$[] \OT1/cmr/m/n/10.95 (-20) = 
 []


Overfull \hbox (3.30388pt too wide) in paragraph at lines 44--44
[] \OML/cmm/m/it/10.95 ^^L \OMS/cmsy/m/n/10.95 ^^A 
 []


Overfull \hbox (2.08722pt too wide) in paragraph at lines 44--44
[] \OML/cmm/m/it/10.95 ^^L \OMS/cmsy/m/n/10.95 ^^A 
 []


Overfull \hbox (9.20796pt too wide) in paragraph at lines 44--44
[]\OML/cmm/m/it/10.95 ; [] \OT1/cmr/m/n/10.95 (-20) = 
 []


Overfull \hbox (3.57762pt too wide) in paragraph at lines 44--44
[] \OML/cmm/m/it/10.95  \OMS/cmsy/m/n/10.95 ^^A 
 []


Overfull \hbox (2.36096pt too wide) in paragraph at lines 44--44
[] \OML/cmm/m/it/10.95  \OMS/cmsy/m/n/10.95 ^^A 
 []


Overfull \hbox (3.50612pt too wide) in paragraph at lines 44--44
[]$$[] \OT1/cmr/m/n/10.95 (-20) = 
 []


Overfull \hbox (14.61124pt too wide) in paragraph at lines 44--44
[][] \OML/cmm/m/it/10.95 dx \OMS/cmsy/m/n/10.95 ^^A 
 []


Overfull \hbox (0.51982pt too wide) in paragraph at lines 44--44
[] \OMS/cmsy/m/n/10.95 ^^A 
 []


Overfull \hbox (8.32768pt too wide) in paragraph at lines 44--44
[][] \OML/cmm/m/it/10.95  \OMS/cmsy/m/n/10.95 ^^A 
 []


Overfull \hbox (19.0038pt too wide) in paragraph at lines 44--44
\OT1/cmr/m/n/10.95 (-20) [4 [](\OML/cmm/m/it/10.95 ^^L \OT1/cmr/m/n/10.95 (-20)
 + 
 []


Overfull \hbox (17.7769pt too wide) in paragraph at lines 44--44
\OML/cmm/m/it/10.95 \OT1/cmr/m/n/10.95 (-20) )[[] \OML/cmm/m/it/10.95  \OMS/c
msy/m/n/10.95 ^^A 
 []


Overfull \hbox (2.36096pt too wide) in paragraph at lines 44--44
[] \OML/cmm/m/it/10.95  \OMS/cmsy/m/n/10.95 ^^A 
 []


Overfull \hbox (11.37646pt too wide) in paragraph at lines 44--44
\OT1/cmr/m/n/10.95 (-20) 2[[] \OML/cmm/m/it/10.95 ^^L \OMS/cmsy/m/n/10.95 ^^A 
 []


Overfull \hbox (2.08722pt too wide) in paragraph at lines 44--44
[] \OML/cmm/m/it/10.95 ^^L \OMS/cmsy/m/n/10.95 ^^A 
 []


Overfull \hbox (23.13933pt too wide) in paragraph at lines 44--44
\OT1/cmr/bx/n/10.95 (-20) Through 
 []


Overfull \hbox (6.95313pt too wide) in paragraph at lines 44--44
\OT1/cmr/bx/n/10.95 (-20) math- 
 []


Overfull \hbox (6.6193pt too wide) in paragraph at lines 44--44
\OT1/cmr/bx/n/10.95 (-20) trans- 
 []


Overfull \hbox (3.12573pt too wide) in paragraph at lines 44--44
\OT1/cmr/bx/n/10.95 (-20) tions 
 []


Overfull \hbox (20.56639pt too wide) in paragraph at lines 44--44
[][] \OML/cmm/m/it/10.95 d \OMS/cmsy/m/n/10.95 ^^A 
 []


Overfull \hbox (8.83249pt too wide) in paragraph at lines 44--44
[]\OT1/cmr/m/n/10.95 (-20) (\OML/cmm/m/it/10.95 ^^L \OT1/cmr/m/n/10.95 (-20) + 

 []


Overfull \hbox (1.83177pt too wide) in paragraph at lines 44--44
\OT1/cmr/m/n/10.95 (-20) 2\OML/cmm/m/it/10.95 \OT1/cmr/m/n/10.95 (-20) ) \OMS/
cmsy/m/n/10.95 ^^@ 
 []


Overfull \hbox (7.61583pt too wide) in paragraph at lines 44--44
[]\OT1/cmr/m/n/10.95 (-20) (\OML/cmm/m/it/10.95 ^^L \OT1/cmr/m/n/10.95 (-20) + 

 []


Overfull \hbox (7.5135pt too wide) in paragraph at lines 44--44
\OT1/cmr/bx/n/10.95 (-20) dence 
 []


Overfull \hbox (1.6918pt too wide) in paragraph at lines 44--44
[] \OML/cmm/m/it/10.95 $ 
 []


Overfull \hbox (20.56639pt too wide) in paragraph at lines 44--44
[][] \OML/cmm/m/it/10.95 d \OMS/cmsy/m/n/10.95 ^^A 
 []


Overfull \hbox (13.00464pt too wide) in paragraph at lines 44--44
[]\OT1/cmr/m/n/10.95 (-20) (\OML/cmm/m/it/10.95 ^^L[] \OT1/cmr/m/n/10.95 (-20) 
+ 
 []


Overfull \hbox (7.91386pt too wide) in paragraph at lines 44--44
[] \OML/cmm/m/it/10.95  \OT1/cmr/m/n/10.95 (-20) + 
 []


Overfull \hbox (1.83177pt too wide) in paragraph at lines 44--44
\OT1/cmr/m/n/10.95 (-20) 2\OML/cmm/m/it/10.95 \OT1/cmr/m/n/10.95 (-20) ) \OMS/
cmsy/m/n/10.95 ^^@ 
 []


Overfull \hbox (11.78798pt too wide) in paragraph at lines 44--44
[]\OT1/cmr/m/n/10.95 (-20) (\OML/cmm/m/it/10.95 ^^L[] \OT1/cmr/m/n/10.95 (-20) 
+ 
 []


Overfull \hbox (7.91386pt too wide) in paragraph at lines 44--44
[] \OML/cmm/m/it/10.95  \OT1/cmr/m/n/10.95 (-20) + 
 []


Overfull \vbox (496.30762pt too high) has occurred while \output is active []


[7]
Overfull \hbox (3.17792pt too wide) in paragraph at lines 45--45
[]|\OT1/cmr/bx/n/10.95 (-20) Let's 
 []


Overfull \hbox (1.23744pt too wide) in paragraph at lines 45--45
\OT1/cmr/bx/n/10.95 (-20) care- 
 []


Overfull \hbox (0.5345pt too wide) in paragraph at lines 45--45
\OT1/cmr/bx/n/10.95 (-20) fully 
 []


Overfull \hbox (1.4774pt too wide) in paragraph at lines 45--45
\OT1/cmr/bx/n/10.95 (-20) pres- 
 []


Overfull \hbox (13.00464pt too wide) in paragraph at lines 45--45
[]\OT1/cmr/m/n/10.95 (-20) (\OML/cmm/m/it/10.95 ^^L[] \OT1/cmr/m/n/10.95 (-20) 
+ 
 []


Overfull \hbox (7.91386pt too wide) in paragraph at lines 45--45
[] \OML/cmm/m/it/10.95  \OT1/cmr/m/n/10.95 (-20) + 
 []


Overfull \hbox (1.66144pt too wide) in paragraph at lines 45--45
\OT1/cmr/m/n/10.95 (-20) 2\OML/cmm/m/it/10.95 \OT1/cmr/m/n/10.95 (-20) )$$= 
 []


Overfull \hbox (15.04454pt too wide) in paragraph at lines 45--45
[]\OT1/cmr/m/n/10.95 (-20) (\OML/cmm/m/it/10.95 ky[] \OMS/cmsy/m/n/10.95 ^^A 
 []


Overfull \hbox (7.91386pt too wide) in paragraph at lines 45--45
[] \OML/cmm/m/it/10.95  \OT1/cmr/m/n/10.95 (-20) + 
 []


Overfull \hbox (1.83177pt too wide) in paragraph at lines 45--45
\OT1/cmr/m/n/10.95 (-20) 2\OML/cmm/m/it/10.95 \OT1/cmr/m/n/10.95 (-20) ) \OMS/
cmsy/m/n/10.95 ^^@ 
 []


Overfull \hbox (11.78798pt too wide) in paragraph at lines 45--45
[]\OT1/cmr/m/n/10.95 (-20) (\OML/cmm/m/it/10.95 ^^L[] \OT1/cmr/m/n/10.95 (-20) 
+ 
 []


Overfull \hbox (36.87964pt too wide) in paragraph at lines 45--45
\OML/cmm/m/it/10.95 kx[]\OT1/cmr/m/n/10.95 (-20) ) [](\OML/cmm/m/it/10.95 ky[] 
\OMS/cmsy/m/n/10.95 ^^A 
 []


Overfull \hbox (7.91386pt too wide) in paragraph at lines 45--45
[] \OML/cmm/m/it/10.95  \OT1/cmr/m/n/10.95 (-20) + 
 []


Overfull \hbox (31.35474pt too wide) in paragraph at lines 45--45
\OT1/cmr/m/n/10.95 (-20) 2\OML/cmm/m/it/10.95 \OT1/cmr/m/n/10.95 (-20) )$$[](\
OML/cmm/m/it/10.95 ky[] \OMS/cmsy/m/n/10.95 ^^A 
 []


Overfull \hbox (7.91386pt too wide) in paragraph at lines 45--45
[] \OML/cmm/m/it/10.95  \OT1/cmr/m/n/10.95 (-20) + 
 []


Overfull \hbox (4.70305pt too wide) in paragraph at lines 45--45
\OT1/cmr/m/n/10.95 (-20) 2\OML/cmm/m/it/10.95 \OT1/cmr/m/n/10.95 (-20) ) = 
 []


Overfull \hbox (15.04454pt too wide) in paragraph at lines 45--45
[]\OT1/cmr/m/n/10.95 (-20) (\OML/cmm/m/it/10.95 ky[] \OMS/cmsy/m/n/10.95 ^^A 
 []


Overfull \hbox (51.62463pt too wide) in paragraph at lines 45--45
[] \OML/cmm/m/it/10.95 \OT1/cmr/m/n/10.95 (-20) ) [](2\OML/cmm/m/it/10.95 \OT
1/cmr/m/n/10.95 (-20) ) \OMS/cmsy/m/n/10.95 ^^@ 
 []


Overfull \hbox (13.82788pt too wide) in paragraph at lines 45--45
[]\OT1/cmr/m/n/10.95 (-20) (\OML/cmm/m/it/10.95 ky[] \OMS/cmsy/m/n/10.95 ^^A 
 []


Overfull \hbox (40.61012pt too wide) in paragraph at lines 45--45
[] \OML/cmm/m/it/10.95 \OT1/cmr/m/n/10.95 (-20) ) [](2\OML/cmm/m/it/10.95 \OT
1/cmr/m/n/10.95 (-20) )$ 
 []


Overfull \hbox (19.77936pt too wide) in paragraph at lines 45--45
[][] \OML/cmm/m/it/10.95 dx \OMS/cmsy/m/n/10.95 ^^A 
 []


Overfull \hbox (40.07518pt too wide) in paragraph at lines 45--45
[]\OT1/cmr/m/n/10.95 (-20) (2\OML/cmm/m/it/10.95 x\OT1/cmr/m/n/10.95 (-20) ) []
(\OML/cmm/m/it/10.95 c \OMS/cmsy/m/n/10.95 ^^A 
 []


Overfull \hbox (16.46593pt too wide) in paragraph at lines 45--45
[] \OML/cmm/m/it/10.95 x\OT1/cmr/m/n/10.95 (-20) ) = 
 []


Overfull \hbox (2.00365pt too wide) in paragraph at lines 45--45
[] \OT1/cmr/m/n/10.95 (-20) = 
 []


Overfull \hbox (19.77936pt too wide) in paragraph at lines 45--45
[][] \OML/cmm/m/it/10.95 dx \OMS/cmsy/m/n/10.95 ^^A 
 []


Overfull \hbox (13.46085pt too wide) in paragraph at lines 45--45
[]\OT1/cmr/m/n/10.95 (-20) (2\OML/cmm/m/it/10.95 x\OT1/cmr/m/n/10.95 (-20) ) \O
MS/cmsy/m/n/10.95 ^^A 
 []


Overfull \hbox (2.4026pt too wide) in paragraph at lines 45--45
[]\OT1/cmr/m/n/10.95 (-20) (\OML/cmm/m/it/10.95 c \OMS/cmsy/m/n/10.95 ^^A 
 []


Overfull \hbox (3.7968pt too wide) in paragraph at lines 45--45
[] \OML/cmm/m/it/10.95 x\OT1/cmr/m/n/10.95 (-20) )$ 
 []


Overfull \hbox (4.42975pt too wide) in paragraph at lines 45--45
\OT1/cmr/bx/n/10.95 (-20) value 
 []


Overfull \vbox (134.3275pt too high) has occurred while \output is active []


[8]
Overfull \hbox (9.1306pt too wide) in paragraph at lines 46--46
[]|\OT1/cmr/bx/n/10.95 (-20) When 
 []


Overfull \hbox (1.63283pt too wide) in paragraph at lines 46--46
\OT1/cmr/bx/n/10.95 (-20) mov- 
 []


Overfull \hbox (5.3041pt too wide) in paragraph at lines 46--46
\OT1/cmr/bx/n/10.95 (-20) other 
 []


Overfull \hbox (3.98274pt too wide) in paragraph at lines 46--46
\OT1/cmr/bx/n/10.95 (-20) some 
 []


Overfull \hbox (3.1943pt too wide) in paragraph at lines 46--46
\OT1/cmr/bx/n/10.95 (-20) signs 
 []


Overfull \hbox (4.03938pt too wide) in paragraph at lines 46--46
\OT1/cmr/bx/n/10.95 (-20) equa- 
 []


Overfull \hbox (13.67677pt too wide) in paragraph at lines 46--46
\OT1/cmr/bx/n/10.95 (-20) change 
 []


Overfull \hbox (8.74948pt too wide) in paragraph at lines 46--46
\OMS/cmsy/m/n/10.95 ^^@[] ^^A 
 []


Overfull \hbox (20.56639pt too wide) in paragraph at lines 46--46
[][] \OML/cmm/m/it/10.95 d \OMS/cmsy/m/n/10.95 ^^A 
 []


Overfull \hbox (15.98547pt too wide) in paragraph at lines 46--46
\OT1/cmr/m/n/10.95 (-20) [[](\OML/cmm/m/it/10.95 ^^L[] \OT1/cmr/m/n/10.95 (-20)
 + 
 []


Overfull \hbox (1.27335pt too wide) in paragraph at lines 46--46
\OML/cmm/m/it/10.95 kx[]\OT1/cmr/m/n/10.95 (-20) ) \OMS/cmsy/m/n/10.95 ^^A 
 []


Overfull \hbox (23.56123pt too wide) in paragraph at lines 46--46
[]\OT1/cmr/m/n/10.95 (-20) (\OMS/cmsy/m/n/10.95 ^^@\OML/cmm/m/it/10.95 ky[] \OM
S/cmsy/m/n/10.95 ^^A 
 []


Overfull \hbox (7.91386pt too wide) in paragraph at lines 46--46
[] \OML/cmm/m/it/10.95  \OT1/cmr/m/n/10.95 (-20) + 
 []


Overfull \hbox (1.83177pt too wide) in paragraph at lines 46--46
\OT1/cmr/m/n/10.95 (-20) 2\OML/cmm/m/it/10.95 \OT1/cmr/m/n/10.95 (-20) ) \OMS/
cmsy/m/n/10.95 ^^@ 
 []


Overfull \hbox (58.96141pt too wide) in paragraph at lines 46--46
[] \OT1/cmr/m/n/10.95 (-20) "\OML/cmm/m/it/10.95 :::\OT1/cmr/m/n/10.95 (-20) "\
OML/cmm/m/it/10.95 sin\OT1/cmr/m/n/10.95 (-20) "\OML/cmm/m/it/10.95 :::\OT1/cmr
/m/n/10.95 (-20) "] \OMS/cmsy/m/n/10.95 ^^@ 
 []


Overfull \hbox (14.76881pt too wide) in paragraph at lines 46--46
\OT1/cmr/m/n/10.95 (-20) [[](\OML/cmm/m/it/10.95 ^^L[] \OT1/cmr/m/n/10.95 (-20)
 + 
 []


Overfull \hbox (46.61299pt too wide) in paragraph at lines 46--46
\OML/cmm/m/it/10.95 kx[]\OT1/cmr/m/n/10.95 (-20) ) [](\OMS/cmsy/m/n/10.95 ^^@\O
ML/cmm/m/it/10.95 ky[] \OMS/cmsy/m/n/10.95 ^^A 
 []


Overfull \hbox (7.91386pt too wide) in paragraph at lines 46--46
[] \OML/cmm/m/it/10.95  \OT1/cmr/m/n/10.95 (-20) + 
 []


Overfull \hbox (54.64221pt too wide) in paragraph at lines 46--46
[] \OT1/cmr/m/n/10.95 (-20) "\OML/cmm/m/it/10.95 :::\OT1/cmr/m/n/10.95 (-20) "\
OML/cmm/m/it/10.95 sin\OT1/cmr/m/n/10.95 (-20) "\OML/cmm/m/it/10.95 :::\OT1/cmr
/m/n/10.95 (-20) "]]$ 
 []


Overfull \hbox (2.55196pt too wide) in paragraph at lines 46--46
\OT1/cmr/bx/n/10.95 (-20) grals 
 []


Overfull \hbox (2.31201pt too wide) in paragraph at lines 46--46
\OT1/cmr/bx/n/10.95 (-20) from 
 []


Overfull \hbox (1.98262pt too wide) in paragraph at lines 46--46
\OT1/cmr/bx/n/10.95 (-20) func- 
 []


Overfull \hbox (3.12573pt too wide) in paragraph at lines 46--46
\OT1/cmr/bx/n/10.95 (-20) tions 
 []


Overfull \hbox (0.68002pt too wide) in paragraph at lines 46--46
\OT1/cmr/bx/n/10.95 (-20) sym- 
 []


Overfull \hbox (4.80331pt too wide) in paragraph at lines 46--46
\OT1/cmr/bx/n/10.95 (-20) tions, 
 []


Overfull \hbox (1.33623pt too wide) in paragraph at lines 46--46
\OT1/cmr/bx/n/10.95 (-20) even 
 []


Overfull \hbox (1.98262pt too wide) in paragraph at lines 46--46
\OT1/cmr/bx/n/10.95 (-20) func- 
 []


Overfull \hbox (3.12573pt too wide) in paragraph at lines 46--46
\OT1/cmr/bx/n/10.95 (-20) tions 
 []


Overfull \hbox (4.55638pt too wide) in paragraph at lines 46--46
\OT1/cmr/bx/n/10.95 (-20) main. 
 []


Overfull \hbox (8.74948pt too wide) in paragraph at lines 46--46
\OMS/cmsy/m/n/10.95 ^^@[] ^^A 
 []


Overfull \hbox (20.56639pt too wide) in paragraph at lines 46--46
[][] \OML/cmm/m/it/10.95 d \OMS/cmsy/m/n/10.95 ^^A 
 []


Overfull \hbox (15.98547pt too wide) in paragraph at lines 46--46
\OT1/cmr/m/n/10.95 (-20) [[](\OML/cmm/m/it/10.95 ^^L[] \OT1/cmr/m/n/10.95 (-20)
 + 
 []


Overfull \hbox (2.57518pt too wide) in paragraph at lines 46--46
\OML/cmm/m/it/10.95 kx[] \OMS/cmsy/m/n/10.95 ^^@ 
 []


Overfull \hbox (7.91386pt too wide) in paragraph at lines 46--46
[] \OML/cmm/m/it/10.95  \OT1/cmr/m/n/10.95 (-20) + 
 []


Overfull \hbox (4.8126pt too wide) in paragraph at lines 46--46
\OT1/cmr/m/n/10.95 (-20) 2\OML/cmm/m/it/10.95 \OT1/cmr/m/n/10.95 (-20) )] \OMS
/cmsy/m/n/10.95 ^^@ 
 []


Overfull \hbox (14.76881pt too wide) in paragraph at lines 46--46
\OT1/cmr/m/n/10.95 (-20) [[](\OML/cmm/m/it/10.95 ^^L[] \OT1/cmr/m/n/10.95 (-20)
 + 
 []


Overfull \hbox (46.61299pt too wide) in paragraph at lines 46--46
\OML/cmm/m/it/10.95 kx[]\OT1/cmr/m/n/10.95 (-20) ) [](\OMS/cmsy/m/n/10.95 ^^@\O
ML/cmm/m/it/10.95 ky[] \OMS/cmsy/m/n/10.95 ^^A 
 []


Overfull \hbox (7.91386pt too wide) in paragraph at lines 46--46
[] \OML/cmm/m/it/10.95  \OT1/cmr/m/n/10.95 (-20) + 
 []


Overfull \hbox (64.6049pt too wide) in paragraph at lines 46--46
[] \OT1/cmr/m/n/10.95 (-20) "\OML/cmm/m/it/10.95 :::\OT1/cmr/m/n/10.95 (-20) " 
[] "\OML/cmm/m/it/10.95 :::\OT1/cmr/m/n/10.95 (-20) "]]$$= 
 []


Overfull \hbox (8.74948pt too wide) in paragraph at lines 46--46
\OMS/cmsy/m/n/10.95 ^^@[] ^^A 
 []


Overfull \hbox (20.56639pt too wide) in paragraph at lines 46--46
[][] \OML/cmm/m/it/10.95 d \OMS/cmsy/m/n/10.95 ^^A 
 []


Overfull \hbox (13.00464pt too wide) in paragraph at lines 46--46
[]\OT1/cmr/m/n/10.95 (-20) (\OML/cmm/m/it/10.95 ^^L[] \OT1/cmr/m/n/10.95 (-20) 
+ 
 []


Overfull \hbox (1.27335pt too wide) in paragraph at lines 46--46
\OML/cmm/m/it/10.95 kx[]\OT1/cmr/m/n/10.95 (-20) ) \OMS/cmsy/m/n/10.95 ^^A 
 []


Overfull \hbox (55.69786pt too wide) in paragraph at lines 46--46
\OT1/cmr/m/n/10.95 (-20) (\OML/cmm/m/it/10.95 cos\OT1/cmr/m/n/10.95 (-20) (2\OM
L/cmm/m/it/10.95 \OT1/cmr/m/n/10.95 (-20) ) [](\OML/cmm/m/it/10.95 ky[] \OMS/c
msy/m/n/10.95 ^^A 
 []


Overfull \hbox (12.08705pt too wide) in paragraph at lines 46--46
[] \OML/cmm/m/it/10.95 \OT1/cmr/m/n/10.95 (-20) ) + 
 []


Overfull \hbox (64.75093pt too wide) in paragraph at lines 46--46
[] \OT1/cmr/m/n/10.95 (-20) "\OML/cmm/m/it/10.95 :::\OT1/cmr/m/n/10.95 (-20) " 
[] "\OML/cmm/m/it/10.95 :::\OT1/cmr/m/n/10.95 (-20) ")] \OMS/cmsy/m/n/10.95 ^^@
 
 []


Overfull \hbox (14.76881pt too wide) in paragraph at lines 46--46
\OT1/cmr/m/n/10.95 (-20) [[](\OML/cmm/m/it/10.95 ^^L[] \OT1/cmr/m/n/10.95 (-20)
 + 
 []


Overfull \hbox (1.27335pt too wide) in paragraph at lines 46--46
\OML/cmm/m/it/10.95 kx[]\OT1/cmr/m/n/10.95 (-20) ) \OMS/cmsy/m/n/10.95 ^^A 
 []


Overfull \hbox (10.07394pt too wide) in paragraph at lines 46--46
\OT1/cmr/m/n/10.95 (-20) "\OML/cmm/m/it/10.95 :::\OT1/cmr/m/n/10.95 (-20) "]]$$
= 
 []


Overfull \hbox (8.74948pt too wide) in paragraph at lines 46--46
\OMS/cmsy/m/n/10.95 ^^@[] ^^A 
 []


Overfull \hbox (13.00464pt too wide) in paragraph at lines 46--46
[]\OT1/cmr/m/n/10.95 (-20) (\OML/cmm/m/it/10.95 ^^L[] \OT1/cmr/m/n/10.95 (-20) 
+ 
 []


Overfull \hbox (6.74837pt too wide) in paragraph at lines 46--46
\OML/cmm/m/it/10.95 kx[]\OT1/cmr/m/n/10.95 (-20) ) \OMS/cmsy/m/n/10.95 ^^@ 
 []


Overfull \hbox (11.78798pt too wide) in paragraph at lines 46--46
[]\OT1/cmr/m/n/10.95 (-20) (\OML/cmm/m/it/10.95 ^^L[] \OT1/cmr/m/n/10.95 (-20) 
+ 
 []


Overfull \hbox (4.25418pt too wide) in paragraph at lines 46--46
\OML/cmm/m/it/10.95 kx[]\OT1/cmr/m/n/10.95 (-20) )] \OMS/cmsy/m/n/10.95 ^^A 
 []


Overfull \hbox (5.92636pt too wide) in paragraph at lines 46--46
[]$$\OT1/cmr/m/n/10.95 (-20) = 
 []


Overfull \hbox (12.60638pt too wide) in paragraph at lines 46--46
\OMS/cmsy/m/n/10.95 ^^@\OML/cmm/m/it/10.95 ^^V[]^^[k \OMS/cmsy/m/n/10.95 ^^A 
 []


Overfull \hbox (5.26337pt too wide) in paragraph at lines 46--46
\OML/cmm/m/it/10.95 e[] \OMS/cmsy/m/n/10.95 ^^A 
 []


Overfull \hbox (13.00464pt too wide) in paragraph at lines 46--46
[]\OT1/cmr/m/n/10.95 (-20) (\OML/cmm/m/it/10.95 ^^L[] \OT1/cmr/m/n/10.95 (-20) 
+ 
 []


Overfull \hbox (6.74837pt too wide) in paragraph at lines 46--46
\OML/cmm/m/it/10.95 kx[]\OT1/cmr/m/n/10.95 (-20) ) \OMS/cmsy/m/n/10.95 ^^@ 
 []


Overfull \hbox (11.78798pt too wide) in paragraph at lines 46--46
[]\OT1/cmr/m/n/10.95 (-20) (\OML/cmm/m/it/10.95 ^^L[] \OT1/cmr/m/n/10.95 (-20) 
+ 
 []


Overfull \hbox (1.21251pt too wide) in paragraph at lines 46--46
\OML/cmm/m/it/10.95 kx[]\OT1/cmr/m/n/10.95 (-20) )]$|  
 []


Overfull \vbox (811.58174pt too high) has occurred while \output is active []


[9]
! Display math should end with $$.
<to be read again> 
                   t
l.47 ...ot (0.16\text{ T}^2)=10\text{ kPa}$}{1.50}
                                                  
The `$' that I just saw supposedly matches a previous `$$'.
So I shall assume that you typed `$$' both times.

 
Here is how much of TeX's memory you used:
 13940 strings out of 467871
 222766 string characters out of 5418376
 684434 words of memory out of 5000000
 42602 multiletter control sequences out of 15000+600000
 637238 words of font info for 101 fonts, out of 8000000 for 9000
 1141 hyphenation exceptions out of 8191
 75i,15n,79p,1558b,457s stack positions out of 10000i,1000n,20000p,200000b,200000s
!  ==> Fatal error occurred, no output PDF file produced!
