This is pdfTeX, Version 3.141592653-2.6-1.40.28 (MiKTeX 25.12) (preloaded format=pdflatex 2026.4.24)  25 APR 2026 22:02
entering extended mode
 restricted \write18 enabled.
 %&-line parsing enabled.
**./T6_S_EN_2.tex
(T6_S_EN_2.tex
LaTeX2e <2025-11-01>
L3 programming layer <2025-12-24>
(C:\Users\aadib\AppData\Local\Programs\MiKTeX\tex/latex/base\article.cls
Document Class: article 2025/01/22 v1.4n Standard LaTeX document class
(C:\Users\aadib\AppData\Local\Programs\MiKTeX\tex/latex/base\size11.clo
File: size11.clo 2025/01/22 v1.4n Standard LaTeX file (size option)
)
\c@part=\count275
\c@section=\count276
\c@subsection=\count277
\c@subsubsection=\count278
\c@paragraph=\count279
\c@subparagraph=\count280
\c@figure=\count281
\c@table=\count282
\abovecaptionskip=\skip49
\belowcaptionskip=\skip50
\bibindent=\dimen148
)
(C:\Users\aadib\AppData\Local\Programs\MiKTeX\tex/latex/geometry\geometry.sty
Package: geometry 2026/03/07 v6.0 Page Geometry

(C:\Users\aadib\AppData\Local\Programs\MiKTeX\tex/latex/graphics\keyval.sty
Package: keyval 2022/05/29 v1.15 key=value parser (DPC)
\KV@toks@=\toks17
)
(C:\Users\aadib\AppData\Local\Programs\MiKTeX\tex/generic/iftex\ifvtex.sty
Package: ifvtex 2019/10/25 v1.7 ifvtex legacy package. Use iftex instead.

(C:\Users\aadib\AppData\Local\Programs\MiKTeX\tex/generic/iftex\iftex.sty
Package: iftex 2024/12/12 v1.0g TeX engine tests
))
\Gm@cnth=\count283
\Gm@cntv=\count284
\c@Gm@tempcnt=\count285
\Gm@bindingoffset=\dimen149
\Gm@wd@mp=\dimen150
\Gm@odd@mp=\dimen151
\Gm@even@mp=\dimen152
\Gm@layoutwidth=\dimen153
\Gm@layoutheight=\dimen154
\Gm@layouthoffset=\dimen155
\Gm@layoutvoffset=\dimen156
\Gm@dimlist=\toks18

(C:\Users\aadib\AppData\Local\Programs\MiKTeX\tex/latex/geometry\geometry.cfg))
(C:\Users\aadib\AppData\Local\Programs\MiKTeX\tex/latex/amsmath\amsmath.sty
Package: amsmath 2025/07/09 v2.17z AMS math features
\@mathmargin=\skip51

For additional information on amsmath, use the `?' option.
(C:\Users\aadib\AppData\Local\Programs\MiKTeX\tex/latex/amsmath\amstext.sty
Package: amstext 2024/11/17 v2.01 AMS text

(C:\Users\aadib\AppData\Local\Programs\MiKTeX\tex/latex/amsmath\amsgen.sty
File: amsgen.sty 1999/11/30 v2.0 generic functions
\@emptytoks=\toks19
\ex@=\dimen157
))
(C:\Users\aadib\AppData\Local\Programs\MiKTeX\tex/latex/amsmath\amsbsy.sty
Package: amsbsy 1999/11/29 v1.2d Bold Symbols
\pmbraise@=\dimen158
)
(C:\Users\aadib\AppData\Local\Programs\MiKTeX\tex/latex/amsmath\amsopn.sty
Package: amsopn 2022/04/08 v2.04 operator names
)
\inf@bad=\count286
LaTeX Info: Redefining \frac on input line 233.
\uproot@=\count287
\leftroot@=\count288
LaTeX Info: Redefining \overline on input line 398.
LaTeX Info: Redefining \colon on input line 409.
\classnum@=\count289
\DOTSCASE@=\count290
LaTeX Info: Redefining \ldots on input line 495.
LaTeX Info: Redefining \dots on input line 498.
LaTeX Info: Redefining \cdots on input line 619.
\Mathstrutbox@=\box53
\strutbox@=\box54
LaTeX Info: Redefining \big on input line 721.
LaTeX Info: Redefining \Big on input line 722.
LaTeX Info: Redefining \bigg on input line 723.
LaTeX Info: Redefining \Bigg on input line 724.
\big@size=\dimen159
LaTeX Font Info:    Redeclaring font encoding OML on input line 742.
LaTeX Font Info:    Redeclaring font encoding OMS on input line 743.
\macc@depth=\count291
LaTeX Info: Redefining \bmod on input line 904.
LaTeX Info: Redefining \pmod on input line 909.
LaTeX Info: Redefining \smash on input line 939.
LaTeX Info: Redefining \relbar on input line 969.
LaTeX Info: Redefining \Relbar on input line 970.
\c@MaxMatrixCols=\count292
\dotsspace@=\muskip17
\c@parentequation=\count293
\dspbrk@lvl=\count294
\tag@help=\toks20
\row@=\count295
\column@=\count296
\maxfields@=\count297
\andhelp@=\toks21
\eqnshift@=\dimen160
\alignsep@=\dimen161
\tagshift@=\dimen162
\tagwidth@=\dimen163
\totwidth@=\dimen164
\lineht@=\dimen165
\@envbody=\toks22
\multlinegap=\skip52
\multlinetaggap=\skip53
\mathdisplay@stack=\toks23
LaTeX Info: Redefining \[ on input line 2950.
LaTeX Info: Redefining \] on input line 2951.
)
(C:\Users\aadib\AppData\Local\Programs\MiKTeX\tex/latex/amsfonts\amssymb.sty
Package: amssymb 2013/01/14 v3.01 AMS font symbols

(C:\Users\aadib\AppData\Local\Programs\MiKTeX\tex/latex/amsfonts\amsfonts.sty
Package: amsfonts 2013/01/14 v3.01 Basic AMSFonts support
\symAMSa=\mathgroup4
\symAMSb=\mathgroup5
LaTeX Font Info:    Redeclaring math symbol \hbar on input line 98.
LaTeX Font Info:    Overwriting math alphabet `\mathfrak' in version `bold'
(Font)                  U/euf/m/n --> U/euf/b/n on input line 106.
)) (C:\Users\aadib\AppData\Local\Programs\MiKTeX\tex/latex/graphics\graphicx.st
y
Package: graphicx 2024/12/31 v1.2e Enhanced LaTeX Graphics (DPC,SPQR)

(C:\Users\aadib\AppData\Local\Programs\MiKTeX\tex/latex/graphics\graphics.sty
Package: graphics 2024/08/06 v1.4g Standard LaTeX Graphics (DPC,SPQR)

(C:\Users\aadib\AppData\Local\Programs\MiKTeX\tex/latex/graphics\trig.sty
Package: trig 2023/12/02 v1.11 sin cos tan (DPC)
)
(C:\Users\aadib\AppData\Local\Programs\MiKTeX\tex/latex/graphics-cfg\graphics.c
fg
File: graphics.cfg 2016/06/04 v1.11 sample graphics configuration
)
Package graphics Info: Driver file: pdftex.def on input line 106.

(C:\Users\aadib\AppData\Local\Programs\MiKTeX\tex/latex/graphics-def\pdftex.def
File: pdftex.def 2025/09/29 v1.2d Graphics/color driver for pdftex
))
\Gin@req@height=\dimen166
\Gin@req@width=\dimen167
) (C:\Users\aadib\AppData\Local\Programs\MiKTeX\tex/latex/float\float.sty
Package: float 2001/11/08 v1.3d Float enhancements (AL)
\c@float@type=\count298
\float@exts=\toks24
\float@box=\box55
\@float@everytoks=\toks25
\@floatcapt=\box56
)
(C:\Users\aadib\AppData\Local\Programs\MiKTeX\tex/latex/enumitem\enumitem.sty
Package: enumitem 2025/02/06 v3.11 Customized lists
\labelindent=\skip54
\enit@outerparindent=\dimen168
\enit@toks=\toks26
\enit@inbox=\box57
\enit@count@id=\count299
\enitdp@description=\count300
)
(C:\Users\aadib\AppData\Local\Programs\MiKTeX\tex/latex/microtype\microtype.sty
Package: microtype 2026/03/01 v3.2d Micro-typographical refinements (RS)
(C:\Users\aadib\AppData\Local\Programs\MiKTeX\tex/latex/etoolbox\etoolbox.sty
Package: etoolbox 2025/10/02 v2.5m e-TeX tools for LaTeX (JAW)
\etb@tempcnta=\count301
)
\MT@toks=\toks27
\MT@tempbox=\box58
\MT@count=\count302
LaTeX Info: Redefining \noprotrusionifhmode on input line 1084.
LaTeX Info: Redefining \leftprotrusion on input line 1085.
\MT@prot@toks=\toks28
LaTeX Info: Redefining \rightprotrusion on input line 1104.
LaTeX Info: Redefining \textls on input line 1449.
\MT@outer@kern=\dimen169
LaTeX Info: Redefining \microtypecontext on input line 2053.
LaTeX Info: Redefining \textmicrotypecontext on input line 2070.
\MT@listname@count=\count303

(C:\Users\aadib\AppData\Local\Programs\MiKTeX\tex/latex/microtype\microtype-pdf
tex.def
File: microtype-pdftex.def 2026/03/01 v3.2d Definitions specific to pdftex (RS)

LaTeX Info: Redefining \lsstyle on input line 944.
LaTeX Info: Redefining \lslig on input line 944.
\MT@outer@space=\skip55
)
Package microtype Info: Loading configuration file microtype.cfg.

(C:\Users\aadib\AppData\Local\Programs\MiKTeX\tex/latex/microtype\microtype.cfg
File: microtype.cfg 2026/03/01 v3.2d microtype main configuration file (RS)
)
LaTeX Info: Redefining \microtypesetup on input line 3065.
) (C:\Users\aadib\AppData\Local\Programs\MiKTeX\tex/latex/caption\caption.sty
Package: caption 2023/08/05 v3.6o Customizing captions (AR)

(C:\Users\aadib\AppData\Local\Programs\MiKTeX\tex/latex/caption\caption3.sty
Package: caption3 2023/07/31 v2.4d caption3 kernel (AR)
\caption@tempdima=\dimen170
\captionmargin=\dimen171
\caption@leftmargin=\dimen172
\caption@rightmargin=\dimen173
\caption@width=\dimen174
\caption@indent=\dimen175
\caption@parindent=\dimen176
\caption@hangindent=\dimen177
Package caption Info: Standard document class detected.
)
\c@caption@flags=\count304
\c@continuedfloat=\count305
Package caption Info: float package is loaded.
)
(C:\Users\aadib\AppData\Local\Programs\MiKTeX\tex/latex/tools\tabularx.sty
Package: tabularx 2023/12/11 v2.12a `tabularx' package (DPC)

(C:\Users\aadib\AppData\Local\Programs\MiKTeX\tex/latex/tools\array.sty
Package: array 2025/09/25 v2.6n Tabular extension package (FMi)
\col@sep=\dimen178
\ar@mcellbox=\box59
\extrarowheight=\dimen179
\NC@list=\toks29
\extratabsurround=\skip56
\backup@length=\skip57
\ar@cellbox=\box60
)
\TX@col@width=\dimen180
\TX@old@table=\dimen181
\TX@old@col=\dimen182
\TX@target=\dimen183
\TX@delta=\dimen184
\TX@cols=\count306
\TX@ftn=\toks30
)
(C:\Users\aadib\AppData\Local\Programs\MiKTeX\tex/latex/hyperref\hyperref.sty
Package: hyperref 2025-07-12 v7.01o Hypertext links for LaTeX

(C:\Users\aadib\AppData\Local\Programs\MiKTeX\tex/latex/kvsetkeys\kvsetkeys.sty
Package: kvsetkeys 2022-10-05 v1.19 Key value parser (HO)
)
(C:\Users\aadib\AppData\Local\Programs\MiKTeX\tex/generic/kvdefinekeys\kvdefine
keys.sty
Package: kvdefinekeys 2019-12-19 v1.6 Define keys (HO)
)
(C:\Users\aadib\AppData\Local\Programs\MiKTeX\tex/generic/pdfescape\pdfescape.s
ty
Package: pdfescape 2019/12/09 v1.15 Implements pdfTeX's escape features (HO)

(C:\Users\aadib\AppData\Local\Programs\MiKTeX\tex/generic/ltxcmds\ltxcmds.sty
Package: ltxcmds 2023-12-04 v1.26 LaTeX kernel commands for general use (HO)
)
(C:\Users\aadib\AppData\Local\Programs\MiKTeX\tex/generic/pdftexcmds\pdftexcmds
.sty
Package: pdftexcmds 2020-06-27 v0.33 Utility functions of pdfTeX for LuaTeX (HO
)

(C:\Users\aadib\AppData\Local\Programs\MiKTeX\tex/generic/infwarerr\infwarerr.s
ty
Package: infwarerr 2019/12/03 v1.5 Providing info/warning/error messages (HO)
)
Package pdftexcmds Info: \pdf@primitive is available.
Package pdftexcmds Info: \pdf@ifprimitive is available.
Package pdftexcmds Info: \pdfdraftmode found.
))
(C:\Users\aadib\AppData\Local\Programs\MiKTeX\tex/latex/hycolor\hycolor.sty
Package: hycolor 2020-01-27 v1.10 Color options for hyperref/bookmark (HO)
)
(C:\Users\aadib\AppData\Local\Programs\MiKTeX\tex/latex/hyperref\nameref.sty
Package: nameref 2025-06-21 v2.57 Cross-referencing by name of section

(C:\Users\aadib\AppData\Local\Programs\MiKTeX\tex/latex/refcount\refcount.sty
Package: refcount 2019/12/15 v3.6 Data extraction from label references (HO)
)
(C:\Users\aadib\AppData\Local\Programs\MiKTeX\tex/generic/gettitlestring\gettit
lestring.sty
Package: gettitlestring 2019/12/15 v1.6 Cleanup title references (HO)

(C:\Users\aadib\AppData\Local\Programs\MiKTeX\tex/latex/kvoptions\kvoptions.sty
Package: kvoptions 2022-06-15 v3.15 Key value format for package options (HO)
))
\c@section@level=\count307
)
(C:\Users\aadib\AppData\Local\Programs\MiKTeX\tex/generic/stringenc\stringenc.s
ty
Package: stringenc 2019/11/29 v1.12 Convert strings between diff. encodings (HO
)
)
\@linkdim=\dimen185
\Hy@linkcounter=\count308
\Hy@pagecounter=\count309
 (C:\Users\aadib\AppData\Local\Programs\MiKTeX\tex/latex/hyperref\pd1enc.def
File: pd1enc.def 2025-07-12 v7.01o Hyperref: PDFDocEncoding definition (HO)
Now handling font encoding PD1 ...
... no UTF-8 mapping file for font encoding PD1
) (C:\Users\aadib\AppData\Local\Programs\MiKTeX\tex/generic/intcalc\intcalc.sty
Package: intcalc 2019/12/15 v1.3 Expandable calculations with integers (HO)
)
\Hy@SavedSpaceFactor=\count310
 (C:\Users\aadib\AppData\Local\Programs\MiKTeX\tex/latex/hyperref\puenc.def
File: puenc.def 2025-07-12 v7.01o Hyperref: PDF Unicode definition (HO)
Now handling font encoding PU ...
... no UTF-8 mapping file for font encoding PU
)
Package hyperref Info: Hyper figures OFF on input line 4195.
Package hyperref Info: Link nesting OFF on input line 4200.
Package hyperref Info: Hyper index ON on input line 4203.
Package hyperref Info: Plain pages OFF on input line 4210.
Package hyperref Info: Backreferencing OFF on input line 4215.
Package hyperref Info: Implicit mode ON; LaTeX internals redefined.
Package hyperref Info: Bookmarks ON on input line 4462.
\c@Hy@tempcnt=\count311

(C:\Users\aadib\AppData\Local\Programs\MiKTeX\tex/latex/url\url.sty
\Urlmuskip=\muskip18
Package: url 2013/09/16  ver 3.4  Verb mode for urls, etc.
)
LaTeX Info: Redefining \url on input line 4801.
\XeTeXLinkMargin=\dimen186

(C:\Users\aadib\AppData\Local\Programs\MiKTeX\tex/generic/bitset\bitset.sty
Package: bitset 2019/12/09 v1.3 Handle bit-vector datatype (HO)

(C:\Users\aadib\AppData\Local\Programs\MiKTeX\tex/generic/bigintcalc\bigintcalc
.sty
Package: bigintcalc 2019/12/15 v1.5 Expandable calculations on big integers (HO
)
))
\Fld@menulength=\count312
\Field@Width=\dimen187
\Fld@charsize=\dimen188
Package hyperref Info: Hyper figures OFF on input line 6078.
Package hyperref Info: Link nesting OFF on input line 6083.
Package hyperref Info: Hyper index ON on input line 6086.
Package hyperref Info: backreferencing OFF on input line 6093.
Package hyperref Info: Link coloring OFF on input line 6098.
Package hyperref Info: Link coloring with OCG OFF on input line 6103.
Package hyperref Info: PDF/A mode OFF on input line 6108.
\Hy@abspage=\count313
\c@Item=\count314
\c@Hfootnote=\count315
)
Package hyperref Info: Driver (autodetected): hpdftex.

(C:\Users\aadib\AppData\Local\Programs\MiKTeX\tex/latex/hyperref\hpdftex.def
File: hpdftex.def 2025-07-12 v7.01o Hyperref driver for pdfTeX
\Fld@listcount=\count316
\c@bookmark@seq@number=\count317

(C:\Users\aadib\AppData\Local\Programs\MiKTeX\tex/latex/rerunfilecheck\rerunfil
echeck.sty
Package: rerunfilecheck 2025-06-21 v1.11 Rerun checks for auxiliary files (HO)

(C:\Users\aadib\AppData\Local\Programs\MiKTeX\tex/generic/uniquecounter\uniquec
ounter.sty
Package: uniquecounter 2019/12/15 v1.4 Provide unlimited unique counter (HO)
)
Package uniquecounter Info: New unique counter `rerunfilecheck' on input line 2
84.
)
\Hy@SectionHShift=\skip58
)
(C:\Users\aadib\AppData\Local\Programs\MiKTeX\tex/latex/l3backend\l3backend-pdf
tex.def
File: l3backend-pdftex.def 2025-10-09 L3 backend support: PDF output (pdfTeX)
\l__color_backend_stack_int=\count318
) (T6_S_EN_2.aux)
\openout1 = `T6_S_EN_2.aux'.

LaTeX Font Info:    Checking defaults for OML/cmm/m/it on input line 37.
LaTeX Font Info:    ... okay on input line 37.
LaTeX Font Info:    Checking defaults for OMS/cmsy/m/n on input line 37.
LaTeX Font Info:    ... okay on input line 37.
LaTeX Font Info:    Checking defaults for OT1/cmr/m/n on input line 37.
LaTeX Font Info:    ... okay on input line 37.
LaTeX Font Info:    Checking defaults for T1/cmr/m/n on input line 37.
LaTeX Font Info:    ... okay on input line 37.
LaTeX Font Info:    Checking defaults for TS1/cmr/m/n on input line 37.
LaTeX Font Info:    ... okay on input line 37.
LaTeX Font Info:    Checking defaults for OMX/cmex/m/n on input line 37.
LaTeX Font Info:    ... okay on input line 37.
LaTeX Font Info:    Checking defaults for U/cmr/m/n on input line 37.
LaTeX Font Info:    ... okay on input line 37.
LaTeX Font Info:    Checking defaults for PD1/pdf/m/n on input line 37.
LaTeX Font Info:    ... okay on input line 37.
LaTeX Font Info:    Checking defaults for PU/pdf/m/n on input line 37.
LaTeX Font Info:    ... okay on input line 37.

*geometry* driver: auto-detecting
*geometry* detected driver: pdftex
*geometry* verbose mode - [ preamble ] result:
* driver: pdftex
* paper: a4paper
* layout: <same size as paper>
* layoutoffset:(h,v)=(0.0pt,0.0pt)
* modes: 
* h-part:(L,W,R)=(72.26999pt, 452.9679pt, 72.26999pt)
* v-part:(T,H,B)=(72.26999pt, 700.50687pt, 72.26999pt)
* \paperwidth=597.50787pt
* \paperheight=845.04684pt
* \textwidth=452.9679pt
* \textheight=700.50687pt
* \oddsidemargin=0.0pt
* \evensidemargin=0.0pt
* \topmargin=-37.0pt
* \headheight=12.0pt
* \headsep=25.0pt
* \topskip=11.0pt
* \footskip=30.0pt
* \marginparwidth=50.0pt
* \marginparsep=10.0pt
* \columnsep=10.0pt
* \skip\footins=10.0pt plus 4.0pt minus 2.0pt
* \hoffset=0.0pt
* \voffset=0.0pt
* \mag=1000
* \@twocolumnfalse
* \@twosidefalse
* \@mparswitchfalse
* \@reversemarginfalse
* (1in=72.27pt=25.4mm, 1cm=28.453pt)


(C:\Users\aadib\AppData\Local\Programs\MiKTeX\tex/context/base/mkii\supp-pdf.mk
ii
[Loading MPS to PDF converter (version 2006.09.02).]
\scratchcounter=\count319
\scratchdimen=\dimen189
\scratchbox=\box61
\nofMPsegments=\count320
\nofMParguments=\count321
\everyMPshowfont=\toks31
\MPscratchCnt=\count322
\MPscratchDim=\dimen190
\MPnumerator=\count323
\makeMPintoPDFobject=\count324
\everyMPtoPDFconversion=\toks32
)
(C:\Users\aadib\AppData\Local\Programs\MiKTeX\tex/latex/epstopdf-pkg\epstopdf-b
ase.sty
Package: epstopdf-base 2020-01-24 v2.11 Base part for package epstopdf
Package epstopdf-base Info: Redefining graphics rule for `.eps' on input line 4
85.

(C:\Users\aadib\AppData\Local\Programs\MiKTeX\tex/latex/00miktex\epstopdf-sys.c
fg
File: epstopdf-sys.cfg 2021/03/18 v2.0 Configuration of epstopdf for MiKTeX
))
LaTeX Info: Redefining \microtypecontext on input line 37.
Package microtype Info: Applying patch `item' on input line 37.
Package microtype Info: Applying patch `toc' on input line 37.
Package microtype Info: Applying patch `eqnum' on input line 37.
Package microtype Info: Applying patch `footnote' on input line 37.
Package microtype Info: Applying patch `verbatim' on input line 37.
LaTeX Info: Redefining \microtypesetup on input line 37.
Package microtype Info: Generating PDF output.
Package microtype Info: Character protrusion enabled (level 2).
Package microtype Info: Using default protrusion set `alltext'.
Package microtype Info: Automatic font expansion enabled (level 2),
(microtype)             stretch: 20, shrink: 20, step: 1, non-selected.
Package microtype Info: Using default expansion set `alltext-nott'.
Package microtype Info: Patching command `\showhyphens'.
Package microtype Info: No adjustment of tracking.
Package microtype Info: No adjustment of interword spacing.
Package microtype Info: No adjustment of character kerning.

(C:\Users\aadib\AppData\Local\Programs\MiKTeX\tex/latex/microtype\mt-cmr.cfg
File: mt-cmr.cfg 2013/05/19 v2.2 microtype config. file: Computer Modern Roman 
(RS)
)
Package caption Info: Begin \AtBeginDocument code.
Package caption Info: hyperref package is loaded.
Package caption Info: End \AtBeginDocument code.
Package hyperref Info: Link coloring OFF on input line 37.

(T6_S_EN_2.out) (T6_S_EN_2.out)
\@outlinefile=\write3
\openout3 = `T6_S_EN_2.out'.

LaTeX Font Info:    Trying to load font information for U+msa on input line 39.


(C:\Users\aadib\AppData\Local\Programs\MiKTeX\tex/latex/amsfonts\umsa.fd
File: umsa.fd 2013/01/14 v3.01 AMS symbols A
)
(C:\Users\aadib\AppData\Local\Programs\MiKTeX\tex/latex/microtype\mt-msa.cfg
File: mt-msa.cfg 2006/02/04 v1.1 microtype config. file: AMS symbols (a) (RS)
)
LaTeX Font Info:    Trying to load font information for U+msb on input line 39.


(C:\Users\aadib\AppData\Local\Programs\MiKTeX\tex/latex/amsfonts\umsb.fd
File: umsb.fd 2013/01/14 v3.01 AMS symbols B
)
(C:\Users\aadib\AppData\Local\Programs\MiKTeX\tex/latex/microtype\mt-msb.cfg
File: mt-msb.cfg 2005/06/01 v1.0 microtype config. file: AMS symbols (b) (RS)
)
Overfull \hbox (3.90997pt too wide) in paragraph at lines 39--39
\OT1/cmr/bx/n/10.95 (-20) ment 
 []


Overfull \hbox (4.03938pt too wide) in paragraph at lines 39--39
\OT1/cmr/bx/n/10.95 (-20) equa- 
 []


Overfull \hbox (7.69466pt too wide) in paragraph at lines 39--39
\OT1/cmr/bx/n/10.95 (-20) about 
 []


Overfull \hbox (5.97092pt too wide) in paragraph at lines 39--39
\OT1/cmr/bx/n/10.95 (-20) hinge 
 []


Overfull \hbox (19.29915pt too wide) detected at line 39
\OML/cmm/m/it/10.95 I \OT1/cmr/m/n/10.95 = \OML/cmm/m/it/10.95 M[];
 []


Overfull \hbox (8.71457pt too wide) in paragraph at lines 39--39
\OT1/cmr/bx/n/10.95 (-20) where 
 []


Overfull \hbox (1.28946pt too wide) in paragraph at lines 39--39
[]\OML/cmm/m/it/10.95 ml[]$ 
 []


Overfull \hbox (3.90997pt too wide) in paragraph at lines 39--39
\OT1/cmr/bx/n/10.95 (-20) ment 
 []


Overfull \hbox (7.69466pt too wide) in paragraph at lines 39--39
\OT1/cmr/bx/n/10.95 (-20) about 
 []


Overfull \hbox (32.99074pt too wide) in paragraph at lines 39--39
[] \OMS/cmsy/m/n/10.95 ' 
 []


Overfull \hbox (9.53069pt too wide) in paragraph at lines 39--39
[]\OML/cmm/m/it/10.95 mgl'$ 
 []


Overfull \hbox (3.90997pt too wide) in paragraph at lines 39--39
\OT1/cmr/bx/n/10.95 (-20) ment 
 []


Overfull \hbox (2.4302pt too wide) in paragraph at lines 39--39
\OT1/cmr/bx/n/10.95 (-20) grav- 
 []


Overfull \hbox (3.17792pt too wide) in paragraph at lines 39--39
[]|\OT1/cmr/bx/n/10.95 (-20) Let's 
 []


Overfull \hbox (5.97232pt too wide) in paragraph at lines 39--39
\OT1/cmr/bx/n/10.95 (-20) check 
 []


Overfull \hbox (9.0535pt too wide) in paragraph at lines 39--39
\OML/cmm/m/it/10.95 Ae[] \OT1/cmr/m/n/10.95 (-20) + 
 []


Overfull \hbox (10.08517pt too wide) in paragraph at lines 39--39
\OML/cmm/m/it/10.95 Be[]$ 
 []


Overfull \hbox (4.03938pt too wide) in paragraph at lines 39--39
\OT1/cmr/bx/n/10.95 (-20) equa- 
 []


Overfull \hbox (83.80797pt too wide) in paragraph at lines 39--39
[] [] \OT1/cmr/m/n/10.95 (-20) = 
 []


Overfull \hbox (19.0372pt too wide) in paragraph at lines 39--39
[]|\OT1/cmr/bx/n/10.95 (-20) Answer: 
 []

[1

{C:/Users/aadib/AppData/Local/MiKTeX/fonts/map/pdftex/pdftex.map}]
Overfull \vbox (274.15187pt too high) has occurred while \output is active []


[2]
Overfull \hbox (4.83969pt too wide) in paragraph at lines 40--40
\OT1/cmr/bx/n/10.95 (-20) boy's 
 []


Overfull \hbox (1.17183pt too wide) in paragraph at lines 40--40
\OT1/cmr/bx/n/10.95 (-20) time 
 []


Overfull \hbox (3.12155pt too wide) in paragraph at lines 40--40
\OT1/cmr/bx/n/10.95 (-20) must 
 []


Overfull \hbox (2.08742pt too wide) in paragraph at lines 40--40
\OT1/cmr/bx/n/10.95 (-20) char- 
 []


Overfull \hbox (1.17183pt too wide) in paragraph at lines 40--40
\OT1/cmr/bx/n/10.95 (-20) time 
 []


Overfull \hbox (10.77002pt too wide) in paragraph at lines 40--40
\OT1/cmr/bx/n/10.95 (-20) length 
 []


Overfull \hbox (3.42516pt too wide) in paragraph at lines 40--40
\OT1/cmr/bx/n/10.95 (-20) stick: 
 []


Overfull \hbox (2.19125pt too wide) in paragraph at lines 40--40
\OML/cmm/m/it/10.95 ^^\[][]$\OT1/cmr/bx/n/10.95 (-20) .|  
 []


Overfull \hbox (19.0372pt too wide) in paragraph at lines 40--40
[]|\OT1/cmr/bx/n/10.95 (-20) Answer:  
 []


Overfull \hbox (71.0695pt too wide) detected at line 40
\OML/cmm/m/it/10.95 l[] \OT1/cmr/m/n/10.95 = \OML/cmm/m/it/10.95 ^^\[][] \OT1/c
mr/m/n/10.95 = 0\OML/cmm/m/it/10.95 :\OT1/cmr/m/n/10.95 59 []
 []


Overfull \hbox (7.52246pt too wide) in paragraph at lines 41--41
\OT1/cmr/bx/n/10.95 (-20) bird's 
 []


Overfull \hbox (1.17183pt too wide) in paragraph at lines 41--41
\OT1/cmr/bx/n/10.95 (-20) time 
 []


Overfull \hbox (3.12155pt too wide) in paragraph at lines 41--41
\OT1/cmr/bx/n/10.95 (-20) must 
 []


Overfull \hbox (2.08742pt too wide) in paragraph at lines 41--41
\OT1/cmr/bx/n/10.95 (-20) char- 
 []


Overfull \hbox (1.17183pt too wide) in paragraph at lines 41--41
\OT1/cmr/bx/n/10.95 (-20) time 
 []


Overfull \hbox (7.52246pt too wide) in paragraph at lines 41--41
\OT1/cmr/bx/n/10.95 (-20) bird's 
 []


Overfull \hbox (2.84941pt too wide) in paragraph at lines 41--41
\OT1/cmr/bx/n/10.95 (-20) time: 
 []


Overfull \hbox (4.35608pt too wide) in paragraph at lines 41--41
[]$\OT1/cmr/bx/n/10.95 (-20) .|  
 []


Overfull \hbox (19.0372pt too wide) in paragraph at lines 41--41
[]|\OT1/cmr/bx/n/10.95 (-20) Answer:  
 []


Overfull \hbox (74.06319pt too wide) detected at line 41
\OML/cmm/m/it/10.95 ^^\[] \OT1/cmr/m/n/10.95 = [] = 0\OML/cmm/m/it/10.95 :\OT1/
cmr/m/n/10.95 065 []
 []

[3]
Overfull \hbox (1.17183pt too wide) in paragraph at lines 42--42
\OT1/cmr/bx/n/10.95 (-20) time 
 []


Overfull \hbox (7.73877pt too wide) in paragraph at lines 42--42
\OT1/cmr/bx/n/10.95 (-20) which 
 []


Overfull \hbox (7.30783pt too wide) in paragraph at lines 42--42
\OT1/cmr/bx/n/10.95 (-20) clist's 
 []


Overfull \hbox (4.71156pt too wide) in paragraph at lines 42--42
\OT1/cmr/bx/n/10.95 (-20) crum 
 []


Overfull \hbox (11.78442pt too wide) in paragraph at lines 42--42
\OT1/cmr/bx/n/10.95 (-20) moved 
 []


Overfull \hbox (8.44603pt too wide) in paragraph at lines 42--42
\OT1/cmr/bx/n/10.95 (-20) pends 
 []


Overfull \hbox (7.24626pt too wide) in paragraph at lines 42--42
\OT1/cmr/bx/n/10.95 (-20) speed 
 []


Overfull \hbox (1.1983pt too wide) in paragraph at lines 42--42
\OML/cmm/m/it/10.95 ^^\[] \OT1/cmr/m/n/10.95 (-20) = 
 []


Overfull \hbox (1.17183pt too wide) in paragraph at lines 42--42
\OT1/cmr/bx/n/10.95 (-20) time 
 []


Overfull \hbox (3.12155pt too wide) in paragraph at lines 42--42
\OT1/cmr/bx/n/10.95 (-20) must 
 []


Overfull \hbox (2.08742pt too wide) in paragraph at lines 42--42
\OT1/cmr/bx/n/10.95 (-20) char- 
 []


Overfull \hbox (1.17183pt too wide) in paragraph at lines 42--42
\OT1/cmr/bx/n/10.95 (-20) time 
 []


Overfull \hbox (1.90958pt too wide) in paragraph at lines 42--42
\OT1/cmr/bx/n/10.95 (-20) Find 
 []


Overfull \hbox (7.24626pt too wide) in paragraph at lines 42--42
\OT1/cmr/bx/n/10.95 (-20) speed 
 []


Overfull \hbox (1.7192pt too wide) in paragraph at lines 42--42
\OML/cmm/m/it/10.95 v[] \OT1/cmr/m/n/10.95 (-20) = 
 []


Overfull \hbox (9.51286pt too wide) in paragraph at lines 42--42
\OML/cmm/m/it/10.95 d[]$\OT1/cmr/bx/n/10.95 (-20) .|  
 []


Overfull \hbox (19.0372pt too wide) in paragraph at lines 42--42
[]|\OT1/cmr/bx/n/10.95 (-20) Answer:  
 []


Overfull \hbox (89.23318pt too wide) detected at line 42
\OML/cmm/m/it/10.95 v[] \OT1/cmr/m/n/10.95 = \OML/cmm/m/it/10.95 d[] \OT1/cmr/m
/n/10.95 = 2\OML/cmm/m/it/10.95 :\OT1/cmr/m/n/10.95 7 []\OML/cmm/m/it/10.95 =[]

 []

[4]
Overfull \vbox (213.88614pt too high) has occurred while \output is active []


[5]
Overfull \hbox (10.03125pt too wide) in paragraph at lines 43--43
\OT1/cmr/bx/n/10.95 (-20) chang- 
 []


Overfull \hbox (26.82169pt too wide) in paragraph at lines 43--43
\OT1/cmr/bx/n/10.95 (-20) tightrope 
 []


Overfull \hbox (11.17848pt too wide) in paragraph at lines 43--43
\OT1/cmr/bx/n/10.95 (-20) walker 
 []


Overfull \hbox (9.22748pt too wide) in paragraph at lines 43--43
\OT1/cmr/bx/n/10.95 (-20) fected 
 []


Overfull \hbox (3.90997pt too wide) in paragraph at lines 43--43
\OT1/cmr/bx/n/10.95 (-20) ment 
 []


Overfull \hbox (2.4302pt too wide) in paragraph at lines 43--43
\OT1/cmr/bx/n/10.95 (-20) grav- 
 []


Overfull \hbox (0.60445pt too wide) in paragraph at lines 43--43
\OT1/cmr/bx/n/10.95 (-20) how- 
 []


Overfull \hbox (1.24025pt too wide) in paragraph at lines 43--43
\OT1/cmr/bx/n/10.95 (-20) ever, 
 []


Overfull \hbox (0.90457pt too wide) in paragraph at lines 43--43
\OT1/cmr/bx/n/10.95 (-20) does 
 []


Overfull \hbox (13.67677pt too wide) in paragraph at lines 43--43
\OT1/cmr/bx/n/10.95 (-20) change 
 []


Overfull \hbox (1.81123pt too wide) in paragraph at lines 43--43
\OT1/cmr/bx/n/10.95 (-20) men- 
 []


Overfull \hbox (21.87024pt too wide) in paragraph at lines 43--43
\OT1/cmr/bx/n/10.95 (-20) (changes 
 []


Overfull \hbox (7.24626pt too wide) in paragraph at lines 43--43
\OT1/cmr/bx/n/10.95 (-20) speed 
 []


Overfull \hbox (4.44011pt too wide) in paragraph at lines 43--43
\OT1/cmr/bx/n/10.95 (-20) short 
 []


Overfull \hbox (6.95593pt too wide) in paragraph at lines 43--43
\OT1/cmr/bx/n/10.95 (-20) time). 
 []


Overfull \hbox (4.42964pt too wide) in paragraph at lines 43--43
\OT1/cmr/bx/n/10.95 (-20) write 
 []


Overfull \hbox (5.44974pt too wide) in paragraph at lines 43--43
\OT1/cmr/bx/n/10.95 (-20) down 
 []


Overfull \hbox (1.81123pt too wide) in paragraph at lines 43--43
\OT1/cmr/bx/n/10.95 (-20) men- 
 []


Overfull \hbox (4.77391pt too wide) in paragraph at lines 43--43
\OT1/cmr/bx/n/10.95 (-20) point  
 []


Overfull \hbox (100.32677pt too wide) detected at line 43
\OML/cmm/m/it/10.95 m\OT1/cmr/m/n/10.95 (1\OML/cmm/m/it/10.95 :\OT1/cmr/m/n/10.
95 4\OML/cmm/m/it/10.95 H\OT1/cmr/m/n/10.95 )[][] + \OML/cmm/m/it/10.95 mH[][] 
\OT1/cmr/m/n/10.95 = 0
 []


Overfull \hbox (6.4809pt too wide) in paragraph at lines 43--43
\OT1/cmr/bx/n/10.95 (-20) count 
 []


Overfull \hbox (3.90997pt too wide) in paragraph at lines 43--43
\OT1/cmr/bx/n/10.95 (-20) ment 
 []


Overfull \hbox (26.82169pt too wide) in paragraph at lines 43--43
\OT1/cmr/bx/n/10.95 (-20) tightrope 
 []


Overfull \hbox (11.17848pt too wide) in paragraph at lines 43--43
\OT1/cmr/bx/n/10.95 (-20) walker 
 []


Overfull \hbox (4.71155pt too wide) in paragraph at lines 43--43
\OT1/cmr/bx/n/10.95 (-20) grate 
 []


Overfull \hbox (1.4774pt too wide) in paragraph at lines 43--43
\OT1/cmr/bx/n/10.95 (-20) pres- 
 []


Overfull \hbox (1.17183pt too wide) in paragraph at lines 43--43
\OT1/cmr/bx/n/10.95 (-20) time 
 []


Overfull \hbox (20.04025pt too wide) in paragraph at lines 43--43
\OT1/cmr/m/n/10.95 (-20) 1\OML/cmm/m/it/10.95 :\OT1/cmr/m/n/10.95 (-20) 96(\OML
/cmm/m/it/10.95 [] \OMS/cmsy/m/n/10.95 ^^@ 
 []


Overfull \hbox (4.32083pt too wide) in paragraph at lines 43--43
\OML/cmm/m/it/10.95 []\OT1/cmr/m/n/10.95 (-20) ) = 
 []


Overfull \hbox (4.03938pt too wide) in paragraph at lines 43--43
\OT1/cmr/bx/n/10.95 (-20) equa- 
 []


Overfull \hbox (3.29015pt too wide) in paragraph at lines 43--43
\OT1/cmr/bx/n/10.95 (-20) solve 
 []


Overfull \hbox (4.03938pt too wide) in paragraph at lines 43--43
\OT1/cmr/bx/n/10.95 (-20) equa- 
 []


Overfull \hbox (6.55367pt too wide) in paragraph at lines 43--43
\OT1/cmr/bx/n/10.95 (-20) tions.|  
 []


Overfull \hbox (19.0372pt too wide) in paragraph at lines 43--43
[]|\OT1/cmr/bx/n/10.95 (-20) Answer: 
 []


Overfull \hbox (39.47339pt too wide) in paragraph at lines 43--43
[]\OML/cmm/m/it/10.95 ;  [] \OT1/cmr/m/n/10.95 (-20) = 
 []


Overfull \hbox (9.81523pt too wide) in paragraph at lines 43--43
[]$|  
 []


Overfull \vbox (1521.73259pt too high) has occurred while \output is active []


[6]
Overfull \hbox (21.79486pt too wide) in paragraph at lines 44--44
[]|\OT1/cmr/bx/n/10.95 (-20) Moment 
 []


Overfull \hbox (2.4302pt too wide) in paragraph at lines 44--44
\OT1/cmr/bx/n/10.95 (-20) grav- 
 []


Overfull \hbox (42.32256pt too wide) in paragraph at lines 44--44
\OML/cmm/m/it/10.95 mg\OT1/cmr/m/n/10.95 (-20) (1\OML/cmm/m/it/10.95 :\OT1/cmr/
m/n/10.95 (-20) 4\OML/cmm/m/it/10.95 H\OT1/cmr/m/n/10.95 (-20) )\OML/cmm/m/it/1
0.95 [] \OT1/cmr/m/n/10.95 (-20) + 
 []


Overfull \hbox (5.26831pt too wide) in paragraph at lines 44--44
\OML/cmm/m/it/10.95 mgH \OMS/cmsy/m/n/10.95 ^^A 
 []


Overfull \hbox (3.17792pt too wide) in paragraph at lines 44--44
\OT1/cmr/bx/n/10.95 (-20) Let's 
 []


Overfull \hbox (2.31201pt too wide) in paragraph at lines 44--44
\OT1/cmr/bx/n/10.95 (-20) from 
 []


Overfull \hbox (2.9514pt too wide) in paragraph at lines 44--44
\OT1/cmr/bx/n/10.95 (-20) para- 
 []


Overfull \hbox (7.96808pt too wide) in paragraph at lines 44--44
\OT1/cmr/bx/n/10.95 (-20) graph 
 []


Overfull \hbox (98.75862pt too wide) detected at line 44
\OML/cmm/m/it/10.95 M \OT1/cmr/m/n/10.95 = \OML/cmm/m/it/10.95 mgH\OT1/cmr/m/n/
10.95 (2\OML/cmm/m/it/10.95 :\OT1/cmr/m/n/10.95 4\OML/cmm/m/it/10.95 [] \OMS/c
msy/m/n/10.95 ^^@ []\OML/cmm/m/it/10.95 ^^L[]\OT1/cmr/m/n/10.95 )\OML/cmm/m/it/
10.95 :
 []


Overfull \hbox (26.82169pt too wide) in paragraph at lines 44--44
\OT1/cmr/bx/n/10.95 (-20) tightrope 
 []


Overfull \hbox (11.17848pt too wide) in paragraph at lines 44--44
\OT1/cmr/bx/n/10.95 (-20) walker 
 []


Overfull \hbox (0.59802pt too wide) in paragraph at lines 44--44
\OT1/cmr/bx/n/10.95 (-20) turn 
 []


Overfull \hbox (6.89648pt too wide) in paragraph at lines 44--44
\OT1/cmr/bx/n/10.95 (-20) needs 
 []


Overfull \hbox (4.10294pt too wide) in paragraph at lines 44--44
\OT1/cmr/bx/n/10.95 (-20) verse 
 []


Overfull \hbox (7.24626pt too wide) in paragraph at lines 44--44
\OT1/cmr/bx/n/10.95 (-20) speed 
 []


Overfull \hbox (13.64738pt too wide) in paragraph at lines 44--44
\OT1/cmr/bx/n/10.95 (-20) gained, 
 []


Overfull \hbox (5.05435pt too wide) in paragraph at lines 44--44
\OT1/cmr/bx/n/10.95 (-20) there 
 []


Overfull \hbox (3.12155pt too wide) in paragraph at lines 44--44
\OT1/cmr/bx/n/10.95 (-20) must 
 []


Overfull \hbox (19.0372pt too wide) in paragraph at lines 44--44
[]|\OT1/cmr/bx/n/10.95 (-20) Answer:  
 []


Overfull \hbox (8.02347pt too wide) detected at line 44
\OML/cmm/m/it/10.95 ^^L[] > \OT1/cmr/m/n/10.95 0
 []


Overfull \vbox (299.71112pt too high) has occurred while \output is active []


[7]
Overfull \hbox (20.66681pt too wide) in paragraph at lines 45--45
\OT1/cmr/bx/n/10.95 (-20) straight- 
 []


Overfull \hbox (2.02881pt too wide) in paragraph at lines 45--45
\OT1/cmr/bx/n/10.95 (-20) ened 
 []


Overfull \hbox (26.82169pt too wide) in paragraph at lines 45--45
\OT1/cmr/bx/n/10.95 (-20) tightrope 
 []


Overfull \hbox (11.17848pt too wide) in paragraph at lines 45--45
\OT1/cmr/bx/n/10.95 (-20) walker 
 []


Overfull \hbox (15.5851pt too wide) in paragraph at lines 45--45
\OT1/cmr/bx/n/10.95 (-20) scribed 
 []


Overfull \hbox (4.03938pt too wide) in paragraph at lines 45--45
\OT1/cmr/bx/n/10.95 (-20) equa- 
 []


Overfull \hbox (43.36824pt too wide) in paragraph at lines 45--45
\OT1/cmr/m/n/10.95 (-20) 2\OML/cmm/m/it/10.95 :\OT1/cmr/m/n/10.95 (-20) 96\OML/
cmm/m/it/10.95 mH[][] \OT1/cmr/m/n/10.95 (-20) = 
 []


Overfull \hbox (28.46536pt too wide) in paragraph at lines 45--45
\OT1/cmr/m/n/10.95 (-20) 2\OML/cmm/m/it/10.95 :\OT1/cmr/m/n/10.95 (-20) 4\OML/c
mm/m/it/10.95 mgH[]$\OT1/cmr/bx/n/10.95 (-20) . 
 []


Overfull \hbox (2.31201pt too wide) in paragraph at lines 45--45
\OT1/cmr/bx/n/10.95 (-20) form 
 []


Overfull \hbox (9.0535pt too wide) in paragraph at lines 45--45
\OML/cmm/m/it/10.95 Ae[] \OT1/cmr/m/n/10.95 (-20) + 
 []


Overfull \hbox (11.07018pt too wide) in paragraph at lines 45--45
\OML/cmm/m/it/10.95 Be[]$\OT1/cmr/bx/n/10.95 (-20) . 
 []


Overfull \hbox (26.82169pt too wide) in paragraph at lines 45--45
\OT1/cmr/bx/n/10.95 (-20) tightrope 
 []


Overfull \hbox (11.17848pt too wide) in paragraph at lines 45--45
\OT1/cmr/bx/n/10.95 (-20) walker 
 []


Overfull \hbox (0.59802pt too wide) in paragraph at lines 45--45
\OT1/cmr/bx/n/10.95 (-20) turn 
 []


Overfull \hbox (4.56253pt too wide) in paragraph at lines 45--45
\OT1/cmr/bx/n/10.95 (-20) start- 
 []


Overfull \hbox (10.40982pt too wide) in paragraph at lines 45--45
\OT1/cmr/bx/n/10.95 (-20) There- 
 []


Overfull \hbox (19.0372pt too wide) in paragraph at lines 45--45
[]|\OT1/cmr/bx/n/10.95 (-20) Answer:  
 []


Overfull \hbox (80.11108pt too wide) detected at line 45
[] \OT1/cmr/m/n/10.95 = \OMS/cmsy/m/n/10.95 ^^@[] \OT1/cmr/m/n/10.95 = \OMS/cms
y/m/n/10.95 ^^@[]
 []


Overfull \vbox (156.1295pt too high) has occurred while \output is active []


[8]
Overfull \hbox (10.31741pt too wide) in paragraph at lines 46--46
\OT1/cmr/bx/n/10.95 (-20) shown 
 []


Overfull \hbox (9.52686pt too wide) in paragraph at lines 46--46
\OT1/cmr/bx/n/10.95 (-20) above, 
 []


Overfull \hbox (7.24626pt too wide) in paragraph at lines 46--46
\OT1/cmr/bx/n/10.95 (-20) speed 
 []


Overfull \hbox (26.82169pt too wide) in paragraph at lines 46--46
\OT1/cmr/bx/n/10.95 (-20) tightrope 
 []


Overfull \hbox (11.17848pt too wide) in paragraph at lines 46--46
\OT1/cmr/bx/n/10.95 (-20) walker 
 []


Overfull \hbox (2.93405pt too wide) in paragraph at lines 46--46
\OT1/cmr/bx/n/10.95 (-20) ately 
 []


Overfull \hbox (20.66681pt too wide) in paragraph at lines 46--46
\OT1/cmr/bx/n/10.95 (-20) straight- 
 []


Overfull \hbox (13.67677pt too wide) in paragraph at lines 46--46
\OT1/cmr/bx/n/10.95 (-20) change 
 []


Overfull \hbox (5.6378pt too wide) in paragraph at lines 46--46
\OT1/cmr/bx/n/10.95 (-20) form) 
 []


Overfull \hbox (7.24626pt too wide) in paragraph at lines 46--46
\OT1/cmr/bx/n/10.95 (-20) speed 
 []


Overfull \hbox (2.65057pt too wide) in paragraph at lines 46--46
\OT1/cmr/bx/n/10.95 (-20) right 
 []


Overfull \hbox (5.58893pt too wide) in paragraph at lines 46--46
\OT1/cmr/bx/n/10.95 (-20) bend- 
 []


Overfull \hbox (5.45674pt too wide) in paragraph at lines 46--46
\OT1/cmr/bx/n/10.95 (-20) equal 
 []


Overfull \hbox (3.29715pt too wide) in paragraph at lines 46--46
\OT1/cmr/bx/n/10.95 (-20) since 
 []


Overfull \hbox (7.9815pt too wide) in paragraph at lines 46--46
\OT1/cmr/bx/n/10.95 (-20) equiv- 
 []


Overfull \hbox (13.67677pt too wide) in paragraph at lines 46--46
\OT1/cmr/bx/n/10.95 (-20) change 
 []


Overfull \hbox (2.84941pt too wide) in paragraph at lines 46--46
\OT1/cmr/bx/n/10.95 (-20) time, 
 []


Overfull \hbox (15.5851pt too wide) in paragraph at lines 46--46
\OT1/cmr/bx/n/10.95 (-20) scribed 
 []


Overfull \hbox (2.9514pt too wide) in paragraph at lines 46--46
\OT1/cmr/bx/n/10.95 (-20) para- 
 []


Overfull \hbox (8.95308pt too wide) in paragraph at lines 46--46
\OT1/cmr/bx/n/10.95 (-20) graph. 
 []


Overfull \hbox (17.45451pt too wide) in paragraph at lines 46--46
\OT1/cmr/bx/n/10.95 (-20) Change 
 []


Overfull \hbox (1.81123pt too wide) in paragraph at lines 46--46
\OT1/cmr/bx/n/10.95 (-20) men- 
 []


Overfull \hbox (0.8318pt too wide) in paragraph at lines 46--46
\OT1/cmr/bx/n/10.95 (-20) bent 
 []


Overfull \hbox (173.77385pt too wide) detected at line 46
\OT1/cmr/m/n/10.95 ^^A\OML/cmm/m/it/10.95 L \OT1/cmr/m/n/10.95 = 2\OML/cmm/m/it
/10.95 :\OT1/cmr/m/n/10.95 96\OML/cmm/m/it/10.95 mH[] \OMS/cmsy/m/n/10.95 ^^A \
OT1/cmr/m/n/10.95 (\OML/cmm/m/it/10.95 [] \OMS/cmsy/m/n/10.95 ^^@ \OML/cmm/m/i
t/10.95 []\OT1/cmr/m/n/10.95 ) = \OMS/cmsy/m/n/10.95 ^^@[]
 []


Overfull \hbox (13.06554pt too wide) in paragraph at lines 46--46
\OT1/cmr/bx/n/10.95 (-20) Taking 
 []


Overfull \hbox (6.4809pt too wide) in paragraph at lines 46--46
\OT1/cmr/bx/n/10.95 (-20) count 
 []


Overfull \hbox (2.75131pt too wide) in paragraph at lines 46--46
\OML/cmm/m/it/10.95 [] \OMS/cmsy/m/n/10.95 ^^\ 
 []


Overfull \hbox (3.90997pt too wide) in paragraph at lines 46--46
\OT1/cmr/bx/n/10.95 (-20) ment 
 []


Overfull \hbox (3.16899pt too wide) in paragraph at lines 46--46
\OT1/cmr/bx/n/10.95 (-20) force 
 []


Overfull \hbox (33.57211pt too wide) in paragraph at lines 46--46
\OMS/cmsy/m/n/10.95 ^^@[]\OML/cmm/m/it/10.95 mgH^^L[]$\OT1/cmr/bx/n/10.95 (-20)
 . 
 []


Overfull \hbox (13.67677pt too wide) in paragraph at lines 46--46
\OT1/cmr/bx/n/10.95 (-20) change 
 []


Overfull \hbox (1.81123pt too wide) in paragraph at lines 46--46
\OT1/cmr/bx/n/10.95 (-20) men- 
 []


Overfull \hbox (3.90997pt too wide) in paragraph at lines 46--46
\OT1/cmr/bx/n/10.95 (-20) ment 
 []


Overfull \hbox (1.17183pt too wide) in paragraph at lines 46--46
\OT1/cmr/bx/n/10.95 (-20) time 
 []


Overfull \hbox (5.25693pt too wide) in paragraph at lines 46--46
\OT1/cmr/bx/n/10.95 (-20) From 
 []


Overfull \hbox (0.90938pt too wide) in paragraph at lines 46--46
\OT1/cmr/bx/n/10.95 (-20) swer 
 []


Overfull \hbox (37.63742pt too wide) in paragraph at lines 46--46
\OT1/cmr/m/n/10.95 (-20) 28\OML/cmm/m/it/10.95 :\OT1/cmr/m/n/10.95 (-20) 18[][]
$\OT1/cmr/bx/n/10.95 (-20) .|  
 []


Overfull \hbox (19.0372pt too wide) in paragraph at lines 46--46
[]|\OT1/cmr/bx/n/10.95 (-20) Answer:  
 []


Overfull \hbox (64.57823pt too wide) detected at line 46
\OML/cmm/m/it/10.95 T[] \OT1/cmr/m/n/10.95 = 28\OML/cmm/m/it/10.95 :\OT1/cmr/m/
n/10.95 18[][]
 []


Overfull \vbox (1210.51363pt too high) has occurred while \output is active []


[9]
Overfull \hbox (8.71457pt too wide) in paragraph at lines 47--47
\OT1/cmr/bx/n/10.95 (-20) where 
 []


Overfull \hbox (10.53905pt too wide) in paragraph at lines 47--47
\OT1/cmr/bx/n/10.95 (-20) rected 
 []


Overfull \hbox (3.05147pt too wide) in paragraph at lines 47--47
\OT1/cmr/bx/n/10.95 (-20) ward 
 []


Overfull \hbox (3.16899pt too wide) in paragraph at lines 47--47
\OT1/cmr/bx/n/10.95 (-20) force 
 []


Overfull \hbox (10.53905pt too wide) in paragraph at lines 47--47
\OT1/cmr/bx/n/10.95 (-20) rected 
 []


Overfull \hbox (7.46031pt too wide) in paragraph at lines 47--47
\OT1/cmr/bx/n/10.95 (-20) down- 
 []


Overfull \hbox (4.03647pt too wide) in paragraph at lines 47--47
\OT1/cmr/bx/n/10.95 (-20) ward. 
 []


Overfull \hbox (4.03938pt too wide) in paragraph at lines 47--47
\OT1/cmr/bx/n/10.95 (-20) equa- 
 []


Overfull \hbox (26.90549pt too wide) detected at line 47
[] \OT1/cmr/m/n/10.95 = []\OML/cmm/m/it/10.95 ':
 []


Overfull \hbox (5.28534pt too wide) in paragraph at lines 47--47
\OT1/cmr/bx/n/10.95 (-20) Since 
 []


Overfull \hbox (6.43893pt too wide) in paragraph at lines 47--47
\OT1/cmr/bx/n/10.95 (-20) place- 
 []


Overfull \hbox (9.11765pt too wide) in paragraph at lines 47--47
\OT1/cmr/bx/n/10.95 (-20) ments 
 []


Overfull \hbox (2.31201pt too wide) in paragraph at lines 47--47
\OT1/cmr/bx/n/10.95 (-20) from 
 []


Overfull \hbox (6.6887pt too wide) in paragraph at lines 47--47
\OT1/cmr/bx/n/10.95 (-20) small, 
 []


Overfull \hbox (4.66833pt too wide) in paragraph at lines 47--47
\OT1/cmr/bx/n/10.95 (-20) sume 
 []


Overfull \hbox (11.7871pt too wide) in paragraph at lines 47--47
\OT1/cmr/bx/n/10.95 (-20) formly 
 []


Overfull \hbox (1.99242pt too wide) in paragraph at lines 47--47
\OT1/cmr/bx/n/10.95 (-20) ated: 
 []


Overfull \hbox (4.85867pt too wide) in paragraph at lines 47--47
[]\OML/cmm/m/it/10.95 '[]$\OT1/cmr/bx/n/10.95 (-20) . 
 []


Overfull \hbox (6.4809pt too wide) in paragraph at lines 47--47
\OT1/cmr/bx/n/10.95 (-20) count 
 []


Overfull \hbox (3.12573pt too wide) in paragraph at lines 47--47
\OT1/cmr/bx/n/10.95 (-20) tions 
 []


Overfull \hbox (15.94772pt too wide) in paragraph at lines 47--47
[] [] \OT1/cmr/m/n/10.95 (-20) = 
 []


Overfull \hbox (15.94772pt too wide) in paragraph at lines 47--47
\OML/cmm/m/it/10.95 ' [] \OT1/cmr/m/n/10.95 (-20) = 
 []


Overfull \hbox (7.5135pt too wide) in paragraph at lines 47--47
\OT1/cmr/bx/n/10.95 (-20) dence 
 []


Overfull \hbox (7.85652pt too wide) in paragraph at lines 47--47
\OML/cmm/m/it/10.95 '\OT1/cmr/m/n/10.95 (-20) (\OML/cmm/m/it/10.95 t\OT1/cmr/m/
n/10.95 (-20) ) = 
 []


Overfull \hbox (31.63036pt too wide) in paragraph at lines 47--47
[] [][]$\OT1/cmr/bx/n/10.95 (-20) . 
 []


Overfull \hbox (3.90997pt too wide) in paragraph at lines 47--47
\OT1/cmr/bx/n/10.95 (-20) ment 
 []


Overfull \hbox (3.16899pt too wide) in paragraph at lines 47--47
\OT1/cmr/bx/n/10.95 (-20) force 
 []


Overfull \hbox (18.54445pt too wide) in paragraph at lines 47--47
\OT1/cmr/bx/n/10.95 (-20) changes 
 []


Overfull \hbox (6.93913pt too wide) in paragraph at lines 47--47
\OT1/cmr/bx/n/10.95 (-20) move- 
 []


Overfull \hbox (3.90997pt too wide) in paragraph at lines 47--47
\OT1/cmr/bx/n/10.95 (-20) ment 
 []


Overfull \hbox (15.5851pt too wide) in paragraph at lines 47--47
\OT1/cmr/bx/n/10.95 (-20) scribed 
 []


Overfull \hbox (1.17181pt too wide) in paragraph at lines 47--47
\OT1/cmr/bx/n/10.95 (-20) tude 
 []


Overfull \hbox (13.67677pt too wide) in paragraph at lines 47--47
\OT1/cmr/bx/n/10.95 (-20) change 
 []


Overfull \hbox (3.58963pt too wide) in paragraph at lines 47--47
\OT1/cmr/m/n/10.95 (-20) ^^A\OML/cmm/m/it/10.95 ' \OT1/cmr/m/n/10.95 (-20) = 
 []


Overfull \hbox (9.1808pt too wide) in paragraph at lines 47--47
[]\OML/cmm/m/it/10.95 '[]$\OT1/cmr/bx/n/10.95 (-20) .|  
 []

<T6_S_EN_assets/fig1.jpg, id=52, 173.7765pt x 53.217pt>
File: T6_S_EN_assets/fig1.jpg Graphic file (type jpg)
<use T6_S_EN_assets/fig1.jpg>
Package pdftex.def Info: T6_S_EN_assets/fig1.jpg  used on input line 50.
(pdftex.def)             Requested size: 326.13744pt x 99.89038pt.

Overfull \vbox (1174.56969pt too high) has occurred while \output is active []


[10]
Overfull \hbox (3.17792pt too wide) in paragraph at lines 52--52
[]|\OT1/cmr/bx/n/10.95 (-20) Let's 
 []


Overfull \hbox (3.90997pt too wide) in paragraph at lines 52--52
\OT1/cmr/bx/n/10.95 (-20) ment 
 []


Overfull \hbox (9.52835pt too wide) in paragraph at lines 52--52
\OT1/cmr/bx/n/10.95 (-20) "head- 
 []


Overfull \hbox (411.61502pt too wide) detected at line 52
\OMS/cmsy/m/n/10.95 h\OML/cmm/m/it/10.95 M\OMS/cmsy/m/n/10.95 i \OT1/cmr/m/n/10
.95 = \OMS/cmsy/m/n/10.95 h\OML/cmm/m/it/10.95 mla'\OMS/cmsy/m/n/10.95 i \OT1/c
mr/m/n/10.95 = \OML/cmm/m/it/10.95 ml\OMS/cmsy/m/n/10.95 h\OML/cmm/m/it/10.95 a
 \OMS/cmsy/m/n/10.95 ^^A []i \OT1/cmr/m/n/10.95 = \OML/cmm/m/it/10.95 ml\OMS/cm
sy/m/n/10.95 h\OML/cmm/m/it/10.95 a\OT1/cmr/m/n/10.95 (\OML/cmm/m/it/10.95 ' \O
MS/cmsy/m/n/10.95 ^^@ h\OML/cmm/m/it/10.95 '\OMS/cmsy/m/n/10.95 i\OT1/cmr/m/n/1
0.95 )\OMS/cmsy/m/n/10.95 i \OT1/cmr/m/n/10.95 + \OML/cmm/m/it/10.95 ml\OMS/cms
y/m/n/10.95 h\OML/cmm/m/it/10.95 '\OMS/cmsy/m/n/10.95 ih\OML/cmm/m/it/10.95 a\O
MS/cmsy/m/n/10.95 i \OT1/cmr/m/n/10.95 = \OMS/cmsy/m/n/10.95 ^^@\OML/cmm/m/it/1
0.95 mla[]\OMS/cmsy/m/n/10.95 hj\OML/cmm/m/it/10.95 ' \OMS/cmsy/m/n/10.95 ^^@ h
\OML/cmm/m/it/10.95 '\OMS/cmsy/m/n/10.95 iji \OT1/cmr/m/n/10.95 + 0
 []


Overfull \hbox (3.17792pt too wide) in paragraph at lines 52--52
\OT1/cmr/bx/n/10.95 (-20) Let's 
 []


Overfull \hbox (2.67519pt too wide) in paragraph at lines 52--52
\OT1/cmr/bx/n/10.95 (-20) mod- 
 []


Overfull \hbox (230.79721pt too wide) detected at line 52
\OMS/cmsy/m/n/10.95 hj\OML/cmm/m/it/10.95 '\OT1/cmr/m/n/10.95 (\OML/cmm/m/it/10
.95 t\OT1/cmr/m/n/10.95 ) \OMS/cmsy/m/n/10.95 ^^@ \OML/cmm/m/it/10.95 '\OMS/cms
y/m/n/10.95 ji \OT1/cmr/m/n/10.95 = [] [] ^^A\OML/cmm/m/it/10.95 ' [] dt \OT1/c
mr/m/n/10.95 = []^^A\OML/cmm/m/it/10.95 ' \OT1/cmr/m/n/10.95 = []\OML/cmm/m/it/
10.95 '[]
 []


Overfull \hbox (4.51671pt too wide) in paragraph at lines 52--52
\OT1/cmr/bx/n/10.95 (-20) Then 
 []


Overfull \hbox (1.4774pt too wide) in paragraph at lines 52--52
\OT1/cmr/bx/n/10.95 (-20) pres- 
 []


Overfull \hbox (3.90997pt too wide) in paragraph at lines 52--52
\OT1/cmr/bx/n/10.95 (-20) ment 
 []


Overfull \hbox (3.16899pt too wide) in paragraph at lines 52--52
\OT1/cmr/bx/n/10.95 (-20) force 
 []


Overfull \hbox (8.72641pt too wide) in paragraph at lines 52--52
\OMS/cmsy/m/n/10.95 h\OML/cmm/m/it/10.95 M\OMS/cmsy/m/n/10.95 i \OT1/cmr/m/n/10
.95 (-20) = 
 []


Overfull \hbox (15.94595pt too wide) in paragraph at lines 52--52
\OMS/cmsy/m/n/10.95 ^^@[]\OML/cmm/m/it/10.95 '[]$|  
 []


Overfull \hbox (19.0372pt too wide) in paragraph at lines 52--52
[]|\OT1/cmr/bx/n/10.95 (-20) Answer:  
 []


Overfull \hbox (54.83311pt too wide) detected at line 52
\OMS/cmsy/m/n/10.95 h\OML/cmm/m/it/10.95 M\OMS/cmsy/m/n/10.95 i \OT1/cmr/m/n/10
.95 = \OMS/cmsy/m/n/10.95 ^^@[]\OML/cmm/m/it/10.95 '[]
 []

[11 <./T6_S_EN_assets/fig1.jpg>]
Overfull \vbox (91.16856pt too high) has occurred while \output is active []


[12]
Overfull \hbox (17.87631pt too wide) in paragraph at lines 53--53
[]|\OT1/cmr/bx/n/10.95 (-20) Gravity 
 []


Overfull \hbox (0.90457pt too wide) in paragraph at lines 53--53
\OT1/cmr/bx/n/10.95 (-20) does 
 []


Overfull \hbox (4.42975pt too wide) in paragraph at lines 53--53
\OT1/cmr/bx/n/10.95 (-20) value 
 []


Overfull \hbox (3.90997pt too wide) in paragraph at lines 53--53
\OT1/cmr/bx/n/10.95 (-20) ment 
 []


Overfull \hbox (10.59863pt too wide) in paragraph at lines 53--53
\OT1/cmr/bx/n/10.95 (-20) tained 
 []


Overfull \hbox (3.90997pt too wide) in paragraph at lines 53--53
\OT1/cmr/bx/n/10.95 (-20) ment 
 []


Overfull \hbox (2.4302pt too wide) in paragraph at lines 53--53
\OT1/cmr/bx/n/10.95 (-20) grav- 
 []


Overfull \hbox (5.45674pt too wide) in paragraph at lines 53--53
\OT1/cmr/bx/n/10.95 (-20) equal 
 []


Overfull \hbox (7.41818pt too wide) in paragraph at lines 53--53
\OML/cmm/m/it/10.95 mgl'[]$ 
 []


Overfull \hbox (10.21246pt too wide) in paragraph at lines 53--53
\OT1/cmr/bx/n/10.95 (-20) added. 
 []


Overfull \hbox (4.51671pt too wide) in paragraph at lines 53--53
\OT1/cmr/bx/n/10.95 (-20) Then 
 []


Overfull \hbox (4.03938pt too wide) in paragraph at lines 53--53
\OT1/cmr/bx/n/10.95 (-20) equa- 
 []


Overfull \hbox (2.31201pt too wide) in paragraph at lines 53--53
\OT1/cmr/bx/n/10.95 (-20) form 
 []


Overfull \hbox (3.78876pt too wide) in paragraph at lines 53--53
\OML/cmm/m/it/10.95 l[][] \OT1/cmr/m/n/10.95 (-20) = 
 []


Overfull \hbox (38.28146pt too wide) in paragraph at lines 53--53
[] \OML/cmm/m/it/10.95 '[]$\OT1/cmr/bx/n/10.95 (-20) . 
 []


Overfull \hbox (4.83203pt too wide) in paragraph at lines 53--53
\OT1/cmr/bx/n/10.95 (-20) when 
 []


Overfull \hbox (2.65057pt too wide) in paragraph at lines 53--53
\OT1/cmr/bx/n/10.95 (-20) right 
 []


Overfull \hbox (10.67322pt too wide) in paragraph at lines 53--53
\OT1/cmr/bx/n/10.95 (-20) restor- 
 []


Overfull \hbox (3.90997pt too wide) in paragraph at lines 53--53
\OT1/cmr/bx/n/10.95 (-20) ment 
 []


Overfull \hbox (2.72336pt too wide) in paragraph at lines 53--53
\OT1/cmr/bx/n/10.95 (-20) curs.|  
 []


Overfull \hbox (19.0372pt too wide) in paragraph at lines 53--53
[]|\OT1/cmr/bx/n/10.95 (-20) Answer:  
 []


Overfull \hbox (16.62885pt too wide) detected at line 53
\OML/cmm/m/it/10.95 v[] > \OT1/cmr/m/n/10.95 3\OML/cmm/m/it/10.95 gl
 []


Overfull \vbox (425.13707pt too high) has occurred while \output is active []


[13] [14] (T6_S_EN_2.aux)
 ***********
LaTeX2e <2025-11-01>
L3 programming layer <2025-12-24>
 ***********
Package rerunfilecheck Info: File `T6_S_EN_2.out' has not changed.
(rerunfilecheck)             Checksum: D41D8CD98F00B204E9800998ECF8427E;0.
 ) 
Here is how much of TeX's memory you used:
 13970 strings out of 467871
 223642 string characters out of 5418376
 682437 words of memory out of 5000000
 42632 multiletter control sequences out of 15000+600000
 637566 words of font info for 98 fonts, out of 8000000 for 9000
 1141 hyphenation exceptions out of 8191
 75i,15n,79p,1390b,482s stack positions out of 10000i,1000n,20000p,200000b,200000s
<C:/Users/aadib/AppData/Local/Programs/MiKTeX/fonts/type1/public/amsfonts/cm/
cmbx10.pfb><C:/Users/aadib/AppData/Local/Programs/MiKTeX/fonts/type1/public/ams
fonts/cm/cmbx12.pfb><C:/Users/aadib/AppData/Local/Programs/MiKTeX/fonts/type1/p
ublic/amsfonts/cm/cmex10.pfb><C:/Users/aadib/AppData/Local/Programs/MiKTeX/font
s/type1/public/amsfonts/cm/cmmi10.pfb><C:/Users/aadib/AppData/Local/Programs/Mi
KTeX/fonts/type1/public/amsfonts/cm/cmmi6.pfb><C:/Users/aadib/AppData/Local/Pro
grams/MiKTeX/fonts/type1/public/amsfonts/cm/cmmi8.pfb><C:/Users/aadib/AppData/L
ocal/Programs/MiKTeX/fonts/type1/public/amsfonts/cm/cmr10.pfb><C:/Users/aadib/A
ppData/Local/Programs/MiKTeX/fonts/type1/public/amsfonts/cm/cmr6.pfb><C:/Users/
aadib/AppData/Local/Programs/MiKTeX/fonts/type1/public/amsfonts/cm/cmr8.pfb><C:
/Users/aadib/AppData/Local/Programs/MiKTeX/fonts/type1/public/amsfonts/cm/cmsy1
0.pfb><C:/Users/aadib/AppData/Local/Programs/MiKTeX/fonts/type1/public/amsfonts
/cm/cmsy8.pfb><C:/Users/aadib/AppData/Local/Programs/MiKTeX/fonts/type1/public/
amsfonts/cm/cmti10.pfb><C:/Users/aadib/AppData/Local/Programs/MiKTeX/fonts/type
1/public/amsfonts/cm/cmtt10.pfb>
Output written on T6_S_EN_2.pdf (14 pages, 196638 bytes).
PDF statistics:
 138 PDF objects out of 1000 (max. 8388607)
 16 named destinations out of 1000 (max. 500000)
 20998 words of extra memory for PDF output out of 24883 (max. 10000000)

